ARM GAS  C:\Users\ALEXAN~1\AppData\Local\Temp\ccuJiSTS.s 			page 1


   1              		.cpu cortex-m0
   2              		.fpu softvfp
   3              		.eabi_attribute 20, 1
   4              		.eabi_attribute 21, 1
   5              		.eabi_attribute 23, 3
   6              		.eabi_attribute 24, 1
   7              		.eabi_attribute 25, 1
   8              		.eabi_attribute 26, 1
   9              		.eabi_attribute 30, 1
  10              		.eabi_attribute 34, 0
  11              		.eabi_attribute 18, 4
  12              		.code	16
  13              		.file	"BLE_custom.c"
  14              		.text
  15              	.Ltext0:
  16              		.cfi_sections	.debug_frame
  17              		.section	.text.CyBle_CustomInit,"ax",%progbits
  18              		.align	2
  19              		.global	CyBle_CustomInit
  20              		.code	16
  21              		.thumb_func
  22              		.type	CyBle_CustomInit, %function
  23              	CyBle_CustomInit:
  24              	.LFB2:
  25              		.file 1 ".\\Generated_Source\\PSoC4\\BLE_custom.c"
   1:.\Generated_Source\PSoC4/BLE_custom.c **** /*******************************************************************************
   2:.\Generated_Source\PSoC4/BLE_custom.c **** File Name: CYBLE_custom.c
   3:.\Generated_Source\PSoC4/BLE_custom.c **** Version 2.10
   4:.\Generated_Source\PSoC4/BLE_custom.c **** 
   5:.\Generated_Source\PSoC4/BLE_custom.c **** Description:
   6:.\Generated_Source\PSoC4/BLE_custom.c ****  Contains the source code for the Custom Service.
   7:.\Generated_Source\PSoC4/BLE_custom.c **** 
   8:.\Generated_Source\PSoC4/BLE_custom.c **** ********************************************************************************
   9:.\Generated_Source\PSoC4/BLE_custom.c **** Copyright 2014-2015, Cypress Semiconductor Corporation.  All rights reserved.
  10:.\Generated_Source\PSoC4/BLE_custom.c **** You may use this file only in accordance with the license, terms, conditions,
  11:.\Generated_Source\PSoC4/BLE_custom.c **** disclaimers, and limitations in the end user license agreement accompanying
  12:.\Generated_Source\PSoC4/BLE_custom.c **** the software package with which this file was provided.
  13:.\Generated_Source\PSoC4/BLE_custom.c **** *******************************************************************************/
  14:.\Generated_Source\PSoC4/BLE_custom.c **** 
  15:.\Generated_Source\PSoC4/BLE_custom.c **** 
  16:.\Generated_Source\PSoC4/BLE_custom.c **** #include "BLE_eventHandler.h"
  17:.\Generated_Source\PSoC4/BLE_custom.c **** 
  18:.\Generated_Source\PSoC4/BLE_custom.c **** #ifdef CYBLE_CUSTOM_SERVER
  19:.\Generated_Source\PSoC4/BLE_custom.c **** 
  20:.\Generated_Source\PSoC4/BLE_custom.c **** /* If any custom service with custom characterisctis is defined in the
  21:.\Generated_Source\PSoC4/BLE_custom.c **** * customizer's GUI their handles will be present in this array.
  22:.\Generated_Source\PSoC4/BLE_custom.c **** */
  23:.\Generated_Source\PSoC4/BLE_custom.c **** /* This array contains attribute handles for the defined Custom Services and their characteristics 
  24:.\Generated_Source\PSoC4/BLE_custom.c ****    The array index definitions are located in the CYBLE_custom.h file. */
  25:.\Generated_Source\PSoC4/BLE_custom.c **** const CYBLE_CUSTOMS_T cyBle_customs[0x01u] = {
  26:.\Generated_Source\PSoC4/BLE_custom.c **** 
  27:.\Generated_Source\PSoC4/BLE_custom.c ****     /* CapSense service */
  28:.\Generated_Source\PSoC4/BLE_custom.c ****     {
  29:.\Generated_Source\PSoC4/BLE_custom.c ****         0x000Cu, /* Handle of the CapSense service */ 
  30:.\Generated_Source\PSoC4/BLE_custom.c ****         {
  31:.\Generated_Source\PSoC4/BLE_custom.c **** 
  32:.\Generated_Source\PSoC4/BLE_custom.c ****             /* Sensors characteristic */
ARM GAS  C:\Users\ALEXAN~1\AppData\Local\Temp\ccuJiSTS.s 			page 2


  33:.\Generated_Source\PSoC4/BLE_custom.c ****             {
  34:.\Generated_Source\PSoC4/BLE_custom.c ****                 0x000Eu, /* Handle of the Sensors characteristic */ 
  35:.\Generated_Source\PSoC4/BLE_custom.c ****                 
  36:.\Generated_Source\PSoC4/BLE_custom.c ****                 /* Array of Descriptors handles */
  37:.\Generated_Source\PSoC4/BLE_custom.c ****                 {
  38:.\Generated_Source\PSoC4/BLE_custom.c ****                     0x000Fu, /* Handle of the Client Characteristic Configuration descriptor */ 
  39:.\Generated_Source\PSoC4/BLE_custom.c ****                     0x0010u, /* Handle of the Characteristic User Description descriptor */ 
  40:.\Generated_Source\PSoC4/BLE_custom.c ****                 }, 
  41:.\Generated_Source\PSoC4/BLE_custom.c ****             },
  42:.\Generated_Source\PSoC4/BLE_custom.c ****         }, 
  43:.\Generated_Source\PSoC4/BLE_custom.c ****     },
  44:.\Generated_Source\PSoC4/BLE_custom.c **** };
  45:.\Generated_Source\PSoC4/BLE_custom.c **** 
  46:.\Generated_Source\PSoC4/BLE_custom.c **** 
  47:.\Generated_Source\PSoC4/BLE_custom.c **** #endif /* (CYBLE_CUSTOM_SERVER) */
  48:.\Generated_Source\PSoC4/BLE_custom.c **** 
  49:.\Generated_Source\PSoC4/BLE_custom.c **** #ifdef CYBLE_CUSTOM_CLIENT
  50:.\Generated_Source\PSoC4/BLE_custom.c ****     
  51:.\Generated_Source\PSoC4/BLE_custom.c **** 
  52:.\Generated_Source\PSoC4/BLE_custom.c **** static uint16 cyBle_customDisServIndex;
  53:.\Generated_Source\PSoC4/BLE_custom.c **** static uint16 cyBle_customDisCharIndex;
  54:.\Generated_Source\PSoC4/BLE_custom.c **** 
  55:.\Generated_Source\PSoC4/BLE_custom.c **** #endif /* (CYBLE_CUSTOM_CLIENT) */
  56:.\Generated_Source\PSoC4/BLE_custom.c **** 
  57:.\Generated_Source\PSoC4/BLE_custom.c **** 
  58:.\Generated_Source\PSoC4/BLE_custom.c **** /****************************************************************************** 
  59:.\Generated_Source\PSoC4/BLE_custom.c **** ##Function Name: CyBle_CustomInit
  60:.\Generated_Source\PSoC4/BLE_custom.c **** *******************************************************************************
  61:.\Generated_Source\PSoC4/BLE_custom.c **** 
  62:.\Generated_Source\PSoC4/BLE_custom.c **** Summary:
  63:.\Generated_Source\PSoC4/BLE_custom.c ****  This function initializes Custom Service.
  64:.\Generated_Source\PSoC4/BLE_custom.c **** 
  65:.\Generated_Source\PSoC4/BLE_custom.c **** Parameters:
  66:.\Generated_Source\PSoC4/BLE_custom.c ****  None
  67:.\Generated_Source\PSoC4/BLE_custom.c **** 
  68:.\Generated_Source\PSoC4/BLE_custom.c **** Return:
  69:.\Generated_Source\PSoC4/BLE_custom.c ****  None
  70:.\Generated_Source\PSoC4/BLE_custom.c **** 
  71:.\Generated_Source\PSoC4/BLE_custom.c **** ******************************************************************************/
  72:.\Generated_Source\PSoC4/BLE_custom.c **** void CyBle_CustomInit(void)
  73:.\Generated_Source\PSoC4/BLE_custom.c **** {
  26              		.loc 1 73 0
  27              		.cfi_startproc
  74:.\Generated_Source\PSoC4/BLE_custom.c ****     
  75:.\Generated_Source\PSoC4/BLE_custom.c **** #ifdef CYBLE_CUSTOM_CLIENT
  76:.\Generated_Source\PSoC4/BLE_custom.c **** 
  77:.\Generated_Source\PSoC4/BLE_custom.c ****     uint16 locServIndex;
  78:.\Generated_Source\PSoC4/BLE_custom.c ****     uint16 locCharIndex;
  79:.\Generated_Source\PSoC4/BLE_custom.c ****     uint16 locDescIndex;
  80:.\Generated_Source\PSoC4/BLE_custom.c ****     
  81:.\Generated_Source\PSoC4/BLE_custom.c ****     for(locServIndex = 0u; locServIndex < CYBLE_CUSTOMC_SERVICE_COUNT; locServIndex++)
  82:.\Generated_Source\PSoC4/BLE_custom.c ****     {
  83:.\Generated_Source\PSoC4/BLE_custom.c ****         for(locCharIndex = 0u; locCharIndex < cyBle_customCServ[locServIndex].charCount; locCharInd
  84:.\Generated_Source\PSoC4/BLE_custom.c ****         {
  85:.\Generated_Source\PSoC4/BLE_custom.c ****             cyBle_customCServ[locServIndex].customServChar[locCharIndex].
  86:.\Generated_Source\PSoC4/BLE_custom.c ****                 customServCharHandle = 0u;
  87:.\Generated_Source\PSoC4/BLE_custom.c ****             
ARM GAS  C:\Users\ALEXAN~1\AppData\Local\Temp\ccuJiSTS.s 			page 3


  88:.\Generated_Source\PSoC4/BLE_custom.c ****             for(locDescIndex = 0u; locDescIndex < 
  89:.\Generated_Source\PSoC4/BLE_custom.c ****                 cyBle_customCServ[locServIndex].customServChar[locCharIndex].descCount; 
  90:.\Generated_Source\PSoC4/BLE_custom.c ****                     locDescIndex++)
  91:.\Generated_Source\PSoC4/BLE_custom.c ****             {
  92:.\Generated_Source\PSoC4/BLE_custom.c ****                 cyBle_customCServ[locServIndex].customServChar[locCharIndex].
  93:.\Generated_Source\PSoC4/BLE_custom.c ****                     customServCharDesc[locDescIndex].descHandle = 0u;
  94:.\Generated_Source\PSoC4/BLE_custom.c ****             }
  95:.\Generated_Source\PSoC4/BLE_custom.c ****         }
  96:.\Generated_Source\PSoC4/BLE_custom.c ****     }
  97:.\Generated_Source\PSoC4/BLE_custom.c **** 
  98:.\Generated_Source\PSoC4/BLE_custom.c **** #endif /* (CYBLE_CUSTOM_CLIENT) */
  99:.\Generated_Source\PSoC4/BLE_custom.c **** }
  28              		.loc 1 99 0
  29              		@ sp needed
  30 0000 7047     		bx	lr
  31              		.cfi_endproc
  32              	.LFE2:
  33              		.size	CyBle_CustomInit, .-CyBle_CustomInit
  34              		.global	cyBle_customs
  35 0002 C046     		.section	.rodata
  36              		.align	2
  37              		.type	cyBle_customs, %object
  38              		.size	cyBle_customs, 8
  39              	cyBle_customs:
  40 0000 0C00     		.short	12
  41 0002 0E00     		.short	14
  42 0004 0F00     		.short	15
  43 0006 1000     		.short	16
  44              		.text
  45              	.Letext0:
  46              		.file 2 ".\\Generated_Source\\PSoC4\\cytypes.h"
  47              		.file 3 ".\\Generated_Source\\PSoC4\\BLE_StackGatt.h"
  48              		.file 4 ".\\Generated_Source\\PSoC4\\BLE_custom.h"
  49              		.file 5 ".\\Generated_Source\\PSoC4\\BLE_Stack.h"
  50              		.section	.debug_info,"",%progbits
  51              	.Ldebug_info0:
  52 0000 CF020000 		.4byte	0x2cf
  53 0004 0400     		.2byte	0x4
  54 0006 00000000 		.4byte	.Ldebug_abbrev0
  55 000a 04       		.byte	0x4
  56 000b 01       		.uleb128 0x1
  57 000c 6A000000 		.4byte	.LASF78
  58 0010 01       		.byte	0x1
  59 0011 6F020000 		.4byte	.LASF79
  60 0015 09010000 		.4byte	.LASF80
  61 0019 00000000 		.4byte	.Ldebug_ranges0+0
  62 001d 00000000 		.4byte	0
  63 0021 00000000 		.4byte	.Ldebug_line0
  64 0025 02       		.uleb128 0x2
  65 0026 01       		.byte	0x1
  66 0027 06       		.byte	0x6
  67 0028 B7040000 		.4byte	.LASF0
  68 002c 02       		.uleb128 0x2
  69 002d 01       		.byte	0x1
  70 002e 08       		.byte	0x8
  71 002f 3E040000 		.4byte	.LASF1
  72 0033 02       		.uleb128 0x2
ARM GAS  C:\Users\ALEXAN~1\AppData\Local\Temp\ccuJiSTS.s 			page 4


  73 0034 02       		.byte	0x2
  74 0035 05       		.byte	0x5
  75 0036 46000000 		.4byte	.LASF2
  76 003a 02       		.uleb128 0x2
  77 003b 02       		.byte	0x2
  78 003c 07       		.byte	0x7
  79 003d 1D060000 		.4byte	.LASF3
  80 0041 02       		.uleb128 0x2
  81 0042 04       		.byte	0x4
  82 0043 05       		.byte	0x5
  83 0044 08030000 		.4byte	.LASF4
  84 0048 02       		.uleb128 0x2
  85 0049 04       		.byte	0x4
  86 004a 07       		.byte	0x7
  87 004b 48050000 		.4byte	.LASF5
  88 004f 02       		.uleb128 0x2
  89 0050 08       		.byte	0x8
  90 0051 05       		.byte	0x5
  91 0052 CE020000 		.4byte	.LASF6
  92 0056 02       		.uleb128 0x2
  93 0057 08       		.byte	0x8
  94 0058 07       		.byte	0x7
  95 0059 DC020000 		.4byte	.LASF7
  96 005d 03       		.uleb128 0x3
  97 005e 04       		.byte	0x4
  98 005f 05       		.byte	0x5
  99 0060 696E7400 		.ascii	"int\000"
 100 0064 02       		.uleb128 0x2
 101 0065 04       		.byte	0x4
 102 0066 07       		.byte	0x7
 103 0067 20050000 		.4byte	.LASF8
 104 006b 04       		.uleb128 0x4
 105 006c BF010000 		.4byte	.LASF70
 106 0070 02       		.byte	0x2
 107 0071 C2       		.byte	0xc2
 108 0072 3A000000 		.4byte	0x3a
 109 0076 02       		.uleb128 0x2
 110 0077 04       		.byte	0x4
 111 0078 04       		.byte	0x4
 112 0079 95020000 		.4byte	.LASF9
 113 007d 02       		.uleb128 0x2
 114 007e 08       		.byte	0x8
 115 007f 04       		.byte	0x4
 116 0080 CD060000 		.4byte	.LASF10
 117 0084 02       		.uleb128 0x2
 118 0085 01       		.byte	0x1
 119 0086 08       		.byte	0x8
 120 0087 FC050000 		.4byte	.LASF11
 121 008b 02       		.uleb128 0x2
 122 008c 04       		.byte	0x4
 123 008d 07       		.byte	0x7
 124 008e E6000000 		.4byte	.LASF12
 125 0092 05       		.uleb128 0x5
 126 0093 01       		.byte	0x1
 127 0094 05       		.byte	0x5
 128 0095 96       		.byte	0x96
 129 0096 17020000 		.4byte	0x217
ARM GAS  C:\Users\ALEXAN~1\AppData\Local\Temp\ccuJiSTS.s 			page 5


 130 009a 06       		.uleb128 0x6
 131 009b 19020000 		.4byte	.LASF13
 132 009f 00       		.sleb128 0
 133 00a0 06       		.uleb128 0x6
 134 00a1 8E010000 		.4byte	.LASF14
 135 00a5 01       		.sleb128 1
 136 00a6 06       		.uleb128 0x6
 137 00a7 36080000 		.4byte	.LASF15
 138 00ab 02       		.sleb128 2
 139 00ac 06       		.uleb128 0x6
 140 00ad 0C070000 		.4byte	.LASF16
 141 00b1 03       		.sleb128 3
 142 00b2 06       		.uleb128 0x6
 143 00b3 68010000 		.4byte	.LASF17
 144 00b7 04       		.sleb128 4
 145 00b8 06       		.uleb128 0x6
 146 00b9 9A030000 		.4byte	.LASF18
 147 00bd 05       		.sleb128 5
 148 00be 06       		.uleb128 0x6
 149 00bf 6A070000 		.4byte	.LASF19
 150 00c3 20       		.sleb128 32
 151 00c4 06       		.uleb128 0x6
 152 00c5 5A050000 		.4byte	.LASF20
 153 00c9 21       		.sleb128 33
 154 00ca 06       		.uleb128 0x6
 155 00cb 00000000 		.4byte	.LASF21
 156 00cf 22       		.sleb128 34
 157 00d0 06       		.uleb128 0x6
 158 00d1 B6030000 		.4byte	.LASF22
 159 00d5 23       		.sleb128 35
 160 00d6 06       		.uleb128 0x6
 161 00d7 04050000 		.4byte	.LASF23
 162 00db 24       		.sleb128 36
 163 00dc 06       		.uleb128 0x6
 164 00dd 50000000 		.4byte	.LASF24
 165 00e1 25       		.sleb128 37
 166 00e2 06       		.uleb128 0x6
 167 00e3 51030000 		.4byte	.LASF25
 168 00e7 26       		.sleb128 38
 169 00e8 06       		.uleb128 0x6
 170 00e9 32030000 		.4byte	.LASF26
 171 00ed 27       		.sleb128 39
 172 00ee 06       		.uleb128 0x6
 173 00ef 24000000 		.4byte	.LASF27
 174 00f3 28       		.sleb128 40
 175 00f4 06       		.uleb128 0x6
 176 00f5 92050000 		.4byte	.LASF28
 177 00f9 29       		.sleb128 41
 178 00fa 06       		.uleb128 0x6
 179 00fb D3050000 		.4byte	.LASF29
 180 00ff 2A       		.sleb128 42
 181 0100 06       		.uleb128 0x6
 182 0101 6D060000 		.4byte	.LASF30
 183 0105 2B       		.sleb128 43
 184 0106 06       		.uleb128 0x6
 185 0107 AF050000 		.4byte	.LASF31
 186 010b 2C       		.sleb128 44
ARM GAS  C:\Users\ALEXAN~1\AppData\Local\Temp\ccuJiSTS.s 			page 6


 187 010c 06       		.uleb128 0x6
 188 010d EF000000 		.4byte	.LASF32
 189 0111 C000     		.sleb128 64
 190 0113 06       		.uleb128 0x6
 191 0114 2D050000 		.4byte	.LASF33
 192 0118 C100     		.sleb128 65
 193 011a 06       		.uleb128 0x6
 194 011b 00090000 		.4byte	.LASF34
 195 011f C200     		.sleb128 66
 196 0121 06       		.uleb128 0x6
 197 0122 A1010000 		.4byte	.LASF35
 198 0126 C300     		.sleb128 67
 199 0128 06       		.uleb128 0x6
 200 0129 F4070000 		.4byte	.LASF36
 201 012d C400     		.sleb128 68
 202 012f 06       		.uleb128 0x6
 203 0130 8E070000 		.4byte	.LASF37
 204 0134 C500     		.sleb128 69
 205 0136 06       		.uleb128 0x6
 206 0137 D3070000 		.4byte	.LASF38
 207 013b C600     		.sleb128 70
 208 013d 06       		.uleb128 0x6
 209 013e 99040000 		.4byte	.LASF39
 210 0142 C700     		.sleb128 71
 211 0144 06       		.uleb128 0x6
 212 0145 DD040000 		.4byte	.LASF40
 213 0149 C800     		.sleb128 72
 214 014b 06       		.uleb128 0x6
 215 014c 9B020000 		.4byte	.LASF41
 216 0150 C900     		.sleb128 73
 217 0152 06       		.uleb128 0x6
 218 0153 30060000 		.4byte	.LASF42
 219 0157 CA00     		.sleb128 74
 220 0159 06       		.uleb128 0x6
 221 015a D9010000 		.4byte	.LASF43
 222 015e CB00     		.sleb128 75
 223 0160 06       		.uleb128 0x6
 224 0161 C3040000 		.4byte	.LASF44
 225 0165 CC00     		.sleb128 76
 226 0167 06       		.uleb128 0x6
 227 0168 B4020000 		.4byte	.LASF45
 228 016c CD00     		.sleb128 77
 229 016e 06       		.uleb128 0x6
 230 016f B5070000 		.4byte	.LASF46
 231 0173 CE00     		.sleb128 78
 232 0175 06       		.uleb128 0x6
 233 0176 5B040000 		.4byte	.LASF47
 234 017a CF00     		.sleb128 79
 235 017c 06       		.uleb128 0x6
 236 017d 93080000 		.4byte	.LASF48
 237 0181 D000     		.sleb128 80
 238 0183 06       		.uleb128 0x6
 239 0184 4E060000 		.4byte	.LASF49
 240 0188 D100     		.sleb128 81
 241 018a 06       		.uleb128 0x6
 242 018b 79030000 		.4byte	.LASF50
 243 018f D200     		.sleb128 82
ARM GAS  C:\Users\ALEXAN~1\AppData\Local\Temp\ccuJiSTS.s 			page 7


 244 0191 06       		.uleb128 0x6
 245 0192 11030000 		.4byte	.LASF51
 246 0196 D300     		.sleb128 83
 247 0198 06       		.uleb128 0x6
 248 0199 F8010000 		.4byte	.LASF52
 249 019d D400     		.sleb128 84
 250 019f 06       		.uleb128 0x6
 251 01a0 DC080000 		.4byte	.LASF53
 252 01a4 D500     		.sleb128 85
 253 01a6 06       		.uleb128 0x6
 254 01a7 71080000 		.4byte	.LASF54
 255 01ab D600     		.sleb128 86
 256 01ad 06       		.uleb128 0x6
 257 01ae 48080000 		.4byte	.LASF55
 258 01b2 D700     		.sleb128 87
 259 01b4 06       		.uleb128 0x6
 260 01b5 18040000 		.4byte	.LASF56
 261 01b9 F000     		.sleb128 112
 262 01bb 06       		.uleb128 0x6
 263 01bc 44070000 		.4byte	.LASF57
 264 01c0 F100     		.sleb128 113
 265 01c2 06       		.uleb128 0x6
 266 01c3 01060000 		.4byte	.LASF58
 267 01c7 F200     		.sleb128 114
 268 01c9 06       		.uleb128 0x6
 269 01ca 30020000 		.4byte	.LASF59
 270 01ce F300     		.sleb128 115
 271 01d0 06       		.uleb128 0x6
 272 01d1 EC030000 		.4byte	.LASF60
 273 01d5 F400     		.sleb128 116
 274 01d7 06       		.uleb128 0x6
 275 01d8 71050000 		.4byte	.LASF61
 276 01dc F500     		.sleb128 117
 277 01de 06       		.uleb128 0x6
 278 01df 4E020000 		.4byte	.LASF62
 279 01e3 F600     		.sleb128 118
 280 01e5 06       		.uleb128 0x6
 281 01e6 25070000 		.4byte	.LASF63
 282 01ea F700     		.sleb128 119
 283 01ec 06       		.uleb128 0x6
 284 01ed AA060000 		.4byte	.LASF64
 285 01f1 F800     		.sleb128 120
 286 01f3 06       		.uleb128 0x6
 287 01f4 D4060000 		.4byte	.LASF65
 288 01f8 F900     		.sleb128 121
 289 01fa 06       		.uleb128 0x6
 290 01fb 12080000 		.4byte	.LASF66
 291 01ff FA00     		.sleb128 122
 292 0201 06       		.uleb128 0x6
 293 0202 8C060000 		.4byte	.LASF67
 294 0206 FA01     		.sleb128 250
 295 0208 06       		.uleb128 0x6
 296 0209 7A040000 		.4byte	.LASF68
 297 020d FB01     		.sleb128 251
 298 020f 06       		.uleb128 0x6
 299 0210 0A040000 		.4byte	.LASF69
 300 0214 FF01     		.sleb128 255
ARM GAS  C:\Users\ALEXAN~1\AppData\Local\Temp\ccuJiSTS.s 			page 8


 301 0216 00       		.byte	0
 302 0217 07       		.uleb128 0x7
 303 0218 B2080000 		.4byte	.LASF71
 304 021c 03       		.byte	0x3
 305 021d 6201     		.2byte	0x162
 306 021f 6B000000 		.4byte	0x6b
 307 0223 08       		.uleb128 0x8
 308 0224 06       		.byte	0x6
 309 0225 04       		.byte	0x4
 310 0226 3D       		.byte	0x3d
 311 0227 44020000 		.4byte	0x244
 312 022b 09       		.uleb128 0x9
 313 022c F7060000 		.4byte	.LASF72
 314 0230 04       		.byte	0x4
 315 0231 40       		.byte	0x40
 316 0232 17020000 		.4byte	0x217
 317 0236 00       		.byte	0
 318 0237 09       		.uleb128 0x9
 319 0238 C6010000 		.4byte	.LASF73
 320 023c 04       		.byte	0x4
 321 023d 42       		.byte	0x42
 322 023e 44020000 		.4byte	0x244
 323 0242 02       		.byte	0x2
 324 0243 00       		.byte	0
 325 0244 0A       		.uleb128 0xa
 326 0245 17020000 		.4byte	0x217
 327 0249 54020000 		.4byte	0x254
 328 024d 0B       		.uleb128 0xb
 329 024e 8B000000 		.4byte	0x8b
 330 0252 01       		.byte	0x1
 331 0253 00       		.byte	0
 332 0254 04       		.uleb128 0x4
 333 0255 F3020000 		.4byte	.LASF74
 334 0259 04       		.byte	0x4
 335 025a 43       		.byte	0x43
 336 025b 23020000 		.4byte	0x223
 337 025f 08       		.uleb128 0x8
 338 0260 08       		.byte	0x8
 339 0261 04       		.byte	0x4
 340 0262 46       		.byte	0x46
 341 0263 80020000 		.4byte	0x280
 342 0267 09       		.uleb128 0x9
 343 0268 1E090000 		.4byte	.LASF75
 344 026c 04       		.byte	0x4
 345 026d 49       		.byte	0x49
 346 026e 17020000 		.4byte	0x217
 347 0272 00       		.byte	0
 348 0273 09       		.uleb128 0x9
 349 0274 4C040000 		.4byte	.LASF76
 350 0278 04       		.byte	0x4
 351 0279 4C       		.byte	0x4c
 352 027a 80020000 		.4byte	0x280
 353 027e 02       		.byte	0x2
 354 027f 00       		.byte	0
 355 0280 0A       		.uleb128 0xa
 356 0281 54020000 		.4byte	0x254
 357 0285 90020000 		.4byte	0x290
ARM GAS  C:\Users\ALEXAN~1\AppData\Local\Temp\ccuJiSTS.s 			page 9


 358 0289 0B       		.uleb128 0xb
 359 028a 8B000000 		.4byte	0x8b
 360 028e 00       		.byte	0
 361 028f 00       		.byte	0
 362 0290 04       		.uleb128 0x4
 363 0291 DC030000 		.4byte	.LASF77
 364 0295 04       		.byte	0x4
 365 0296 4D       		.byte	0x4d
 366 0297 5F020000 		.4byte	0x25f
 367 029b 0C       		.uleb128 0xc
 368 029c 7D010000 		.4byte	.LASF81
 369 02a0 01       		.byte	0x1
 370 02a1 48       		.byte	0x48
 371 02a2 00000000 		.4byte	.LFB2
 372 02a6 02000000 		.4byte	.LFE2-.LFB2
 373 02aa 01       		.uleb128 0x1
 374 02ab 9C       		.byte	0x9c
 375 02ac 0A       		.uleb128 0xa
 376 02ad 90020000 		.4byte	0x290
 377 02b1 BC020000 		.4byte	0x2bc
 378 02b5 0B       		.uleb128 0xb
 379 02b6 8B000000 		.4byte	0x8b
 380 02ba 00       		.byte	0
 381 02bb 00       		.byte	0
 382 02bc 0D       		.uleb128 0xd
 383 02bd CE080000 		.4byte	.LASF82
 384 02c1 01       		.byte	0x1
 385 02c2 19       		.byte	0x19
 386 02c3 CD020000 		.4byte	0x2cd
 387 02c7 05       		.uleb128 0x5
 388 02c8 03       		.byte	0x3
 389 02c9 00000000 		.4byte	cyBle_customs
 390 02cd 0E       		.uleb128 0xe
 391 02ce AC020000 		.4byte	0x2ac
 392 02d2 00       		.byte	0
 393              		.section	.debug_abbrev,"",%progbits
 394              	.Ldebug_abbrev0:
 395 0000 01       		.uleb128 0x1
 396 0001 11       		.uleb128 0x11
 397 0002 01       		.byte	0x1
 398 0003 25       		.uleb128 0x25
 399 0004 0E       		.uleb128 0xe
 400 0005 13       		.uleb128 0x13
 401 0006 0B       		.uleb128 0xb
 402 0007 03       		.uleb128 0x3
 403 0008 0E       		.uleb128 0xe
 404 0009 1B       		.uleb128 0x1b
 405 000a 0E       		.uleb128 0xe
 406 000b 55       		.uleb128 0x55
 407 000c 17       		.uleb128 0x17
 408 000d 11       		.uleb128 0x11
 409 000e 01       		.uleb128 0x1
 410 000f 10       		.uleb128 0x10
 411 0010 17       		.uleb128 0x17
 412 0011 00       		.byte	0
 413 0012 00       		.byte	0
 414 0013 02       		.uleb128 0x2
ARM GAS  C:\Users\ALEXAN~1\AppData\Local\Temp\ccuJiSTS.s 			page 10


 415 0014 24       		.uleb128 0x24
 416 0015 00       		.byte	0
 417 0016 0B       		.uleb128 0xb
 418 0017 0B       		.uleb128 0xb
 419 0018 3E       		.uleb128 0x3e
 420 0019 0B       		.uleb128 0xb
 421 001a 03       		.uleb128 0x3
 422 001b 0E       		.uleb128 0xe
 423 001c 00       		.byte	0
 424 001d 00       		.byte	0
 425 001e 03       		.uleb128 0x3
 426 001f 24       		.uleb128 0x24
 427 0020 00       		.byte	0
 428 0021 0B       		.uleb128 0xb
 429 0022 0B       		.uleb128 0xb
 430 0023 3E       		.uleb128 0x3e
 431 0024 0B       		.uleb128 0xb
 432 0025 03       		.uleb128 0x3
 433 0026 08       		.uleb128 0x8
 434 0027 00       		.byte	0
 435 0028 00       		.byte	0
 436 0029 04       		.uleb128 0x4
 437 002a 16       		.uleb128 0x16
 438 002b 00       		.byte	0
 439 002c 03       		.uleb128 0x3
 440 002d 0E       		.uleb128 0xe
 441 002e 3A       		.uleb128 0x3a
 442 002f 0B       		.uleb128 0xb
 443 0030 3B       		.uleb128 0x3b
 444 0031 0B       		.uleb128 0xb
 445 0032 49       		.uleb128 0x49
 446 0033 13       		.uleb128 0x13
 447 0034 00       		.byte	0
 448 0035 00       		.byte	0
 449 0036 05       		.uleb128 0x5
 450 0037 04       		.uleb128 0x4
 451 0038 01       		.byte	0x1
 452 0039 0B       		.uleb128 0xb
 453 003a 0B       		.uleb128 0xb
 454 003b 3A       		.uleb128 0x3a
 455 003c 0B       		.uleb128 0xb
 456 003d 3B       		.uleb128 0x3b
 457 003e 0B       		.uleb128 0xb
 458 003f 01       		.uleb128 0x1
 459 0040 13       		.uleb128 0x13
 460 0041 00       		.byte	0
 461 0042 00       		.byte	0
 462 0043 06       		.uleb128 0x6
 463 0044 28       		.uleb128 0x28
 464 0045 00       		.byte	0
 465 0046 03       		.uleb128 0x3
 466 0047 0E       		.uleb128 0xe
 467 0048 1C       		.uleb128 0x1c
 468 0049 0D       		.uleb128 0xd
 469 004a 00       		.byte	0
 470 004b 00       		.byte	0
 471 004c 07       		.uleb128 0x7
ARM GAS  C:\Users\ALEXAN~1\AppData\Local\Temp\ccuJiSTS.s 			page 11


 472 004d 16       		.uleb128 0x16
 473 004e 00       		.byte	0
 474 004f 03       		.uleb128 0x3
 475 0050 0E       		.uleb128 0xe
 476 0051 3A       		.uleb128 0x3a
 477 0052 0B       		.uleb128 0xb
 478 0053 3B       		.uleb128 0x3b
 479 0054 05       		.uleb128 0x5
 480 0055 49       		.uleb128 0x49
 481 0056 13       		.uleb128 0x13
 482 0057 00       		.byte	0
 483 0058 00       		.byte	0
 484 0059 08       		.uleb128 0x8
 485 005a 13       		.uleb128 0x13
 486 005b 01       		.byte	0x1
 487 005c 0B       		.uleb128 0xb
 488 005d 0B       		.uleb128 0xb
 489 005e 3A       		.uleb128 0x3a
 490 005f 0B       		.uleb128 0xb
 491 0060 3B       		.uleb128 0x3b
 492 0061 0B       		.uleb128 0xb
 493 0062 01       		.uleb128 0x1
 494 0063 13       		.uleb128 0x13
 495 0064 00       		.byte	0
 496 0065 00       		.byte	0
 497 0066 09       		.uleb128 0x9
 498 0067 0D       		.uleb128 0xd
 499 0068 00       		.byte	0
 500 0069 03       		.uleb128 0x3
 501 006a 0E       		.uleb128 0xe
 502 006b 3A       		.uleb128 0x3a
 503 006c 0B       		.uleb128 0xb
 504 006d 3B       		.uleb128 0x3b
 505 006e 0B       		.uleb128 0xb
 506 006f 49       		.uleb128 0x49
 507 0070 13       		.uleb128 0x13
 508 0071 38       		.uleb128 0x38
 509 0072 0B       		.uleb128 0xb
 510 0073 00       		.byte	0
 511 0074 00       		.byte	0
 512 0075 0A       		.uleb128 0xa
 513 0076 01       		.uleb128 0x1
 514 0077 01       		.byte	0x1
 515 0078 49       		.uleb128 0x49
 516 0079 13       		.uleb128 0x13
 517 007a 01       		.uleb128 0x1
 518 007b 13       		.uleb128 0x13
 519 007c 00       		.byte	0
 520 007d 00       		.byte	0
 521 007e 0B       		.uleb128 0xb
 522 007f 21       		.uleb128 0x21
 523 0080 00       		.byte	0
 524 0081 49       		.uleb128 0x49
 525 0082 13       		.uleb128 0x13
 526 0083 2F       		.uleb128 0x2f
 527 0084 0B       		.uleb128 0xb
 528 0085 00       		.byte	0
ARM GAS  C:\Users\ALEXAN~1\AppData\Local\Temp\ccuJiSTS.s 			page 12


 529 0086 00       		.byte	0
 530 0087 0C       		.uleb128 0xc
 531 0088 2E       		.uleb128 0x2e
 532 0089 00       		.byte	0
 533 008a 3F       		.uleb128 0x3f
 534 008b 19       		.uleb128 0x19
 535 008c 03       		.uleb128 0x3
 536 008d 0E       		.uleb128 0xe
 537 008e 3A       		.uleb128 0x3a
 538 008f 0B       		.uleb128 0xb
 539 0090 3B       		.uleb128 0x3b
 540 0091 0B       		.uleb128 0xb
 541 0092 27       		.uleb128 0x27
 542 0093 19       		.uleb128 0x19
 543 0094 11       		.uleb128 0x11
 544 0095 01       		.uleb128 0x1
 545 0096 12       		.uleb128 0x12
 546 0097 06       		.uleb128 0x6
 547 0098 40       		.uleb128 0x40
 548 0099 18       		.uleb128 0x18
 549 009a 9742     		.uleb128 0x2117
 550 009c 19       		.uleb128 0x19
 551 009d 00       		.byte	0
 552 009e 00       		.byte	0
 553 009f 0D       		.uleb128 0xd
 554 00a0 34       		.uleb128 0x34
 555 00a1 00       		.byte	0
 556 00a2 03       		.uleb128 0x3
 557 00a3 0E       		.uleb128 0xe
 558 00a4 3A       		.uleb128 0x3a
 559 00a5 0B       		.uleb128 0xb
 560 00a6 3B       		.uleb128 0x3b
 561 00a7 0B       		.uleb128 0xb
 562 00a8 49       		.uleb128 0x49
 563 00a9 13       		.uleb128 0x13
 564 00aa 3F       		.uleb128 0x3f
 565 00ab 19       		.uleb128 0x19
 566 00ac 02       		.uleb128 0x2
 567 00ad 18       		.uleb128 0x18
 568 00ae 00       		.byte	0
 569 00af 00       		.byte	0
 570 00b0 0E       		.uleb128 0xe
 571 00b1 26       		.uleb128 0x26
 572 00b2 00       		.byte	0
 573 00b3 49       		.uleb128 0x49
 574 00b4 13       		.uleb128 0x13
 575 00b5 00       		.byte	0
 576 00b6 00       		.byte	0
 577 00b7 00       		.byte	0
 578              		.section	.debug_aranges,"",%progbits
 579 0000 1C000000 		.4byte	0x1c
 580 0004 0200     		.2byte	0x2
 581 0006 00000000 		.4byte	.Ldebug_info0
 582 000a 04       		.byte	0x4
 583 000b 00       		.byte	0
 584 000c 0000     		.2byte	0
 585 000e 0000     		.2byte	0
ARM GAS  C:\Users\ALEXAN~1\AppData\Local\Temp\ccuJiSTS.s 			page 13


 586 0010 00000000 		.4byte	.LFB2
 587 0014 02000000 		.4byte	.LFE2-.LFB2
 588 0018 00000000 		.4byte	0
 589 001c 00000000 		.4byte	0
 590              		.section	.debug_ranges,"",%progbits
 591              	.Ldebug_ranges0:
 592 0000 00000000 		.4byte	.LFB2
 593 0004 02000000 		.4byte	.LFE2
 594 0008 00000000 		.4byte	0
 595 000c 00000000 		.4byte	0
 596              		.section	.debug_line,"",%progbits
 597              	.Ldebug_line0:
 598 0000 94000000 		.section	.debug_str,"MS",%progbits,1
 598      02007B00 
 598      00000201 
 598      FB0E0D00 
 598      01010101 
 599              	.LASF21:
 600 0000 4359424C 		.ascii	"CYBLE_EVT_GAP_PASSKEY_ENTRY_REQUEST\000"
 600      455F4556 
 600      545F4741 
 600      505F5041 
 600      53534B45 
 601              	.LASF27:
 602 0024 4359424C 		.ascii	"CYBLE_EVT_GAP_DEVICE_DISCONNECTED\000"
 602      455F4556 
 602      545F4741 
 602      505F4445 
 602      56494345 
 603              	.LASF2:
 604 0046 73686F72 		.ascii	"short int\000"
 604      7420696E 
 604      7400
 605              	.LASF24:
 606 0050 4359424C 		.ascii	"CYBLE_EVT_GAP_AUTH_FAILED\000"
 606      455F4556 
 606      545F4741 
 606      505F4155 
 606      54485F46 
 607              	.LASF78:
 608 006a 474E5520 		.ascii	"GNU C 4.8.4 20140526 (release) [ARM/embedded-4_8-br"
 608      4320342E 
 608      382E3420 
 608      32303134 
 608      30353236 
 609 009d 616E6368 		.ascii	"anch revision 211358] -mcpu=cortex-m0 -mthumb -g -O"
 609      20726576 
 609      6973696F 
 609      6E203231 
 609      31333538 
 610 00d0 67202D66 		.ascii	"g -ffunction-sections\000"
 610      66756E63 
 610      74696F6E 
 610      2D736563 
 610      74696F6E 
 611              	.LASF12:
 612 00e6 73697A65 		.ascii	"sizetype\000"
ARM GAS  C:\Users\ALEXAN~1\AppData\Local\Temp\ccuJiSTS.s 			page 14


 612      74797065 
 612      00
 613              	.LASF32:
 614 00ef 4359424C 		.ascii	"CYBLE_EVT_GATTC_ERROR_RSP\000"
 614      455F4556 
 614      545F4741 
 614      5454435F 
 614      4552524F 
 615              	.LASF80:
 616 0109 433A5C55 		.ascii	"C:\\Users\\Alexandre\\Documents\\GitHub\\CoRo_PW_PS"
 616      73657273 
 616      5C416C65 
 616      78616E64 
 616      72655C44 
 617 0137 4F435C50 		.ascii	"OC\\PSOC_CapSense_2_BLE\\PSOC_CapSense_2_BLE.cydsn\000"
 617      534F435F 
 617      43617053 
 617      656E7365 
 617      5F325F42 
 618              	.LASF17:
 619 0168 4359424C 		.ascii	"CYBLE_EVT_HCI_STATUS\000"
 619      455F4556 
 619      545F4843 
 619      495F5354 
 619      41545553 
 620              	.LASF81:
 621 017d 4379426C 		.ascii	"CyBle_CustomInit\000"
 621      655F4375 
 621      73746F6D 
 621      496E6974 
 621      00
 622              	.LASF14:
 623 018e 4359424C 		.ascii	"CYBLE_EVT_STACK_ON\000"
 623      455F4556 
 623      545F5354 
 623      41434B5F 
 623      4F4E00
 624              	.LASF35:
 625 01a1 4359424C 		.ascii	"CYBLE_EVT_GATTS_XCNHG_MTU_REQ\000"
 625      455F4556 
 625      545F4741 
 625      5454535F 
 625      58434E48 
 626              	.LASF70:
 627 01bf 75696E74 		.ascii	"uint16\000"
 627      313600
 628              	.LASF73:
 629 01c6 63757374 		.ascii	"customServCharDesc\000"
 629      6F6D5365 
 629      72764368 
 629      61724465 
 629      736300
 630              	.LASF43:
 631 01d9 4359424C 		.ascii	"CYBLE_EVT_GATTC_READ_MULTI_RSP\000"
 631      455F4556 
 631      545F4741 
 631      5454435F 
ARM GAS  C:\Users\ALEXAN~1\AppData\Local\Temp\ccuJiSTS.s 			page 15


 631      52454144 
 632              	.LASF52:
 633 01f8 4359424C 		.ascii	"CYBLE_EVT_GATTS_HANDLE_VALUE_CNF\000"
 633      455F4556 
 633      545F4741 
 633      5454535F 
 633      48414E44 
 634              	.LASF13:
 635 0219 4359424C 		.ascii	"CYBLE_EVT_HOST_INVALID\000"
 635      455F4556 
 635      545F484F 
 635      53545F49 
 635      4E56414C 
 636              	.LASF59:
 637 0230 4359424C 		.ascii	"CYBLE_EVT_L2CAP_CBFC_CONN_IND\000"
 637      455F4556 
 637      545F4C32 
 637      4341505F 
 637      43424643 
 638              	.LASF62:
 639 024e 4359424C 		.ascii	"CYBLE_EVT_L2CAP_CBFC_DISCONN_CNF\000"
 639      455F4556 
 639      545F4C32 
 639      4341505F 
 639      43424643 
 640              	.LASF79:
 641 026f 2E5C4765 		.ascii	".\\Generated_Source\\PSoC4\\BLE_custom.c\000"
 641      6E657261 
 641      7465645F 
 641      536F7572 
 641      63655C50 
 642              	.LASF9:
 643 0295 666C6F61 		.ascii	"float\000"
 643      7400
 644              	.LASF41:
 645 029b 4359424C 		.ascii	"CYBLE_EVT_GATTC_READ_RSP\000"
 645      455F4556 
 645      545F4741 
 645      5454435F 
 645      52454144 
 646              	.LASF45:
 647 02b4 4359424C 		.ascii	"CYBLE_EVT_GATTC_WRITE_RSP\000"
 647      455F4556 
 647      545F4741 
 647      5454435F 
 647      57524954 
 648              	.LASF6:
 649 02ce 6C6F6E67 		.ascii	"long long int\000"
 649      206C6F6E 
 649      6720696E 
 649      7400
 650              	.LASF7:
 651 02dc 6C6F6E67 		.ascii	"long long unsigned int\000"
 651      206C6F6E 
 651      6720756E 
 651      7369676E 
 651      65642069 
ARM GAS  C:\Users\ALEXAN~1\AppData\Local\Temp\ccuJiSTS.s 			page 16


 652              	.LASF74:
 653 02f3 4359424C 		.ascii	"CYBLE_CUSTOMS_INFO_T\000"
 653      455F4355 
 653      53544F4D 
 653      535F494E 
 653      464F5F54 
 654              	.LASF4:
 655 0308 6C6F6E67 		.ascii	"long int\000"
 655      20696E74 
 655      00
 656              	.LASF51:
 657 0311 4359424C 		.ascii	"CYBLE_EVT_GATTC_HANDLE_VALUE_IND\000"
 657      455F4556 
 657      545F4741 
 657      5454435F 
 657      48414E44 
 658              	.LASF26:
 659 0332 4359424C 		.ascii	"CYBLE_EVT_GAP_DEVICE_CONNECTED\000"
 659      455F4556 
 659      545F4741 
 659      505F4445 
 659      56494345 
 660              	.LASF25:
 661 0351 4359424C 		.ascii	"CYBLE_EVT_GAPP_ADVERTISEMENT_START_STOP\000"
 661      455F4556 
 661      545F4741 
 661      50505F41 
 661      44564552 
 662              	.LASF50:
 663 0379 4359424C 		.ascii	"CYBLE_EVT_GATTC_HANDLE_VALUE_NTF\000"
 663      455F4556 
 663      545F4741 
 663      5454435F 
 663      48414E44 
 664              	.LASF18:
 665 039a 4359424C 		.ascii	"CYBLE_EVT_STACK_BUSY_STATUS\000"
 665      455F4556 
 665      545F5354 
 665      41434B5F 
 665      42555359 
 666              	.LASF22:
 667 03b6 4359424C 		.ascii	"CYBLE_EVT_GAP_PASSKEY_DISPLAY_REQUEST\000"
 667      455F4556 
 667      545F4741 
 667      505F5041 
 667      53534B45 
 668              	.LASF77:
 669 03dc 4359424C 		.ascii	"CYBLE_CUSTOMS_T\000"
 669      455F4355 
 669      53544F4D 
 669      535F5400 
 670              	.LASF60:
 671 03ec 4359424C 		.ascii	"CYBLE_EVT_L2CAP_CBFC_CONN_CNF\000"
 671      455F4556 
 671      545F4C32 
 671      4341505F 
 671      43424643 
ARM GAS  C:\Users\ALEXAN~1\AppData\Local\Temp\ccuJiSTS.s 			page 17


 672              	.LASF69:
 673 040a 4359424C 		.ascii	"CYBLE_EVT_MAX\000"
 673      455F4556 
 673      545F4D41 
 673      5800
 674              	.LASF56:
 675 0418 4359424C 		.ascii	"CYBLE_EVT_L2CAP_CONN_PARAM_UPDATE_REQ\000"
 675      455F4556 
 675      545F4C32 
 675      4341505F 
 675      434F4E4E 
 676              	.LASF1:
 677 043e 756E7369 		.ascii	"unsigned char\000"
 677      676E6564 
 677      20636861 
 677      7200
 678              	.LASF76:
 679 044c 63757374 		.ascii	"customServInfo\000"
 679      6F6D5365 
 679      7276496E 
 679      666F00
 680              	.LASF47:
 681 045b 4359424C 		.ascii	"CYBLE_EVT_GATTS_PREP_WRITE_REQ\000"
 681      455F4556 
 681      545F4741 
 681      5454535F 
 681      50524550 
 682              	.LASF68:
 683 047a 4359424C 		.ascii	"CYBLE_EVT_LE_PING_AUTH_TIMEOUT\000"
 683      455F4556 
 683      545F4C45 
 683      5F50494E 
 683      475F4155 
 684              	.LASF39:
 685 0499 4359424C 		.ascii	"CYBLE_EVT_GATTC_FIND_INFO_RSP\000"
 685      455F4556 
 685      545F4741 
 685      5454435F 
 685      46494E44 
 686              	.LASF0:
 687 04b7 7369676E 		.ascii	"signed char\000"
 687      65642063 
 687      68617200 
 688              	.LASF44:
 689 04c3 4359424C 		.ascii	"CYBLE_EVT_GATTS_WRITE_REQ\000"
 689      455F4556 
 689      545F4741 
 689      5454535F 
 689      57524954 
 690              	.LASF40:
 691 04dd 4359424C 		.ascii	"CYBLE_EVT_GATTC_FIND_BY_TYPE_VALUE_RSP\000"
 691      455F4556 
 691      545F4741 
 691      5454435F 
 691      46494E44 
 692              	.LASF23:
 693 0504 4359424C 		.ascii	"CYBLE_EVT_GAP_AUTH_COMPLETE\000"
ARM GAS  C:\Users\ALEXAN~1\AppData\Local\Temp\ccuJiSTS.s 			page 18


 693      455F4556 
 693      545F4741 
 693      505F4155 
 693      54485F43 
 694              	.LASF8:
 695 0520 756E7369 		.ascii	"unsigned int\000"
 695      676E6564 
 695      20696E74 
 695      00
 696              	.LASF33:
 697 052d 4359424C 		.ascii	"CYBLE_EVT_GATT_CONNECT_IND\000"
 697      455F4556 
 697      545F4741 
 697      54545F43 
 697      4F4E4E45 
 698              	.LASF5:
 699 0548 6C6F6E67 		.ascii	"long unsigned int\000"
 699      20756E73 
 699      69676E65 
 699      6420696E 
 699      7400
 700              	.LASF20:
 701 055a 4359424C 		.ascii	"CYBLE_EVT_GAP_AUTH_REQ\000"
 701      455F4556 
 701      545F4741 
 701      505F4155 
 701      54485F52 
 702              	.LASF61:
 703 0571 4359424C 		.ascii	"CYBLE_EVT_L2CAP_CBFC_DISCONN_IND\000"
 703      455F4556 
 703      545F4C32 
 703      4341505F 
 703      43424643 
 704              	.LASF28:
 705 0592 4359424C 		.ascii	"CYBLE_EVT_GAP_ENCRYPT_CHANGE\000"
 705      455F4556 
 705      545F4741 
 705      505F454E 
 705      43525950 
 706              	.LASF31:
 707 05af 4359424C 		.ascii	"CYBLE_EVT_GAP_KEYINFO_EXCHNGE_CMPLT\000"
 707      455F4556 
 707      545F4741 
 707      505F4B45 
 707      59494E46 
 708              	.LASF29:
 709 05d3 4359424C 		.ascii	"CYBLE_EVT_GAP_CONNECTION_UPDATE_COMPLETE\000"
 709      455F4556 
 709      545F4741 
 709      505F434F 
 709      4E4E4543 
 710              	.LASF11:
 711 05fc 63686172 		.ascii	"char\000"
 711      00
 712              	.LASF58:
 713 0601 4359424C 		.ascii	"CYBLE_EVT_L2CAP_COMMAND_REJ\000"
 713      455F4556 
ARM GAS  C:\Users\ALEXAN~1\AppData\Local\Temp\ccuJiSTS.s 			page 19


 713      545F4C32 
 713      4341505F 
 713      434F4D4D 
 714              	.LASF3:
 715 061d 73686F72 		.ascii	"short unsigned int\000"
 715      7420756E 
 715      7369676E 
 715      65642069 
 715      6E7400
 716              	.LASF42:
 717 0630 4359424C 		.ascii	"CYBLE_EVT_GATTC_READ_BLOB_RSP\000"
 717      455F4556 
 717      545F4741 
 717      5454435F 
 717      52454144 
 718              	.LASF49:
 719 064e 4359424C 		.ascii	"CYBLE_EVT_GATTC_EXEC_WRITE_RSP\000"
 719      455F4556 
 719      545F4741 
 719      5454435F 
 719      45584543 
 720              	.LASF30:
 721 066d 4359424C 		.ascii	"CYBLE_EVT_GAPC_SCAN_START_STOP\000"
 721      455F4556 
 721      545F4741 
 721      50435F53 
 721      43414E5F 
 722              	.LASF67:
 723 068c 4359424C 		.ascii	"CYBLE_EVT_PENDING_FLASH_WRITE\000"
 723      455F4556 
 723      545F5045 
 723      4E44494E 
 723      475F464C 
 724              	.LASF64:
 725 06aa 4359424C 		.ascii	"CYBLE_EVT_L2CAP_CBFC_RX_CREDIT_IND\000"
 725      455F4556 
 725      545F4C32 
 725      4341505F 
 725      43424643 
 726              	.LASF10:
 727 06cd 646F7562 		.ascii	"double\000"
 727      6C6500
 728              	.LASF65:
 729 06d4 4359424C 		.ascii	"CYBLE_EVT_L2CAP_CBFC_TX_CREDIT_IND\000"
 729      455F4556 
 729      545F4C32 
 729      4341505F 
 729      43424643 
 730              	.LASF72:
 731 06f7 63757374 		.ascii	"customServCharHandle\000"
 731      6F6D5365 
 731      72764368 
 731      61724861 
 731      6E646C65 
 732              	.LASF16:
 733 070c 4359424C 		.ascii	"CYBLE_EVT_HARDWARE_ERROR\000"
 733      455F4556 
ARM GAS  C:\Users\ALEXAN~1\AppData\Local\Temp\ccuJiSTS.s 			page 20


 733      545F4841 
 733      52445741 
 733      52455F45 
 734              	.LASF63:
 735 0725 4359424C 		.ascii	"CYBLE_EVT_L2CAP_CBFC_DATA_READ\000"
 735      455F4556 
 735      545F4C32 
 735      4341505F 
 735      43424643 
 736              	.LASF57:
 737 0744 4359424C 		.ascii	"CYBLE_EVT_L2CAP_CONN_PARAM_UPDATE_RSP\000"
 737      455F4556 
 737      545F4C32 
 737      4341505F 
 737      434F4E4E 
 738              	.LASF19:
 739 076a 4359424C 		.ascii	"CYBLE_EVT_GAPC_SCAN_PROGRESS_RESULT\000"
 739      455F4556 
 739      545F4741 
 739      50435F53 
 739      43414E5F 
 740              	.LASF37:
 741 078e 4359424C 		.ascii	"CYBLE_EVT_GATTC_READ_BY_GROUP_TYPE_RSP\000"
 741      455F4556 
 741      545F4741 
 741      5454435F 
 741      52454144 
 742              	.LASF46:
 743 07b5 4359424C 		.ascii	"CYBLE_EVT_GATTS_WRITE_CMD_REQ\000"
 743      455F4556 
 743      545F4741 
 743      5454535F 
 743      57524954 
 744              	.LASF38:
 745 07d3 4359424C 		.ascii	"CYBLE_EVT_GATTC_READ_BY_TYPE_RSP\000"
 745      455F4556 
 745      545F4741 
 745      5454435F 
 745      52454144 
 746              	.LASF36:
 747 07f4 4359424C 		.ascii	"CYBLE_EVT_GATTC_XCHNG_MTU_RSP\000"
 747      455F4556 
 747      545F4741 
 747      5454435F 
 747      5843484E 
 748              	.LASF66:
 749 0812 4359424C 		.ascii	"CYBLE_EVT_L2CAP_CBFC_DATA_WRITE_IND\000"
 749      455F4556 
 749      545F4C32 
 749      4341505F 
 749      43424643 
 750              	.LASF15:
 751 0836 4359424C 		.ascii	"CYBLE_EVT_TIMEOUT\000"
 751      455F4556 
 751      545F5449 
 751      4D454F55 
 751      5400
ARM GAS  C:\Users\ALEXAN~1\AppData\Local\Temp\ccuJiSTS.s 			page 21


 752              	.LASF55:
 753 0848 4359424C 		.ascii	"CYBLE_EVT_GATTS_READ_CHAR_VAL_ACCESS_REQ\000"
 753      455F4556 
 753      545F4741 
 753      5454535F 
 753      52454144 
 754              	.LASF54:
 755 0871 4359424C 		.ascii	"CYBLE_EVT_GATTC_STOP_CMD_COMPLETE\000"
 755      455F4556 
 755      545F4741 
 755      5454435F 
 755      53544F50 
 756              	.LASF48:
 757 0893 4359424C 		.ascii	"CYBLE_EVT_GATTS_EXEC_WRITE_REQ\000"
 757      455F4556 
 757      545F4741 
 757      5454535F 
 757      45584543 
 758              	.LASF71:
 759 08b2 4359424C 		.ascii	"CYBLE_GATT_DB_ATTR_HANDLE_T\000"
 759      455F4741 
 759      54545F44 
 759      425F4154 
 759      54525F48 
 760              	.LASF82:
 761 08ce 6379426C 		.ascii	"cyBle_customs\000"
 761      655F6375 
 761      73746F6D 
 761      7300
 762              	.LASF53:
 763 08dc 4359424C 		.ascii	"CYBLE_EVT_GATTS_DATA_SIGNED_CMD_REQ\000"
 763      455F4556 
 763      545F4741 
 763      5454535F 
 763      44415441 
 764              	.LASF34:
 765 0900 4359424C 		.ascii	"CYBLE_EVT_GATT_DISCONNECT_IND\000"
 765      455F4556 
 765      545F4741 
 765      54545F44 
 765      4953434F 
 766              	.LASF75:
 767 091e 63757374 		.ascii	"customServHandle\000"
 767      6F6D5365 
 767      72764861 
 767      6E646C65 
 767      00
 768              		.ident	"GCC: (GNU Tools for ARM Embedded Processors) 4.8.4 20140526 (release) [ARM/embedded-4_8-br
