ARM GAS  C:\Users\ALEXAN~1\AppData\Local\Temp\ccyUrLPR.s 			page 1


   1              		.cpu cortex-m0
   2              		.fpu softvfp
   3              		.eabi_attribute 20, 1
   4              		.eabi_attribute 21, 1
   5              		.eabi_attribute 23, 3
   6              		.eabi_attribute 24, 1
   7              		.eabi_attribute 25, 1
   8              		.eabi_attribute 26, 1
   9              		.eabi_attribute 30, 1
  10              		.eabi_attribute 34, 0
  11              		.eabi_attribute 18, 4
  12              		.code	16
  13              		.file	"_CapSense.c"
  14              		.text
  15              	.Ltext0:
  16              		.cfi_sections	.debug_frame
  17              		.section	.text._CapSense_Init,"ax",%progbits
  18              		.align	2
  19              		.global	_CapSense_Init
  20              		.code	16
  21              		.thumb_func
  22              		.type	_CapSense_Init, %function
  23              	_CapSense_Init:
  24              	.LFB35:
  25              		.file 1 ".\\_CapSense.c"
   1:.\_CapSense.c **** /****************************************************************************
   2:.\_CapSense.c **** *
   3:.\_CapSense.c **** * Project Name		: PSoC CapSense 2 BLE
   4:.\_CapSense.c **** *
   5:.\_CapSense.c **** * File Name			: _CapSense.c
   6:.\_CapSense.c **** * Version 			: 1.0
   7:.\_CapSense.c **** *
   8:.\_CapSense.c **** * Device Used		: CY8C4247LQI-BL483
   9:.\_CapSense.c **** * Software Used		: PSoC Creator 3.3
  10:.\_CapSense.c **** * Compiler    		: ARM GCC 4.8.4, ARM MDK Generic
  11:.\_CapSense.c **** * Related Hardware	: CY8CKIT-042-BLE Bluetooth Low Energy Pioneer Kit 
  12:.\_CapSense.c **** *
  13:.\_CapSense.c **** * Owner             : A. BERNIER
  14:.\_CapSense.c **** *
  15:.\_CapSense.c **** *****************************************************************************/
  16:.\_CapSense.c **** 
  17:.\_CapSense.c **** 
  18:.\_CapSense.c **** /*****************************************************************************
  19:.\_CapSense.c **** * Included headers
  20:.\_CapSense.c **** *****************************************************************************/
  21:.\_CapSense.c **** #include "_CapSense.h"
  22:.\_CapSense.c **** #include "crc.h"
  23:.\_CapSense.c **** 
  24:.\_CapSense.c **** 
  25:.\_CapSense.c **** /*****************************************************************************
  26:.\_CapSense.c **** * Function Name: _CapSense_Init()
  27:.\_CapSense.c **** ******************************************************************************
  28:.\_CapSense.c **** * Summary:
  29:.\_CapSense.c **** *   Initialize the CapSense module.
  30:.\_CapSense.c **** *
  31:.\_CapSense.c **** * Parameters:
  32:.\_CapSense.c **** *   None.
ARM GAS  C:\Users\ALEXAN~1\AppData\Local\Temp\ccyUrLPR.s 			page 2


  33:.\_CapSense.c **** *
  34:.\_CapSense.c **** * Return:
  35:.\_CapSense.c **** *   None.
  36:.\_CapSense.c **** *
  37:.\_CapSense.c **** * Note:
  38:.\_CapSense.c **** *
  39:.\_CapSense.c **** *****************************************************************************/
  40:.\_CapSense.c **** void _CapSense_Init(void)
  41:.\_CapSense.c **** {
  26              		.loc 1 41 0
  27              		.cfi_startproc
  28 0000 08B5     		push	{r3, lr}
  29              		.cfi_def_cfa_offset 8
  30              		.cfi_offset 3, -8
  31              		.cfi_offset 14, -4
  42:.\_CapSense.c ****     // Initialize and enables all the sensors.
  43:.\_CapSense.c ****     CapSense_Start();
  32              		.loc 1 43 0
  33 0002 FFF7FEFF 		bl	CapSense_Start
  34              	.LVL0:
  44:.\_CapSense.c ****     
  45:.\_CapSense.c ****     //Initialize the baselines.
  46:.\_CapSense.c ****     CapSense_InitializeEnabledBaselines();
  35              		.loc 1 46 0
  36 0006 FFF7FEFF 		bl	CapSense_InitializeEnabledBaselines
  37              	.LVL1:
  47:.\_CapSense.c **** }
  38              		.loc 1 47 0
  39              		@ sp needed
  40 000a 08BD     		pop	{r3, pc}
  41              		.cfi_endproc
  42              	.LFE35:
  43              		.size	_CapSense_Init, .-_CapSense_Init
  44              		.section	.text._CapSense_Scan,"ax",%progbits
  45              		.align	2
  46              		.global	_CapSense_Scan
  47              		.code	16
  48              		.thumb_func
  49              		.type	_CapSense_Scan, %function
  50              	_CapSense_Scan:
  51              	.LFB36:
  48:.\_CapSense.c **** 
  49:.\_CapSense.c **** 
  50:.\_CapSense.c **** /*****************************************************************************
  51:.\_CapSense.c **** * Function Name: _CapSense_Scan()
  52:.\_CapSense.c **** ******************************************************************************
  53:.\_CapSense.c **** * Summary:
  54:.\_CapSense.c **** *   Scan the CapSense module.
  55:.\_CapSense.c **** *
  56:.\_CapSense.c **** * Parameters:
  57:.\_CapSense.c **** *   None.
  58:.\_CapSense.c **** *
  59:.\_CapSense.c **** * Return:
  60:.\_CapSense.c **** *   'SUCCESS' if it succeeded.
  61:.\_CapSense.c **** *   'NO_MORE_SPACE' if the vector is full.
  62:.\_CapSense.c **** *
  63:.\_CapSense.c **** * Note:
ARM GAS  C:\Users\ALEXAN~1\AppData\Local\Temp\ccyUrLPR.s 			page 3


  64:.\_CapSense.c **** *
  65:.\_CapSense.c **** *****************************************************************************/
  66:.\_CapSense.c **** uint8 _CapSense_Scan(void)
  67:.\_CapSense.c **** {
  52              		.loc 1 67 0
  53              		.cfi_startproc
  54 0000 08B5     		push	{r3, lr}
  55              		.cfi_def_cfa_offset 8
  56              		.cfi_offset 3, -8
  57              		.cfi_offset 14, -4
  68:.\_CapSense.c ****     // Verify if there is space in the vector.
  69:.\_CapSense.c ****     if ( vectorIsFull() )
  58              		.loc 1 69 0
  59 0002 FFF7FEFF 		bl	vectorIsFull
  60              	.LVL2:
  61 0006 0028     		cmp	r0, #0
  62 0008 13D1     		bne	.L6
  70:.\_CapSense.c ****         return NO_MORE_SPACE;
  71:.\_CapSense.c ****     
  72:.\_CapSense.c ****     
  73:.\_CapSense.c ****     // Scan the Widgets.
  74:.\_CapSense.c ****     CapSense_ScanEnabledWidgets();
  63              		.loc 1 74 0
  64 000a FFF7FEFF 		bl	CapSense_ScanEnabledWidgets
  65              	.LVL3:
  75:.\_CapSense.c ****     
  76:.\_CapSense.c ****     // Update baselines.
  77:.\_CapSense.c ****     CapSense_UpdateEnabledBaselines();
  66              		.loc 1 77 0
  67 000e FFF7FEFF 		bl	CapSense_UpdateEnabledBaselines
  68              	.LVL4:
  78:.\_CapSense.c ****     
  79:.\_CapSense.c ****     // Wait for CapSense scanning to be complete.
  80:.\_CapSense.c **** 	while(CapSense_IsBusy()) {
  69              		.loc 1 80 0
  70 0012 01E0     		b	.L4
  71              	.L5:
  81:.\_CapSense.c **** 		CySysPmSleep();
  72              		.loc 1 81 0
  73 0014 FFF7FEFF 		bl	CySysPmSleep
  74              	.LVL5:
  75              	.L4:
  80:.\_CapSense.c **** 		CySysPmSleep();
  76              		.loc 1 80 0
  77 0018 FFF7FEFF 		bl	CapSense_IsBusy
  78              	.LVL6:
  79 001c 0028     		cmp	r0, #0
  80 001e F9D1     		bne	.L5
  82:.\_CapSense.c ****     }
  83:.\_CapSense.c ****         
  84:.\_CapSense.c ****     // Store the sensors values into the vectors.
  85:.\_CapSense.c **** //    uint16 sensors_minus_baselines[CapSense_TOTAL_SENSOR_COUNT];
  86:.\_CapSense.c **** //    uint8 sensor;
  87:.\_CapSense.c **** //    
  88:.\_CapSense.c **** //    for (sensor = 0; sensor < CapSense_TOTAL_SENSOR_COUNT; sensor++)
  89:.\_CapSense.c **** //        sensors_minus_baselines[sensor] = CapSense_GetDiffCountData(sensor);
  90:.\_CapSense.c ****         
ARM GAS  C:\Users\ALEXAN~1\AppData\Local\Temp\ccyUrLPR.s 			page 4


  91:.\_CapSense.c ****     pushInVector(CapSense_SensorRaw);
  81              		.loc 1 91 0
  82 0020 0548     		ldr	r0, .L7
  83 0022 FFF7FEFF 		bl	pushInVector
  84              	.LVL7:
  92:.\_CapSense.c ****     
  93:.\_CapSense.c ****     
  94:.\_CapSense.c ****     // Verify if the vector is now full.
  95:.\_CapSense.c ****     if ( vectorIsFull() )
  85              		.loc 1 95 0
  86 0026 FFF7FEFF 		bl	vectorIsFull
  87              	.LVL8:
  88 002a 0028     		cmp	r0, #0
  89 002c 02D0     		beq	.L3
  96:.\_CapSense.c ****         return NO_MORE_SPACE;
  90              		.loc 1 96 0
  91 002e 0120     		mov	r0, #1
  92 0030 00E0     		b	.L3
  93              	.L6:
  70:.\_CapSense.c ****     
  94              		.loc 1 70 0
  95 0032 0120     		mov	r0, #1
  96              	.L3:
  97:.\_CapSense.c ****     
  98:.\_CapSense.c ****     
  99:.\_CapSense.c ****     return SUCCESS;
 100:.\_CapSense.c **** }
  97              		.loc 1 100 0
  98              		@ sp needed
  99 0034 08BD     		pop	{r3, pc}
 100              	.L8:
 101 0036 C046     		.align	2
 102              	.L7:
 103 0038 00000000 		.word	CapSense_sensorRaw
 104              		.cfi_endproc
 105              	.LFE36:
 106              		.size	_CapSense_Scan, .-_CapSense_Scan
 107              		.text
 108              	.Letext0:
 109              		.file 2 "Generated_Source\\PSoC4/cytypes.h"
 110              		.file 3 "Generated_Source\\PSoC4/CapSense.h"
 111              		.file 4 "Generated_Source\\PSoC4/CapSense_CSHL.h"
 112              		.file 5 "Generated_Source\\PSoC4/cyPm.h"
 113              		.file 6 ".\\vector.h"
 114              		.section	.debug_info,"",%progbits
 115              	.Ldebug_info0:
 116 0000 8E010000 		.4byte	0x18e
 117 0004 0400     		.2byte	0x4
 118 0006 00000000 		.4byte	.Ldebug_abbrev0
 119 000a 04       		.byte	0x4
 120 000b 01       		.uleb128 0x1
 121 000c BB010000 		.4byte	.LASF23
 122 0010 01       		.byte	0x1
 123 0011 49020000 		.4byte	.LASF24
 124 0015 40000000 		.4byte	.LASF25
 125 0019 00000000 		.4byte	.Ldebug_ranges0+0
 126 001d 00000000 		.4byte	0
ARM GAS  C:\Users\ALEXAN~1\AppData\Local\Temp\ccyUrLPR.s 			page 5


 127 0021 00000000 		.4byte	.Ldebug_line0
 128 0025 02       		.uleb128 0x2
 129 0026 01       		.byte	0x1
 130 0027 06       		.byte	0x6
 131 0028 6A020000 		.4byte	.LASF0
 132 002c 02       		.uleb128 0x2
 133 002d 01       		.byte	0x1
 134 002e 08       		.byte	0x8
 135 002f E0000000 		.4byte	.LASF1
 136 0033 02       		.uleb128 0x2
 137 0034 02       		.byte	0x2
 138 0035 05       		.byte	0x5
 139 0036 57020000 		.4byte	.LASF2
 140 003a 02       		.uleb128 0x2
 141 003b 02       		.byte	0x2
 142 003c 07       		.byte	0x7
 143 003d 2D000000 		.4byte	.LASF3
 144 0041 02       		.uleb128 0x2
 145 0042 04       		.byte	0x4
 146 0043 05       		.byte	0x5
 147 0044 61020000 		.4byte	.LASF4
 148 0048 02       		.uleb128 0x2
 149 0049 04       		.byte	0x4
 150 004a 07       		.byte	0x7
 151 004b FE000000 		.4byte	.LASF5
 152 004f 02       		.uleb128 0x2
 153 0050 08       		.byte	0x8
 154 0051 05       		.byte	0x5
 155 0052 9E010000 		.4byte	.LASF6
 156 0056 02       		.uleb128 0x2
 157 0057 08       		.byte	0x8
 158 0058 07       		.byte	0x7
 159 0059 C9000000 		.4byte	.LASF7
 160 005d 03       		.uleb128 0x3
 161 005e 04       		.byte	0x4
 162 005f 05       		.byte	0x5
 163 0060 696E7400 		.ascii	"int\000"
 164 0064 02       		.uleb128 0x2
 165 0065 04       		.byte	0x4
 166 0066 07       		.byte	0x7
 167 0067 54010000 		.4byte	.LASF8
 168 006b 04       		.uleb128 0x4
 169 006c 10010000 		.4byte	.LASF9
 170 0070 02       		.byte	0x2
 171 0071 C2       		.byte	0xc2
 172 0072 2C000000 		.4byte	0x2c
 173 0076 04       		.uleb128 0x4
 174 0077 39010000 		.4byte	.LASF10
 175 007b 02       		.byte	0x2
 176 007c C3       		.byte	0xc3
 177 007d 3A000000 		.4byte	0x3a
 178 0081 04       		.uleb128 0x4
 179 0082 40010000 		.4byte	.LASF11
 180 0086 02       		.byte	0x2
 181 0087 C4       		.byte	0xc4
 182 0088 48000000 		.4byte	0x48
 183 008c 02       		.uleb128 0x2
ARM GAS  C:\Users\ALEXAN~1\AppData\Local\Temp\ccyUrLPR.s 			page 6


 184 008d 04       		.byte	0x4
 185 008e 04       		.byte	0x4
 186 008f C3000000 		.4byte	.LASF12
 187 0093 02       		.uleb128 0x2
 188 0094 08       		.byte	0x8
 189 0095 04       		.byte	0x4
 190 0096 16010000 		.4byte	.LASF13
 191 009a 02       		.uleb128 0x2
 192 009b 01       		.byte	0x1
 193 009c 08       		.byte	0x8
 194 009d 61010000 		.4byte	.LASF14
 195 00a1 02       		.uleb128 0x2
 196 00a2 04       		.byte	0x4
 197 00a3 07       		.byte	0x7
 198 00a4 75010000 		.4byte	.LASF15
 199 00a8 05       		.uleb128 0x5
 200 00a9 04       		.byte	0x4
 201 00aa 76000000 		.4byte	0x76
 202 00ae 06       		.uleb128 0x6
 203 00af AC010000 		.4byte	.LASF26
 204 00b3 01       		.byte	0x1
 205 00b4 28       		.byte	0x28
 206 00b5 00000000 		.4byte	.LFB35
 207 00b9 0C000000 		.4byte	.LFE35-.LFB35
 208 00bd 01       		.uleb128 0x1
 209 00be 9C       		.byte	0x9c
 210 00bf D6000000 		.4byte	0xd6
 211 00c3 07       		.uleb128 0x7
 212 00c4 06000000 		.4byte	.LVL0
 213 00c8 4B010000 		.4byte	0x14b
 214 00cc 07       		.uleb128 0x7
 215 00cd 0A000000 		.4byte	.LVL1
 216 00d1 52010000 		.4byte	0x152
 217 00d5 00       		.byte	0
 218 00d6 08       		.uleb128 0x8
 219 00d7 66010000 		.4byte	.LASF27
 220 00db 01       		.byte	0x1
 221 00dc 42       		.byte	0x42
 222 00dd 6B000000 		.4byte	0x6b
 223 00e1 00000000 		.4byte	.LFB36
 224 00e5 3C000000 		.4byte	.LFE36-.LFB36
 225 00e9 01       		.uleb128 0x1
 226 00ea 9C       		.byte	0x9c
 227 00eb 2F010000 		.4byte	0x12f
 228 00ef 07       		.uleb128 0x7
 229 00f0 06000000 		.4byte	.LVL2
 230 00f4 59010000 		.4byte	0x159
 231 00f8 07       		.uleb128 0x7
 232 00f9 0E000000 		.4byte	.LVL3
 233 00fd 64010000 		.4byte	0x164
 234 0101 07       		.uleb128 0x7
 235 0102 12000000 		.4byte	.LVL4
 236 0106 6B010000 		.4byte	0x16b
 237 010a 07       		.uleb128 0x7
 238 010b 18000000 		.4byte	.LVL5
 239 010f 72010000 		.4byte	0x172
 240 0113 07       		.uleb128 0x7
ARM GAS  C:\Users\ALEXAN~1\AppData\Local\Temp\ccyUrLPR.s 			page 7


 241 0114 1C000000 		.4byte	.LVL6
 242 0118 79010000 		.4byte	0x179
 243 011c 07       		.uleb128 0x7
 244 011d 26000000 		.4byte	.LVL7
 245 0121 84010000 		.4byte	0x184
 246 0125 07       		.uleb128 0x7
 247 0126 2A000000 		.4byte	.LVL8
 248 012a 59010000 		.4byte	0x159
 249 012e 00       		.byte	0
 250 012f 09       		.uleb128 0x9
 251 0130 76000000 		.4byte	0x76
 252 0134 3F010000 		.4byte	0x13f
 253 0138 0A       		.uleb128 0xa
 254 0139 A1000000 		.4byte	0xa1
 255 013d 09       		.byte	0x9
 256 013e 00       		.byte	0
 257 013f 0B       		.uleb128 0xb
 258 0140 1A000000 		.4byte	.LASF28
 259 0144 03       		.byte	0x3
 260 0145 DE02     		.2byte	0x2de
 261 0147 2F010000 		.4byte	0x12f
 262 014b 0C       		.uleb128 0xc
 263 014c 76020000 		.4byte	.LASF16
 264 0150 03       		.byte	0x3
 265 0151 9E       		.byte	0x9e
 266 0152 0C       		.uleb128 0xc
 267 0153 9F000000 		.4byte	.LASF17
 268 0157 04       		.byte	0x4
 269 0158 AC       		.byte	0xac
 270 0159 0D       		.uleb128 0xd
 271 015a 00000000 		.4byte	.LASF21
 272 015e 06       		.byte	0x6
 273 015f 2B       		.byte	0x2b
 274 0160 6B000000 		.4byte	0x6b
 275 0164 0C       		.uleb128 0xc
 276 0165 1D010000 		.4byte	.LASF18
 277 0169 03       		.byte	0x3
 278 016a A7       		.byte	0xa7
 279 016b 0C       		.uleb128 0xc
 280 016c 7E010000 		.4byte	.LASF19
 281 0170 04       		.byte	0x4
 282 0171 AF       		.byte	0xaf
 283 0172 0C       		.uleb128 0xc
 284 0173 0D000000 		.4byte	.LASF20
 285 0177 05       		.byte	0x5
 286 0178 1C       		.byte	0x1c
 287 0179 0D       		.uleb128 0xd
 288 017a EE000000 		.4byte	.LASF22
 289 017e 03       		.byte	0x3
 290 017f A4       		.byte	0xa4
 291 0180 81000000 		.4byte	0x81
 292 0184 0E       		.uleb128 0xe
 293 0185 47010000 		.4byte	.LASF29
 294 0189 06       		.byte	0x6
 295 018a 27       		.byte	0x27
 296 018b 0F       		.uleb128 0xf
 297 018c A8000000 		.4byte	0xa8
ARM GAS  C:\Users\ALEXAN~1\AppData\Local\Temp\ccyUrLPR.s 			page 8


 298 0190 00       		.byte	0
 299 0191 00       		.byte	0
 300              		.section	.debug_abbrev,"",%progbits
 301              	.Ldebug_abbrev0:
 302 0000 01       		.uleb128 0x1
 303 0001 11       		.uleb128 0x11
 304 0002 01       		.byte	0x1
 305 0003 25       		.uleb128 0x25
 306 0004 0E       		.uleb128 0xe
 307 0005 13       		.uleb128 0x13
 308 0006 0B       		.uleb128 0xb
 309 0007 03       		.uleb128 0x3
 310 0008 0E       		.uleb128 0xe
 311 0009 1B       		.uleb128 0x1b
 312 000a 0E       		.uleb128 0xe
 313 000b 55       		.uleb128 0x55
 314 000c 17       		.uleb128 0x17
 315 000d 11       		.uleb128 0x11
 316 000e 01       		.uleb128 0x1
 317 000f 10       		.uleb128 0x10
 318 0010 17       		.uleb128 0x17
 319 0011 00       		.byte	0
 320 0012 00       		.byte	0
 321 0013 02       		.uleb128 0x2
 322 0014 24       		.uleb128 0x24
 323 0015 00       		.byte	0
 324 0016 0B       		.uleb128 0xb
 325 0017 0B       		.uleb128 0xb
 326 0018 3E       		.uleb128 0x3e
 327 0019 0B       		.uleb128 0xb
 328 001a 03       		.uleb128 0x3
 329 001b 0E       		.uleb128 0xe
 330 001c 00       		.byte	0
 331 001d 00       		.byte	0
 332 001e 03       		.uleb128 0x3
 333 001f 24       		.uleb128 0x24
 334 0020 00       		.byte	0
 335 0021 0B       		.uleb128 0xb
 336 0022 0B       		.uleb128 0xb
 337 0023 3E       		.uleb128 0x3e
 338 0024 0B       		.uleb128 0xb
 339 0025 03       		.uleb128 0x3
 340 0026 08       		.uleb128 0x8
 341 0027 00       		.byte	0
 342 0028 00       		.byte	0
 343 0029 04       		.uleb128 0x4
 344 002a 16       		.uleb128 0x16
 345 002b 00       		.byte	0
 346 002c 03       		.uleb128 0x3
 347 002d 0E       		.uleb128 0xe
 348 002e 3A       		.uleb128 0x3a
 349 002f 0B       		.uleb128 0xb
 350 0030 3B       		.uleb128 0x3b
 351 0031 0B       		.uleb128 0xb
 352 0032 49       		.uleb128 0x49
 353 0033 13       		.uleb128 0x13
 354 0034 00       		.byte	0
ARM GAS  C:\Users\ALEXAN~1\AppData\Local\Temp\ccyUrLPR.s 			page 9


 355 0035 00       		.byte	0
 356 0036 05       		.uleb128 0x5
 357 0037 0F       		.uleb128 0xf
 358 0038 00       		.byte	0
 359 0039 0B       		.uleb128 0xb
 360 003a 0B       		.uleb128 0xb
 361 003b 49       		.uleb128 0x49
 362 003c 13       		.uleb128 0x13
 363 003d 00       		.byte	0
 364 003e 00       		.byte	0
 365 003f 06       		.uleb128 0x6
 366 0040 2E       		.uleb128 0x2e
 367 0041 01       		.byte	0x1
 368 0042 3F       		.uleb128 0x3f
 369 0043 19       		.uleb128 0x19
 370 0044 03       		.uleb128 0x3
 371 0045 0E       		.uleb128 0xe
 372 0046 3A       		.uleb128 0x3a
 373 0047 0B       		.uleb128 0xb
 374 0048 3B       		.uleb128 0x3b
 375 0049 0B       		.uleb128 0xb
 376 004a 27       		.uleb128 0x27
 377 004b 19       		.uleb128 0x19
 378 004c 11       		.uleb128 0x11
 379 004d 01       		.uleb128 0x1
 380 004e 12       		.uleb128 0x12
 381 004f 06       		.uleb128 0x6
 382 0050 40       		.uleb128 0x40
 383 0051 18       		.uleb128 0x18
 384 0052 9742     		.uleb128 0x2117
 385 0054 19       		.uleb128 0x19
 386 0055 01       		.uleb128 0x1
 387 0056 13       		.uleb128 0x13
 388 0057 00       		.byte	0
 389 0058 00       		.byte	0
 390 0059 07       		.uleb128 0x7
 391 005a 898201   		.uleb128 0x4109
 392 005d 00       		.byte	0
 393 005e 11       		.uleb128 0x11
 394 005f 01       		.uleb128 0x1
 395 0060 31       		.uleb128 0x31
 396 0061 13       		.uleb128 0x13
 397 0062 00       		.byte	0
 398 0063 00       		.byte	0
 399 0064 08       		.uleb128 0x8
 400 0065 2E       		.uleb128 0x2e
 401 0066 01       		.byte	0x1
 402 0067 3F       		.uleb128 0x3f
 403 0068 19       		.uleb128 0x19
 404 0069 03       		.uleb128 0x3
 405 006a 0E       		.uleb128 0xe
 406 006b 3A       		.uleb128 0x3a
 407 006c 0B       		.uleb128 0xb
 408 006d 3B       		.uleb128 0x3b
 409 006e 0B       		.uleb128 0xb
 410 006f 27       		.uleb128 0x27
 411 0070 19       		.uleb128 0x19
ARM GAS  C:\Users\ALEXAN~1\AppData\Local\Temp\ccyUrLPR.s 			page 10


 412 0071 49       		.uleb128 0x49
 413 0072 13       		.uleb128 0x13
 414 0073 11       		.uleb128 0x11
 415 0074 01       		.uleb128 0x1
 416 0075 12       		.uleb128 0x12
 417 0076 06       		.uleb128 0x6
 418 0077 40       		.uleb128 0x40
 419 0078 18       		.uleb128 0x18
 420 0079 9742     		.uleb128 0x2117
 421 007b 19       		.uleb128 0x19
 422 007c 01       		.uleb128 0x1
 423 007d 13       		.uleb128 0x13
 424 007e 00       		.byte	0
 425 007f 00       		.byte	0
 426 0080 09       		.uleb128 0x9
 427 0081 01       		.uleb128 0x1
 428 0082 01       		.byte	0x1
 429 0083 49       		.uleb128 0x49
 430 0084 13       		.uleb128 0x13
 431 0085 01       		.uleb128 0x1
 432 0086 13       		.uleb128 0x13
 433 0087 00       		.byte	0
 434 0088 00       		.byte	0
 435 0089 0A       		.uleb128 0xa
 436 008a 21       		.uleb128 0x21
 437 008b 00       		.byte	0
 438 008c 49       		.uleb128 0x49
 439 008d 13       		.uleb128 0x13
 440 008e 2F       		.uleb128 0x2f
 441 008f 0B       		.uleb128 0xb
 442 0090 00       		.byte	0
 443 0091 00       		.byte	0
 444 0092 0B       		.uleb128 0xb
 445 0093 34       		.uleb128 0x34
 446 0094 00       		.byte	0
 447 0095 03       		.uleb128 0x3
 448 0096 0E       		.uleb128 0xe
 449 0097 3A       		.uleb128 0x3a
 450 0098 0B       		.uleb128 0xb
 451 0099 3B       		.uleb128 0x3b
 452 009a 05       		.uleb128 0x5
 453 009b 49       		.uleb128 0x49
 454 009c 13       		.uleb128 0x13
 455 009d 3F       		.uleb128 0x3f
 456 009e 19       		.uleb128 0x19
 457 009f 3C       		.uleb128 0x3c
 458 00a0 19       		.uleb128 0x19
 459 00a1 00       		.byte	0
 460 00a2 00       		.byte	0
 461 00a3 0C       		.uleb128 0xc
 462 00a4 2E       		.uleb128 0x2e
 463 00a5 00       		.byte	0
 464 00a6 3F       		.uleb128 0x3f
 465 00a7 19       		.uleb128 0x19
 466 00a8 03       		.uleb128 0x3
 467 00a9 0E       		.uleb128 0xe
 468 00aa 3A       		.uleb128 0x3a
ARM GAS  C:\Users\ALEXAN~1\AppData\Local\Temp\ccyUrLPR.s 			page 11


 469 00ab 0B       		.uleb128 0xb
 470 00ac 3B       		.uleb128 0x3b
 471 00ad 0B       		.uleb128 0xb
 472 00ae 27       		.uleb128 0x27
 473 00af 19       		.uleb128 0x19
 474 00b0 3C       		.uleb128 0x3c
 475 00b1 19       		.uleb128 0x19
 476 00b2 00       		.byte	0
 477 00b3 00       		.byte	0
 478 00b4 0D       		.uleb128 0xd
 479 00b5 2E       		.uleb128 0x2e
 480 00b6 00       		.byte	0
 481 00b7 3F       		.uleb128 0x3f
 482 00b8 19       		.uleb128 0x19
 483 00b9 03       		.uleb128 0x3
 484 00ba 0E       		.uleb128 0xe
 485 00bb 3A       		.uleb128 0x3a
 486 00bc 0B       		.uleb128 0xb
 487 00bd 3B       		.uleb128 0x3b
 488 00be 0B       		.uleb128 0xb
 489 00bf 27       		.uleb128 0x27
 490 00c0 19       		.uleb128 0x19
 491 00c1 49       		.uleb128 0x49
 492 00c2 13       		.uleb128 0x13
 493 00c3 3C       		.uleb128 0x3c
 494 00c4 19       		.uleb128 0x19
 495 00c5 00       		.byte	0
 496 00c6 00       		.byte	0
 497 00c7 0E       		.uleb128 0xe
 498 00c8 2E       		.uleb128 0x2e
 499 00c9 01       		.byte	0x1
 500 00ca 3F       		.uleb128 0x3f
 501 00cb 19       		.uleb128 0x19
 502 00cc 03       		.uleb128 0x3
 503 00cd 0E       		.uleb128 0xe
 504 00ce 3A       		.uleb128 0x3a
 505 00cf 0B       		.uleb128 0xb
 506 00d0 3B       		.uleb128 0x3b
 507 00d1 0B       		.uleb128 0xb
 508 00d2 27       		.uleb128 0x27
 509 00d3 19       		.uleb128 0x19
 510 00d4 3C       		.uleb128 0x3c
 511 00d5 19       		.uleb128 0x19
 512 00d6 00       		.byte	0
 513 00d7 00       		.byte	0
 514 00d8 0F       		.uleb128 0xf
 515 00d9 05       		.uleb128 0x5
 516 00da 00       		.byte	0
 517 00db 49       		.uleb128 0x49
 518 00dc 13       		.uleb128 0x13
 519 00dd 00       		.byte	0
 520 00de 00       		.byte	0
 521 00df 00       		.byte	0
 522              		.section	.debug_aranges,"",%progbits
 523 0000 24000000 		.4byte	0x24
 524 0004 0200     		.2byte	0x2
 525 0006 00000000 		.4byte	.Ldebug_info0
ARM GAS  C:\Users\ALEXAN~1\AppData\Local\Temp\ccyUrLPR.s 			page 12


 526 000a 04       		.byte	0x4
 527 000b 00       		.byte	0
 528 000c 0000     		.2byte	0
 529 000e 0000     		.2byte	0
 530 0010 00000000 		.4byte	.LFB35
 531 0014 0C000000 		.4byte	.LFE35-.LFB35
 532 0018 00000000 		.4byte	.LFB36
 533 001c 3C000000 		.4byte	.LFE36-.LFB36
 534 0020 00000000 		.4byte	0
 535 0024 00000000 		.4byte	0
 536              		.section	.debug_ranges,"",%progbits
 537              	.Ldebug_ranges0:
 538 0000 00000000 		.4byte	.LFB35
 539 0004 0C000000 		.4byte	.LFE35
 540 0008 00000000 		.4byte	.LFB36
 541 000c 3C000000 		.4byte	.LFE36
 542 0010 00000000 		.4byte	0
 543 0014 00000000 		.4byte	0
 544              		.section	.debug_line,"",%progbits
 545              	.Ldebug_line0:
 546 0000 BA000000 		.section	.debug_str,"MS",%progbits,1
 546      02008100 
 546      00000201 
 546      FB0E0D00 
 546      01010101 
 547              	.LASF21:
 548 0000 76656374 		.ascii	"vectorIsFull\000"
 548      6F724973 
 548      46756C6C 
 548      00
 549              	.LASF20:
 550 000d 43795379 		.ascii	"CySysPmSleep\000"
 550      73506D53 
 550      6C656570 
 550      00
 551              	.LASF28:
 552 001a 43617053 		.ascii	"CapSense_sensorRaw\000"
 552      656E7365 
 552      5F73656E 
 552      736F7252 
 552      617700
 553              	.LASF3:
 554 002d 73686F72 		.ascii	"short unsigned int\000"
 554      7420756E 
 554      7369676E 
 554      65642069 
 554      6E7400
 555              	.LASF25:
 556 0040 433A5C55 		.ascii	"C:\\Users\\Alexandre\\Documents\\GitHub\\CoRo_PW_PS"
 556      73657273 
 556      5C416C65 
 556      78616E64 
 556      72655C44 
 557 006e 4F435C50 		.ascii	"OC\\PSOC_CapSense_2_BLE\\PSOC_CapSense_2_BLE.cydsn\000"
 557      534F435F 
 557      43617053 
 557      656E7365 
ARM GAS  C:\Users\ALEXAN~1\AppData\Local\Temp\ccyUrLPR.s 			page 13


 557      5F325F42 
 558              	.LASF17:
 559 009f 43617053 		.ascii	"CapSense_InitializeEnabledBaselines\000"
 559      656E7365 
 559      5F496E69 
 559      7469616C 
 559      697A6545 
 560              	.LASF12:
 561 00c3 666C6F61 		.ascii	"float\000"
 561      7400
 562              	.LASF7:
 563 00c9 6C6F6E67 		.ascii	"long long unsigned int\000"
 563      206C6F6E 
 563      6720756E 
 563      7369676E 
 563      65642069 
 564              	.LASF1:
 565 00e0 756E7369 		.ascii	"unsigned char\000"
 565      676E6564 
 565      20636861 
 565      7200
 566              	.LASF22:
 567 00ee 43617053 		.ascii	"CapSense_IsBusy\000"
 567      656E7365 
 567      5F497342 
 567      75737900 
 568              	.LASF5:
 569 00fe 6C6F6E67 		.ascii	"long unsigned int\000"
 569      20756E73 
 569      69676E65 
 569      6420696E 
 569      7400
 570              	.LASF9:
 571 0110 75696E74 		.ascii	"uint8\000"
 571      3800
 572              	.LASF13:
 573 0116 646F7562 		.ascii	"double\000"
 573      6C6500
 574              	.LASF18:
 575 011d 43617053 		.ascii	"CapSense_ScanEnabledWidgets\000"
 575      656E7365 
 575      5F536361 
 575      6E456E61 
 575      626C6564 
 576              	.LASF10:
 577 0139 75696E74 		.ascii	"uint16\000"
 577      313600
 578              	.LASF11:
 579 0140 75696E74 		.ascii	"uint32\000"
 579      333200
 580              	.LASF29:
 581 0147 70757368 		.ascii	"pushInVector\000"
 581      496E5665 
 581      63746F72 
 581      00
 582              	.LASF8:
 583 0154 756E7369 		.ascii	"unsigned int\000"
ARM GAS  C:\Users\ALEXAN~1\AppData\Local\Temp\ccyUrLPR.s 			page 14


 583      676E6564 
 583      20696E74 
 583      00
 584              	.LASF14:
 585 0161 63686172 		.ascii	"char\000"
 585      00
 586              	.LASF27:
 587 0166 5F436170 		.ascii	"_CapSense_Scan\000"
 587      53656E73 
 587      655F5363 
 587      616E00
 588              	.LASF15:
 589 0175 73697A65 		.ascii	"sizetype\000"
 589      74797065 
 589      00
 590              	.LASF19:
 591 017e 43617053 		.ascii	"CapSense_UpdateEnabledBaselines\000"
 591      656E7365 
 591      5F557064 
 591      61746545 
 591      6E61626C 
 592              	.LASF6:
 593 019e 6C6F6E67 		.ascii	"long long int\000"
 593      206C6F6E 
 593      6720696E 
 593      7400
 594              	.LASF26:
 595 01ac 5F436170 		.ascii	"_CapSense_Init\000"
 595      53656E73 
 595      655F496E 
 595      697400
 596              	.LASF23:
 597 01bb 474E5520 		.ascii	"GNU C 4.9.3 20150303 (release) [ARM/embedded-4_9-br"
 597      4320342E 
 597      392E3320 
 597      32303135 
 597      30333033 
 598 01ee 616E6368 		.ascii	"anch revision 221220] -mcpu=cortex-m0 -mthumb -g -O"
 598      20726576 
 598      6973696F 
 598      6E203232 
 598      31323230 
 599 0221 67202D66 		.ascii	"g -ffunction-sections -ffat-lto-objects\000"
 599      66756E63 
 599      74696F6E 
 599      2D736563 
 599      74696F6E 
 600              	.LASF24:
 601 0249 2E5C5F43 		.ascii	".\\_CapSense.c\000"
 601      61705365 
 601      6E73652E 
 601      6300
 602              	.LASF2:
 603 0257 73686F72 		.ascii	"short int\000"
 603      7420696E 
 603      7400
 604              	.LASF4:
ARM GAS  C:\Users\ALEXAN~1\AppData\Local\Temp\ccyUrLPR.s 			page 15


 605 0261 6C6F6E67 		.ascii	"long int\000"
 605      20696E74 
 605      00
 606              	.LASF0:
 607 026a 7369676E 		.ascii	"signed char\000"
 607      65642063 
 607      68617200 
 608              	.LASF16:
 609 0276 43617053 		.ascii	"CapSense_Start\000"
 609      656E7365 
 609      5F537461 
 609      727400
 610              		.ident	"GCC: (GNU Tools for ARM Embedded Processors) 4.9.3 20150303 (release) [ARM/embedded-4_9-br
