ARM GAS  C:\Users\ALEXAN~1\AppData\Local\Temp\cc6cf1Oa.s 			page 1


   1              		.cpu cortex-m0
   2              		.fpu softvfp
   3              		.eabi_attribute 20, 1
   4              		.eabi_attribute 21, 1
   5              		.eabi_attribute 23, 3
   6              		.eabi_attribute 24, 1
   7              		.eabi_attribute 25, 1
   8              		.eabi_attribute 26, 1
   9              		.eabi_attribute 30, 1
  10              		.eabi_attribute 34, 0
  11              		.eabi_attribute 18, 4
  12              		.code	16
  13              		.file	"_LED.c"
  14              		.text
  15              	.Ltext0:
  16              		.cfi_sections	.debug_frame
  17              		.section	.text._LED_Init,"ax",%progbits
  18              		.align	2
  19              		.global	_LED_Init
  20              		.code	16
  21              		.thumb_func
  22              		.type	_LED_Init, %function
  23              	_LED_Init:
  24              	.LFB35:
  25              		.file 1 ".\\_LED.c"
   1:.\_LED.c      **** /****************************************************************************
   2:.\_LED.c      **** *
   3:.\_LED.c      **** * Project Name		: PSoC CapSense 2 BLE
   4:.\_LED.c      **** *
   5:.\_LED.c      **** * File Name			: _LED.c
   6:.\_LED.c      **** * Version 			: 1.0
   7:.\_LED.c      **** *
   8:.\_LED.c      **** * Device Used		: CY8C4247LQI-BL483
   9:.\_LED.c      **** * Software Used		: PSoC Creator 3.3
  10:.\_LED.c      **** * Compiler    		: ARM GCC 4.8.4, ARM MDK Generic
  11:.\_LED.c      **** * Related Hardware	: CY8CKIT-042-BLE Bluetooth Low Energy Pioneer Kit 
  12:.\_LED.c      **** *
  13:.\_LED.c      **** * Owner             : A. BERNIER
  14:.\_LED.c      **** *
  15:.\_LED.c      **** *****************************************************************************/
  16:.\_LED.c      **** 
  17:.\_LED.c      **** 
  18:.\_LED.c      **** /*****************************************************************************
  19:.\_LED.c      **** * Included headers
  20:.\_LED.c      **** *****************************************************************************/
  21:.\_LED.c      **** #include "_LED.h"
  22:.\_LED.c      **** 
  23:.\_LED.c      **** 
  24:.\_LED.c      **** /*****************************************************************************
  25:.\_LED.c      **** * Local global variables
  26:.\_LED.c      **** *****************************************************************************/
  27:.\_LED.c      **** // Flags that indicate the current state of each LEDs.
  28:.\_LED.c      **** uint8 _LED_Green_On;
  29:.\_LED.c      **** 
  30:.\_LED.c      **** 
  31:.\_LED.c      **** /*****************************************************************************
  32:.\_LED.c      **** * Function Name: _LED_Init()
ARM GAS  C:\Users\ALEXAN~1\AppData\Local\Temp\cc6cf1Oa.s 			page 2


  33:.\_LED.c      **** ******************************************************************************
  34:.\_LED.c      **** * Summary:
  35:.\_LED.c      **** *   Initialize the PrISM modules.
  36:.\_LED.c      **** *
  37:.\_LED.c      **** * Parameters:
  38:.\_LED.c      **** *   None.
  39:.\_LED.c      **** *
  40:.\_LED.c      **** * Return:
  41:.\_LED.c      **** *   None.
  42:.\_LED.c      **** *
  43:.\_LED.c      **** * Note:
  44:.\_LED.c      **** *
  45:.\_LED.c      **** *****************************************************************************/
  46:.\_LED.c      **** void _LED_Init(void)
  47:.\_LED.c      **** {
  26              		.loc 1 47 0
  27              		.cfi_startproc
  28 0000 08B5     		push	{r3, lr}
  29              		.cfi_def_cfa_offset 8
  30              		.cfi_offset 3, -8
  31              		.cfi_offset 14, -4
  48:.\_LED.c      **** 	// Set Drive mode of output pins to Strong.
  49:.\_LED.c      **** 	GREEN_SetDriveMode(GREEN_DM_STRONG);
  32              		.loc 1 49 0
  33 0002 0620     		mov	r0, #6
  34 0004 FFF7FEFF 		bl	GREEN_SetDriveMode
  35              	.LVL0:
  50:.\_LED.c      ****     
  51:.\_LED.c      ****     // Reset the flags.
  52:.\_LED.c      ****     _LED_Green_On = FALSE;
  36              		.loc 1 52 0
  37 0008 0022     		mov	r2, #0
  38 000a 014B     		ldr	r3, .L2
  39 000c 1A70     		strb	r2, [r3]
  53:.\_LED.c      **** }
  40              		.loc 1 53 0
  41              		@ sp needed
  42 000e 08BD     		pop	{r3, pc}
  43              	.L3:
  44              		.align	2
  45              	.L2:
  46 0010 00000000 		.word	_LED_Green_On
  47              		.cfi_endproc
  48              	.LFE35:
  49              		.size	_LED_Init, .-_LED_Init
  50              		.section	.text._LED_TurnOnLED,"ax",%progbits
  51              		.align	2
  52              		.global	_LED_TurnOnLED
  53              		.code	16
  54              		.thumb_func
  55              		.type	_LED_TurnOnLED, %function
  56              	_LED_TurnOnLED:
  57              	.LFB36:
  54:.\_LED.c      **** 
  55:.\_LED.c      **** 
  56:.\_LED.c      **** /*****************************************************************************
  57:.\_LED.c      **** * Function Name: _LED_TurnOnLED()
ARM GAS  C:\Users\ALEXAN~1\AppData\Local\Temp\cc6cf1Oa.s 			page 3


  58:.\_LED.c      **** ******************************************************************************
  59:.\_LED.c      **** * Summary:
  60:.\_LED.c      **** *   Turns ON the selected LED.
  61:.\_LED.c      **** *
  62:.\_LED.c      **** * Parameters:
  63:.\_LED.c      **** *   LEDs to turn ON.
  64:.\_LED.c      **** *
  65:.\_LED.c      **** * Return:
  66:.\_LED.c      **** *   None.
  67:.\_LED.c      **** *
  68:.\_LED.c      **** * Note:
  69:.\_LED.c      **** *
  70:.\_LED.c      **** *****************************************************************************/
  71:.\_LED.c      **** void _LED_TurnOnLED(uint8 Green)
  72:.\_LED.c      **** {
  58              		.loc 1 72 0
  59              		.cfi_startproc
  60              	.LVL1:
  61 0000 08B5     		push	{r3, lr}
  62              		.cfi_def_cfa_offset 8
  63              		.cfi_offset 3, -8
  64              		.cfi_offset 14, -4
  73:.\_LED.c      ****     if(Green) {
  65              		.loc 1 73 0
  66 0002 0028     		cmp	r0, #0
  67 0004 05D0     		beq	.L4
  74:.\_LED.c      ****         // Turn Green LED on.
  75:.\_LED.c      ****         GREEN_Write(RGB_LED_ON);
  68              		.loc 1 75 0
  69 0006 0020     		mov	r0, #0
  70              	.LVL2:
  71 0008 FFF7FEFF 		bl	GREEN_Write
  72              	.LVL3:
  76:.\_LED.c      ****         
  77:.\_LED.c      ****         // Set the flag.
  78:.\_LED.c      ****         _LED_Green_On = TRUE;
  73              		.loc 1 78 0
  74 000c 0122     		mov	r2, #1
  75 000e 014B     		ldr	r3, .L6
  76 0010 1A70     		strb	r2, [r3]
  77              	.L4:
  79:.\_LED.c      ****     }
  80:.\_LED.c      **** }
  78              		.loc 1 80 0
  79              		@ sp needed
  80 0012 08BD     		pop	{r3, pc}
  81              	.L7:
  82              		.align	2
  83              	.L6:
  84 0014 00000000 		.word	_LED_Green_On
  85              		.cfi_endproc
  86              	.LFE36:
  87              		.size	_LED_TurnOnLED, .-_LED_TurnOnLED
  88              		.section	.text._LED_TurnOffLED,"ax",%progbits
  89              		.align	2
  90              		.global	_LED_TurnOffLED
  91              		.code	16
ARM GAS  C:\Users\ALEXAN~1\AppData\Local\Temp\cc6cf1Oa.s 			page 4


  92              		.thumb_func
  93              		.type	_LED_TurnOffLED, %function
  94              	_LED_TurnOffLED:
  95              	.LFB37:
  81:.\_LED.c      **** 
  82:.\_LED.c      **** 
  83:.\_LED.c      **** /*****************************************************************************
  84:.\_LED.c      **** * Function Name: _LED_TurnOffLED()
  85:.\_LED.c      **** ******************************************************************************
  86:.\_LED.c      **** * Summary:
  87:.\_LED.c      **** *   Turns OFF the selected LED.
  88:.\_LED.c      **** *
  89:.\_LED.c      **** * Parameters:
  90:.\_LED.c      **** *   LEDs to turn OFF.
  91:.\_LED.c      **** *
  92:.\_LED.c      **** * Return:
  93:.\_LED.c      **** *   None.
  94:.\_LED.c      **** *
  95:.\_LED.c      **** * Note:
  96:.\_LED.c      **** *
  97:.\_LED.c      **** *****************************************************************************/
  98:.\_LED.c      **** void _LED_TurnOffLED(uint8 Green)
  99:.\_LED.c      **** {
  96              		.loc 1 99 0
  97              		.cfi_startproc
  98              	.LVL4:
  99 0000 08B5     		push	{r3, lr}
 100              		.cfi_def_cfa_offset 8
 101              		.cfi_offset 3, -8
 102              		.cfi_offset 14, -4
 100:.\_LED.c      ****     if(Green) {
 103              		.loc 1 100 0
 104 0002 0028     		cmp	r0, #0
 105 0004 05D0     		beq	.L8
 101:.\_LED.c      ****         // Turn Green LED off.
 102:.\_LED.c      ****         GREEN_Write(RGB_LED_OFF);
 106              		.loc 1 102 0
 107 0006 FF20     		mov	r0, #255
 108              	.LVL5:
 109 0008 FFF7FEFF 		bl	GREEN_Write
 110              	.LVL6:
 103:.\_LED.c      ****         
 104:.\_LED.c      ****         // Reset the flag.
 105:.\_LED.c      ****         _LED_Green_On = FALSE;
 111              		.loc 1 105 0
 112 000c 0022     		mov	r2, #0
 113 000e 014B     		ldr	r3, .L10
 114 0010 1A70     		strb	r2, [r3]
 115              	.L8:
 106:.\_LED.c      ****     }
 107:.\_LED.c      **** }
 116              		.loc 1 107 0
 117              		@ sp needed
 118 0012 08BD     		pop	{r3, pc}
 119              	.L11:
 120              		.align	2
 121              	.L10:
ARM GAS  C:\Users\ALEXAN~1\AppData\Local\Temp\cc6cf1Oa.s 			page 5


 122 0014 00000000 		.word	_LED_Green_On
 123              		.cfi_endproc
 124              	.LFE37:
 125              		.size	_LED_TurnOffLED, .-_LED_TurnOffLED
 126              		.comm	_LED_Green_On,1,1
 127              		.text
 128              	.Letext0:
 129              		.file 2 "Generated_Source\\PSoC4/cytypes.h"
 130              		.file 3 "Generated_Source\\PSoC4/BLE_Stack.h"
 131              		.file 4 "Generated_Source\\PSoC4/GREEN.h"
 132              		.section	.debug_info,"",%progbits
 133              	.Ldebug_info0:
 134 0000 D1020000 		.4byte	0x2d1
 135 0004 0400     		.2byte	0x4
 136 0006 00000000 		.4byte	.Ldebug_abbrev0
 137 000a 04       		.byte	0x4
 138 000b 01       		.uleb128 0x1
 139 000c 68030000 		.4byte	.LASF74
 140 0010 01       		.byte	0x1
 141 0011 5C040000 		.4byte	.LASF75
 142 0015 94000000 		.4byte	.LASF76
 143 0019 00000000 		.4byte	.Ldebug_ranges0+0
 144 001d 00000000 		.4byte	0
 145 0021 00000000 		.4byte	.Ldebug_line0
 146 0025 02       		.uleb128 0x2
 147 0026 01       		.byte	0x1
 148 0027 06       		.byte	0x6
 149 0028 A2040000 		.4byte	.LASF0
 150 002c 02       		.uleb128 0x2
 151 002d 01       		.byte	0x1
 152 002e 08       		.byte	0x8
 153 002f 4E040000 		.4byte	.LASF1
 154 0033 02       		.uleb128 0x2
 155 0034 02       		.byte	0x2
 156 0035 05       		.byte	0x5
 157 0036 43000000 		.4byte	.LASF2
 158 003a 02       		.uleb128 0x2
 159 003b 02       		.byte	0x2
 160 003c 07       		.byte	0x7
 161 003d A0050000 		.4byte	.LASF3
 162 0041 02       		.uleb128 0x2
 163 0042 04       		.byte	0x4
 164 0043 05       		.byte	0x5
 165 0044 85020000 		.4byte	.LASF4
 166 0048 02       		.uleb128 0x2
 167 0049 04       		.byte	0x4
 168 004a 07       		.byte	0x7
 169 004b 39050000 		.4byte	.LASF5
 170 004f 02       		.uleb128 0x2
 171 0050 08       		.byte	0x8
 172 0051 05       		.byte	0x5
 173 0052 60020000 		.4byte	.LASF6
 174 0056 02       		.uleb128 0x2
 175 0057 08       		.byte	0x8
 176 0058 07       		.byte	0x7
 177 0059 6E020000 		.4byte	.LASF7
 178 005d 03       		.uleb128 0x3
ARM GAS  C:\Users\ALEXAN~1\AppData\Local\Temp\cc6cf1Oa.s 			page 6


 179 005e 04       		.byte	0x4
 180 005f 05       		.byte	0x5
 181 0060 696E7400 		.ascii	"int\000"
 182 0064 02       		.uleb128 0x2
 183 0065 04       		.byte	0x4
 184 0066 07       		.byte	0x7
 185 0067 0B050000 		.4byte	.LASF8
 186 006b 04       		.uleb128 0x4
 187 006c 22040000 		.4byte	.LASF77
 188 0070 02       		.byte	0x2
 189 0071 C2       		.byte	0xc2
 190 0072 2C000000 		.4byte	0x2c
 191 0076 02       		.uleb128 0x2
 192 0077 04       		.byte	0x4
 193 0078 04       		.byte	0x4
 194 0079 27020000 		.4byte	.LASF9
 195 007d 02       		.uleb128 0x2
 196 007e 08       		.byte	0x8
 197 007f 04       		.byte	0x4
 198 0080 A8060000 		.4byte	.LASF10
 199 0084 02       		.uleb128 0x2
 200 0085 01       		.byte	0x1
 201 0086 08       		.byte	0x8
 202 0087 DC050000 		.4byte	.LASF11
 203 008b 02       		.uleb128 0x2
 204 008c 04       		.byte	0x4
 205 008d 07       		.byte	0x7
 206 008e 67000000 		.4byte	.LASF12
 207 0092 05       		.uleb128 0x5
 208 0093 01       		.byte	0x1
 209 0094 03       		.byte	0x3
 210 0095 9D       		.byte	0x9d
 211 0096 17020000 		.4byte	0x217
 212 009a 06       		.uleb128 0x6
 213 009b BE010000 		.4byte	.LASF13
 214 009f 00       		.sleb128 0
 215 00a0 06       		.uleb128 0x6
 216 00a1 29010000 		.4byte	.LASF14
 217 00a5 01       		.sleb128 1
 218 00a6 06       		.uleb128 0x6
 219 00a7 E7070000 		.4byte	.LASF15
 220 00ab 02       		.sleb128 2
 221 00ac 06       		.uleb128 0x6
 222 00ad D2060000 		.4byte	.LASF16
 223 00b1 03       		.sleb128 3
 224 00b2 06       		.uleb128 0x6
 225 00b3 F3000000 		.4byte	.LASF17
 226 00b7 04       		.sleb128 4
 227 00b8 06       		.uleb128 0x6
 228 00b9 17030000 		.4byte	.LASF18
 229 00bd 05       		.sleb128 5
 230 00be 06       		.uleb128 0x6
 231 00bf 30070000 		.4byte	.LASF19
 232 00c3 20       		.sleb128 32
 233 00c4 06       		.uleb128 0x6
 234 00c5 4B050000 		.4byte	.LASF20
 235 00c9 21       		.sleb128 33
ARM GAS  C:\Users\ALEXAN~1\AppData\Local\Temp\cc6cf1Oa.s 			page 7


 236 00ca 06       		.uleb128 0x6
 237 00cb 00000000 		.4byte	.LASF21
 238 00cf 22       		.sleb128 34
 239 00d0 06       		.uleb128 0x6
 240 00d1 33030000 		.4byte	.LASF22
 241 00d5 23       		.sleb128 35
 242 00d6 06       		.uleb128 0x6
 243 00d7 EF040000 		.4byte	.LASF23
 244 00db 24       		.sleb128 36
 245 00dc 06       		.uleb128 0x6
 246 00dd 4D000000 		.4byte	.LASF24
 247 00e1 25       		.sleb128 37
 248 00e2 06       		.uleb128 0x6
 249 00e3 CE020000 		.4byte	.LASF25
 250 00e7 26       		.sleb128 38
 251 00e8 06       		.uleb128 0x6
 252 00e9 AF020000 		.4byte	.LASF26
 253 00ed 27       		.sleb128 39
 254 00ee 06       		.uleb128 0x6
 255 00ef 73080000 		.4byte	.LASF27
 256 00f3 28       		.sleb128 40
 257 00f4 06       		.uleb128 0x6
 258 00f5 83050000 		.4byte	.LASF28
 259 00f9 29       		.sleb128 41
 260 00fa 06       		.uleb128 0x6
 261 00fb B3050000 		.4byte	.LASF29
 262 00ff 2A       		.sleb128 42
 263 0100 06       		.uleb128 0x6
 264 0101 48060000 		.4byte	.LASF30
 265 0105 2B       		.sleb128 43
 266 0106 06       		.uleb128 0x6
 267 0107 5A010000 		.4byte	.LASF31
 268 010b 2C       		.sleb128 44
 269 010c 06       		.uleb128 0x6
 270 010d 7A000000 		.4byte	.LASF32
 271 0111 C000     		.sleb128 64
 272 0113 06       		.uleb128 0x6
 273 0114 1E050000 		.4byte	.LASF33
 274 0118 C100     		.sleb128 65
 275 011a 06       		.uleb128 0x6
 276 011b B9080000 		.4byte	.LASF34
 277 011f C200     		.sleb128 66
 278 0121 06       		.uleb128 0x6
 279 0122 3C010000 		.4byte	.LASF35
 280 0126 C300     		.sleb128 67
 281 0128 06       		.uleb128 0x6
 282 0129 A5070000 		.4byte	.LASF36
 283 012d C400     		.sleb128 68
 284 012f 06       		.uleb128 0x6
 285 0130 60070000 		.4byte	.LASF37
 286 0134 C500     		.sleb128 69
 287 0136 06       		.uleb128 0x6
 288 0137 08010000 		.4byte	.LASF38
 289 013b C600     		.sleb128 70
 290 013d 06       		.uleb128 0x6
 291 013e 84040000 		.4byte	.LASF39
 292 0142 C700     		.sleb128 71
ARM GAS  C:\Users\ALEXAN~1\AppData\Local\Temp\cc6cf1Oa.s 			page 8


 293 0144 06       		.uleb128 0x6
 294 0145 C8040000 		.4byte	.LASF40
 295 0149 C800     		.sleb128 72
 296 014b 06       		.uleb128 0x6
 297 014c 2D020000 		.4byte	.LASF41
 298 0150 C900     		.sleb128 73
 299 0152 06       		.uleb128 0x6
 300 0153 0B060000 		.4byte	.LASF42
 301 0157 CA00     		.sleb128 74
 302 0159 06       		.uleb128 0x6
 303 015a 7E010000 		.4byte	.LASF43
 304 015e CB00     		.sleb128 75
 305 0160 06       		.uleb128 0x6
 306 0161 AE040000 		.4byte	.LASF44
 307 0165 CC00     		.sleb128 76
 308 0167 06       		.uleb128 0x6
 309 0168 46020000 		.4byte	.LASF45
 310 016c CD00     		.sleb128 77
 311 016e 06       		.uleb128 0x6
 312 016f 87070000 		.4byte	.LASF46
 313 0173 CE00     		.sleb128 78
 314 0175 06       		.uleb128 0x6
 315 0176 24000000 		.4byte	.LASF47
 316 017a CF00     		.sleb128 79
 317 017c 06       		.uleb128 0x6
 318 017d 44080000 		.4byte	.LASF48
 319 0181 D000     		.sleb128 80
 320 0183 06       		.uleb128 0x6
 321 0184 29060000 		.4byte	.LASF49
 322 0188 D100     		.sleb128 81
 323 018a 06       		.uleb128 0x6
 324 018b F6020000 		.4byte	.LASF50
 325 018f D200     		.sleb128 82
 326 0191 06       		.uleb128 0x6
 327 0192 8E020000 		.4byte	.LASF51
 328 0196 D300     		.sleb128 83
 329 0198 06       		.uleb128 0x6
 330 0199 9D010000 		.4byte	.LASF52
 331 019d D400     		.sleb128 84
 332 019f 06       		.uleb128 0x6
 333 01a0 95080000 		.4byte	.LASF53
 334 01a4 D500     		.sleb128 85
 335 01a6 06       		.uleb128 0x6
 336 01a7 22080000 		.4byte	.LASF54
 337 01ab D600     		.sleb128 86
 338 01ad 06       		.uleb128 0x6
 339 01ae F9070000 		.4byte	.LASF55
 340 01b2 D700     		.sleb128 87
 341 01b4 06       		.uleb128 0x6
 342 01b5 28040000 		.4byte	.LASF56
 343 01b9 F000     		.sleb128 112
 344 01bb 06       		.uleb128 0x6
 345 01bc 0A070000 		.4byte	.LASF57
 346 01c0 F100     		.sleb128 113
 347 01c2 06       		.uleb128 0x6
 348 01c3 E1050000 		.4byte	.LASF58
 349 01c7 F200     		.sleb128 114
ARM GAS  C:\Users\ALEXAN~1\AppData\Local\Temp\cc6cf1Oa.s 			page 9


 350 01c9 06       		.uleb128 0x6
 351 01ca D5010000 		.4byte	.LASF59
 352 01ce F300     		.sleb128 115
 353 01d0 06       		.uleb128 0x6
 354 01d1 F6030000 		.4byte	.LASF60
 355 01d5 F400     		.sleb128 116
 356 01d7 06       		.uleb128 0x6
 357 01d8 62050000 		.4byte	.LASF61
 358 01dc F500     		.sleb128 117
 359 01de 06       		.uleb128 0x6
 360 01df F3010000 		.4byte	.LASF62
 361 01e3 F600     		.sleb128 118
 362 01e5 06       		.uleb128 0x6
 363 01e6 EB060000 		.4byte	.LASF63
 364 01ea F700     		.sleb128 119
 365 01ec 06       		.uleb128 0x6
 366 01ed 85060000 		.4byte	.LASF64
 367 01f1 F800     		.sleb128 120
 368 01f3 06       		.uleb128 0x6
 369 01f4 AF060000 		.4byte	.LASF65
 370 01f8 F900     		.sleb128 121
 371 01fa 06       		.uleb128 0x6
 372 01fb C3070000 		.4byte	.LASF66
 373 01ff FA00     		.sleb128 122
 374 0201 06       		.uleb128 0x6
 375 0202 67060000 		.4byte	.LASF67
 376 0206 FA01     		.sleb128 250
 377 0208 06       		.uleb128 0x6
 378 0209 65040000 		.4byte	.LASF68
 379 020d FB01     		.sleb128 251
 380 020f 06       		.uleb128 0x6
 381 0210 14040000 		.4byte	.LASF69
 382 0214 FF01     		.sleb128 255
 383 0216 00       		.byte	0
 384 0217 07       		.uleb128 0x7
 385 0218 70000000 		.4byte	.LASF70
 386 021c 01       		.byte	0x1
 387 021d 2E       		.byte	0x2e
 388 021e 00000000 		.4byte	.LFB35
 389 0222 14000000 		.4byte	.LFE35-.LFB35
 390 0226 01       		.uleb128 0x1
 391 0227 9C       		.byte	0x9c
 392 0228 3C020000 		.4byte	0x23c
 393 022c 08       		.uleb128 0x8
 394 022d 08000000 		.4byte	.LVL0
 395 0231 B6020000 		.4byte	0x2b6
 396 0235 09       		.uleb128 0x9
 397 0236 01       		.uleb128 0x1
 398 0237 50       		.byte	0x50
 399 0238 01       		.uleb128 0x1
 400 0239 36       		.byte	0x36
 401 023a 00       		.byte	0
 402 023b 00       		.byte	0
 403 023c 07       		.uleb128 0x7
 404 023d 59030000 		.4byte	.LASF71
 405 0241 01       		.byte	0x1
 406 0242 47       		.byte	0x47
ARM GAS  C:\Users\ALEXAN~1\AppData\Local\Temp\cc6cf1Oa.s 			page 10


 407 0243 00000000 		.4byte	.LFB36
 408 0247 18000000 		.4byte	.LFE36-.LFB36
 409 024b 01       		.uleb128 0x1
 410 024c 9C       		.byte	0x9c
 411 024d 70020000 		.4byte	0x270
 412 0251 0A       		.uleb128 0xa
 413 0252 18050000 		.4byte	.LASF73
 414 0256 01       		.byte	0x1
 415 0257 47       		.byte	0x47
 416 0258 6B000000 		.4byte	0x6b
 417 025c 00000000 		.4byte	.LLST0
 418 0260 08       		.uleb128 0x8
 419 0261 0C000000 		.4byte	.LVL3
 420 0265 C7020000 		.4byte	0x2c7
 421 0269 09       		.uleb128 0x9
 422 026a 01       		.uleb128 0x1
 423 026b 50       		.byte	0x50
 424 026c 01       		.uleb128 0x1
 425 026d 30       		.byte	0x30
 426 026e 00       		.byte	0
 427 026f 00       		.byte	0
 428 0270 07       		.uleb128 0x7
 429 0271 63080000 		.4byte	.LASF72
 430 0275 01       		.byte	0x1
 431 0276 62       		.byte	0x62
 432 0277 00000000 		.4byte	.LFB37
 433 027b 18000000 		.4byte	.LFE37-.LFB37
 434 027f 01       		.uleb128 0x1
 435 0280 9C       		.byte	0x9c
 436 0281 A5020000 		.4byte	0x2a5
 437 0285 0A       		.uleb128 0xa
 438 0286 18050000 		.4byte	.LASF73
 439 028a 01       		.byte	0x1
 440 028b 62       		.byte	0x62
 441 028c 6B000000 		.4byte	0x6b
 442 0290 21000000 		.4byte	.LLST1
 443 0294 08       		.uleb128 0x8
 444 0295 0C000000 		.4byte	.LVL6
 445 0299 C7020000 		.4byte	0x2c7
 446 029d 09       		.uleb128 0x9
 447 029e 01       		.uleb128 0x1
 448 029f 50       		.byte	0x50
 449 02a0 02       		.uleb128 0x2
 450 02a1 09       		.byte	0x9
 451 02a2 FF       		.byte	0xff
 452 02a3 00       		.byte	0
 453 02a4 00       		.byte	0
 454 02a5 0B       		.uleb128 0xb
 455 02a6 FD050000 		.4byte	.LASF78
 456 02aa 01       		.byte	0x1
 457 02ab 1C       		.byte	0x1c
 458 02ac 6B000000 		.4byte	0x6b
 459 02b0 05       		.uleb128 0x5
 460 02b1 03       		.byte	0x3
 461 02b2 00000000 		.4byte	_LED_Green_On
 462 02b6 0C       		.uleb128 0xc
 463 02b7 14020000 		.4byte	.LASF79
ARM GAS  C:\Users\ALEXAN~1\AppData\Local\Temp\cc6cf1Oa.s 			page 11


 464 02bb 04       		.byte	0x4
 465 02bc 1E       		.byte	0x1e
 466 02bd C7020000 		.4byte	0x2c7
 467 02c1 0D       		.uleb128 0xd
 468 02c2 6B000000 		.4byte	0x6b
 469 02c6 00       		.byte	0
 470 02c7 0E       		.uleb128 0xe
 471 02c8 54070000 		.4byte	.LASF80
 472 02cc 04       		.byte	0x4
 473 02cd 1D       		.byte	0x1d
 474 02ce 0D       		.uleb128 0xd
 475 02cf 6B000000 		.4byte	0x6b
 476 02d3 00       		.byte	0
 477 02d4 00       		.byte	0
 478              		.section	.debug_abbrev,"",%progbits
 479              	.Ldebug_abbrev0:
 480 0000 01       		.uleb128 0x1
 481 0001 11       		.uleb128 0x11
 482 0002 01       		.byte	0x1
 483 0003 25       		.uleb128 0x25
 484 0004 0E       		.uleb128 0xe
 485 0005 13       		.uleb128 0x13
 486 0006 0B       		.uleb128 0xb
 487 0007 03       		.uleb128 0x3
 488 0008 0E       		.uleb128 0xe
 489 0009 1B       		.uleb128 0x1b
 490 000a 0E       		.uleb128 0xe
 491 000b 55       		.uleb128 0x55
 492 000c 17       		.uleb128 0x17
 493 000d 11       		.uleb128 0x11
 494 000e 01       		.uleb128 0x1
 495 000f 10       		.uleb128 0x10
 496 0010 17       		.uleb128 0x17
 497 0011 00       		.byte	0
 498 0012 00       		.byte	0
 499 0013 02       		.uleb128 0x2
 500 0014 24       		.uleb128 0x24
 501 0015 00       		.byte	0
 502 0016 0B       		.uleb128 0xb
 503 0017 0B       		.uleb128 0xb
 504 0018 3E       		.uleb128 0x3e
 505 0019 0B       		.uleb128 0xb
 506 001a 03       		.uleb128 0x3
 507 001b 0E       		.uleb128 0xe
 508 001c 00       		.byte	0
 509 001d 00       		.byte	0
 510 001e 03       		.uleb128 0x3
 511 001f 24       		.uleb128 0x24
 512 0020 00       		.byte	0
 513 0021 0B       		.uleb128 0xb
 514 0022 0B       		.uleb128 0xb
 515 0023 3E       		.uleb128 0x3e
 516 0024 0B       		.uleb128 0xb
 517 0025 03       		.uleb128 0x3
 518 0026 08       		.uleb128 0x8
 519 0027 00       		.byte	0
 520 0028 00       		.byte	0
ARM GAS  C:\Users\ALEXAN~1\AppData\Local\Temp\cc6cf1Oa.s 			page 12


 521 0029 04       		.uleb128 0x4
 522 002a 16       		.uleb128 0x16
 523 002b 00       		.byte	0
 524 002c 03       		.uleb128 0x3
 525 002d 0E       		.uleb128 0xe
 526 002e 3A       		.uleb128 0x3a
 527 002f 0B       		.uleb128 0xb
 528 0030 3B       		.uleb128 0x3b
 529 0031 0B       		.uleb128 0xb
 530 0032 49       		.uleb128 0x49
 531 0033 13       		.uleb128 0x13
 532 0034 00       		.byte	0
 533 0035 00       		.byte	0
 534 0036 05       		.uleb128 0x5
 535 0037 04       		.uleb128 0x4
 536 0038 01       		.byte	0x1
 537 0039 0B       		.uleb128 0xb
 538 003a 0B       		.uleb128 0xb
 539 003b 3A       		.uleb128 0x3a
 540 003c 0B       		.uleb128 0xb
 541 003d 3B       		.uleb128 0x3b
 542 003e 0B       		.uleb128 0xb
 543 003f 01       		.uleb128 0x1
 544 0040 13       		.uleb128 0x13
 545 0041 00       		.byte	0
 546 0042 00       		.byte	0
 547 0043 06       		.uleb128 0x6
 548 0044 28       		.uleb128 0x28
 549 0045 00       		.byte	0
 550 0046 03       		.uleb128 0x3
 551 0047 0E       		.uleb128 0xe
 552 0048 1C       		.uleb128 0x1c
 553 0049 0D       		.uleb128 0xd
 554 004a 00       		.byte	0
 555 004b 00       		.byte	0
 556 004c 07       		.uleb128 0x7
 557 004d 2E       		.uleb128 0x2e
 558 004e 01       		.byte	0x1
 559 004f 3F       		.uleb128 0x3f
 560 0050 19       		.uleb128 0x19
 561 0051 03       		.uleb128 0x3
 562 0052 0E       		.uleb128 0xe
 563 0053 3A       		.uleb128 0x3a
 564 0054 0B       		.uleb128 0xb
 565 0055 3B       		.uleb128 0x3b
 566 0056 0B       		.uleb128 0xb
 567 0057 27       		.uleb128 0x27
 568 0058 19       		.uleb128 0x19
 569 0059 11       		.uleb128 0x11
 570 005a 01       		.uleb128 0x1
 571 005b 12       		.uleb128 0x12
 572 005c 06       		.uleb128 0x6
 573 005d 40       		.uleb128 0x40
 574 005e 18       		.uleb128 0x18
 575 005f 9742     		.uleb128 0x2117
 576 0061 19       		.uleb128 0x19
 577 0062 01       		.uleb128 0x1
ARM GAS  C:\Users\ALEXAN~1\AppData\Local\Temp\cc6cf1Oa.s 			page 13


 578 0063 13       		.uleb128 0x13
 579 0064 00       		.byte	0
 580 0065 00       		.byte	0
 581 0066 08       		.uleb128 0x8
 582 0067 898201   		.uleb128 0x4109
 583 006a 01       		.byte	0x1
 584 006b 11       		.uleb128 0x11
 585 006c 01       		.uleb128 0x1
 586 006d 31       		.uleb128 0x31
 587 006e 13       		.uleb128 0x13
 588 006f 00       		.byte	0
 589 0070 00       		.byte	0
 590 0071 09       		.uleb128 0x9
 591 0072 8A8201   		.uleb128 0x410a
 592 0075 00       		.byte	0
 593 0076 02       		.uleb128 0x2
 594 0077 18       		.uleb128 0x18
 595 0078 9142     		.uleb128 0x2111
 596 007a 18       		.uleb128 0x18
 597 007b 00       		.byte	0
 598 007c 00       		.byte	0
 599 007d 0A       		.uleb128 0xa
 600 007e 05       		.uleb128 0x5
 601 007f 00       		.byte	0
 602 0080 03       		.uleb128 0x3
 603 0081 0E       		.uleb128 0xe
 604 0082 3A       		.uleb128 0x3a
 605 0083 0B       		.uleb128 0xb
 606 0084 3B       		.uleb128 0x3b
 607 0085 0B       		.uleb128 0xb
 608 0086 49       		.uleb128 0x49
 609 0087 13       		.uleb128 0x13
 610 0088 02       		.uleb128 0x2
 611 0089 17       		.uleb128 0x17
 612 008a 00       		.byte	0
 613 008b 00       		.byte	0
 614 008c 0B       		.uleb128 0xb
 615 008d 34       		.uleb128 0x34
 616 008e 00       		.byte	0
 617 008f 03       		.uleb128 0x3
 618 0090 0E       		.uleb128 0xe
 619 0091 3A       		.uleb128 0x3a
 620 0092 0B       		.uleb128 0xb
 621 0093 3B       		.uleb128 0x3b
 622 0094 0B       		.uleb128 0xb
 623 0095 49       		.uleb128 0x49
 624 0096 13       		.uleb128 0x13
 625 0097 3F       		.uleb128 0x3f
 626 0098 19       		.uleb128 0x19
 627 0099 02       		.uleb128 0x2
 628 009a 18       		.uleb128 0x18
 629 009b 00       		.byte	0
 630 009c 00       		.byte	0
 631 009d 0C       		.uleb128 0xc
 632 009e 2E       		.uleb128 0x2e
 633 009f 01       		.byte	0x1
 634 00a0 3F       		.uleb128 0x3f
ARM GAS  C:\Users\ALEXAN~1\AppData\Local\Temp\cc6cf1Oa.s 			page 14


 635 00a1 19       		.uleb128 0x19
 636 00a2 03       		.uleb128 0x3
 637 00a3 0E       		.uleb128 0xe
 638 00a4 3A       		.uleb128 0x3a
 639 00a5 0B       		.uleb128 0xb
 640 00a6 3B       		.uleb128 0x3b
 641 00a7 0B       		.uleb128 0xb
 642 00a8 27       		.uleb128 0x27
 643 00a9 19       		.uleb128 0x19
 644 00aa 3C       		.uleb128 0x3c
 645 00ab 19       		.uleb128 0x19
 646 00ac 01       		.uleb128 0x1
 647 00ad 13       		.uleb128 0x13
 648 00ae 00       		.byte	0
 649 00af 00       		.byte	0
 650 00b0 0D       		.uleb128 0xd
 651 00b1 05       		.uleb128 0x5
 652 00b2 00       		.byte	0
 653 00b3 49       		.uleb128 0x49
 654 00b4 13       		.uleb128 0x13
 655 00b5 00       		.byte	0
 656 00b6 00       		.byte	0
 657 00b7 0E       		.uleb128 0xe
 658 00b8 2E       		.uleb128 0x2e
 659 00b9 01       		.byte	0x1
 660 00ba 3F       		.uleb128 0x3f
 661 00bb 19       		.uleb128 0x19
 662 00bc 03       		.uleb128 0x3
 663 00bd 0E       		.uleb128 0xe
 664 00be 3A       		.uleb128 0x3a
 665 00bf 0B       		.uleb128 0xb
 666 00c0 3B       		.uleb128 0x3b
 667 00c1 0B       		.uleb128 0xb
 668 00c2 27       		.uleb128 0x27
 669 00c3 19       		.uleb128 0x19
 670 00c4 3C       		.uleb128 0x3c
 671 00c5 19       		.uleb128 0x19
 672 00c6 00       		.byte	0
 673 00c7 00       		.byte	0
 674 00c8 00       		.byte	0
 675              		.section	.debug_loc,"",%progbits
 676              	.Ldebug_loc0:
 677              	.LLST0:
 678 0000 00000000 		.4byte	.LVL1
 679 0004 08000000 		.4byte	.LVL2
 680 0008 0100     		.2byte	0x1
 681 000a 50       		.byte	0x50
 682 000b 08000000 		.4byte	.LVL2
 683 000f 18000000 		.4byte	.LFE36
 684 0013 0400     		.2byte	0x4
 685 0015 F3       		.byte	0xf3
 686 0016 01       		.uleb128 0x1
 687 0017 50       		.byte	0x50
 688 0018 9F       		.byte	0x9f
 689 0019 00000000 		.4byte	0
 690 001d 00000000 		.4byte	0
 691              	.LLST1:
ARM GAS  C:\Users\ALEXAN~1\AppData\Local\Temp\cc6cf1Oa.s 			page 15


 692 0021 00000000 		.4byte	.LVL4
 693 0025 08000000 		.4byte	.LVL5
 694 0029 0100     		.2byte	0x1
 695 002b 50       		.byte	0x50
 696 002c 08000000 		.4byte	.LVL5
 697 0030 18000000 		.4byte	.LFE37
 698 0034 0400     		.2byte	0x4
 699 0036 F3       		.byte	0xf3
 700 0037 01       		.uleb128 0x1
 701 0038 50       		.byte	0x50
 702 0039 9F       		.byte	0x9f
 703 003a 00000000 		.4byte	0
 704 003e 00000000 		.4byte	0
 705              		.section	.debug_aranges,"",%progbits
 706 0000 2C000000 		.4byte	0x2c
 707 0004 0200     		.2byte	0x2
 708 0006 00000000 		.4byte	.Ldebug_info0
 709 000a 04       		.byte	0x4
 710 000b 00       		.byte	0
 711 000c 0000     		.2byte	0
 712 000e 0000     		.2byte	0
 713 0010 00000000 		.4byte	.LFB35
 714 0014 14000000 		.4byte	.LFE35-.LFB35
 715 0018 00000000 		.4byte	.LFB36
 716 001c 18000000 		.4byte	.LFE36-.LFB36
 717 0020 00000000 		.4byte	.LFB37
 718 0024 18000000 		.4byte	.LFE37-.LFB37
 719 0028 00000000 		.4byte	0
 720 002c 00000000 		.4byte	0
 721              		.section	.debug_ranges,"",%progbits
 722              	.Ldebug_ranges0:
 723 0000 00000000 		.4byte	.LFB35
 724 0004 14000000 		.4byte	.LFE35
 725 0008 00000000 		.4byte	.LFB36
 726 000c 18000000 		.4byte	.LFE36
 727 0010 00000000 		.4byte	.LFB37
 728 0014 18000000 		.4byte	.LFE37
 729 0018 00000000 		.4byte	0
 730 001c 00000000 		.4byte	0
 731              		.section	.debug_line,"",%progbits
 732              	.Ldebug_line0:
 733 0000 9D000000 		.section	.debug_str,"MS",%progbits,1
 733      02005D00 
 733      00000201 
 733      FB0E0D00 
 733      01010101 
 734              	.LASF21:
 735 0000 4359424C 		.ascii	"CYBLE_EVT_GAP_PASSKEY_ENTRY_REQUEST\000"
 735      455F4556 
 735      545F4741 
 735      505F5041 
 735      53534B45 
 736              	.LASF47:
 737 0024 4359424C 		.ascii	"CYBLE_EVT_GATTS_PREP_WRITE_REQ\000"
 737      455F4556 
 737      545F4741 
 737      5454535F 
ARM GAS  C:\Users\ALEXAN~1\AppData\Local\Temp\cc6cf1Oa.s 			page 16


 737      50524550 
 738              	.LASF2:
 739 0043 73686F72 		.ascii	"short int\000"
 739      7420696E 
 739      7400
 740              	.LASF24:
 741 004d 4359424C 		.ascii	"CYBLE_EVT_GAP_AUTH_FAILED\000"
 741      455F4556 
 741      545F4741 
 741      505F4155 
 741      54485F46 
 742              	.LASF12:
 743 0067 73697A65 		.ascii	"sizetype\000"
 743      74797065 
 743      00
 744              	.LASF70:
 745 0070 5F4C4544 		.ascii	"_LED_Init\000"
 745      5F496E69 
 745      7400
 746              	.LASF32:
 747 007a 4359424C 		.ascii	"CYBLE_EVT_GATTC_ERROR_RSP\000"
 747      455F4556 
 747      545F4741 
 747      5454435F 
 747      4552524F 
 748              	.LASF76:
 749 0094 433A5C55 		.ascii	"C:\\Users\\Alexandre\\Documents\\GitHub\\CoRo_PW_PS"
 749      73657273 
 749      5C416C65 
 749      78616E64 
 749      72655C44 
 750 00c2 4F435C50 		.ascii	"OC\\PSOC_CapSense_2_BLE\\PSOC_CapSense_2_BLE.cydsn\000"
 750      534F435F 
 750      43617053 
 750      656E7365 
 750      5F325F42 
 751              	.LASF17:
 752 00f3 4359424C 		.ascii	"CYBLE_EVT_HCI_STATUS\000"
 752      455F4556 
 752      545F4843 
 752      495F5354 
 752      41545553 
 753              	.LASF38:
 754 0108 4359424C 		.ascii	"CYBLE_EVT_GATTC_READ_BY_TYPE_RSP\000"
 754      455F4556 
 754      545F4741 
 754      5454435F 
 754      52454144 
 755              	.LASF14:
 756 0129 4359424C 		.ascii	"CYBLE_EVT_STACK_ON\000"
 756      455F4556 
 756      545F5354 
 756      41434B5F 
 756      4F4E00
 757              	.LASF35:
 758 013c 4359424C 		.ascii	"CYBLE_EVT_GATTS_XCNHG_MTU_REQ\000"
 758      455F4556 
ARM GAS  C:\Users\ALEXAN~1\AppData\Local\Temp\cc6cf1Oa.s 			page 17


 758      545F4741 
 758      5454535F 
 758      58434E48 
 759              	.LASF31:
 760 015a 4359424C 		.ascii	"CYBLE_EVT_GAP_KEYINFO_EXCHNGE_CMPLT\000"
 760      455F4556 
 760      545F4741 
 760      505F4B45 
 760      59494E46 
 761              	.LASF43:
 762 017e 4359424C 		.ascii	"CYBLE_EVT_GATTC_READ_MULTI_RSP\000"
 762      455F4556 
 762      545F4741 
 762      5454435F 
 762      52454144 
 763              	.LASF52:
 764 019d 4359424C 		.ascii	"CYBLE_EVT_GATTS_HANDLE_VALUE_CNF\000"
 764      455F4556 
 764      545F4741 
 764      5454535F 
 764      48414E44 
 765              	.LASF13:
 766 01be 4359424C 		.ascii	"CYBLE_EVT_HOST_INVALID\000"
 766      455F4556 
 766      545F484F 
 766      53545F49 
 766      4E56414C 
 767              	.LASF59:
 768 01d5 4359424C 		.ascii	"CYBLE_EVT_L2CAP_CBFC_CONN_IND\000"
 768      455F4556 
 768      545F4C32 
 768      4341505F 
 768      43424643 
 769              	.LASF62:
 770 01f3 4359424C 		.ascii	"CYBLE_EVT_L2CAP_CBFC_DISCONN_CNF\000"
 770      455F4556 
 770      545F4C32 
 770      4341505F 
 770      43424643 
 771              	.LASF79:
 772 0214 47524545 		.ascii	"GREEN_SetDriveMode\000"
 772      4E5F5365 
 772      74447269 
 772      76654D6F 
 772      646500
 773              	.LASF9:
 774 0227 666C6F61 		.ascii	"float\000"
 774      7400
 775              	.LASF41:
 776 022d 4359424C 		.ascii	"CYBLE_EVT_GATTC_READ_RSP\000"
 776      455F4556 
 776      545F4741 
 776      5454435F 
 776      52454144 
 777              	.LASF45:
 778 0246 4359424C 		.ascii	"CYBLE_EVT_GATTC_WRITE_RSP\000"
 778      455F4556 
ARM GAS  C:\Users\ALEXAN~1\AppData\Local\Temp\cc6cf1Oa.s 			page 18


 778      545F4741 
 778      5454435F 
 778      57524954 
 779              	.LASF6:
 780 0260 6C6F6E67 		.ascii	"long long int\000"
 780      206C6F6E 
 780      6720696E 
 780      7400
 781              	.LASF7:
 782 026e 6C6F6E67 		.ascii	"long long unsigned int\000"
 782      206C6F6E 
 782      6720756E 
 782      7369676E 
 782      65642069 
 783              	.LASF4:
 784 0285 6C6F6E67 		.ascii	"long int\000"
 784      20696E74 
 784      00
 785              	.LASF51:
 786 028e 4359424C 		.ascii	"CYBLE_EVT_GATTC_HANDLE_VALUE_IND\000"
 786      455F4556 
 786      545F4741 
 786      5454435F 
 786      48414E44 
 787              	.LASF26:
 788 02af 4359424C 		.ascii	"CYBLE_EVT_GAP_DEVICE_CONNECTED\000"
 788      455F4556 
 788      545F4741 
 788      505F4445 
 788      56494345 
 789              	.LASF25:
 790 02ce 4359424C 		.ascii	"CYBLE_EVT_GAPP_ADVERTISEMENT_START_STOP\000"
 790      455F4556 
 790      545F4741 
 790      50505F41 
 790      44564552 
 791              	.LASF50:
 792 02f6 4359424C 		.ascii	"CYBLE_EVT_GATTC_HANDLE_VALUE_NTF\000"
 792      455F4556 
 792      545F4741 
 792      5454435F 
 792      48414E44 
 793              	.LASF18:
 794 0317 4359424C 		.ascii	"CYBLE_EVT_STACK_BUSY_STATUS\000"
 794      455F4556 
 794      545F5354 
 794      41434B5F 
 794      42555359 
 795              	.LASF22:
 796 0333 4359424C 		.ascii	"CYBLE_EVT_GAP_PASSKEY_DISPLAY_REQUEST\000"
 796      455F4556 
 796      545F4741 
 796      505F5041 
 796      53534B45 
 797              	.LASF71:
 798 0359 5F4C4544 		.ascii	"_LED_TurnOnLED\000"
 798      5F547572 
ARM GAS  C:\Users\ALEXAN~1\AppData\Local\Temp\cc6cf1Oa.s 			page 19


 798      6E4F6E4C 
 798      454400
 799              	.LASF74:
 800 0368 474E5520 		.ascii	"GNU C 4.9.3 20150303 (release) [ARM/embedded-4_9-br"
 800      4320342E 
 800      392E3320 
 800      32303135 
 800      30333033 
 801 039b 616E6368 		.ascii	"anch revision 221220] -mcpu=cortex-m0 -mthumb -g -O"
 801      20726576 
 801      6973696F 
 801      6E203232 
 801      31323230 
 802 03ce 67202D66 		.ascii	"g -ffunction-sections -ffat-lto-objects\000"
 802      66756E63 
 802      74696F6E 
 802      2D736563 
 802      74696F6E 
 803              	.LASF60:
 804 03f6 4359424C 		.ascii	"CYBLE_EVT_L2CAP_CBFC_CONN_CNF\000"
 804      455F4556 
 804      545F4C32 
 804      4341505F 
 804      43424643 
 805              	.LASF69:
 806 0414 4359424C 		.ascii	"CYBLE_EVT_MAX\000"
 806      455F4556 
 806      545F4D41 
 806      5800
 807              	.LASF77:
 808 0422 75696E74 		.ascii	"uint8\000"
 808      3800
 809              	.LASF56:
 810 0428 4359424C 		.ascii	"CYBLE_EVT_L2CAP_CONN_PARAM_UPDATE_REQ\000"
 810      455F4556 
 810      545F4C32 
 810      4341505F 
 810      434F4E4E 
 811              	.LASF1:
 812 044e 756E7369 		.ascii	"unsigned char\000"
 812      676E6564 
 812      20636861 
 812      7200
 813              	.LASF75:
 814 045c 2E5C5F4C 		.ascii	".\\_LED.c\000"
 814      45442E63 
 814      00
 815              	.LASF68:
 816 0465 4359424C 		.ascii	"CYBLE_EVT_LE_PING_AUTH_TIMEOUT\000"
 816      455F4556 
 816      545F4C45 
 816      5F50494E 
 816      475F4155 
 817              	.LASF39:
 818 0484 4359424C 		.ascii	"CYBLE_EVT_GATTC_FIND_INFO_RSP\000"
 818      455F4556 
 818      545F4741 
ARM GAS  C:\Users\ALEXAN~1\AppData\Local\Temp\cc6cf1Oa.s 			page 20


 818      5454435F 
 818      46494E44 
 819              	.LASF0:
 820 04a2 7369676E 		.ascii	"signed char\000"
 820      65642063 
 820      68617200 
 821              	.LASF44:
 822 04ae 4359424C 		.ascii	"CYBLE_EVT_GATTS_WRITE_REQ\000"
 822      455F4556 
 822      545F4741 
 822      5454535F 
 822      57524954 
 823              	.LASF40:
 824 04c8 4359424C 		.ascii	"CYBLE_EVT_GATTC_FIND_BY_TYPE_VALUE_RSP\000"
 824      455F4556 
 824      545F4741 
 824      5454435F 
 824      46494E44 
 825              	.LASF23:
 826 04ef 4359424C 		.ascii	"CYBLE_EVT_GAP_AUTH_COMPLETE\000"
 826      455F4556 
 826      545F4741 
 826      505F4155 
 826      54485F43 
 827              	.LASF8:
 828 050b 756E7369 		.ascii	"unsigned int\000"
 828      676E6564 
 828      20696E74 
 828      00
 829              	.LASF73:
 830 0518 47726565 		.ascii	"Green\000"
 830      6E00
 831              	.LASF33:
 832 051e 4359424C 		.ascii	"CYBLE_EVT_GATT_CONNECT_IND\000"
 832      455F4556 
 832      545F4741 
 832      54545F43 
 832      4F4E4E45 
 833              	.LASF5:
 834 0539 6C6F6E67 		.ascii	"long unsigned int\000"
 834      20756E73 
 834      69676E65 
 834      6420696E 
 834      7400
 835              	.LASF20:
 836 054b 4359424C 		.ascii	"CYBLE_EVT_GAP_AUTH_REQ\000"
 836      455F4556 
 836      545F4741 
 836      505F4155 
 836      54485F52 
 837              	.LASF61:
 838 0562 4359424C 		.ascii	"CYBLE_EVT_L2CAP_CBFC_DISCONN_IND\000"
 838      455F4556 
 838      545F4C32 
 838      4341505F 
 838      43424643 
 839              	.LASF28:
ARM GAS  C:\Users\ALEXAN~1\AppData\Local\Temp\cc6cf1Oa.s 			page 21


 840 0583 4359424C 		.ascii	"CYBLE_EVT_GAP_ENCRYPT_CHANGE\000"
 840      455F4556 
 840      545F4741 
 840      505F454E 
 840      43525950 
 841              	.LASF3:
 842 05a0 73686F72 		.ascii	"short unsigned int\000"
 842      7420756E 
 842      7369676E 
 842      65642069 
 842      6E7400
 843              	.LASF29:
 844 05b3 4359424C 		.ascii	"CYBLE_EVT_GAP_CONNECTION_UPDATE_COMPLETE\000"
 844      455F4556 
 844      545F4741 
 844      505F434F 
 844      4E4E4543 
 845              	.LASF11:
 846 05dc 63686172 		.ascii	"char\000"
 846      00
 847              	.LASF58:
 848 05e1 4359424C 		.ascii	"CYBLE_EVT_L2CAP_COMMAND_REJ\000"
 848      455F4556 
 848      545F4C32 
 848      4341505F 
 848      434F4D4D 
 849              	.LASF78:
 850 05fd 5F4C4544 		.ascii	"_LED_Green_On\000"
 850      5F477265 
 850      656E5F4F 
 850      6E00
 851              	.LASF42:
 852 060b 4359424C 		.ascii	"CYBLE_EVT_GATTC_READ_BLOB_RSP\000"
 852      455F4556 
 852      545F4741 
 852      5454435F 
 852      52454144 
 853              	.LASF49:
 854 0629 4359424C 		.ascii	"CYBLE_EVT_GATTC_EXEC_WRITE_RSP\000"
 854      455F4556 
 854      545F4741 
 854      5454435F 
 854      45584543 
 855              	.LASF30:
 856 0648 4359424C 		.ascii	"CYBLE_EVT_GAPC_SCAN_START_STOP\000"
 856      455F4556 
 856      545F4741 
 856      50435F53 
 856      43414E5F 
 857              	.LASF67:
 858 0667 4359424C 		.ascii	"CYBLE_EVT_PENDING_FLASH_WRITE\000"
 858      455F4556 
 858      545F5045 
 858      4E44494E 
 858      475F464C 
 859              	.LASF64:
 860 0685 4359424C 		.ascii	"CYBLE_EVT_L2CAP_CBFC_RX_CREDIT_IND\000"
ARM GAS  C:\Users\ALEXAN~1\AppData\Local\Temp\cc6cf1Oa.s 			page 22


 860      455F4556 
 860      545F4C32 
 860      4341505F 
 860      43424643 
 861              	.LASF10:
 862 06a8 646F7562 		.ascii	"double\000"
 862      6C6500
 863              	.LASF65:
 864 06af 4359424C 		.ascii	"CYBLE_EVT_L2CAP_CBFC_TX_CREDIT_IND\000"
 864      455F4556 
 864      545F4C32 
 864      4341505F 
 864      43424643 
 865              	.LASF16:
 866 06d2 4359424C 		.ascii	"CYBLE_EVT_HARDWARE_ERROR\000"
 866      455F4556 
 866      545F4841 
 866      52445741 
 866      52455F45 
 867              	.LASF63:
 868 06eb 4359424C 		.ascii	"CYBLE_EVT_L2CAP_CBFC_DATA_READ\000"
 868      455F4556 
 868      545F4C32 
 868      4341505F 
 868      43424643 
 869              	.LASF57:
 870 070a 4359424C 		.ascii	"CYBLE_EVT_L2CAP_CONN_PARAM_UPDATE_RSP\000"
 870      455F4556 
 870      545F4C32 
 870      4341505F 
 870      434F4E4E 
 871              	.LASF19:
 872 0730 4359424C 		.ascii	"CYBLE_EVT_GAPC_SCAN_PROGRESS_RESULT\000"
 872      455F4556 
 872      545F4741 
 872      50435F53 
 872      43414E5F 
 873              	.LASF80:
 874 0754 47524545 		.ascii	"GREEN_Write\000"
 874      4E5F5772 
 874      69746500 
 875              	.LASF37:
 876 0760 4359424C 		.ascii	"CYBLE_EVT_GATTC_READ_BY_GROUP_TYPE_RSP\000"
 876      455F4556 
 876      545F4741 
 876      5454435F 
 876      52454144 
 877              	.LASF46:
 878 0787 4359424C 		.ascii	"CYBLE_EVT_GATTS_WRITE_CMD_REQ\000"
 878      455F4556 
 878      545F4741 
 878      5454535F 
 878      57524954 
 879              	.LASF36:
 880 07a5 4359424C 		.ascii	"CYBLE_EVT_GATTC_XCHNG_MTU_RSP\000"
 880      455F4556 
 880      545F4741 
ARM GAS  C:\Users\ALEXAN~1\AppData\Local\Temp\cc6cf1Oa.s 			page 23


 880      5454435F 
 880      5843484E 
 881              	.LASF66:
 882 07c3 4359424C 		.ascii	"CYBLE_EVT_L2CAP_CBFC_DATA_WRITE_IND\000"
 882      455F4556 
 882      545F4C32 
 882      4341505F 
 882      43424643 
 883              	.LASF15:
 884 07e7 4359424C 		.ascii	"CYBLE_EVT_TIMEOUT\000"
 884      455F4556 
 884      545F5449 
 884      4D454F55 
 884      5400
 885              	.LASF55:
 886 07f9 4359424C 		.ascii	"CYBLE_EVT_GATTS_READ_CHAR_VAL_ACCESS_REQ\000"
 886      455F4556 
 886      545F4741 
 886      5454535F 
 886      52454144 
 887              	.LASF54:
 888 0822 4359424C 		.ascii	"CYBLE_EVT_GATTC_STOP_CMD_COMPLETE\000"
 888      455F4556 
 888      545F4741 
 888      5454435F 
 888      53544F50 
 889              	.LASF48:
 890 0844 4359424C 		.ascii	"CYBLE_EVT_GATTS_EXEC_WRITE_REQ\000"
 890      455F4556 
 890      545F4741 
 890      5454535F 
 890      45584543 
 891              	.LASF72:
 892 0863 5F4C4544 		.ascii	"_LED_TurnOffLED\000"
 892      5F547572 
 892      6E4F6666 
 892      4C454400 
 893              	.LASF27:
 894 0873 4359424C 		.ascii	"CYBLE_EVT_GAP_DEVICE_DISCONNECTED\000"
 894      455F4556 
 894      545F4741 
 894      505F4445 
 894      56494345 
 895              	.LASF53:
 896 0895 4359424C 		.ascii	"CYBLE_EVT_GATTS_DATA_SIGNED_CMD_REQ\000"
 896      455F4556 
 896      545F4741 
 896      5454535F 
 896      44415441 
 897              	.LASF34:
 898 08b9 4359424C 		.ascii	"CYBLE_EVT_GATT_DISCONNECT_IND\000"
 898      455F4556 
 898      545F4741 
 898      54545F44 
 898      4953434F 
 899              		.ident	"GCC: (GNU Tools for ARM Embedded Processors) 4.9.3 20150303 (release) [ARM/embedded-4_9-br
