ARM GAS  C:\Users\ALEXAN~1\AppData\Local\Temp\ccxYtO0F.s 			page 1


   1              		.cpu cortex-m0
   2              		.fpu softvfp
   3              		.eabi_attribute 20, 1
   4              		.eabi_attribute 21, 1
   5              		.eabi_attribute 23, 3
   6              		.eabi_attribute 24, 1
   7              		.eabi_attribute 25, 1
   8              		.eabi_attribute 26, 1
   9              		.eabi_attribute 30, 1
  10              		.eabi_attribute 34, 0
  11              		.eabi_attribute 18, 4
  12              		.code	16
  13              		.file	"_UART.c"
  14              		.text
  15              	.Ltext0:
  16              		.cfi_sections	.debug_frame
  17              		.section	.text._UART_Init,"ax",%progbits
  18              		.align	2
  19              		.global	_UART_Init
  20              		.code	16
  21              		.thumb_func
  22              		.type	_UART_Init, %function
  23              	_UART_Init:
  24              	.LFB35:
  25              		.file 1 ".\\_UART.c"
   1:.\_UART.c     **** /****************************************************************************
   2:.\_UART.c     **** *
   3:.\_UART.c     **** * Project Name		: PSoC CapSense 2 BLE
   4:.\_UART.c     **** *
   5:.\_UART.c     **** * File Name			: _UART.c
   6:.\_UART.c     **** * Version 			: 1.0
   7:.\_UART.c     **** *
   8:.\_UART.c     **** * Device Used		: CY8C4247LQI-BL483
   9:.\_UART.c     **** * Software Used		: PSoC Creator 3.3
  10:.\_UART.c     **** * Compiler    		: ARM GCC 4.8.4, ARM MDK Generic
  11:.\_UART.c     **** * Related Hardware	: CY8CKIT-042-BLE Bluetooth Low Energy Pioneer Kit 
  12:.\_UART.c     **** *
  13:.\_UART.c     **** * Owner             : A. BERNIER
  14:.\_UART.c     **** *
  15:.\_UART.c     **** *****************************************************************************/
  16:.\_UART.c     **** 
  17:.\_UART.c     **** 
  18:.\_UART.c     **** /*****************************************************************************
  19:.\_UART.c     **** * Included headers
  20:.\_UART.c     **** *****************************************************************************/
  21:.\_UART.c     **** #include "main.h"
  22:.\_UART.c     **** #include "vector.h"
  23:.\_UART.c     **** 
  24:.\_UART.c     **** 
  25:.\_UART.c     **** /*****************************************************************************
  26:.\_UART.c     **** * Local global variables
  27:.\_UART.c     **** *****************************************************************************/
  28:.\_UART.c     **** 
  29:.\_UART.c     **** 
  30:.\_UART.c     **** /*****************************************************************************
  31:.\_UART.c     **** * Function Name: _UART_Init()
  32:.\_UART.c     **** ******************************************************************************
ARM GAS  C:\Users\ALEXAN~1\AppData\Local\Temp\ccxYtO0F.s 			page 2


  33:.\_UART.c     **** * Summary:
  34:.\_UART.c     **** *   Initialize the UART component.
  35:.\_UART.c     **** *
  36:.\_UART.c     **** * Parameters:
  37:.\_UART.c     **** *   None.
  38:.\_UART.c     **** *
  39:.\_UART.c     **** * Return:
  40:.\_UART.c     **** *   None.
  41:.\_UART.c     **** *
  42:.\_UART.c     **** * Note:
  43:.\_UART.c     **** *
  44:.\_UART.c     **** *****************************************************************************/
  45:.\_UART.c     **** void _UART_Init(void)
  46:.\_UART.c     **** {
  26              		.loc 1 46 0
  27              		.cfi_startproc
  28 0000 08B5     		push	{r3, lr}
  29              		.cfi_def_cfa_offset 8
  30              		.cfi_offset 3, -8
  31              		.cfi_offset 14, -4
  47:.\_UART.c     ****     // Start the UART component.
  48:.\_UART.c     ****     USB_UART_Start();
  32              		.loc 1 48 0
  33 0002 FFF7FEFF 		bl	USB_UART_Start
  34              	.LVL0:
  49:.\_UART.c     **** }
  35              		.loc 1 49 0
  36              		@ sp needed
  37 0006 08BD     		pop	{r3, pc}
  38              		.cfi_endproc
  39              	.LFE35:
  40              		.size	_UART_Init, .-_UART_Init
  41              		.section	.text._UART_sendCapSenseData,"ax",%progbits
  42              		.align	2
  43              		.global	_UART_sendCapSenseData
  44              		.code	16
  45              		.thumb_func
  46              		.type	_UART_sendCapSenseData, %function
  47              	_UART_sendCapSenseData:
  48              	.LFB36:
  50:.\_UART.c     **** 
  51:.\_UART.c     **** 
  52:.\_UART.c     **** /*****************************************************************************
  53:.\_UART.c     **** * Function Name: _UART_sendCapSenseData()
  54:.\_UART.c     **** ******************************************************************************
  55:.\_UART.c     **** * Summary:
  56:.\_UART.c     **** *   Send the last CapSense set of data through USB.
  57:.\_UART.c     **** *
  58:.\_UART.c     **** * Parameters:
  59:.\_UART.c     **** *   None.
  60:.\_UART.c     **** *
  61:.\_UART.c     **** * Return:
  62:.\_UART.c     **** *   None.
  63:.\_UART.c     **** *
  64:.\_UART.c     **** * Note:
  65:.\_UART.c     **** *
  66:.\_UART.c     **** *****************************************************************************/
ARM GAS  C:\Users\ALEXAN~1\AppData\Local\Temp\ccxYtO0F.s 			page 3


  67:.\_UART.c     **** void _UART_sendCapSenseData(void)
  68:.\_UART.c     **** {
  49              		.loc 1 68 0
  50              		.cfi_startproc
  51 0000 30B5     		push	{r4, r5, lr}
  52              		.cfi_def_cfa_offset 12
  53              		.cfi_offset 4, -12
  54              		.cfi_offset 5, -8
  55              		.cfi_offset 14, -4
  56 0002 8BB0     		sub	sp, sp, #44
  57              		.cfi_def_cfa_offset 56
  58              	.LVL1:
  69:.\_UART.c     ****     uint8 num_EnabledSensors = CapSense_TOTAL_SENSOR_COUNT;
  70:.\_UART.c     ****     uint16 rawData[num_EnabledSensors];
  71:.\_UART.c     ****     
  72:.\_UART.c     ****     uint8 numBytes_OneData = sizeof(rawData[0]);
  73:.\_UART.c     ****     uint16 numBytes_AllData = num_EnabledSensors * numBytes_OneData;
  74:.\_UART.c     ****     uint8 buffer[numBytes_AllData];
  75:.\_UART.c     ****     
  76:.\_UART.c     ****     uint16 i;
  77:.\_UART.c     ****     uint16 j;
  78:.\_UART.c     ****     uint16 arrayIterator = 0;
  79:.\_UART.c     ****     
  80:.\_UART.c     ****     // Retrieve the front data in the vectors.
  81:.\_UART.c     ****     popOutVector(rawData);
  59              		.loc 1 81 0
  60 0004 05A8     		add	r0, sp, #20
  61              	.LVL2:
  62 0006 FFF7FEFF 		bl	popOutVector
  63              	.LVL3:
  78:.\_UART.c     ****     
  64              		.loc 1 78 0
  65 000a 0024     		mov	r4, #0
  82:.\_UART.c     ****     
  83:.\_UART.c     ****     // Transfer the encoded sensors values into an uint8 array.
  84:.\_UART.c     ****     for (i = 0; i < num_EnabledSensors; i++)
  66              		.loc 1 84 0
  67 000c 0020     		mov	r0, #0
  68 000e 13E0     		b	.L3
  69              	.LVL4:
  70              	.L4:
  85:.\_UART.c     ****         for (j = 0; j < numBytes_OneData; j++)
  86:.\_UART.c     ****             buffer[arrayIterator++] = rawData[i] >> ((numBytes_OneData - 1 - j) * 8) & 0xFF;
  71              		.loc 1 86 0 discriminator 3
  72 0010 651C     		add	r5, r4, #1
  73              	.LVL5:
  74 0012 4200     		lsl	r2, r0, #1
  75 0014 05A9     		add	r1, sp, #20
  76              	.LVL6:
  77 0016 515A     		ldrh	r1, [r2, r1]
  78              	.LVL7:
  79 0018 0122     		mov	r2, #1
  80 001a D21A     		sub	r2, r2, r3
  81 001c D200     		lsl	r2, r2, #3
  82 001e 1141     		asr	r1, r1, r2
  83 0020 0A1C     		mov	r2, r1
  84 0022 6946     		mov	r1, sp
ARM GAS  C:\Users\ALEXAN~1\AppData\Local\Temp\ccxYtO0F.s 			page 4


  85 0024 0A55     		strb	r2, [r1, r4]
  85:.\_UART.c     ****         for (j = 0; j < numBytes_OneData; j++)
  86              		.loc 1 85 0 discriminator 3
  87 0026 0133     		add	r3, r3, #1
  88              	.LVL8:
  89 0028 9BB2     		uxth	r3, r3
  90              	.LVL9:
  91              		.loc 1 86 0 discriminator 3
  92 002a ACB2     		uxth	r4, r5
  93 002c 00E0     		b	.L5
  94              	.LVL10:
  95              	.L6:
  96 002e 0023     		mov	r3, #0
  97              	.LVL11:
  98              	.L5:
  85:.\_UART.c     ****         for (j = 0; j < numBytes_OneData; j++)
  99              		.loc 1 85 0 discriminator 1
 100 0030 012B     		cmp	r3, #1
 101 0032 EDD9     		bls	.L4
  84:.\_UART.c     ****         for (j = 0; j < numBytes_OneData; j++)
 102              		.loc 1 84 0 discriminator 2
 103 0034 0130     		add	r0, r0, #1
 104              	.LVL12:
 105 0036 80B2     		uxth	r0, r0
 106              	.LVL13:
 107              	.L3:
  84:.\_UART.c     ****         for (j = 0; j < numBytes_OneData; j++)
 108              		.loc 1 84 0 is_stmt 0 discriminator 1
 109 0038 0928     		cmp	r0, #9
 110 003a F8D9     		bls	.L6
  87:.\_UART.c     ****     
  88:.\_UART.c     ****     // Send the data through UART component.
  89:.\_UART.c     ****     USB_UART_PutArray(buffer, numBytes_AllData);
 111              		.loc 1 89 0 is_stmt 1
 112 003c 6846     		mov	r0, sp
 113              	.LVL14:
 114 003e 1421     		mov	r1, #20
 115 0040 FFF7FEFF 		bl	USB_UART_PutArray
 116              	.LVL15:
  90:.\_UART.c     **** }
 117              		.loc 1 90 0
 118 0044 0BB0     		add	sp, sp, #44
 119              	.LVL16:
 120              		@ sp needed
 121              	.LVL17:
 122 0046 30BD     		pop	{r4, r5, pc}
 123              		.cfi_endproc
 124              	.LFE36:
 125              		.size	_UART_sendCapSenseData, .-_UART_sendCapSenseData
 126              		.text
 127              	.Letext0:
 128              		.file 2 "Generated_Source\\PSoC4/cytypes.h"
 129              		.file 3 "Generated_Source\\PSoC4/USB_UART.h"
 130              		.file 4 ".\\vector.h"
 131              		.section	.debug_info,"",%progbits
 132              	.Ldebug_info0:
 133 0000 C0010000 		.4byte	0x1c0
ARM GAS  C:\Users\ALEXAN~1\AppData\Local\Temp\ccxYtO0F.s 			page 5


 134 0004 0400     		.2byte	0x4
 135 0006 00000000 		.4byte	.Ldebug_abbrev0
 136 000a 04       		.byte	0x4
 137 000b 01       		.uleb128 0x1
 138 000c 6E010000 		.4byte	.LASF23
 139 0010 01       		.byte	0x1
 140 0011 3B020000 		.4byte	.LASF24
 141 0015 37000000 		.4byte	.LASF25
 142 0019 00000000 		.4byte	.Ldebug_ranges0+0
 143 001d 00000000 		.4byte	0
 144 0021 00000000 		.4byte	.Ldebug_line0
 145 0025 02       		.uleb128 0x2
 146 0026 01       		.byte	0x1
 147 0027 06       		.byte	0x6
 148 0028 2F020000 		.4byte	.LASF0
 149 002c 02       		.uleb128 0x2
 150 002d 01       		.byte	0x1
 151 002e 08       		.byte	0x8
 152 002f C4000000 		.4byte	.LASF1
 153 0033 02       		.uleb128 0x2
 154 0034 02       		.byte	0x2
 155 0035 05       		.byte	0x5
 156 0036 FC010000 		.4byte	.LASF2
 157 003a 02       		.uleb128 0x2
 158 003b 02       		.byte	0x2
 159 003c 07       		.byte	0x7
 160 003d 24000000 		.4byte	.LASF3
 161 0041 02       		.uleb128 0x2
 162 0042 04       		.byte	0x4
 163 0043 05       		.byte	0x5
 164 0044 1B020000 		.4byte	.LASF4
 165 0048 02       		.uleb128 0x2
 166 0049 04       		.byte	0x4
 167 004a 07       		.byte	0x7
 168 004b D2000000 		.4byte	.LASF5
 169 004f 02       		.uleb128 0x2
 170 0050 08       		.byte	0x8
 171 0051 05       		.byte	0x5
 172 0052 49010000 		.4byte	.LASF6
 173 0056 02       		.uleb128 0x2
 174 0057 08       		.byte	0x8
 175 0058 07       		.byte	0x7
 176 0059 AD000000 		.4byte	.LASF7
 177 005d 03       		.uleb128 0x3
 178 005e 04       		.byte	0x4
 179 005f 05       		.byte	0x5
 180 0060 696E7400 		.ascii	"int\000"
 181 0064 02       		.uleb128 0x2
 182 0065 04       		.byte	0x4
 183 0066 07       		.byte	0x7
 184 0067 1F010000 		.4byte	.LASF8
 185 006b 04       		.uleb128 0x4
 186 006c 0D020000 		.4byte	.LASF9
 187 0070 02       		.byte	0x2
 188 0071 C2       		.byte	0xc2
 189 0072 2C000000 		.4byte	0x2c
 190 0076 04       		.uleb128 0x4
ARM GAS  C:\Users\ALEXAN~1\AppData\Local\Temp\ccxYtO0F.s 			page 6


 191 0077 18010000 		.4byte	.LASF10
 192 007b 02       		.byte	0x2
 193 007c C3       		.byte	0xc3
 194 007d 3A000000 		.4byte	0x3a
 195 0081 02       		.uleb128 0x2
 196 0082 04       		.byte	0x4
 197 0083 04       		.byte	0x4
 198 0084 A7000000 		.4byte	.LASF11
 199 0088 02       		.uleb128 0x2
 200 0089 08       		.byte	0x8
 201 008a 04       		.byte	0x4
 202 008b F1000000 		.4byte	.LASF12
 203 008f 02       		.uleb128 0x2
 204 0090 01       		.byte	0x1
 205 0091 08       		.byte	0x8
 206 0092 2C010000 		.4byte	.LASF13
 207 0096 02       		.uleb128 0x2
 208 0097 04       		.byte	0x4
 209 0098 07       		.byte	0x7
 210 0099 40010000 		.4byte	.LASF14
 211 009d 05       		.uleb128 0x5
 212 009e 04       		.byte	0x4
 213 009f 76000000 		.4byte	0x76
 214 00a3 05       		.uleb128 0x5
 215 00a4 04       		.byte	0x4
 216 00a5 A9000000 		.4byte	0xa9
 217 00a9 06       		.uleb128 0x6
 218 00aa 6B000000 		.4byte	0x6b
 219 00ae 07       		.uleb128 0x7
 220 00af 24020000 		.4byte	.LASF15
 221 00b3 01       		.byte	0x1
 222 00b4 2D       		.byte	0x2d
 223 00b5 00000000 		.4byte	.LFB35
 224 00b9 08000000 		.4byte	.LFE35-.LFB35
 225 00bd 01       		.uleb128 0x1
 226 00be 9C       		.byte	0x9c
 227 00bf CD000000 		.4byte	0xcd
 228 00c3 08       		.uleb128 0x8
 229 00c4 06000000 		.4byte	.LVL0
 230 00c8 99010000 		.4byte	0x199
 231 00cc 00       		.byte	0
 232 00cd 07       		.uleb128 0x7
 233 00ce 57010000 		.4byte	.LASF16
 234 00d2 01       		.byte	0x1
 235 00d3 43       		.byte	0x43
 236 00d4 00000000 		.4byte	.LFB36
 237 00d8 48000000 		.4byte	.LFE36-.LFB36
 238 00dc 01       		.uleb128 0x1
 239 00dd 9C       		.byte	0x9c
 240 00de 77010000 		.4byte	0x177
 241 00e2 09       		.uleb128 0x9
 242 00e3 11000000 		.4byte	.LASF17
 243 00e7 01       		.byte	0x1
 244 00e8 45       		.byte	0x45
 245 00e9 6B000000 		.4byte	0x6b
 246 00ed 0A       		.byte	0xa
 247 00ee 0A       		.uleb128 0xa
ARM GAS  C:\Users\ALEXAN~1\AppData\Local\Temp\ccxYtO0F.s 			page 7


 248 00ef 13020000 		.4byte	.LASF18
 249 00f3 01       		.byte	0x1
 250 00f4 46       		.byte	0x46
 251 00f5 77010000 		.4byte	0x177
 252 00f9 00000000 		.4byte	.LLST0
 253 00fd 09       		.uleb128 0x9
 254 00fe 96000000 		.4byte	.LASF19
 255 0102 01       		.byte	0x1
 256 0103 48       		.byte	0x48
 257 0104 6B000000 		.4byte	0x6b
 258 0108 02       		.byte	0x2
 259 0109 09       		.uleb128 0x9
 260 010a 00000000 		.4byte	.LASF20
 261 010e 01       		.byte	0x1
 262 010f 49       		.byte	0x49
 263 0110 76000000 		.4byte	0x76
 264 0114 14       		.byte	0x14
 265 0115 0A       		.uleb128 0xa
 266 0116 06020000 		.4byte	.LASF21
 267 011a 01       		.byte	0x1
 268 011b 4A       		.byte	0x4a
 269 011c 88010000 		.4byte	0x188
 270 0120 44000000 		.4byte	.LLST1
 271 0124 0B       		.uleb128 0xb
 272 0125 6900     		.ascii	"i\000"
 273 0127 01       		.byte	0x1
 274 0128 4C       		.byte	0x4c
 275 0129 76000000 		.4byte	0x76
 276 012d 64000000 		.4byte	.LLST2
 277 0131 0B       		.uleb128 0xb
 278 0132 6A00     		.ascii	"j\000"
 279 0134 01       		.byte	0x1
 280 0135 4D       		.byte	0x4d
 281 0136 76000000 		.4byte	0x76
 282 013a 8E000000 		.4byte	.LLST3
 283 013e 0A       		.uleb128 0xa
 284 013f F8000000 		.4byte	.LASF22
 285 0143 01       		.byte	0x1
 286 0144 4E       		.byte	0x4e
 287 0145 76000000 		.4byte	0x76
 288 0149 B7000000 		.4byte	.LLST4
 289 014d 0C       		.uleb128 0xc
 290 014e 0A000000 		.4byte	.LVL3
 291 0152 A0010000 		.4byte	0x1a0
 292 0156 61010000 		.4byte	0x161
 293 015a 0D       		.uleb128 0xd
 294 015b 01       		.uleb128 0x1
 295 015c 50       		.byte	0x50
 296 015d 02       		.uleb128 0x2
 297 015e 91       		.byte	0x91
 298 015f 5C       		.sleb128 -36
 299 0160 00       		.byte	0
 300 0161 0E       		.uleb128 0xe
 301 0162 44000000 		.4byte	.LVL15
 302 0166 B1010000 		.4byte	0x1b1
 303 016a 0D       		.uleb128 0xd
 304 016b 01       		.uleb128 0x1
ARM GAS  C:\Users\ALEXAN~1\AppData\Local\Temp\ccxYtO0F.s 			page 8


 305 016c 51       		.byte	0x51
 306 016d 01       		.uleb128 0x1
 307 016e 44       		.byte	0x44
 308 016f 0D       		.uleb128 0xd
 309 0170 01       		.uleb128 0x1
 310 0171 50       		.byte	0x50
 311 0172 02       		.uleb128 0x2
 312 0173 7D       		.byte	0x7d
 313 0174 00       		.sleb128 0
 314 0175 00       		.byte	0
 315 0176 00       		.byte	0
 316 0177 0F       		.uleb128 0xf
 317 0178 76000000 		.4byte	0x76
 318 017c 88010000 		.4byte	0x188
 319 0180 10       		.uleb128 0x10
 320 0181 96000000 		.4byte	0x96
 321 0185 01       		.uleb128 0x1
 322 0186 39       		.byte	0x39
 323 0187 00       		.byte	0
 324 0188 0F       		.uleb128 0xf
 325 0189 6B000000 		.4byte	0x6b
 326 018d 99010000 		.4byte	0x199
 327 0191 10       		.uleb128 0x10
 328 0192 96000000 		.4byte	0x96
 329 0196 01       		.uleb128 0x1
 330 0197 43       		.byte	0x43
 331 0198 00       		.byte	0
 332 0199 11       		.uleb128 0x11
 333 019a 31010000 		.4byte	.LASF26
 334 019e 03       		.byte	0x3
 335 019f 54       		.byte	0x54
 336 01a0 12       		.uleb128 0x12
 337 01a1 E4000000 		.4byte	.LASF27
 338 01a5 04       		.byte	0x4
 339 01a6 28       		.byte	0x28
 340 01a7 B1010000 		.4byte	0x1b1
 341 01ab 13       		.uleb128 0x13
 342 01ac 9D000000 		.4byte	0x9d
 343 01b0 00       		.byte	0
 344 01b1 14       		.uleb128 0x14
 345 01b2 06010000 		.4byte	.LASF28
 346 01b6 03       		.byte	0x3
 347 01b7 8C       		.byte	0x8c
 348 01b8 13       		.uleb128 0x13
 349 01b9 A3000000 		.4byte	0xa3
 350 01bd 13       		.uleb128 0x13
 351 01be 6B000000 		.4byte	0x6b
 352 01c2 00       		.byte	0
 353 01c3 00       		.byte	0
 354              		.section	.debug_abbrev,"",%progbits
 355              	.Ldebug_abbrev0:
 356 0000 01       		.uleb128 0x1
 357 0001 11       		.uleb128 0x11
 358 0002 01       		.byte	0x1
 359 0003 25       		.uleb128 0x25
 360 0004 0E       		.uleb128 0xe
 361 0005 13       		.uleb128 0x13
ARM GAS  C:\Users\ALEXAN~1\AppData\Local\Temp\ccxYtO0F.s 			page 9


 362 0006 0B       		.uleb128 0xb
 363 0007 03       		.uleb128 0x3
 364 0008 0E       		.uleb128 0xe
 365 0009 1B       		.uleb128 0x1b
 366 000a 0E       		.uleb128 0xe
 367 000b 55       		.uleb128 0x55
 368 000c 17       		.uleb128 0x17
 369 000d 11       		.uleb128 0x11
 370 000e 01       		.uleb128 0x1
 371 000f 10       		.uleb128 0x10
 372 0010 17       		.uleb128 0x17
 373 0011 00       		.byte	0
 374 0012 00       		.byte	0
 375 0013 02       		.uleb128 0x2
 376 0014 24       		.uleb128 0x24
 377 0015 00       		.byte	0
 378 0016 0B       		.uleb128 0xb
 379 0017 0B       		.uleb128 0xb
 380 0018 3E       		.uleb128 0x3e
 381 0019 0B       		.uleb128 0xb
 382 001a 03       		.uleb128 0x3
 383 001b 0E       		.uleb128 0xe
 384 001c 00       		.byte	0
 385 001d 00       		.byte	0
 386 001e 03       		.uleb128 0x3
 387 001f 24       		.uleb128 0x24
 388 0020 00       		.byte	0
 389 0021 0B       		.uleb128 0xb
 390 0022 0B       		.uleb128 0xb
 391 0023 3E       		.uleb128 0x3e
 392 0024 0B       		.uleb128 0xb
 393 0025 03       		.uleb128 0x3
 394 0026 08       		.uleb128 0x8
 395 0027 00       		.byte	0
 396 0028 00       		.byte	0
 397 0029 04       		.uleb128 0x4
 398 002a 16       		.uleb128 0x16
 399 002b 00       		.byte	0
 400 002c 03       		.uleb128 0x3
 401 002d 0E       		.uleb128 0xe
 402 002e 3A       		.uleb128 0x3a
 403 002f 0B       		.uleb128 0xb
 404 0030 3B       		.uleb128 0x3b
 405 0031 0B       		.uleb128 0xb
 406 0032 49       		.uleb128 0x49
 407 0033 13       		.uleb128 0x13
 408 0034 00       		.byte	0
 409 0035 00       		.byte	0
 410 0036 05       		.uleb128 0x5
 411 0037 0F       		.uleb128 0xf
 412 0038 00       		.byte	0
 413 0039 0B       		.uleb128 0xb
 414 003a 0B       		.uleb128 0xb
 415 003b 49       		.uleb128 0x49
 416 003c 13       		.uleb128 0x13
 417 003d 00       		.byte	0
 418 003e 00       		.byte	0
ARM GAS  C:\Users\ALEXAN~1\AppData\Local\Temp\ccxYtO0F.s 			page 10


 419 003f 06       		.uleb128 0x6
 420 0040 26       		.uleb128 0x26
 421 0041 00       		.byte	0
 422 0042 49       		.uleb128 0x49
 423 0043 13       		.uleb128 0x13
 424 0044 00       		.byte	0
 425 0045 00       		.byte	0
 426 0046 07       		.uleb128 0x7
 427 0047 2E       		.uleb128 0x2e
 428 0048 01       		.byte	0x1
 429 0049 3F       		.uleb128 0x3f
 430 004a 19       		.uleb128 0x19
 431 004b 03       		.uleb128 0x3
 432 004c 0E       		.uleb128 0xe
 433 004d 3A       		.uleb128 0x3a
 434 004e 0B       		.uleb128 0xb
 435 004f 3B       		.uleb128 0x3b
 436 0050 0B       		.uleb128 0xb
 437 0051 27       		.uleb128 0x27
 438 0052 19       		.uleb128 0x19
 439 0053 11       		.uleb128 0x11
 440 0054 01       		.uleb128 0x1
 441 0055 12       		.uleb128 0x12
 442 0056 06       		.uleb128 0x6
 443 0057 40       		.uleb128 0x40
 444 0058 18       		.uleb128 0x18
 445 0059 9742     		.uleb128 0x2117
 446 005b 19       		.uleb128 0x19
 447 005c 01       		.uleb128 0x1
 448 005d 13       		.uleb128 0x13
 449 005e 00       		.byte	0
 450 005f 00       		.byte	0
 451 0060 08       		.uleb128 0x8
 452 0061 898201   		.uleb128 0x4109
 453 0064 00       		.byte	0
 454 0065 11       		.uleb128 0x11
 455 0066 01       		.uleb128 0x1
 456 0067 31       		.uleb128 0x31
 457 0068 13       		.uleb128 0x13
 458 0069 00       		.byte	0
 459 006a 00       		.byte	0
 460 006b 09       		.uleb128 0x9
 461 006c 34       		.uleb128 0x34
 462 006d 00       		.byte	0
 463 006e 03       		.uleb128 0x3
 464 006f 0E       		.uleb128 0xe
 465 0070 3A       		.uleb128 0x3a
 466 0071 0B       		.uleb128 0xb
 467 0072 3B       		.uleb128 0x3b
 468 0073 0B       		.uleb128 0xb
 469 0074 49       		.uleb128 0x49
 470 0075 13       		.uleb128 0x13
 471 0076 1C       		.uleb128 0x1c
 472 0077 0B       		.uleb128 0xb
 473 0078 00       		.byte	0
 474 0079 00       		.byte	0
 475 007a 0A       		.uleb128 0xa
ARM GAS  C:\Users\ALEXAN~1\AppData\Local\Temp\ccxYtO0F.s 			page 11


 476 007b 34       		.uleb128 0x34
 477 007c 00       		.byte	0
 478 007d 03       		.uleb128 0x3
 479 007e 0E       		.uleb128 0xe
 480 007f 3A       		.uleb128 0x3a
 481 0080 0B       		.uleb128 0xb
 482 0081 3B       		.uleb128 0x3b
 483 0082 0B       		.uleb128 0xb
 484 0083 49       		.uleb128 0x49
 485 0084 13       		.uleb128 0x13
 486 0085 02       		.uleb128 0x2
 487 0086 17       		.uleb128 0x17
 488 0087 00       		.byte	0
 489 0088 00       		.byte	0
 490 0089 0B       		.uleb128 0xb
 491 008a 34       		.uleb128 0x34
 492 008b 00       		.byte	0
 493 008c 03       		.uleb128 0x3
 494 008d 08       		.uleb128 0x8
 495 008e 3A       		.uleb128 0x3a
 496 008f 0B       		.uleb128 0xb
 497 0090 3B       		.uleb128 0x3b
 498 0091 0B       		.uleb128 0xb
 499 0092 49       		.uleb128 0x49
 500 0093 13       		.uleb128 0x13
 501 0094 02       		.uleb128 0x2
 502 0095 17       		.uleb128 0x17
 503 0096 00       		.byte	0
 504 0097 00       		.byte	0
 505 0098 0C       		.uleb128 0xc
 506 0099 898201   		.uleb128 0x4109
 507 009c 01       		.byte	0x1
 508 009d 11       		.uleb128 0x11
 509 009e 01       		.uleb128 0x1
 510 009f 31       		.uleb128 0x31
 511 00a0 13       		.uleb128 0x13
 512 00a1 01       		.uleb128 0x1
 513 00a2 13       		.uleb128 0x13
 514 00a3 00       		.byte	0
 515 00a4 00       		.byte	0
 516 00a5 0D       		.uleb128 0xd
 517 00a6 8A8201   		.uleb128 0x410a
 518 00a9 00       		.byte	0
 519 00aa 02       		.uleb128 0x2
 520 00ab 18       		.uleb128 0x18
 521 00ac 9142     		.uleb128 0x2111
 522 00ae 18       		.uleb128 0x18
 523 00af 00       		.byte	0
 524 00b0 00       		.byte	0
 525 00b1 0E       		.uleb128 0xe
 526 00b2 898201   		.uleb128 0x4109
 527 00b5 01       		.byte	0x1
 528 00b6 11       		.uleb128 0x11
 529 00b7 01       		.uleb128 0x1
 530 00b8 31       		.uleb128 0x31
 531 00b9 13       		.uleb128 0x13
 532 00ba 00       		.byte	0
ARM GAS  C:\Users\ALEXAN~1\AppData\Local\Temp\ccxYtO0F.s 			page 12


 533 00bb 00       		.byte	0
 534 00bc 0F       		.uleb128 0xf
 535 00bd 01       		.uleb128 0x1
 536 00be 01       		.byte	0x1
 537 00bf 49       		.uleb128 0x49
 538 00c0 13       		.uleb128 0x13
 539 00c1 01       		.uleb128 0x1
 540 00c2 13       		.uleb128 0x13
 541 00c3 00       		.byte	0
 542 00c4 00       		.byte	0
 543 00c5 10       		.uleb128 0x10
 544 00c6 21       		.uleb128 0x21
 545 00c7 00       		.byte	0
 546 00c8 49       		.uleb128 0x49
 547 00c9 13       		.uleb128 0x13
 548 00ca 2F       		.uleb128 0x2f
 549 00cb 18       		.uleb128 0x18
 550 00cc 00       		.byte	0
 551 00cd 00       		.byte	0
 552 00ce 11       		.uleb128 0x11
 553 00cf 2E       		.uleb128 0x2e
 554 00d0 00       		.byte	0
 555 00d1 3F       		.uleb128 0x3f
 556 00d2 19       		.uleb128 0x19
 557 00d3 03       		.uleb128 0x3
 558 00d4 0E       		.uleb128 0xe
 559 00d5 3A       		.uleb128 0x3a
 560 00d6 0B       		.uleb128 0xb
 561 00d7 3B       		.uleb128 0x3b
 562 00d8 0B       		.uleb128 0xb
 563 00d9 27       		.uleb128 0x27
 564 00da 19       		.uleb128 0x19
 565 00db 3C       		.uleb128 0x3c
 566 00dc 19       		.uleb128 0x19
 567 00dd 00       		.byte	0
 568 00de 00       		.byte	0
 569 00df 12       		.uleb128 0x12
 570 00e0 2E       		.uleb128 0x2e
 571 00e1 01       		.byte	0x1
 572 00e2 3F       		.uleb128 0x3f
 573 00e3 19       		.uleb128 0x19
 574 00e4 03       		.uleb128 0x3
 575 00e5 0E       		.uleb128 0xe
 576 00e6 3A       		.uleb128 0x3a
 577 00e7 0B       		.uleb128 0xb
 578 00e8 3B       		.uleb128 0x3b
 579 00e9 0B       		.uleb128 0xb
 580 00ea 27       		.uleb128 0x27
 581 00eb 19       		.uleb128 0x19
 582 00ec 3C       		.uleb128 0x3c
 583 00ed 19       		.uleb128 0x19
 584 00ee 01       		.uleb128 0x1
 585 00ef 13       		.uleb128 0x13
 586 00f0 00       		.byte	0
 587 00f1 00       		.byte	0
 588 00f2 13       		.uleb128 0x13
 589 00f3 05       		.uleb128 0x5
ARM GAS  C:\Users\ALEXAN~1\AppData\Local\Temp\ccxYtO0F.s 			page 13


 590 00f4 00       		.byte	0
 591 00f5 49       		.uleb128 0x49
 592 00f6 13       		.uleb128 0x13
 593 00f7 00       		.byte	0
 594 00f8 00       		.byte	0
 595 00f9 14       		.uleb128 0x14
 596 00fa 2E       		.uleb128 0x2e
 597 00fb 01       		.byte	0x1
 598 00fc 3F       		.uleb128 0x3f
 599 00fd 19       		.uleb128 0x19
 600 00fe 03       		.uleb128 0x3
 601 00ff 0E       		.uleb128 0xe
 602 0100 3A       		.uleb128 0x3a
 603 0101 0B       		.uleb128 0xb
 604 0102 3B       		.uleb128 0x3b
 605 0103 0B       		.uleb128 0xb
 606 0104 27       		.uleb128 0x27
 607 0105 19       		.uleb128 0x19
 608 0106 3C       		.uleb128 0x3c
 609 0107 19       		.uleb128 0x19
 610 0108 00       		.byte	0
 611 0109 00       		.byte	0
 612 010a 00       		.byte	0
 613              		.section	.debug_loc,"",%progbits
 614              	.Ldebug_loc0:
 615              	.LLST0:
 616 0000 04000000 		.4byte	.LVL1
 617 0004 06000000 		.4byte	.LVL2
 618 0008 0200     		.2byte	0x2
 619 000a 91       		.byte	0x91
 620 000b 5C       		.sleb128 -36
 621 000c 06000000 		.4byte	.LVL2
 622 0010 09000000 		.4byte	.LVL3-1
 623 0014 0200     		.2byte	0x2
 624 0016 70       		.byte	0x70
 625 0017 00       		.sleb128 0
 626 0018 09000000 		.4byte	.LVL3-1
 627 001c 16000000 		.4byte	.LVL6
 628 0020 0200     		.2byte	0x2
 629 0022 91       		.byte	0x91
 630 0023 5C       		.sleb128 -36
 631 0024 16000000 		.4byte	.LVL6
 632 0028 18000000 		.4byte	.LVL7
 633 002c 0200     		.2byte	0x2
 634 002e 71       		.byte	0x71
 635 002f 00       		.sleb128 0
 636 0030 18000000 		.4byte	.LVL7
 637 0034 48000000 		.4byte	.LFE36
 638 0038 0200     		.2byte	0x2
 639 003a 91       		.byte	0x91
 640 003b 5C       		.sleb128 -36
 641 003c 00000000 		.4byte	0
 642 0040 00000000 		.4byte	0
 643              	.LLST1:
 644 0044 04000000 		.4byte	.LVL1
 645 0048 46000000 		.4byte	.LVL16
 646 004c 0200     		.2byte	0x2
ARM GAS  C:\Users\ALEXAN~1\AppData\Local\Temp\ccxYtO0F.s 			page 14


 647 004e 7D       		.byte	0x7d
 648 004f 00       		.sleb128 0
 649 0050 46000000 		.4byte	.LVL16
 650 0054 48000000 		.4byte	.LFE36
 651 0058 0200     		.2byte	0x2
 652 005a 91       		.byte	0x91
 653 005b 48       		.sleb128 -56
 654 005c 00000000 		.4byte	0
 655 0060 00000000 		.4byte	0
 656              	.LLST2:
 657 0064 0A000000 		.4byte	.LVL3
 658 0068 10000000 		.4byte	.LVL4
 659 006c 0200     		.2byte	0x2
 660 006e 30       		.byte	0x30
 661 006f 9F       		.byte	0x9f
 662 0070 10000000 		.4byte	.LVL4
 663 0074 36000000 		.4byte	.LVL12
 664 0078 0100     		.2byte	0x1
 665 007a 50       		.byte	0x50
 666 007b 38000000 		.4byte	.LVL13
 667 007f 3E000000 		.4byte	.LVL14
 668 0083 0100     		.2byte	0x1
 669 0085 50       		.byte	0x50
 670 0086 00000000 		.4byte	0
 671 008a 00000000 		.4byte	0
 672              	.LLST3:
 673 008e 10000000 		.4byte	.LVL4
 674 0092 28000000 		.4byte	.LVL8
 675 0096 0100     		.2byte	0x1
 676 0098 53       		.byte	0x53
 677 0099 2A000000 		.4byte	.LVL9
 678 009d 2E000000 		.4byte	.LVL10
 679 00a1 0100     		.2byte	0x1
 680 00a3 53       		.byte	0x53
 681 00a4 30000000 		.4byte	.LVL11
 682 00a8 38000000 		.4byte	.LVL13
 683 00ac 0100     		.2byte	0x1
 684 00ae 53       		.byte	0x53
 685 00af 00000000 		.4byte	0
 686 00b3 00000000 		.4byte	0
 687              	.LLST4:
 688 00b7 04000000 		.4byte	.LVL1
 689 00bb 10000000 		.4byte	.LVL4
 690 00bf 0200     		.2byte	0x2
 691 00c1 30       		.byte	0x30
 692 00c2 9F       		.byte	0x9f
 693 00c3 10000000 		.4byte	.LVL4
 694 00c7 12000000 		.4byte	.LVL5
 695 00cb 0100     		.2byte	0x1
 696 00cd 54       		.byte	0x54
 697 00ce 12000000 		.4byte	.LVL5
 698 00d2 2E000000 		.4byte	.LVL10
 699 00d6 0100     		.2byte	0x1
 700 00d8 55       		.byte	0x55
 701 00d9 2E000000 		.4byte	.LVL10
 702 00dd 46000000 		.4byte	.LVL17
 703 00e1 0100     		.2byte	0x1
ARM GAS  C:\Users\ALEXAN~1\AppData\Local\Temp\ccxYtO0F.s 			page 15


 704 00e3 54       		.byte	0x54
 705 00e4 00000000 		.4byte	0
 706 00e8 00000000 		.4byte	0
 707              		.section	.debug_aranges,"",%progbits
 708 0000 24000000 		.4byte	0x24
 709 0004 0200     		.2byte	0x2
 710 0006 00000000 		.4byte	.Ldebug_info0
 711 000a 04       		.byte	0x4
 712 000b 00       		.byte	0
 713 000c 0000     		.2byte	0
 714 000e 0000     		.2byte	0
 715 0010 00000000 		.4byte	.LFB35
 716 0014 08000000 		.4byte	.LFE35-.LFB35
 717 0018 00000000 		.4byte	.LFB36
 718 001c 48000000 		.4byte	.LFE36-.LFB36
 719 0020 00000000 		.4byte	0
 720 0024 00000000 		.4byte	0
 721              		.section	.debug_ranges,"",%progbits
 722              	.Ldebug_ranges0:
 723 0000 00000000 		.4byte	.LFB35
 724 0004 08000000 		.4byte	.LFE35
 725 0008 00000000 		.4byte	.LFB36
 726 000c 48000000 		.4byte	.LFE36
 727 0010 00000000 		.4byte	0
 728 0014 00000000 		.4byte	0
 729              		.section	.debug_line,"",%progbits
 730              	.Ldebug_line0:
 731 0000 AE000000 		.section	.debug_str,"MS",%progbits,1
 731      02006000 
 731      00000201 
 731      FB0E0D00 
 731      01010101 
 732              	.LASF20:
 733 0000 6E756D42 		.ascii	"numBytes_AllData\000"
 733      79746573 
 733      5F416C6C 
 733      44617461 
 733      00
 734              	.LASF17:
 735 0011 6E756D5F 		.ascii	"num_EnabledSensors\000"
 735      456E6162 
 735      6C656453 
 735      656E736F 
 735      727300
 736              	.LASF3:
 737 0024 73686F72 		.ascii	"short unsigned int\000"
 737      7420756E 
 737      7369676E 
 737      65642069 
 737      6E7400
 738              	.LASF25:
 739 0037 433A5C55 		.ascii	"C:\\Users\\Alexandre\\Documents\\GitHub\\CoRo_PW_PS"
 739      73657273 
 739      5C416C65 
 739      78616E64 
 739      72655C44 
 740 0065 4F435C50 		.ascii	"OC\\PSOC_CapSense_2_BLE\\PSOC_CapSense_2_BLE.cydsn\000"
ARM GAS  C:\Users\ALEXAN~1\AppData\Local\Temp\ccxYtO0F.s 			page 16


 740      534F435F 
 740      43617053 
 740      656E7365 
 740      5F325F42 
 741              	.LASF19:
 742 0096 6E756D42 		.ascii	"numBytes_OneData\000"
 742      79746573 
 742      5F4F6E65 
 742      44617461 
 742      00
 743              	.LASF11:
 744 00a7 666C6F61 		.ascii	"float\000"
 744      7400
 745              	.LASF7:
 746 00ad 6C6F6E67 		.ascii	"long long unsigned int\000"
 746      206C6F6E 
 746      6720756E 
 746      7369676E 
 746      65642069 
 747              	.LASF1:
 748 00c4 756E7369 		.ascii	"unsigned char\000"
 748      676E6564 
 748      20636861 
 748      7200
 749              	.LASF5:
 750 00d2 6C6F6E67 		.ascii	"long unsigned int\000"
 750      20756E73 
 750      69676E65 
 750      6420696E 
 750      7400
 751              	.LASF27:
 752 00e4 706F704F 		.ascii	"popOutVector\000"
 752      75745665 
 752      63746F72 
 752      00
 753              	.LASF12:
 754 00f1 646F7562 		.ascii	"double\000"
 754      6C6500
 755              	.LASF22:
 756 00f8 61727261 		.ascii	"arrayIterator\000"
 756      79497465 
 756      7261746F 
 756      7200
 757              	.LASF28:
 758 0106 5553425F 		.ascii	"USB_UART_PutArray\000"
 758      55415254 
 758      5F507574 
 758      41727261 
 758      7900
 759              	.LASF10:
 760 0118 75696E74 		.ascii	"uint16\000"
 760      313600
 761              	.LASF8:
 762 011f 756E7369 		.ascii	"unsigned int\000"
 762      676E6564 
 762      20696E74 
 762      00
ARM GAS  C:\Users\ALEXAN~1\AppData\Local\Temp\ccxYtO0F.s 			page 17


 763              	.LASF13:
 764 012c 63686172 		.ascii	"char\000"
 764      00
 765              	.LASF26:
 766 0131 5553425F 		.ascii	"USB_UART_Start\000"
 766      55415254 
 766      5F537461 
 766      727400
 767              	.LASF14:
 768 0140 73697A65 		.ascii	"sizetype\000"
 768      74797065 
 768      00
 769              	.LASF6:
 770 0149 6C6F6E67 		.ascii	"long long int\000"
 770      206C6F6E 
 770      6720696E 
 770      7400
 771              	.LASF16:
 772 0157 5F554152 		.ascii	"_UART_sendCapSenseData\000"
 772      545F7365 
 772      6E644361 
 772      7053656E 
 772      73654461 
 773              	.LASF23:
 774 016e 474E5520 		.ascii	"GNU C 4.9.3 20150303 (release) [ARM/embedded-4_9-br"
 774      4320342E 
 774      392E3320 
 774      32303135 
 774      30333033 
 775 01a1 616E6368 		.ascii	"anch revision 221220] -mcpu=cortex-m0 -mthumb -g -O"
 775      20726576 
 775      6973696F 
 775      6E203232 
 775      31323230 
 776 01d4 67202D66 		.ascii	"g -ffunction-sections -ffat-lto-objects\000"
 776      66756E63 
 776      74696F6E 
 776      2D736563 
 776      74696F6E 
 777              	.LASF2:
 778 01fc 73686F72 		.ascii	"short int\000"
 778      7420696E 
 778      7400
 779              	.LASF21:
 780 0206 62756666 		.ascii	"buffer\000"
 780      657200
 781              	.LASF9:
 782 020d 75696E74 		.ascii	"uint8\000"
 782      3800
 783              	.LASF18:
 784 0213 72617744 		.ascii	"rawData\000"
 784      61746100 
 785              	.LASF4:
 786 021b 6C6F6E67 		.ascii	"long int\000"
 786      20696E74 
 786      00
 787              	.LASF15:
ARM GAS  C:\Users\ALEXAN~1\AppData\Local\Temp\ccxYtO0F.s 			page 18


 788 0224 5F554152 		.ascii	"_UART_Init\000"
 788      545F496E 
 788      697400
 789              	.LASF0:
 790 022f 7369676E 		.ascii	"signed char\000"
 790      65642063 
 790      68617200 
 791              	.LASF24:
 792 023b 2E5C5F55 		.ascii	".\\_UART.c\000"
 792      4152542E 
 792      6300
 793              		.ident	"GCC: (GNU Tools for ARM Embedded Processors) 4.9.3 20150303 (release) [ARM/embedded-4_9-br
