ARM GAS  C:\Users\ALEXAN~1\AppData\Local\Temp\cceBIuwE.s 			page 1


   1              		.cpu cortex-m0
   2              		.fpu softvfp
   3              		.eabi_attribute 20, 1
   4              		.eabi_attribute 21, 1
   5              		.eabi_attribute 23, 3
   6              		.eabi_attribute 24, 1
   7              		.eabi_attribute 25, 1
   8              		.eabi_attribute 26, 1
   9              		.eabi_attribute 30, 1
  10              		.eabi_attribute 34, 0
  11              		.eabi_attribute 18, 4
  12              		.code	16
  13              		.file	"_Watchdog.c"
  14              		.text
  15              	.Ltext0:
  16              		.cfi_sections	.debug_frame
  17              		.section	.text._Watchdog_Handler,"ax",%progbits
  18              		.align	2
  19              		.global	_Watchdog_Handler
  20              		.code	16
  21              		.thumb_func
  22              		.type	_Watchdog_Handler, %function
  23              	_Watchdog_Handler:
  24              	.LFB38:
  25              		.file 1 ".\\_Watchdog.c"
   1:.\_Watchdog.c **** /****************************************************************************
   2:.\_Watchdog.c **** *
   3:.\_Watchdog.c **** * Project Name		: PSoC CapSense 2 BLE
   4:.\_Watchdog.c **** *
   5:.\_Watchdog.c **** * File Name			: _Watchdog.c
   6:.\_Watchdog.c **** * Version 			: 1.0
   7:.\_Watchdog.c **** *
   8:.\_Watchdog.c **** * Device Used		: CY8C4247LQI-BL483
   9:.\_Watchdog.c **** * Software Used		: PSoC Creator 3.3
  10:.\_Watchdog.c **** * Compiler    		: ARM GCC 4.8.4, ARM MDK Generic
  11:.\_Watchdog.c **** * Related Hardware	: CY8CKIT-042-BLE Bluetooth Low Energy Pioneer Kit 
  12:.\_Watchdog.c **** *
  13:.\_Watchdog.c **** * Owner             : A. BERNIER
  14:.\_Watchdog.c **** *
  15:.\_Watchdog.c **** *****************************************************************************/
  16:.\_Watchdog.c **** 
  17:.\_Watchdog.c **** 
  18:.\_Watchdog.c **** /*****************************************************************************
  19:.\_Watchdog.c **** * Included headers
  20:.\_Watchdog.c **** *****************************************************************************/
  21:.\_Watchdog.c **** #include "_Watchdog.h"
  22:.\_Watchdog.c **** #include "_BLE.h"
  23:.\_Watchdog.c **** #include "LowPowerMode.h"
  24:.\_Watchdog.c **** #include "_LED.h"
  25:.\_Watchdog.c **** 
  26:.\_Watchdog.c **** 
  27:.\_Watchdog.c **** /*****************************************************************************
  28:.\_Watchdog.c **** * Function Name: _Watchdog_Init()
  29:.\_Watchdog.c **** ******************************************************************************
  30:.\_Watchdog.c **** * Summary:
  31:.\_Watchdog.c **** *   Initialize the watchdog.
  32:.\_Watchdog.c **** *
ARM GAS  C:\Users\ALEXAN~1\AppData\Local\Temp\cceBIuwE.s 			page 2


  33:.\_Watchdog.c **** * Parameters:
  34:.\_Watchdog.c **** *   None.
  35:.\_Watchdog.c **** *
  36:.\_Watchdog.c **** * Return:
  37:.\_Watchdog.c **** *   None.
  38:.\_Watchdog.c **** *
  39:.\_Watchdog.c **** * Note:
  40:.\_Watchdog.c **** *
  41:.\_Watchdog.c **** *****************************************************************************/
  42:.\_Watchdog.c **** void _Watchdog_Init(void)
  43:.\_Watchdog.c **** {
  44:.\_Watchdog.c ****     // Unlock the WDT registers for modification.
  45:.\_Watchdog.c **** 	CySysWdtUnlock();
  46:.\_Watchdog.c ****     
  47:.\_Watchdog.c ****     // Write Mode for Counters as Interrupt on Match.
  48:.\_Watchdog.c ****     CySysWdtWriteMode(CY_SYS_WDT_COUNTER0, CY_SYS_WDT_MODE_INT);
  49:.\_Watchdog.c ****     CySysWdtWriteMode(CY_SYS_WDT_COUNTER1, CY_SYS_WDT_MODE_INT);
  50:.\_Watchdog.c ****     
  51:.\_Watchdog.c ****     // Set Clear on Match for Counters.
  52:.\_Watchdog.c **** 	CySysWdtWriteClearOnMatch(CY_SYS_WDT_COUNTER0, TRUE);
  53:.\_Watchdog.c ****     CySysWdtWriteClearOnMatch(CY_SYS_WDT_COUNTER1, TRUE);
  54:.\_Watchdog.c ****     
  55:.\_Watchdog.c ****     // Set Watchdog interrupt to lower priority.
  56:.\_Watchdog.c **** 	CyIntSetPriority(WATCHDOG_INT_VEC_NUM, WATCHDOG_INT_VEC_PRIORITY);
  57:.\_Watchdog.c ****     
  58:.\_Watchdog.c ****     // Enable Watchdog Interrupt using Interrupt number.
  59:.\_Watchdog.c ****     CyIntEnable(WATCHDOG_INT_VEC_NUM);
  60:.\_Watchdog.c ****     
  61:.\_Watchdog.c ****     // Write the match value in Counters.
  62:.\_Watchdog.c **** 	CySysWdtWriteMatch(CY_SYS_WDT_COUNTER0, WATCHDOG_COUNTER0_PERIOD);
  63:.\_Watchdog.c ****     CySysWdtWriteMatch(CY_SYS_WDT_COUNTER1, WATCHDOG_COUNTER1_PERIOD);
  64:.\_Watchdog.c ****     
  65:.\_Watchdog.c ****     // Enable Counters.
  66:.\_Watchdog.c ****     CySysWdtEnable(CY_SYS_WDT_COUNTER0_MASK);
  67:.\_Watchdog.c ****     CySysWdtEnable(CY_SYS_WDT_COUNTER1_MASK);
  68:.\_Watchdog.c **** 	
  69:.\_Watchdog.c **** 	// Lock Watchdog to prevent further changes.
  70:.\_Watchdog.c ****     CySysWdtLock();
  71:.\_Watchdog.c ****     
  72:.\_Watchdog.c ****     // Set the Watchdog Interrupt vector to the address of Interrupt routine 
  73:.\_Watchdog.c **** 	// _Watchdog_Handler.
  74:.\_Watchdog.c **** 	CyIntSetVector(WATCHDOG_INT_VEC_NUM, &_Watchdog_Handler);
  75:.\_Watchdog.c **** }
  76:.\_Watchdog.c **** 
  77:.\_Watchdog.c **** 
  78:.\_Watchdog.c **** /*****************************************************************************
  79:.\_Watchdog.c **** * Function Name: _Watchdog_Pause()
  80:.\_Watchdog.c **** ******************************************************************************
  81:.\_Watchdog.c **** * Summary:
  82:.\_Watchdog.c **** *   Disable the watchdog interrupt.
  83:.\_Watchdog.c **** *
  84:.\_Watchdog.c **** * Parameters:
  85:.\_Watchdog.c **** *   None.
  86:.\_Watchdog.c **** *
  87:.\_Watchdog.c **** * Return:
  88:.\_Watchdog.c **** *   None.
  89:.\_Watchdog.c **** *
ARM GAS  C:\Users\ALEXAN~1\AppData\Local\Temp\cceBIuwE.s 			page 3


  90:.\_Watchdog.c **** * Note:
  91:.\_Watchdog.c **** *
  92:.\_Watchdog.c **** *****************************************************************************/
  93:.\_Watchdog.c **** void _Watchdog_PauseInt(void)
  94:.\_Watchdog.c **** {
  95:.\_Watchdog.c ****     CyIntDisable(WATCHDOG_INT_VEC_NUM);
  96:.\_Watchdog.c **** }
  97:.\_Watchdog.c **** 
  98:.\_Watchdog.c **** 
  99:.\_Watchdog.c **** /*****************************************************************************
 100:.\_Watchdog.c **** * Function Name: _Watchdog_Resume()
 101:.\_Watchdog.c **** ******************************************************************************
 102:.\_Watchdog.c **** * Summary:
 103:.\_Watchdog.c **** *   Enable the watchdog interrupt.
 104:.\_Watchdog.c **** *
 105:.\_Watchdog.c **** * Parameters:
 106:.\_Watchdog.c **** *   None.
 107:.\_Watchdog.c **** *
 108:.\_Watchdog.c **** * Return:
 109:.\_Watchdog.c **** *   None.
 110:.\_Watchdog.c **** *
 111:.\_Watchdog.c **** * Note:
 112:.\_Watchdog.c **** *
 113:.\_Watchdog.c **** *****************************************************************************/
 114:.\_Watchdog.c **** void _Watchdog_ResumeInt(void)
 115:.\_Watchdog.c **** {
 116:.\_Watchdog.c ****     CyIntEnable(WATCHDOG_INT_VEC_NUM);
 117:.\_Watchdog.c **** }
 118:.\_Watchdog.c **** 
 119:.\_Watchdog.c **** 
 120:.\_Watchdog.c **** /*****************************************************************************
 121:.\_Watchdog.c **** * Function Name: _Watchdog_Handler()
 122:.\_Watchdog.c **** ******************************************************************************
 123:.\_Watchdog.c **** * Summary:
 124:.\_Watchdog.c **** *   Watchdog interrupt routine.
 125:.\_Watchdog.c **** *
 126:.\_Watchdog.c **** * Parameters:
 127:.\_Watchdog.c **** *   None.
 128:.\_Watchdog.c **** *
 129:.\_Watchdog.c **** * Return:
 130:.\_Watchdog.c **** *   None.
 131:.\_Watchdog.c **** *
 132:.\_Watchdog.c **** * Note:
 133:.\_Watchdog.c **** *
 134:.\_Watchdog.c **** *****************************************************************************/
 135:.\_Watchdog.c **** void _Watchdog_Handler(void)
 136:.\_Watchdog.c **** {
  26              		.loc 1 136 0
  27              		.cfi_startproc
  28 0000 10B5     		push	{r4, lr}
  29              		.cfi_def_cfa_offset 8
  30              		.cfi_offset 4, -8
  31              		.cfi_offset 14, -4
 137:.\_Watchdog.c ****     // If the Interrupt source is Counter 0 match, then process.
 138:.\_Watchdog.c **** 	if(CySysWdtGetInterruptSource() & CY_SYS_WDT_COUNTER0_INT)
  32              		.loc 1 138 0
  33 0002 FFF7FEFF 		bl	CySysWdtGetInterruptSource
ARM GAS  C:\Users\ALEXAN~1\AppData\Local\Temp\cceBIuwE.s 			page 4


  34              	.LVL0:
  35 0006 4307     		lsl	r3, r0, #29
  36 0008 1BD5     		bpl	.L2
 139:.\_Watchdog.c **** 	{
 140:.\_Watchdog.c ****         // Clear Watchdog Interrupt from Counter 0.
 141:.\_Watchdog.c **** 		CySysWdtClearInterrupt(CY_SYS_WDT_COUNTER0_INT);
  37              		.loc 1 141 0
  38 000a 0420     		mov	r0, #4
  39 000c FFF7FEFF 		bl	CySysWdtClearInterrupt
  40              	.LVL1:
 142:.\_Watchdog.c ****         
 143:.\_Watchdog.c ****         /********************************************************************/
 144:.\_Watchdog.c ****         
 145:.\_Watchdog.c ****         
 146:.\_Watchdog.c ****         
 147:.\_Watchdog.c ****         /********************************************************************/
 148:.\_Watchdog.c ****         
 149:.\_Watchdog.c ****         // Unlock the WDT registers for modification.
 150:.\_Watchdog.c **** 		CySysWdtUnlock();
  41              		.loc 1 150 0
  42 0010 FFF7FEFF 		bl	CySysWdtUnlock
  43              	.LVL2:
 151:.\_Watchdog.c **** 		
 152:.\_Watchdog.c **** 		// Disable Counter 0 to allow modifications.
 153:.\_Watchdog.c **** 		CySysWdtDisable(CY_SYS_WDT_COUNTER0_MASK);
  44              		.loc 1 153 0
  45 0014 0120     		mov	r0, #1
  46 0016 FFF7FEFF 		bl	CySysWdtDisable
  47              	.LVL3:
 154:.\_Watchdog.c **** 		
 155:.\_Watchdog.c **** 		// Reset Counter 0 and give ~3 LFCLK cycles to take effect.
 156:.\_Watchdog.c **** 		CySysWdtResetCounters(CY_SYS_WDT_COUNTER0_RESET);
  48              		.loc 1 156 0
  49 001a 0820     		mov	r0, #8
  50 001c FFF7FEFF 		bl	CySysWdtResetCounters
  51              	.LVL4:
 157:.\_Watchdog.c **** 		CyDelayUs(WATCHDOG_REG_UPDATE_WAIT_TIME);
  52              		.loc 1 157 0
  53 0020 6420     		mov	r0, #100
  54 0022 FFF7FEFF 		bl	CyDelayUs
  55              	.LVL5:
 158:.\_Watchdog.c **** 		
 159:.\_Watchdog.c **** 		// Write the Counter 0 match value for 20 millisecond and give 
 160:.\_Watchdog.c **** 		// ~3 LFCLK cycles to take effect.
 161:.\_Watchdog.c **** 		CySysWdtWriteMatch(CY_SYS_WDT_COUNTER0, WATCHDOG_COUNTER0_PERIOD);
  56              		.loc 1 161 0
  57 0026 0020     		mov	r0, #0
  58 0028 8421     		mov	r1, #132
  59 002a 8900     		lsl	r1, r1, #2
  60 002c FFF7FEFF 		bl	CySysWdtSetMatch
  61              	.LVL6:
 162:.\_Watchdog.c **** 		CyDelayUs(WATCHDOG_REG_UPDATE_WAIT_TIME);
  62              		.loc 1 162 0
  63 0030 6420     		mov	r0, #100
  64 0032 FFF7FEFF 		bl	CyDelayUs
  65              	.LVL7:
 163:.\_Watchdog.c **** 		
ARM GAS  C:\Users\ALEXAN~1\AppData\Local\Temp\cceBIuwE.s 			page 5


 164:.\_Watchdog.c **** 		// Enable Watchdog Counter 0.
 165:.\_Watchdog.c **** 		CySysWdtEnable(CY_SYS_WDT_COUNTER0_MASK);
  66              		.loc 1 165 0
  67 0036 0120     		mov	r0, #1
  68 0038 FFF7FEFF 		bl	CySysWdtEnable
  69              	.LVL8:
 166:.\_Watchdog.c **** 		
 167:.\_Watchdog.c **** 		// Lock Watchdog to prevent any further change.
 168:.\_Watchdog.c **** 	    CySysWdtLock();
  70              		.loc 1 168 0
  71 003c FFF7FEFF 		bl	CySysWdtLock
  72              	.LVL9:
  73 0040 5DE0     		b	.L1
  74              	.L2:
 169:.\_Watchdog.c ****     }
 170:.\_Watchdog.c ****     
 171:.\_Watchdog.c ****     // If the Interrupt source is Counter 1 match, then process.
 172:.\_Watchdog.c **** 	else if(CySysWdtGetInterruptSource() & CY_SYS_WDT_COUNTER1_INT)
  75              		.loc 1 172 0
  76 0042 FFF7FEFF 		bl	CySysWdtGetInterruptSource
  77              	.LVL10:
  78 0046 4305     		lsl	r3, r0, #21
  79 0048 59D5     		bpl	.L1
  80              	.LBB2:
 173:.\_Watchdog.c **** 	{
 174:.\_Watchdog.c ****         // Clear Watchdog Interrupt from Counter 0.
 175:.\_Watchdog.c **** 		CySysWdtClearInterrupt(CY_SYS_WDT_COUNTER1_INT);
  81              		.loc 1 175 0
  82 004a 8020     		mov	r0, #128
  83 004c C000     		lsl	r0, r0, #3
  84 004e FFF7FEFF 		bl	CySysWdtClearInterrupt
  85              	.LVL11:
 176:.\_Watchdog.c ****         
 177:.\_Watchdog.c ****         /********************************************************************/
 178:.\_Watchdog.c ****         
 179:.\_Watchdog.c ****         // Stores the previous state of the BLE module.
 180:.\_Watchdog.c ****         static uint8 previousState = 0xFF;
 181:.\_Watchdog.c ****         
 182:.\_Watchdog.c ****         // If in advertising mode, flash the LED.
 183:.\_Watchdog.c ****          if(CyBle_GetState() == CYBLE_STATE_ADVERTISING) {
  86              		.loc 1 183 0
  87 0052 2B4B     		ldr	r3, .L9
  88 0054 1B78     		ldrb	r3, [r3]
  89 0056 032B     		cmp	r3, #3
  90 0058 11D1     		bne	.L4
 184:.\_Watchdog.c ****             previousState = CYBLE_STATE_ADVERTISING;
  91              		.loc 1 184 0
  92 005a 0322     		mov	r2, #3
  93 005c 294B     		ldr	r3, .L9+4
  94 005e 1A70     		strb	r2, [r3]
 185:.\_Watchdog.c ****             
 186:.\_Watchdog.c ****             if(_LED_Green_On)
  95              		.loc 1 186 0
  96 0060 294B     		ldr	r3, .L9+8
  97 0062 1B78     		ldrb	r3, [r3]
  98 0064 002B     		cmp	r3, #0
  99 0066 05D0     		beq	.L5
ARM GAS  C:\Users\ALEXAN~1\AppData\Local\Temp\cceBIuwE.s 			page 6


 187:.\_Watchdog.c ****                 _LED_TurnOffLED(FALSE, TRUE, FALSE);
 100              		.loc 1 187 0
 101 0068 0020     		mov	r0, #0
 102 006a 0121     		mov	r1, #1
 103 006c 0022     		mov	r2, #0
 104 006e FFF7FEFF 		bl	_LED_TurnOffLED
 105              	.LVL12:
 106 0072 04E0     		b	.L4
 107              	.L5:
 188:.\_Watchdog.c ****             else
 189:.\_Watchdog.c ****                 _LED_TurnOnLED(FALSE, TRUE, FALSE);
 108              		.loc 1 189 0
 109 0074 0020     		mov	r0, #0
 110 0076 0121     		mov	r1, #1
 111 0078 0022     		mov	r2, #0
 112 007a FFF7FEFF 		bl	_LED_TurnOnLED
 113              	.LVL13:
 114              	.L4:
 190:.\_Watchdog.c ****         }
 191:.\_Watchdog.c ****         
 192:.\_Watchdog.c ****         // If state changed, turn all the LEDs off.
 193:.\_Watchdog.c ****         if (CyBle_GetState() != previousState)
 115              		.loc 1 193 0
 116 007e 204B     		ldr	r3, .L9
 117 0080 1B78     		ldrb	r3, [r3]
 118 0082 204A     		ldr	r2, .L9+4
 119 0084 1278     		ldrb	r2, [r2]
 120 0086 9342     		cmp	r3, r2
 121 0088 05D0     		beq	.L6
 194:.\_Watchdog.c ****             _LED_TurnOffLED(TRUE, TRUE, TRUE);
 122              		.loc 1 194 0
 123 008a 0120     		mov	r0, #1
 124 008c 0121     		mov	r1, #1
 125 008e 0122     		mov	r2, #1
 126 0090 FFF7FEFF 		bl	_LED_TurnOffLED
 127              	.LVL14:
 128 0094 19E0     		b	.L7
 129              	.L6:
 195:.\_Watchdog.c ****         
 196:.\_Watchdog.c ****         // If disconnected, turn all the LEDs off.
 197:.\_Watchdog.c ****         else if(CyBle_GetState() == CYBLE_STATE_DISCONNECTED) {
 130              		.loc 1 197 0
 131 0096 042B     		cmp	r3, #4
 132 0098 08D1     		bne	.L8
 198:.\_Watchdog.c ****             previousState = CYBLE_STATE_DISCONNECTED;
 133              		.loc 1 198 0
 134 009a 0422     		mov	r2, #4
 135 009c 194B     		ldr	r3, .L9+4
 136 009e 1A70     		strb	r2, [r3]
 199:.\_Watchdog.c ****             
 200:.\_Watchdog.c ****             _LED_TurnOffLED(TRUE, TRUE, TRUE);
 137              		.loc 1 200 0
 138 00a0 0120     		mov	r0, #1
 139 00a2 0121     		mov	r1, #1
 140 00a4 033A     		sub	r2, r2, #3
 141 00a6 FFF7FEFF 		bl	_LED_TurnOffLED
 142              	.LVL15:
ARM GAS  C:\Users\ALEXAN~1\AppData\Local\Temp\cceBIuwE.s 			page 7


 143 00aa 0EE0     		b	.L7
 144              	.L8:
 201:.\_Watchdog.c ****         }
 202:.\_Watchdog.c ****         
 203:.\_Watchdog.c ****         // If connected, turn the LED on.
 204:.\_Watchdog.c ****         else if(CyBle_GetState() == CYBLE_STATE_CONNECTED) {
 145              		.loc 1 204 0
 146 00ac 022B     		cmp	r3, #2
 147 00ae 0CD1     		bne	.L7
 205:.\_Watchdog.c ****             previousState = CYBLE_STATE_CONNECTED;
 148              		.loc 1 205 0
 149 00b0 0222     		mov	r2, #2
 150 00b2 144B     		ldr	r3, .L9+4
 151 00b4 1A70     		strb	r2, [r3]
 206:.\_Watchdog.c ****             
 207:.\_Watchdog.c ****             _LED_TurnOffLED(TRUE, FALSE, TRUE);
 152              		.loc 1 207 0
 153 00b6 0120     		mov	r0, #1
 154 00b8 0021     		mov	r1, #0
 155 00ba 013A     		sub	r2, r2, #1
 156 00bc FFF7FEFF 		bl	_LED_TurnOffLED
 157              	.LVL16:
 208:.\_Watchdog.c ****             _LED_TurnOnLED(FALSE, TRUE, FALSE);
 158              		.loc 1 208 0
 159 00c0 0020     		mov	r0, #0
 160 00c2 0121     		mov	r1, #1
 161 00c4 0022     		mov	r2, #0
 162 00c6 FFF7FEFF 		bl	_LED_TurnOnLED
 163              	.LVL17:
 164              	.L7:
 209:.\_Watchdog.c ****         }
 210:.\_Watchdog.c ****         
 211:.\_Watchdog.c ****         /********************************************************************/
 212:.\_Watchdog.c ****         
 213:.\_Watchdog.c ****         // Unlock the WDT registers for modification.
 214:.\_Watchdog.c **** 		CySysWdtUnlock();
 165              		.loc 1 214 0
 166 00ca FFF7FEFF 		bl	CySysWdtUnlock
 167              	.LVL18:
 215:.\_Watchdog.c **** 		
 216:.\_Watchdog.c **** 		// Disable Counter 1 to allow modifications.
 217:.\_Watchdog.c **** 		CySysWdtDisable(CY_SYS_WDT_COUNTER1_MASK);
 168              		.loc 1 217 0
 169 00ce 8024     		mov	r4, #128
 170 00d0 6400     		lsl	r4, r4, #1
 171 00d2 201C     		mov	r0, r4
 172 00d4 FFF7FEFF 		bl	CySysWdtDisable
 173              	.LVL19:
 218:.\_Watchdog.c **** 		
 219:.\_Watchdog.c **** 		// Reset Counter 1 and give ~3 LFCLK cycles to take effect.
 220:.\_Watchdog.c **** 		CySysWdtResetCounters(CY_SYS_WDT_COUNTER1_RESET);
 174              		.loc 1 220 0
 175 00d8 8020     		mov	r0, #128
 176 00da 0001     		lsl	r0, r0, #4
 177 00dc FFF7FEFF 		bl	CySysWdtResetCounters
 178              	.LVL20:
 221:.\_Watchdog.c **** 		CyDelayUs(WATCHDOG_REG_UPDATE_WAIT_TIME);
ARM GAS  C:\Users\ALEXAN~1\AppData\Local\Temp\cceBIuwE.s 			page 8


 179              		.loc 1 221 0
 180 00e0 6420     		mov	r0, #100
 181 00e2 FFF7FEFF 		bl	CyDelayUs
 182              	.LVL21:
 222:.\_Watchdog.c **** 		
 223:.\_Watchdog.c **** 		// Write the Counter 1 match value for 500 millisecond and give 
 224:.\_Watchdog.c **** 		// ~3 LFCLK cycles to take effect.
 225:.\_Watchdog.c **** 		CySysWdtWriteMatch(CY_SYS_WDT_COUNTER1, WATCHDOG_COUNTER1_PERIOD);
 183              		.loc 1 225 0
 184 00e6 0120     		mov	r0, #1
 185 00e8 0849     		ldr	r1, .L9+12
 186 00ea FFF7FEFF 		bl	CySysWdtSetMatch
 187              	.LVL22:
 226:.\_Watchdog.c **** 		CyDelayUs(WATCHDOG_REG_UPDATE_WAIT_TIME);
 188              		.loc 1 226 0
 189 00ee 6420     		mov	r0, #100
 190 00f0 FFF7FEFF 		bl	CyDelayUs
 191              	.LVL23:
 227:.\_Watchdog.c **** 		
 228:.\_Watchdog.c **** 		// Enable Watchdog Counter 1.
 229:.\_Watchdog.c **** 		CySysWdtEnable(CY_SYS_WDT_COUNTER1_MASK);
 192              		.loc 1 229 0
 193 00f4 201C     		mov	r0, r4
 194 00f6 FFF7FEFF 		bl	CySysWdtEnable
 195              	.LVL24:
 230:.\_Watchdog.c **** 		
 231:.\_Watchdog.c **** 		// Lock Watchdog to prevent any further change.
 232:.\_Watchdog.c **** 	    CySysWdtLock();
 196              		.loc 1 232 0
 197 00fa FFF7FEFF 		bl	CySysWdtLock
 198              	.LVL25:
 199              	.L1:
 200              	.LBE2:
 233:.\_Watchdog.c ****     }
 234:.\_Watchdog.c **** }
 201              		.loc 1 234 0
 202              		@ sp needed
 203 00fe 10BD     		pop	{r4, pc}
 204              	.L10:
 205              		.align	2
 206              	.L9:
 207 0100 00000000 		.word	cyBle_state
 208 0104 00000000 		.word	.LANCHOR0
 209 0108 00000000 		.word	_LED_Green_On
 210 010c E8800000 		.word	33000
 211              		.cfi_endproc
 212              	.LFE38:
 213              		.size	_Watchdog_Handler, .-_Watchdog_Handler
 214              		.section	.text._Watchdog_Init,"ax",%progbits
 215              		.align	2
 216              		.global	_Watchdog_Init
 217              		.code	16
 218              		.thumb_func
 219              		.type	_Watchdog_Init, %function
 220              	_Watchdog_Init:
 221              	.LFB35:
  43:.\_Watchdog.c ****     // Unlock the WDT registers for modification.
ARM GAS  C:\Users\ALEXAN~1\AppData\Local\Temp\cceBIuwE.s 			page 9


 222              		.loc 1 43 0
 223              		.cfi_startproc
 224 0000 08B5     		push	{r3, lr}
 225              		.cfi_def_cfa_offset 8
 226              		.cfi_offset 3, -8
 227              		.cfi_offset 14, -4
  45:.\_Watchdog.c ****     
 228              		.loc 1 45 0
 229 0002 FFF7FEFF 		bl	CySysWdtUnlock
 230              	.LVL26:
  48:.\_Watchdog.c ****     CySysWdtWriteMode(CY_SYS_WDT_COUNTER1, CY_SYS_WDT_MODE_INT);
 231              		.loc 1 48 0
 232 0006 0020     		mov	r0, #0
 233 0008 0121     		mov	r1, #1
 234 000a FFF7FEFF 		bl	CySysWdtSetMode
 235              	.LVL27:
  49:.\_Watchdog.c ****     
 236              		.loc 1 49 0
 237 000e 0120     		mov	r0, #1
 238 0010 0121     		mov	r1, #1
 239 0012 FFF7FEFF 		bl	CySysWdtSetMode
 240              	.LVL28:
  52:.\_Watchdog.c ****     CySysWdtWriteClearOnMatch(CY_SYS_WDT_COUNTER1, TRUE);
 241              		.loc 1 52 0
 242 0016 0020     		mov	r0, #0
 243 0018 0121     		mov	r1, #1
 244 001a FFF7FEFF 		bl	CySysWdtSetClearOnMatch
 245              	.LVL29:
  53:.\_Watchdog.c ****     
 246              		.loc 1 53 0
 247 001e 0120     		mov	r0, #1
 248 0020 0121     		mov	r1, #1
 249 0022 FFF7FEFF 		bl	CySysWdtSetClearOnMatch
 250              	.LVL30:
  56:.\_Watchdog.c ****     
 251              		.loc 1 56 0
 252 0026 0820     		mov	r0, #8
 253 0028 0321     		mov	r1, #3
 254 002a FFF7FEFF 		bl	CyIntSetPriority
 255              	.LVL31:
  59:.\_Watchdog.c ****     
 256              		.loc 1 59 0
 257 002e 0820     		mov	r0, #8
 258 0030 FFF7FEFF 		bl	CyIntEnable
 259              	.LVL32:
  62:.\_Watchdog.c ****     CySysWdtWriteMatch(CY_SYS_WDT_COUNTER1, WATCHDOG_COUNTER1_PERIOD);
 260              		.loc 1 62 0
 261 0034 0020     		mov	r0, #0
 262 0036 8421     		mov	r1, #132
 263 0038 8900     		lsl	r1, r1, #2
 264 003a FFF7FEFF 		bl	CySysWdtSetMatch
 265              	.LVL33:
  63:.\_Watchdog.c ****     
 266              		.loc 1 63 0
 267 003e 0120     		mov	r0, #1
 268 0040 0849     		ldr	r1, .L12
 269 0042 FFF7FEFF 		bl	CySysWdtSetMatch
ARM GAS  C:\Users\ALEXAN~1\AppData\Local\Temp\cceBIuwE.s 			page 10


 270              	.LVL34:
  66:.\_Watchdog.c ****     CySysWdtEnable(CY_SYS_WDT_COUNTER1_MASK);
 271              		.loc 1 66 0
 272 0046 0120     		mov	r0, #1
 273 0048 FFF7FEFF 		bl	CySysWdtEnable
 274              	.LVL35:
  67:.\_Watchdog.c **** 	
 275              		.loc 1 67 0
 276 004c 8020     		mov	r0, #128
 277 004e 4000     		lsl	r0, r0, #1
 278 0050 FFF7FEFF 		bl	CySysWdtEnable
 279              	.LVL36:
  70:.\_Watchdog.c ****     
 280              		.loc 1 70 0
 281 0054 FFF7FEFF 		bl	CySysWdtLock
 282              	.LVL37:
  74:.\_Watchdog.c **** }
 283              		.loc 1 74 0
 284 0058 0820     		mov	r0, #8
 285 005a 0349     		ldr	r1, .L12+4
 286 005c FFF7FEFF 		bl	CyIntSetVector
 287              	.LVL38:
  75:.\_Watchdog.c **** 
 288              		.loc 1 75 0
 289              		@ sp needed
 290 0060 08BD     		pop	{r3, pc}
 291              	.L13:
 292 0062 C046     		.align	2
 293              	.L12:
 294 0064 E8800000 		.word	33000
 295 0068 00000000 		.word	_Watchdog_Handler
 296              		.cfi_endproc
 297              	.LFE35:
 298              		.size	_Watchdog_Init, .-_Watchdog_Init
 299              		.section	.text._Watchdog_PauseInt,"ax",%progbits
 300              		.align	2
 301              		.global	_Watchdog_PauseInt
 302              		.code	16
 303              		.thumb_func
 304              		.type	_Watchdog_PauseInt, %function
 305              	_Watchdog_PauseInt:
 306              	.LFB36:
  94:.\_Watchdog.c ****     CyIntDisable(WATCHDOG_INT_VEC_NUM);
 307              		.loc 1 94 0
 308              		.cfi_startproc
 309 0000 08B5     		push	{r3, lr}
 310              		.cfi_def_cfa_offset 8
 311              		.cfi_offset 3, -8
 312              		.cfi_offset 14, -4
  95:.\_Watchdog.c **** }
 313              		.loc 1 95 0
 314 0002 0820     		mov	r0, #8
 315 0004 FFF7FEFF 		bl	CyIntDisable
 316              	.LVL39:
  96:.\_Watchdog.c **** 
 317              		.loc 1 96 0
 318              		@ sp needed
ARM GAS  C:\Users\ALEXAN~1\AppData\Local\Temp\cceBIuwE.s 			page 11


 319 0008 08BD     		pop	{r3, pc}
 320              		.cfi_endproc
 321              	.LFE36:
 322              		.size	_Watchdog_PauseInt, .-_Watchdog_PauseInt
 323 000a C046     		.section	.text._Watchdog_ResumeInt,"ax",%progbits
 324              		.align	2
 325              		.global	_Watchdog_ResumeInt
 326              		.code	16
 327              		.thumb_func
 328              		.type	_Watchdog_ResumeInt, %function
 329              	_Watchdog_ResumeInt:
 330              	.LFB37:
 115:.\_Watchdog.c ****     CyIntEnable(WATCHDOG_INT_VEC_NUM);
 331              		.loc 1 115 0
 332              		.cfi_startproc
 333 0000 08B5     		push	{r3, lr}
 334              		.cfi_def_cfa_offset 8
 335              		.cfi_offset 3, -8
 336              		.cfi_offset 14, -4
 116:.\_Watchdog.c **** }
 337              		.loc 1 116 0
 338 0002 0820     		mov	r0, #8
 339 0004 FFF7FEFF 		bl	CyIntEnable
 340              	.LVL40:
 117:.\_Watchdog.c **** 
 341              		.loc 1 117 0
 342              		@ sp needed
 343 0008 08BD     		pop	{r3, pc}
 344              		.cfi_endproc
 345              	.LFE37:
 346              		.size	_Watchdog_ResumeInt, .-_Watchdog_ResumeInt
 347 000a C046     		.data
 348              		.set	.LANCHOR0,. + 0
 349              		.type	previousState.6802, %object
 350              		.size	previousState.6802, 1
 351              	previousState.6802:
 352 0000 FF       		.byte	-1
 353              		.text
 354              	.Letext0:
 355              		.file 2 "Generated_Source\\PSoC4/cytypes.h"
 356              		.file 3 "Generated_Source\\PSoC4/BLE_eventHandler.h"
 357              		.file 4 ".\\_LED.h"
 358              		.file 5 "Generated_Source\\PSoC4/CyLFClk.h"
 359              		.file 6 "Generated_Source\\PSoC4/CyLib.h"
 360              		.section	.debug_info,"",%progbits
 361              	.Ldebug_info0:
 362 0000 E3050000 		.4byte	0x5e3
 363 0004 0400     		.2byte	0x4
 364 0006 00000000 		.4byte	.Ldebug_abbrev0
 365 000a 04       		.byte	0x4
 366 000b 01       		.uleb128 0x1
 367 000c 83020000 		.4byte	.LASF43
 368 0010 01       		.byte	0x1
 369 0011 17000000 		.4byte	.LASF44
 370 0015 6A000000 		.4byte	.LASF45
 371 0019 00000000 		.4byte	.Ldebug_ranges0+0
 372 001d 00000000 		.4byte	0
ARM GAS  C:\Users\ALEXAN~1\AppData\Local\Temp\cceBIuwE.s 			page 12


 373 0021 00000000 		.4byte	.Ldebug_line0
 374 0025 02       		.uleb128 0x2
 375 0026 01       		.byte	0x1
 376 0027 06       		.byte	0x6
 377 0028 73030000 		.4byte	.LASF0
 378 002c 02       		.uleb128 0x2
 379 002d 01       		.byte	0x1
 380 002e 08       		.byte	0x8
 381 002f F5000000 		.4byte	.LASF1
 382 0033 02       		.uleb128 0x2
 383 0034 02       		.byte	0x2
 384 0035 05       		.byte	0x5
 385 0036 1E030000 		.4byte	.LASF2
 386 003a 02       		.uleb128 0x2
 387 003b 02       		.byte	0x2
 388 003c 07       		.byte	0x7
 389 003d 3E000000 		.4byte	.LASF3
 390 0041 02       		.uleb128 0x2
 391 0042 04       		.byte	0x4
 392 0043 05       		.byte	0x5
 393 0044 48030000 		.4byte	.LASF4
 394 0048 02       		.uleb128 0x2
 395 0049 04       		.byte	0x4
 396 004a 07       		.byte	0x7
 397 004b 82010000 		.4byte	.LASF5
 398 004f 02       		.uleb128 0x2
 399 0050 08       		.byte	0x8
 400 0051 05       		.byte	0x5
 401 0052 59020000 		.4byte	.LASF6
 402 0056 02       		.uleb128 0x2
 403 0057 08       		.byte	0x8
 404 0058 07       		.byte	0x7
 405 0059 DE000000 		.4byte	.LASF7
 406 005d 03       		.uleb128 0x3
 407 005e 04       		.byte	0x4
 408 005f 05       		.byte	0x5
 409 0060 696E7400 		.ascii	"int\000"
 410 0064 02       		.uleb128 0x2
 411 0065 04       		.byte	0x4
 412 0066 07       		.byte	0x7
 413 0067 E4010000 		.4byte	.LASF8
 414 006b 04       		.uleb128 0x4
 415 006c 3D010000 		.4byte	.LASF9
 416 0070 02       		.byte	0x2
 417 0071 C2       		.byte	0xc2
 418 0072 2C000000 		.4byte	0x2c
 419 0076 04       		.uleb128 0x4
 420 0077 03010000 		.4byte	.LASF10
 421 007b 02       		.byte	0x2
 422 007c C3       		.byte	0xc3
 423 007d 3A000000 		.4byte	0x3a
 424 0081 04       		.uleb128 0x4
 425 0082 BF010000 		.4byte	.LASF11
 426 0086 02       		.byte	0x2
 427 0087 C4       		.byte	0xc4
 428 0088 48000000 		.4byte	0x48
 429 008c 02       		.uleb128 0x2
ARM GAS  C:\Users\ALEXAN~1\AppData\Local\Temp\cceBIuwE.s 			page 13


 430 008d 04       		.byte	0x4
 431 008e 04       		.byte	0x4
 432 008f D8000000 		.4byte	.LASF12
 433 0093 02       		.uleb128 0x2
 434 0094 08       		.byte	0x8
 435 0095 04       		.byte	0x4
 436 0096 7F030000 		.4byte	.LASF13
 437 009a 02       		.uleb128 0x2
 438 009b 01       		.byte	0x1
 439 009c 08       		.byte	0x8
 440 009d F1010000 		.4byte	.LASF14
 441 00a1 05       		.uleb128 0x5
 442 00a2 29020000 		.4byte	.LASF15
 443 00a6 02       		.byte	0x2
 444 00a7 7E01     		.2byte	0x17e
 445 00a9 AD000000 		.4byte	0xad
 446 00ad 06       		.uleb128 0x6
 447 00ae 04       		.byte	0x4
 448 00af B3000000 		.4byte	0xb3
 449 00b3 07       		.uleb128 0x7
 450 00b4 02       		.uleb128 0x2
 451 00b5 04       		.byte	0x4
 452 00b6 07       		.byte	0x7
 453 00b7 42020000 		.4byte	.LASF16
 454 00bb 08       		.uleb128 0x8
 455 00bc 01       		.byte	0x1
 456 00bd 03       		.byte	0x3
 457 00be 3207     		.2byte	0x732
 458 00c0 E3000000 		.4byte	0xe3
 459 00c4 09       		.uleb128 0x9
 460 00c5 15020000 		.4byte	.LASF17
 461 00c9 00       		.sleb128 0
 462 00ca 09       		.uleb128 0x9
 463 00cb 51000000 		.4byte	.LASF18
 464 00cf 01       		.sleb128 1
 465 00d0 09       		.uleb128 0x9
 466 00d1 6C010000 		.4byte	.LASF19
 467 00d5 02       		.sleb128 2
 468 00d6 09       		.uleb128 0x9
 469 00d7 25010000 		.4byte	.LASF20
 470 00db 03       		.sleb128 3
 471 00dc 09       		.uleb128 0x9
 472 00dd 25000000 		.4byte	.LASF21
 473 00e1 04       		.sleb128 4
 474 00e2 00       		.byte	0
 475 00e3 05       		.uleb128 0x5
 476 00e4 07020000 		.4byte	.LASF22
 477 00e8 03       		.byte	0x3
 478 00e9 4007     		.2byte	0x740
 479 00eb BB000000 		.4byte	0xbb
 480 00ef 0A       		.uleb128 0xa
 481 00f0 67020000 		.4byte	.LASF23
 482 00f4 01       		.byte	0x1
 483 00f5 87       		.byte	0x87
 484 00f6 00000000 		.4byte	.LFB38
 485 00fa 10010000 		.4byte	.LFE38-.LFB38
 486 00fe 01       		.uleb128 0x1
ARM GAS  C:\Users\ALEXAN~1\AppData\Local\Temp\cceBIuwE.s 			page 14


 487 00ff 9C       		.byte	0x9c
 488 0100 2A030000 		.4byte	0x32a
 489 0104 0B       		.uleb128 0xb
 490 0105 4A000000 		.4byte	.LBB2
 491 0109 B4000000 		.4byte	.LBE2-.LBB2
 492 010d 77020000 		.4byte	0x277
 493 0111 0C       		.uleb128 0xc
 494 0112 A9030000 		.4byte	.LASF46
 495 0116 01       		.byte	0x1
 496 0117 B4       		.byte	0xb4
 497 0118 6B000000 		.4byte	0x6b
 498 011c 05       		.uleb128 0x5
 499 011d 03       		.byte	0x3
 500 011e 00000000 		.4byte	previousState.6802
 501 0122 0D       		.uleb128 0xd
 502 0123 52000000 		.4byte	.LVL11
 503 0127 B2040000 		.4byte	0x4b2
 504 012b 37010000 		.4byte	0x137
 505 012f 0E       		.uleb128 0xe
 506 0130 01       		.uleb128 0x1
 507 0131 50       		.byte	0x50
 508 0132 03       		.uleb128 0x3
 509 0133 0A       		.byte	0xa
 510 0134 0004     		.2byte	0x400
 511 0136 00       		.byte	0
 512 0137 0D       		.uleb128 0xd
 513 0138 72000000 		.4byte	.LVL12
 514 013c C3040000 		.4byte	0x4c3
 515 0140 54010000 		.4byte	0x154
 516 0144 0E       		.uleb128 0xe
 517 0145 01       		.uleb128 0x1
 518 0146 52       		.byte	0x52
 519 0147 01       		.uleb128 0x1
 520 0148 30       		.byte	0x30
 521 0149 0E       		.uleb128 0xe
 522 014a 01       		.uleb128 0x1
 523 014b 51       		.byte	0x51
 524 014c 01       		.uleb128 0x1
 525 014d 31       		.byte	0x31
 526 014e 0E       		.uleb128 0xe
 527 014f 01       		.uleb128 0x1
 528 0150 50       		.byte	0x50
 529 0151 01       		.uleb128 0x1
 530 0152 30       		.byte	0x30
 531 0153 00       		.byte	0
 532 0154 0D       		.uleb128 0xd
 533 0155 7E000000 		.4byte	.LVL13
 534 0159 DE040000 		.4byte	0x4de
 535 015d 71010000 		.4byte	0x171
 536 0161 0E       		.uleb128 0xe
 537 0162 01       		.uleb128 0x1
 538 0163 52       		.byte	0x52
 539 0164 01       		.uleb128 0x1
 540 0165 30       		.byte	0x30
 541 0166 0E       		.uleb128 0xe
 542 0167 01       		.uleb128 0x1
 543 0168 51       		.byte	0x51
ARM GAS  C:\Users\ALEXAN~1\AppData\Local\Temp\cceBIuwE.s 			page 15


 544 0169 01       		.uleb128 0x1
 545 016a 31       		.byte	0x31
 546 016b 0E       		.uleb128 0xe
 547 016c 01       		.uleb128 0x1
 548 016d 50       		.byte	0x50
 549 016e 01       		.uleb128 0x1
 550 016f 30       		.byte	0x30
 551 0170 00       		.byte	0
 552 0171 0D       		.uleb128 0xd
 553 0172 94000000 		.4byte	.LVL14
 554 0176 C3040000 		.4byte	0x4c3
 555 017a 8E010000 		.4byte	0x18e
 556 017e 0E       		.uleb128 0xe
 557 017f 01       		.uleb128 0x1
 558 0180 52       		.byte	0x52
 559 0181 01       		.uleb128 0x1
 560 0182 31       		.byte	0x31
 561 0183 0E       		.uleb128 0xe
 562 0184 01       		.uleb128 0x1
 563 0185 51       		.byte	0x51
 564 0186 01       		.uleb128 0x1
 565 0187 31       		.byte	0x31
 566 0188 0E       		.uleb128 0xe
 567 0189 01       		.uleb128 0x1
 568 018a 50       		.byte	0x50
 569 018b 01       		.uleb128 0x1
 570 018c 31       		.byte	0x31
 571 018d 00       		.byte	0
 572 018e 0D       		.uleb128 0xd
 573 018f AA000000 		.4byte	.LVL15
 574 0193 C3040000 		.4byte	0x4c3
 575 0197 AB010000 		.4byte	0x1ab
 576 019b 0E       		.uleb128 0xe
 577 019c 01       		.uleb128 0x1
 578 019d 52       		.byte	0x52
 579 019e 01       		.uleb128 0x1
 580 019f 31       		.byte	0x31
 581 01a0 0E       		.uleb128 0xe
 582 01a1 01       		.uleb128 0x1
 583 01a2 51       		.byte	0x51
 584 01a3 01       		.uleb128 0x1
 585 01a4 31       		.byte	0x31
 586 01a5 0E       		.uleb128 0xe
 587 01a6 01       		.uleb128 0x1
 588 01a7 50       		.byte	0x50
 589 01a8 01       		.uleb128 0x1
 590 01a9 31       		.byte	0x31
 591 01aa 00       		.byte	0
 592 01ab 0D       		.uleb128 0xd
 593 01ac C0000000 		.4byte	.LVL16
 594 01b0 C3040000 		.4byte	0x4c3
 595 01b4 C8010000 		.4byte	0x1c8
 596 01b8 0E       		.uleb128 0xe
 597 01b9 01       		.uleb128 0x1
 598 01ba 52       		.byte	0x52
 599 01bb 01       		.uleb128 0x1
 600 01bc 31       		.byte	0x31
ARM GAS  C:\Users\ALEXAN~1\AppData\Local\Temp\cceBIuwE.s 			page 16


 601 01bd 0E       		.uleb128 0xe
 602 01be 01       		.uleb128 0x1
 603 01bf 51       		.byte	0x51
 604 01c0 01       		.uleb128 0x1
 605 01c1 30       		.byte	0x30
 606 01c2 0E       		.uleb128 0xe
 607 01c3 01       		.uleb128 0x1
 608 01c4 50       		.byte	0x50
 609 01c5 01       		.uleb128 0x1
 610 01c6 31       		.byte	0x31
 611 01c7 00       		.byte	0
 612 01c8 0D       		.uleb128 0xd
 613 01c9 CA000000 		.4byte	.LVL17
 614 01cd DE040000 		.4byte	0x4de
 615 01d1 E5010000 		.4byte	0x1e5
 616 01d5 0E       		.uleb128 0xe
 617 01d6 01       		.uleb128 0x1
 618 01d7 52       		.byte	0x52
 619 01d8 01       		.uleb128 0x1
 620 01d9 30       		.byte	0x30
 621 01da 0E       		.uleb128 0xe
 622 01db 01       		.uleb128 0x1
 623 01dc 51       		.byte	0x51
 624 01dd 01       		.uleb128 0x1
 625 01de 31       		.byte	0x31
 626 01df 0E       		.uleb128 0xe
 627 01e0 01       		.uleb128 0x1
 628 01e1 50       		.byte	0x50
 629 01e2 01       		.uleb128 0x1
 630 01e3 30       		.byte	0x30
 631 01e4 00       		.byte	0
 632 01e5 0F       		.uleb128 0xf
 633 01e6 CE000000 		.4byte	.LVL18
 634 01ea F9040000 		.4byte	0x4f9
 635 01ee 0D       		.uleb128 0xd
 636 01ef D8000000 		.4byte	.LVL19
 637 01f3 00050000 		.4byte	0x500
 638 01f7 02020000 		.4byte	0x202
 639 01fb 0E       		.uleb128 0xe
 640 01fc 01       		.uleb128 0x1
 641 01fd 50       		.byte	0x50
 642 01fe 02       		.uleb128 0x2
 643 01ff 74       		.byte	0x74
 644 0200 00       		.sleb128 0
 645 0201 00       		.byte	0
 646 0202 0D       		.uleb128 0xd
 647 0203 E0000000 		.4byte	.LVL20
 648 0207 11050000 		.4byte	0x511
 649 020b 17020000 		.4byte	0x217
 650 020f 0E       		.uleb128 0xe
 651 0210 01       		.uleb128 0x1
 652 0211 50       		.byte	0x50
 653 0212 03       		.uleb128 0x3
 654 0213 0A       		.byte	0xa
 655 0214 0008     		.2byte	0x800
 656 0216 00       		.byte	0
 657 0217 0D       		.uleb128 0xd
ARM GAS  C:\Users\ALEXAN~1\AppData\Local\Temp\cceBIuwE.s 			page 17


 658 0218 E6000000 		.4byte	.LVL21
 659 021c 22050000 		.4byte	0x522
 660 0220 2B020000 		.4byte	0x22b
 661 0224 0E       		.uleb128 0xe
 662 0225 01       		.uleb128 0x1
 663 0226 50       		.byte	0x50
 664 0227 02       		.uleb128 0x2
 665 0228 08       		.byte	0x8
 666 0229 64       		.byte	0x64
 667 022a 00       		.byte	0
 668 022b 0D       		.uleb128 0xd
 669 022c EE000000 		.4byte	.LVL22
 670 0230 33050000 		.4byte	0x533
 671 0234 45020000 		.4byte	0x245
 672 0238 0E       		.uleb128 0xe
 673 0239 01       		.uleb128 0x1
 674 023a 51       		.byte	0x51
 675 023b 03       		.uleb128 0x3
 676 023c 0A       		.byte	0xa
 677 023d E880     		.2byte	0x80e8
 678 023f 0E       		.uleb128 0xe
 679 0240 01       		.uleb128 0x1
 680 0241 50       		.byte	0x50
 681 0242 01       		.uleb128 0x1
 682 0243 31       		.byte	0x31
 683 0244 00       		.byte	0
 684 0245 0D       		.uleb128 0xd
 685 0246 F4000000 		.4byte	.LVL23
 686 024a 22050000 		.4byte	0x522
 687 024e 59020000 		.4byte	0x259
 688 0252 0E       		.uleb128 0xe
 689 0253 01       		.uleb128 0x1
 690 0254 50       		.byte	0x50
 691 0255 02       		.uleb128 0x2
 692 0256 08       		.byte	0x8
 693 0257 64       		.byte	0x64
 694 0258 00       		.byte	0
 695 0259 0D       		.uleb128 0xd
 696 025a FA000000 		.4byte	.LVL24
 697 025e 49050000 		.4byte	0x549
 698 0262 6D020000 		.4byte	0x26d
 699 0266 0E       		.uleb128 0xe
 700 0267 01       		.uleb128 0x1
 701 0268 50       		.byte	0x50
 702 0269 02       		.uleb128 0x2
 703 026a 74       		.byte	0x74
 704 026b 00       		.sleb128 0
 705 026c 00       		.byte	0
 706 026d 0F       		.uleb128 0xf
 707 026e FE000000 		.4byte	.LVL25
 708 0272 5A050000 		.4byte	0x55a
 709 0276 00       		.byte	0
 710 0277 0F       		.uleb128 0xf
 711 0278 06000000 		.4byte	.LVL0
 712 027c 61050000 		.4byte	0x561
 713 0280 0D       		.uleb128 0xd
 714 0281 10000000 		.4byte	.LVL1
ARM GAS  C:\Users\ALEXAN~1\AppData\Local\Temp\cceBIuwE.s 			page 18


 715 0285 B2040000 		.4byte	0x4b2
 716 0289 93020000 		.4byte	0x293
 717 028d 0E       		.uleb128 0xe
 718 028e 01       		.uleb128 0x1
 719 028f 50       		.byte	0x50
 720 0290 01       		.uleb128 0x1
 721 0291 34       		.byte	0x34
 722 0292 00       		.byte	0
 723 0293 0F       		.uleb128 0xf
 724 0294 14000000 		.4byte	.LVL2
 725 0298 F9040000 		.4byte	0x4f9
 726 029c 0D       		.uleb128 0xd
 727 029d 1A000000 		.4byte	.LVL3
 728 02a1 00050000 		.4byte	0x500
 729 02a5 AF020000 		.4byte	0x2af
 730 02a9 0E       		.uleb128 0xe
 731 02aa 01       		.uleb128 0x1
 732 02ab 50       		.byte	0x50
 733 02ac 01       		.uleb128 0x1
 734 02ad 31       		.byte	0x31
 735 02ae 00       		.byte	0
 736 02af 0D       		.uleb128 0xd
 737 02b0 20000000 		.4byte	.LVL4
 738 02b4 11050000 		.4byte	0x511
 739 02b8 C2020000 		.4byte	0x2c2
 740 02bc 0E       		.uleb128 0xe
 741 02bd 01       		.uleb128 0x1
 742 02be 50       		.byte	0x50
 743 02bf 01       		.uleb128 0x1
 744 02c0 38       		.byte	0x38
 745 02c1 00       		.byte	0
 746 02c2 0D       		.uleb128 0xd
 747 02c3 26000000 		.4byte	.LVL5
 748 02c7 22050000 		.4byte	0x522
 749 02cb D6020000 		.4byte	0x2d6
 750 02cf 0E       		.uleb128 0xe
 751 02d0 01       		.uleb128 0x1
 752 02d1 50       		.byte	0x50
 753 02d2 02       		.uleb128 0x2
 754 02d3 08       		.byte	0x8
 755 02d4 64       		.byte	0x64
 756 02d5 00       		.byte	0
 757 02d6 0D       		.uleb128 0xd
 758 02d7 30000000 		.4byte	.LVL6
 759 02db 33050000 		.4byte	0x533
 760 02df F0020000 		.4byte	0x2f0
 761 02e3 0E       		.uleb128 0xe
 762 02e4 01       		.uleb128 0x1
 763 02e5 51       		.byte	0x51
 764 02e6 03       		.uleb128 0x3
 765 02e7 0A       		.byte	0xa
 766 02e8 1002     		.2byte	0x210
 767 02ea 0E       		.uleb128 0xe
 768 02eb 01       		.uleb128 0x1
 769 02ec 50       		.byte	0x50
 770 02ed 01       		.uleb128 0x1
 771 02ee 30       		.byte	0x30
ARM GAS  C:\Users\ALEXAN~1\AppData\Local\Temp\cceBIuwE.s 			page 19


 772 02ef 00       		.byte	0
 773 02f0 0D       		.uleb128 0xd
 774 02f1 36000000 		.4byte	.LVL7
 775 02f5 22050000 		.4byte	0x522
 776 02f9 04030000 		.4byte	0x304
 777 02fd 0E       		.uleb128 0xe
 778 02fe 01       		.uleb128 0x1
 779 02ff 50       		.byte	0x50
 780 0300 02       		.uleb128 0x2
 781 0301 08       		.byte	0x8
 782 0302 64       		.byte	0x64
 783 0303 00       		.byte	0
 784 0304 0D       		.uleb128 0xd
 785 0305 3C000000 		.4byte	.LVL8
 786 0309 49050000 		.4byte	0x549
 787 030d 17030000 		.4byte	0x317
 788 0311 0E       		.uleb128 0xe
 789 0312 01       		.uleb128 0x1
 790 0313 50       		.byte	0x50
 791 0314 01       		.uleb128 0x1
 792 0315 31       		.byte	0x31
 793 0316 00       		.byte	0
 794 0317 0F       		.uleb128 0xf
 795 0318 40000000 		.4byte	.LVL9
 796 031c 5A050000 		.4byte	0x55a
 797 0320 0F       		.uleb128 0xf
 798 0321 46000000 		.4byte	.LVL10
 799 0325 61050000 		.4byte	0x561
 800 0329 00       		.byte	0
 801 032a 0A       		.uleb128 0xa
 802 032b C9000000 		.4byte	.LASF24
 803 032f 01       		.byte	0x1
 804 0330 2A       		.byte	0x2a
 805 0331 00000000 		.4byte	.LFB35
 806 0335 6C000000 		.4byte	.LFE35-.LFB35
 807 0339 01       		.uleb128 0x1
 808 033a 9C       		.byte	0x9c
 809 033b 51040000 		.4byte	0x451
 810 033f 0F       		.uleb128 0xf
 811 0340 06000000 		.4byte	.LVL26
 812 0344 F9040000 		.4byte	0x4f9
 813 0348 0D       		.uleb128 0xd
 814 0349 0E000000 		.4byte	.LVL27
 815 034d 6C050000 		.4byte	0x56c
 816 0351 60030000 		.4byte	0x360
 817 0355 0E       		.uleb128 0xe
 818 0356 01       		.uleb128 0x1
 819 0357 51       		.byte	0x51
 820 0358 01       		.uleb128 0x1
 821 0359 31       		.byte	0x31
 822 035a 0E       		.uleb128 0xe
 823 035b 01       		.uleb128 0x1
 824 035c 50       		.byte	0x50
 825 035d 01       		.uleb128 0x1
 826 035e 30       		.byte	0x30
 827 035f 00       		.byte	0
 828 0360 0D       		.uleb128 0xd
ARM GAS  C:\Users\ALEXAN~1\AppData\Local\Temp\cceBIuwE.s 			page 20


 829 0361 16000000 		.4byte	.LVL28
 830 0365 6C050000 		.4byte	0x56c
 831 0369 78030000 		.4byte	0x378
 832 036d 0E       		.uleb128 0xe
 833 036e 01       		.uleb128 0x1
 834 036f 51       		.byte	0x51
 835 0370 01       		.uleb128 0x1
 836 0371 31       		.byte	0x31
 837 0372 0E       		.uleb128 0xe
 838 0373 01       		.uleb128 0x1
 839 0374 50       		.byte	0x50
 840 0375 01       		.uleb128 0x1
 841 0376 31       		.byte	0x31
 842 0377 00       		.byte	0
 843 0378 0D       		.uleb128 0xd
 844 0379 1E000000 		.4byte	.LVL29
 845 037d 82050000 		.4byte	0x582
 846 0381 90030000 		.4byte	0x390
 847 0385 0E       		.uleb128 0xe
 848 0386 01       		.uleb128 0x1
 849 0387 51       		.byte	0x51
 850 0388 01       		.uleb128 0x1
 851 0389 31       		.byte	0x31
 852 038a 0E       		.uleb128 0xe
 853 038b 01       		.uleb128 0x1
 854 038c 50       		.byte	0x50
 855 038d 01       		.uleb128 0x1
 856 038e 30       		.byte	0x30
 857 038f 00       		.byte	0
 858 0390 0D       		.uleb128 0xd
 859 0391 26000000 		.4byte	.LVL30
 860 0395 82050000 		.4byte	0x582
 861 0399 A8030000 		.4byte	0x3a8
 862 039d 0E       		.uleb128 0xe
 863 039e 01       		.uleb128 0x1
 864 039f 51       		.byte	0x51
 865 03a0 01       		.uleb128 0x1
 866 03a1 31       		.byte	0x31
 867 03a2 0E       		.uleb128 0xe
 868 03a3 01       		.uleb128 0x1
 869 03a4 50       		.byte	0x50
 870 03a5 01       		.uleb128 0x1
 871 03a6 31       		.byte	0x31
 872 03a7 00       		.byte	0
 873 03a8 0D       		.uleb128 0xd
 874 03a9 2E000000 		.4byte	.LVL31
 875 03ad 98050000 		.4byte	0x598
 876 03b1 C0030000 		.4byte	0x3c0
 877 03b5 0E       		.uleb128 0xe
 878 03b6 01       		.uleb128 0x1
 879 03b7 51       		.byte	0x51
 880 03b8 01       		.uleb128 0x1
 881 03b9 33       		.byte	0x33
 882 03ba 0E       		.uleb128 0xe
 883 03bb 01       		.uleb128 0x1
 884 03bc 50       		.byte	0x50
 885 03bd 01       		.uleb128 0x1
ARM GAS  C:\Users\ALEXAN~1\AppData\Local\Temp\cceBIuwE.s 			page 21


 886 03be 38       		.byte	0x38
 887 03bf 00       		.byte	0
 888 03c0 0D       		.uleb128 0xd
 889 03c1 34000000 		.4byte	.LVL32
 890 03c5 AE050000 		.4byte	0x5ae
 891 03c9 D3030000 		.4byte	0x3d3
 892 03cd 0E       		.uleb128 0xe
 893 03ce 01       		.uleb128 0x1
 894 03cf 50       		.byte	0x50
 895 03d0 01       		.uleb128 0x1
 896 03d1 38       		.byte	0x38
 897 03d2 00       		.byte	0
 898 03d3 0D       		.uleb128 0xd
 899 03d4 3E000000 		.4byte	.LVL33
 900 03d8 33050000 		.4byte	0x533
 901 03dc ED030000 		.4byte	0x3ed
 902 03e0 0E       		.uleb128 0xe
 903 03e1 01       		.uleb128 0x1
 904 03e2 51       		.byte	0x51
 905 03e3 03       		.uleb128 0x3
 906 03e4 0A       		.byte	0xa
 907 03e5 1002     		.2byte	0x210
 908 03e7 0E       		.uleb128 0xe
 909 03e8 01       		.uleb128 0x1
 910 03e9 50       		.byte	0x50
 911 03ea 01       		.uleb128 0x1
 912 03eb 30       		.byte	0x30
 913 03ec 00       		.byte	0
 914 03ed 0D       		.uleb128 0xd
 915 03ee 46000000 		.4byte	.LVL34
 916 03f2 33050000 		.4byte	0x533
 917 03f6 07040000 		.4byte	0x407
 918 03fa 0E       		.uleb128 0xe
 919 03fb 01       		.uleb128 0x1
 920 03fc 51       		.byte	0x51
 921 03fd 03       		.uleb128 0x3
 922 03fe 0A       		.byte	0xa
 923 03ff E880     		.2byte	0x80e8
 924 0401 0E       		.uleb128 0xe
 925 0402 01       		.uleb128 0x1
 926 0403 50       		.byte	0x50
 927 0404 01       		.uleb128 0x1
 928 0405 31       		.byte	0x31
 929 0406 00       		.byte	0
 930 0407 0D       		.uleb128 0xd
 931 0408 4C000000 		.4byte	.LVL35
 932 040c 49050000 		.4byte	0x549
 933 0410 1A040000 		.4byte	0x41a
 934 0414 0E       		.uleb128 0xe
 935 0415 01       		.uleb128 0x1
 936 0416 50       		.byte	0x50
 937 0417 01       		.uleb128 0x1
 938 0418 31       		.byte	0x31
 939 0419 00       		.byte	0
 940 041a 0D       		.uleb128 0xd
 941 041b 54000000 		.4byte	.LVL36
 942 041f 49050000 		.4byte	0x549
ARM GAS  C:\Users\ALEXAN~1\AppData\Local\Temp\cceBIuwE.s 			page 22


 943 0423 2F040000 		.4byte	0x42f
 944 0427 0E       		.uleb128 0xe
 945 0428 01       		.uleb128 0x1
 946 0429 50       		.byte	0x50
 947 042a 03       		.uleb128 0x3
 948 042b 0A       		.byte	0xa
 949 042c 0001     		.2byte	0x100
 950 042e 00       		.byte	0
 951 042f 0F       		.uleb128 0xf
 952 0430 58000000 		.4byte	.LVL37
 953 0434 5A050000 		.4byte	0x55a
 954 0438 10       		.uleb128 0x10
 955 0439 60000000 		.4byte	.LVL38
 956 043d BF050000 		.4byte	0x5bf
 957 0441 0E       		.uleb128 0xe
 958 0442 01       		.uleb128 0x1
 959 0443 51       		.byte	0x51
 960 0444 05       		.uleb128 0x5
 961 0445 03       		.byte	0x3
 962 0446 00000000 		.4byte	_Watchdog_Handler
 963 044a 0E       		.uleb128 0xe
 964 044b 01       		.uleb128 0x1
 965 044c 50       		.byte	0x50
 966 044d 01       		.uleb128 0x1
 967 044e 38       		.byte	0x38
 968 044f 00       		.byte	0
 969 0450 00       		.byte	0
 970 0451 0A       		.uleb128 0xa
 971 0452 51030000 		.4byte	.LASF25
 972 0456 01       		.byte	0x1
 973 0457 5D       		.byte	0x5d
 974 0458 00000000 		.4byte	.LFB36
 975 045c 0A000000 		.4byte	.LFE36-.LFB36
 976 0460 01       		.uleb128 0x1
 977 0461 9C       		.byte	0x9c
 978 0462 76040000 		.4byte	0x476
 979 0466 10       		.uleb128 0x10
 980 0467 08000000 		.4byte	.LVL39
 981 046b D9050000 		.4byte	0x5d9
 982 046f 0E       		.uleb128 0xe
 983 0470 01       		.uleb128 0x1
 984 0471 50       		.byte	0x50
 985 0472 01       		.uleb128 0x1
 986 0473 38       		.byte	0x38
 987 0474 00       		.byte	0
 988 0475 00       		.byte	0
 989 0476 0A       		.uleb128 0xa
 990 0477 B7030000 		.4byte	.LASF26
 991 047b 01       		.byte	0x1
 992 047c 72       		.byte	0x72
 993 047d 00000000 		.4byte	.LFB37
 994 0481 0A000000 		.4byte	.LFE37-.LFB37
 995 0485 01       		.uleb128 0x1
 996 0486 9C       		.byte	0x9c
 997 0487 9B040000 		.4byte	0x49b
 998 048b 10       		.uleb128 0x10
 999 048c 08000000 		.4byte	.LVL40
ARM GAS  C:\Users\ALEXAN~1\AppData\Local\Temp\cceBIuwE.s 			page 23


 1000 0490 AE050000 		.4byte	0x5ae
 1001 0494 0E       		.uleb128 0xe
 1002 0495 01       		.uleb128 0x1
 1003 0496 50       		.byte	0x50
 1004 0497 01       		.uleb128 0x1
 1005 0498 38       		.byte	0x38
 1006 0499 00       		.byte	0
 1007 049a 00       		.byte	0
 1008 049b 11       		.uleb128 0x11
 1009 049c 36020000 		.4byte	.LASF27
 1010 04a0 03       		.byte	0x3
 1011 04a1 2009     		.2byte	0x920
 1012 04a3 E3000000 		.4byte	0xe3
 1013 04a7 12       		.uleb128 0x12
 1014 04a8 4B020000 		.4byte	.LASF28
 1015 04ac 04       		.byte	0x4
 1016 04ad 28       		.byte	0x28
 1017 04ae 6B000000 		.4byte	0x6b
 1018 04b2 13       		.uleb128 0x13
 1019 04b3 00000000 		.4byte	.LASF29
 1020 04b7 05       		.byte	0x5
 1021 04b8 42       		.byte	0x42
 1022 04b9 C3040000 		.4byte	0x4c3
 1023 04bd 14       		.uleb128 0x14
 1024 04be 81000000 		.4byte	0x81
 1025 04c2 00       		.byte	0
 1026 04c3 13       		.uleb128 0x13
 1027 04c4 28030000 		.4byte	.LASF30
 1028 04c8 04       		.byte	0x4
 1029 04c9 30       		.byte	0x30
 1030 04ca DE040000 		.4byte	0x4de
 1031 04ce 14       		.uleb128 0x14
 1032 04cf 6B000000 		.4byte	0x6b
 1033 04d3 14       		.uleb128 0x14
 1034 04d4 6B000000 		.4byte	0x6b
 1035 04d8 14       		.uleb128 0x14
 1036 04d9 6B000000 		.4byte	0x6b
 1037 04dd 00       		.byte	0
 1038 04de 13       		.uleb128 0x13
 1039 04df C6010000 		.4byte	.LASF31
 1040 04e3 04       		.byte	0x4
 1041 04e4 2F       		.byte	0x2f
 1042 04e5 F9040000 		.4byte	0x4f9
 1043 04e9 14       		.uleb128 0x14
 1044 04ea 6B000000 		.4byte	0x6b
 1045 04ee 14       		.uleb128 0x14
 1046 04ef 6B000000 		.4byte	0x6b
 1047 04f3 14       		.uleb128 0x14
 1048 04f4 6B000000 		.4byte	0x6b
 1049 04f8 00       		.byte	0
 1050 04f9 15       		.uleb128 0x15
 1051 04fa 64030000 		.4byte	.LASF37
 1052 04fe 05       		.byte	0x5
 1053 04ff 32       		.byte	0x32
 1054 0500 13       		.uleb128 0x13
 1055 0501 94010000 		.4byte	.LASF32
 1056 0505 05       		.byte	0x5
ARM GAS  C:\Users\ALEXAN~1\AppData\Local\Temp\cceBIuwE.s 			page 24


 1057 0506 39       		.byte	0x39
 1058 0507 11050000 		.4byte	0x511
 1059 050b 14       		.uleb128 0x14
 1060 050c 81000000 		.4byte	0x81
 1061 0510 00       		.byte	0
 1062 0511 13       		.uleb128 0x13
 1063 0512 93030000 		.4byte	.LASF33
 1064 0516 05       		.byte	0x5
 1065 0517 43       		.byte	0x43
 1066 0518 22050000 		.4byte	0x522
 1067 051c 14       		.uleb128 0x14
 1068 051d 81000000 		.4byte	0x81
 1069 0521 00       		.byte	0
 1070 0522 13       		.uleb128 0x13
 1071 0523 79020000 		.4byte	.LASF34
 1072 0527 06       		.byte	0x6
 1073 0528 58       		.byte	0x58
 1074 0529 33050000 		.4byte	0x533
 1075 052d 14       		.uleb128 0x14
 1076 052e 76000000 		.4byte	0x76
 1077 0532 00       		.byte	0
 1078 0533 13       		.uleb128 0x13
 1079 0534 5B010000 		.4byte	.LASF35
 1080 0538 05       		.byte	0x5
 1081 0539 3C       		.byte	0x3c
 1082 053a 49050000 		.4byte	0x549
 1083 053e 14       		.uleb128 0x14
 1084 053f 81000000 		.4byte	0x81
 1085 0543 14       		.uleb128 0x14
 1086 0544 81000000 		.4byte	0x81
 1087 0548 00       		.byte	0
 1088 0549 13       		.uleb128 0x13
 1089 054a B0010000 		.4byte	.LASF36
 1090 054e 05       		.byte	0x5
 1091 054f 38       		.byte	0x38
 1092 0550 5A050000 		.4byte	0x55a
 1093 0554 14       		.uleb128 0x14
 1094 0555 81000000 		.4byte	0x81
 1095 0559 00       		.byte	0
 1096 055a 15       		.uleb128 0x15
 1097 055b 86030000 		.4byte	.LASF38
 1098 055f 05       		.byte	0x5
 1099 0560 31       		.byte	0x31
 1100 0561 16       		.uleb128 0x16
 1101 0562 0A010000 		.4byte	.LASF47
 1102 0566 05       		.byte	0x5
 1103 0567 41       		.byte	0x41
 1104 0568 81000000 		.4byte	0x81
 1105 056c 13       		.uleb128 0x13
 1106 056d 38030000 		.4byte	.LASF39
 1107 0571 05       		.byte	0x5
 1108 0572 33       		.byte	0x33
 1109 0573 82050000 		.4byte	0x582
 1110 0577 14       		.uleb128 0x14
 1111 0578 81000000 		.4byte	0x81
 1112 057c 14       		.uleb128 0x14
 1113 057d 81000000 		.4byte	0x81
ARM GAS  C:\Users\ALEXAN~1\AppData\Local\Temp\cceBIuwE.s 			page 25


 1114 0581 00       		.byte	0
 1115 0582 13       		.uleb128 0x13
 1116 0583 43010000 		.4byte	.LASF40
 1117 0587 05       		.byte	0x5
 1118 0588 36       		.byte	0x36
 1119 0589 98050000 		.4byte	0x598
 1120 058d 14       		.uleb128 0x14
 1121 058e 81000000 		.4byte	0x81
 1122 0592 14       		.uleb128 0x14
 1123 0593 81000000 		.4byte	0x81
 1124 0597 00       		.byte	0
 1125 0598 13       		.uleb128 0x13
 1126 0599 F6010000 		.4byte	.LASF41
 1127 059d 06       		.byte	0x6
 1128 059e 49       		.byte	0x49
 1129 059f AE050000 		.4byte	0x5ae
 1130 05a3 14       		.uleb128 0x14
 1131 05a4 6B000000 		.4byte	0x6b
 1132 05a8 14       		.uleb128 0x14
 1133 05a9 6B000000 		.4byte	0x6b
 1134 05ad 00       		.byte	0
 1135 05ae 13       		.uleb128 0x13
 1136 05af A4010000 		.4byte	.LASF42
 1137 05b3 06       		.byte	0x6
 1138 05b4 4C       		.byte	0x4c
 1139 05b5 BF050000 		.4byte	0x5bf
 1140 05b9 14       		.uleb128 0x14
 1141 05ba 6B000000 		.4byte	0x6b
 1142 05be 00       		.byte	0
 1143 05bf 17       		.uleb128 0x17
 1144 05c0 D5010000 		.4byte	.LASF48
 1145 05c4 06       		.byte	0x6
 1146 05c5 46       		.byte	0x46
 1147 05c6 A1000000 		.4byte	0xa1
 1148 05ca D9050000 		.4byte	0x5d9
 1149 05ce 14       		.uleb128 0x14
 1150 05cf 6B000000 		.4byte	0x6b
 1151 05d3 14       		.uleb128 0x14
 1152 05d4 A1000000 		.4byte	0xa1
 1153 05d8 00       		.byte	0
 1154 05d9 18       		.uleb128 0x18
 1155 05da 11030000 		.4byte	.LASF49
 1156 05de 06       		.byte	0x6
 1157 05df 4E       		.byte	0x4e
 1158 05e0 14       		.uleb128 0x14
 1159 05e1 6B000000 		.4byte	0x6b
 1160 05e5 00       		.byte	0
 1161 05e6 00       		.byte	0
 1162              		.section	.debug_abbrev,"",%progbits
 1163              	.Ldebug_abbrev0:
 1164 0000 01       		.uleb128 0x1
 1165 0001 11       		.uleb128 0x11
 1166 0002 01       		.byte	0x1
 1167 0003 25       		.uleb128 0x25
 1168 0004 0E       		.uleb128 0xe
 1169 0005 13       		.uleb128 0x13
 1170 0006 0B       		.uleb128 0xb
ARM GAS  C:\Users\ALEXAN~1\AppData\Local\Temp\cceBIuwE.s 			page 26


 1171 0007 03       		.uleb128 0x3
 1172 0008 0E       		.uleb128 0xe
 1173 0009 1B       		.uleb128 0x1b
 1174 000a 0E       		.uleb128 0xe
 1175 000b 55       		.uleb128 0x55
 1176 000c 17       		.uleb128 0x17
 1177 000d 11       		.uleb128 0x11
 1178 000e 01       		.uleb128 0x1
 1179 000f 10       		.uleb128 0x10
 1180 0010 17       		.uleb128 0x17
 1181 0011 00       		.byte	0
 1182 0012 00       		.byte	0
 1183 0013 02       		.uleb128 0x2
 1184 0014 24       		.uleb128 0x24
 1185 0015 00       		.byte	0
 1186 0016 0B       		.uleb128 0xb
 1187 0017 0B       		.uleb128 0xb
 1188 0018 3E       		.uleb128 0x3e
 1189 0019 0B       		.uleb128 0xb
 1190 001a 03       		.uleb128 0x3
 1191 001b 0E       		.uleb128 0xe
 1192 001c 00       		.byte	0
 1193 001d 00       		.byte	0
 1194 001e 03       		.uleb128 0x3
 1195 001f 24       		.uleb128 0x24
 1196 0020 00       		.byte	0
 1197 0021 0B       		.uleb128 0xb
 1198 0022 0B       		.uleb128 0xb
 1199 0023 3E       		.uleb128 0x3e
 1200 0024 0B       		.uleb128 0xb
 1201 0025 03       		.uleb128 0x3
 1202 0026 08       		.uleb128 0x8
 1203 0027 00       		.byte	0
 1204 0028 00       		.byte	0
 1205 0029 04       		.uleb128 0x4
 1206 002a 16       		.uleb128 0x16
 1207 002b 00       		.byte	0
 1208 002c 03       		.uleb128 0x3
 1209 002d 0E       		.uleb128 0xe
 1210 002e 3A       		.uleb128 0x3a
 1211 002f 0B       		.uleb128 0xb
 1212 0030 3B       		.uleb128 0x3b
 1213 0031 0B       		.uleb128 0xb
 1214 0032 49       		.uleb128 0x49
 1215 0033 13       		.uleb128 0x13
 1216 0034 00       		.byte	0
 1217 0035 00       		.byte	0
 1218 0036 05       		.uleb128 0x5
 1219 0037 16       		.uleb128 0x16
 1220 0038 00       		.byte	0
 1221 0039 03       		.uleb128 0x3
 1222 003a 0E       		.uleb128 0xe
 1223 003b 3A       		.uleb128 0x3a
 1224 003c 0B       		.uleb128 0xb
 1225 003d 3B       		.uleb128 0x3b
 1226 003e 05       		.uleb128 0x5
 1227 003f 49       		.uleb128 0x49
ARM GAS  C:\Users\ALEXAN~1\AppData\Local\Temp\cceBIuwE.s 			page 27


 1228 0040 13       		.uleb128 0x13
 1229 0041 00       		.byte	0
 1230 0042 00       		.byte	0
 1231 0043 06       		.uleb128 0x6
 1232 0044 0F       		.uleb128 0xf
 1233 0045 00       		.byte	0
 1234 0046 0B       		.uleb128 0xb
 1235 0047 0B       		.uleb128 0xb
 1236 0048 49       		.uleb128 0x49
 1237 0049 13       		.uleb128 0x13
 1238 004a 00       		.byte	0
 1239 004b 00       		.byte	0
 1240 004c 07       		.uleb128 0x7
 1241 004d 15       		.uleb128 0x15
 1242 004e 00       		.byte	0
 1243 004f 27       		.uleb128 0x27
 1244 0050 19       		.uleb128 0x19
 1245 0051 00       		.byte	0
 1246 0052 00       		.byte	0
 1247 0053 08       		.uleb128 0x8
 1248 0054 04       		.uleb128 0x4
 1249 0055 01       		.byte	0x1
 1250 0056 0B       		.uleb128 0xb
 1251 0057 0B       		.uleb128 0xb
 1252 0058 3A       		.uleb128 0x3a
 1253 0059 0B       		.uleb128 0xb
 1254 005a 3B       		.uleb128 0x3b
 1255 005b 05       		.uleb128 0x5
 1256 005c 01       		.uleb128 0x1
 1257 005d 13       		.uleb128 0x13
 1258 005e 00       		.byte	0
 1259 005f 00       		.byte	0
 1260 0060 09       		.uleb128 0x9
 1261 0061 28       		.uleb128 0x28
 1262 0062 00       		.byte	0
 1263 0063 03       		.uleb128 0x3
 1264 0064 0E       		.uleb128 0xe
 1265 0065 1C       		.uleb128 0x1c
 1266 0066 0D       		.uleb128 0xd
 1267 0067 00       		.byte	0
 1268 0068 00       		.byte	0
 1269 0069 0A       		.uleb128 0xa
 1270 006a 2E       		.uleb128 0x2e
 1271 006b 01       		.byte	0x1
 1272 006c 3F       		.uleb128 0x3f
 1273 006d 19       		.uleb128 0x19
 1274 006e 03       		.uleb128 0x3
 1275 006f 0E       		.uleb128 0xe
 1276 0070 3A       		.uleb128 0x3a
 1277 0071 0B       		.uleb128 0xb
 1278 0072 3B       		.uleb128 0x3b
 1279 0073 0B       		.uleb128 0xb
 1280 0074 27       		.uleb128 0x27
 1281 0075 19       		.uleb128 0x19
 1282 0076 11       		.uleb128 0x11
 1283 0077 01       		.uleb128 0x1
 1284 0078 12       		.uleb128 0x12
ARM GAS  C:\Users\ALEXAN~1\AppData\Local\Temp\cceBIuwE.s 			page 28


 1285 0079 06       		.uleb128 0x6
 1286 007a 40       		.uleb128 0x40
 1287 007b 18       		.uleb128 0x18
 1288 007c 9742     		.uleb128 0x2117
 1289 007e 19       		.uleb128 0x19
 1290 007f 01       		.uleb128 0x1
 1291 0080 13       		.uleb128 0x13
 1292 0081 00       		.byte	0
 1293 0082 00       		.byte	0
 1294 0083 0B       		.uleb128 0xb
 1295 0084 0B       		.uleb128 0xb
 1296 0085 01       		.byte	0x1
 1297 0086 11       		.uleb128 0x11
 1298 0087 01       		.uleb128 0x1
 1299 0088 12       		.uleb128 0x12
 1300 0089 06       		.uleb128 0x6
 1301 008a 01       		.uleb128 0x1
 1302 008b 13       		.uleb128 0x13
 1303 008c 00       		.byte	0
 1304 008d 00       		.byte	0
 1305 008e 0C       		.uleb128 0xc
 1306 008f 34       		.uleb128 0x34
 1307 0090 00       		.byte	0
 1308 0091 03       		.uleb128 0x3
 1309 0092 0E       		.uleb128 0xe
 1310 0093 3A       		.uleb128 0x3a
 1311 0094 0B       		.uleb128 0xb
 1312 0095 3B       		.uleb128 0x3b
 1313 0096 0B       		.uleb128 0xb
 1314 0097 49       		.uleb128 0x49
 1315 0098 13       		.uleb128 0x13
 1316 0099 02       		.uleb128 0x2
 1317 009a 18       		.uleb128 0x18
 1318 009b 00       		.byte	0
 1319 009c 00       		.byte	0
 1320 009d 0D       		.uleb128 0xd
 1321 009e 898201   		.uleb128 0x4109
 1322 00a1 01       		.byte	0x1
 1323 00a2 11       		.uleb128 0x11
 1324 00a3 01       		.uleb128 0x1
 1325 00a4 31       		.uleb128 0x31
 1326 00a5 13       		.uleb128 0x13
 1327 00a6 01       		.uleb128 0x1
 1328 00a7 13       		.uleb128 0x13
 1329 00a8 00       		.byte	0
 1330 00a9 00       		.byte	0
 1331 00aa 0E       		.uleb128 0xe
 1332 00ab 8A8201   		.uleb128 0x410a
 1333 00ae 00       		.byte	0
 1334 00af 02       		.uleb128 0x2
 1335 00b0 18       		.uleb128 0x18
 1336 00b1 9142     		.uleb128 0x2111
 1337 00b3 18       		.uleb128 0x18
 1338 00b4 00       		.byte	0
 1339 00b5 00       		.byte	0
 1340 00b6 0F       		.uleb128 0xf
 1341 00b7 898201   		.uleb128 0x4109
ARM GAS  C:\Users\ALEXAN~1\AppData\Local\Temp\cceBIuwE.s 			page 29


 1342 00ba 00       		.byte	0
 1343 00bb 11       		.uleb128 0x11
 1344 00bc 01       		.uleb128 0x1
 1345 00bd 31       		.uleb128 0x31
 1346 00be 13       		.uleb128 0x13
 1347 00bf 00       		.byte	0
 1348 00c0 00       		.byte	0
 1349 00c1 10       		.uleb128 0x10
 1350 00c2 898201   		.uleb128 0x4109
 1351 00c5 01       		.byte	0x1
 1352 00c6 11       		.uleb128 0x11
 1353 00c7 01       		.uleb128 0x1
 1354 00c8 31       		.uleb128 0x31
 1355 00c9 13       		.uleb128 0x13
 1356 00ca 00       		.byte	0
 1357 00cb 00       		.byte	0
 1358 00cc 11       		.uleb128 0x11
 1359 00cd 34       		.uleb128 0x34
 1360 00ce 00       		.byte	0
 1361 00cf 03       		.uleb128 0x3
 1362 00d0 0E       		.uleb128 0xe
 1363 00d1 3A       		.uleb128 0x3a
 1364 00d2 0B       		.uleb128 0xb
 1365 00d3 3B       		.uleb128 0x3b
 1366 00d4 05       		.uleb128 0x5
 1367 00d5 49       		.uleb128 0x49
 1368 00d6 13       		.uleb128 0x13
 1369 00d7 3F       		.uleb128 0x3f
 1370 00d8 19       		.uleb128 0x19
 1371 00d9 3C       		.uleb128 0x3c
 1372 00da 19       		.uleb128 0x19
 1373 00db 00       		.byte	0
 1374 00dc 00       		.byte	0
 1375 00dd 12       		.uleb128 0x12
 1376 00de 34       		.uleb128 0x34
 1377 00df 00       		.byte	0
 1378 00e0 03       		.uleb128 0x3
 1379 00e1 0E       		.uleb128 0xe
 1380 00e2 3A       		.uleb128 0x3a
 1381 00e3 0B       		.uleb128 0xb
 1382 00e4 3B       		.uleb128 0x3b
 1383 00e5 0B       		.uleb128 0xb
 1384 00e6 49       		.uleb128 0x49
 1385 00e7 13       		.uleb128 0x13
 1386 00e8 3F       		.uleb128 0x3f
 1387 00e9 19       		.uleb128 0x19
 1388 00ea 3C       		.uleb128 0x3c
 1389 00eb 19       		.uleb128 0x19
 1390 00ec 00       		.byte	0
 1391 00ed 00       		.byte	0
 1392 00ee 13       		.uleb128 0x13
 1393 00ef 2E       		.uleb128 0x2e
 1394 00f0 01       		.byte	0x1
 1395 00f1 3F       		.uleb128 0x3f
 1396 00f2 19       		.uleb128 0x19
 1397 00f3 03       		.uleb128 0x3
 1398 00f4 0E       		.uleb128 0xe
ARM GAS  C:\Users\ALEXAN~1\AppData\Local\Temp\cceBIuwE.s 			page 30


 1399 00f5 3A       		.uleb128 0x3a
 1400 00f6 0B       		.uleb128 0xb
 1401 00f7 3B       		.uleb128 0x3b
 1402 00f8 0B       		.uleb128 0xb
 1403 00f9 27       		.uleb128 0x27
 1404 00fa 19       		.uleb128 0x19
 1405 00fb 3C       		.uleb128 0x3c
 1406 00fc 19       		.uleb128 0x19
 1407 00fd 01       		.uleb128 0x1
 1408 00fe 13       		.uleb128 0x13
 1409 00ff 00       		.byte	0
 1410 0100 00       		.byte	0
 1411 0101 14       		.uleb128 0x14
 1412 0102 05       		.uleb128 0x5
 1413 0103 00       		.byte	0
 1414 0104 49       		.uleb128 0x49
 1415 0105 13       		.uleb128 0x13
 1416 0106 00       		.byte	0
 1417 0107 00       		.byte	0
 1418 0108 15       		.uleb128 0x15
 1419 0109 2E       		.uleb128 0x2e
 1420 010a 00       		.byte	0
 1421 010b 3F       		.uleb128 0x3f
 1422 010c 19       		.uleb128 0x19
 1423 010d 03       		.uleb128 0x3
 1424 010e 0E       		.uleb128 0xe
 1425 010f 3A       		.uleb128 0x3a
 1426 0110 0B       		.uleb128 0xb
 1427 0111 3B       		.uleb128 0x3b
 1428 0112 0B       		.uleb128 0xb
 1429 0113 27       		.uleb128 0x27
 1430 0114 19       		.uleb128 0x19
 1431 0115 3C       		.uleb128 0x3c
 1432 0116 19       		.uleb128 0x19
 1433 0117 00       		.byte	0
 1434 0118 00       		.byte	0
 1435 0119 16       		.uleb128 0x16
 1436 011a 2E       		.uleb128 0x2e
 1437 011b 00       		.byte	0
 1438 011c 3F       		.uleb128 0x3f
 1439 011d 19       		.uleb128 0x19
 1440 011e 03       		.uleb128 0x3
 1441 011f 0E       		.uleb128 0xe
 1442 0120 3A       		.uleb128 0x3a
 1443 0121 0B       		.uleb128 0xb
 1444 0122 3B       		.uleb128 0x3b
 1445 0123 0B       		.uleb128 0xb
 1446 0124 27       		.uleb128 0x27
 1447 0125 19       		.uleb128 0x19
 1448 0126 49       		.uleb128 0x49
 1449 0127 13       		.uleb128 0x13
 1450 0128 3C       		.uleb128 0x3c
 1451 0129 19       		.uleb128 0x19
 1452 012a 00       		.byte	0
 1453 012b 00       		.byte	0
 1454 012c 17       		.uleb128 0x17
 1455 012d 2E       		.uleb128 0x2e
ARM GAS  C:\Users\ALEXAN~1\AppData\Local\Temp\cceBIuwE.s 			page 31


 1456 012e 01       		.byte	0x1
 1457 012f 3F       		.uleb128 0x3f
 1458 0130 19       		.uleb128 0x19
 1459 0131 03       		.uleb128 0x3
 1460 0132 0E       		.uleb128 0xe
 1461 0133 3A       		.uleb128 0x3a
 1462 0134 0B       		.uleb128 0xb
 1463 0135 3B       		.uleb128 0x3b
 1464 0136 0B       		.uleb128 0xb
 1465 0137 27       		.uleb128 0x27
 1466 0138 19       		.uleb128 0x19
 1467 0139 49       		.uleb128 0x49
 1468 013a 13       		.uleb128 0x13
 1469 013b 3C       		.uleb128 0x3c
 1470 013c 19       		.uleb128 0x19
 1471 013d 01       		.uleb128 0x1
 1472 013e 13       		.uleb128 0x13
 1473 013f 00       		.byte	0
 1474 0140 00       		.byte	0
 1475 0141 18       		.uleb128 0x18
 1476 0142 2E       		.uleb128 0x2e
 1477 0143 01       		.byte	0x1
 1478 0144 3F       		.uleb128 0x3f
 1479 0145 19       		.uleb128 0x19
 1480 0146 03       		.uleb128 0x3
 1481 0147 0E       		.uleb128 0xe
 1482 0148 3A       		.uleb128 0x3a
 1483 0149 0B       		.uleb128 0xb
 1484 014a 3B       		.uleb128 0x3b
 1485 014b 0B       		.uleb128 0xb
 1486 014c 27       		.uleb128 0x27
 1487 014d 19       		.uleb128 0x19
 1488 014e 3C       		.uleb128 0x3c
 1489 014f 19       		.uleb128 0x19
 1490 0150 00       		.byte	0
 1491 0151 00       		.byte	0
 1492 0152 00       		.byte	0
 1493              		.section	.debug_aranges,"",%progbits
 1494 0000 34000000 		.4byte	0x34
 1495 0004 0200     		.2byte	0x2
 1496 0006 00000000 		.4byte	.Ldebug_info0
 1497 000a 04       		.byte	0x4
 1498 000b 00       		.byte	0
 1499 000c 0000     		.2byte	0
 1500 000e 0000     		.2byte	0
 1501 0010 00000000 		.4byte	.LFB38
 1502 0014 10010000 		.4byte	.LFE38-.LFB38
 1503 0018 00000000 		.4byte	.LFB35
 1504 001c 6C000000 		.4byte	.LFE35-.LFB35
 1505 0020 00000000 		.4byte	.LFB36
 1506 0024 0A000000 		.4byte	.LFE36-.LFB36
 1507 0028 00000000 		.4byte	.LFB37
 1508 002c 0A000000 		.4byte	.LFE37-.LFB37
 1509 0030 00000000 		.4byte	0
 1510 0034 00000000 		.4byte	0
 1511              		.section	.debug_ranges,"",%progbits
 1512              	.Ldebug_ranges0:
ARM GAS  C:\Users\ALEXAN~1\AppData\Local\Temp\cceBIuwE.s 			page 32


 1513 0000 00000000 		.4byte	.LFB38
 1514 0004 10010000 		.4byte	.LFE38
 1515 0008 00000000 		.4byte	.LFB35
 1516 000c 6C000000 		.4byte	.LFE35
 1517 0010 00000000 		.4byte	.LFB36
 1518 0014 0A000000 		.4byte	.LFE36
 1519 0018 00000000 		.4byte	.LFB37
 1520 001c 0A000000 		.4byte	.LFE37
 1521 0020 00000000 		.4byte	0
 1522 0024 00000000 		.4byte	0
 1523              		.section	.debug_line,"",%progbits
 1524              	.Ldebug_line0:
 1525 0000 FE000000 		.section	.debug_str,"MS",%progbits,1
 1525      02008200 
 1525      00000201 
 1525      FB0E0D00 
 1525      01010101 
 1526              	.LASF29:
 1527 0000 43795379 		.ascii	"CySysWdtClearInterrupt\000"
 1527      73576474 
 1527      436C6561 
 1527      72496E74 
 1527      65727275 
 1528              	.LASF44:
 1529 0017 2E5C5F57 		.ascii	".\\_Watchdog.c\000"
 1529      61746368 
 1529      646F672E 
 1529      6300
 1530              	.LASF21:
 1531 0025 4359424C 		.ascii	"CYBLE_STATE_DISCONNECTED\000"
 1531      455F5354 
 1531      4154455F 
 1531      44495343 
 1531      4F4E4E45 
 1532              	.LASF3:
 1533 003e 73686F72 		.ascii	"short unsigned int\000"
 1533      7420756E 
 1533      7369676E 
 1533      65642069 
 1533      6E7400
 1534              	.LASF18:
 1535 0051 4359424C 		.ascii	"CYBLE_STATE_INITIALIZING\000"
 1535      455F5354 
 1535      4154455F 
 1535      494E4954 
 1535      49414C49 
 1536              	.LASF45:
 1537 006a 433A5C55 		.ascii	"C:\\Users\\Alexandre\\Documents\\GitHub\\CoRo_PW_PS"
 1537      73657273 
 1537      5C416C65 
 1537      78616E64 
 1537      72655C44 
 1538 0098 4F435C50 		.ascii	"OC\\PSOC_CapSense_2_BLE\\PSOC_CapSense_2_BLE.cydsn\000"
 1538      534F435F 
 1538      43617053 
 1538      656E7365 
 1538      5F325F42 
ARM GAS  C:\Users\ALEXAN~1\AppData\Local\Temp\cceBIuwE.s 			page 33


 1539              	.LASF24:
 1540 00c9 5F576174 		.ascii	"_Watchdog_Init\000"
 1540      6368646F 
 1540      675F496E 
 1540      697400
 1541              	.LASF12:
 1542 00d8 666C6F61 		.ascii	"float\000"
 1542      7400
 1543              	.LASF7:
 1544 00de 6C6F6E67 		.ascii	"long long unsigned int\000"
 1544      206C6F6E 
 1544      6720756E 
 1544      7369676E 
 1544      65642069 
 1545              	.LASF1:
 1546 00f5 756E7369 		.ascii	"unsigned char\000"
 1546      676E6564 
 1546      20636861 
 1546      7200
 1547              	.LASF10:
 1548 0103 75696E74 		.ascii	"uint16\000"
 1548      313600
 1549              	.LASF47:
 1550 010a 43795379 		.ascii	"CySysWdtGetInterruptSource\000"
 1550      73576474 
 1550      47657449 
 1550      6E746572 
 1550      72757074 
 1551              	.LASF20:
 1552 0125 4359424C 		.ascii	"CYBLE_STATE_ADVERTISING\000"
 1552      455F5354 
 1552      4154455F 
 1552      41445645 
 1552      52544953 
 1553              	.LASF9:
 1554 013d 75696E74 		.ascii	"uint8\000"
 1554      3800
 1555              	.LASF40:
 1556 0143 43795379 		.ascii	"CySysWdtSetClearOnMatch\000"
 1556      73576474 
 1556      53657443 
 1556      6C656172 
 1556      4F6E4D61 
 1557              	.LASF35:
 1558 015b 43795379 		.ascii	"CySysWdtSetMatch\000"
 1558      73576474 
 1558      5365744D 
 1558      61746368 
 1558      00
 1559              	.LASF19:
 1560 016c 4359424C 		.ascii	"CYBLE_STATE_CONNECTED\000"
 1560      455F5354 
 1560      4154455F 
 1560      434F4E4E 
 1560      45435445 
 1561              	.LASF5:
 1562 0182 6C6F6E67 		.ascii	"long unsigned int\000"
ARM GAS  C:\Users\ALEXAN~1\AppData\Local\Temp\cceBIuwE.s 			page 34


 1562      20756E73 
 1562      69676E65 
 1562      6420696E 
 1562      7400
 1563              	.LASF32:
 1564 0194 43795379 		.ascii	"CySysWdtDisable\000"
 1564      73576474 
 1564      44697361 
 1564      626C6500 
 1565              	.LASF42:
 1566 01a4 4379496E 		.ascii	"CyIntEnable\000"
 1566      74456E61 
 1566      626C6500 
 1567              	.LASF36:
 1568 01b0 43795379 		.ascii	"CySysWdtEnable\000"
 1568      73576474 
 1568      456E6162 
 1568      6C6500
 1569              	.LASF11:
 1570 01bf 75696E74 		.ascii	"uint32\000"
 1570      333200
 1571              	.LASF31:
 1572 01c6 5F4C4544 		.ascii	"_LED_TurnOnLED\000"
 1572      5F547572 
 1572      6E4F6E4C 
 1572      454400
 1573              	.LASF48:
 1574 01d5 4379496E 		.ascii	"CyIntSetVector\000"
 1574      74536574 
 1574      56656374 
 1574      6F7200
 1575              	.LASF8:
 1576 01e4 756E7369 		.ascii	"unsigned int\000"
 1576      676E6564 
 1576      20696E74 
 1576      00
 1577              	.LASF14:
 1578 01f1 63686172 		.ascii	"char\000"
 1578      00
 1579              	.LASF41:
 1580 01f6 4379496E 		.ascii	"CyIntSetPriority\000"
 1580      74536574 
 1580      5072696F 
 1580      72697479 
 1580      00
 1581              	.LASF22:
 1582 0207 4359424C 		.ascii	"CYBLE_STATE_T\000"
 1582      455F5354 
 1582      4154455F 
 1582      5400
 1583              	.LASF17:
 1584 0215 4359424C 		.ascii	"CYBLE_STATE_STOPPED\000"
 1584      455F5354 
 1584      4154455F 
 1584      53544F50 
 1584      50454400 
 1585              	.LASF15:
ARM GAS  C:\Users\ALEXAN~1\AppData\Local\Temp\cceBIuwE.s 			page 35


 1586 0229 63796973 		.ascii	"cyisraddress\000"
 1586      72616464 
 1586      72657373 
 1586      00
 1587              	.LASF27:
 1588 0236 6379426C 		.ascii	"cyBle_state\000"
 1588      655F7374 
 1588      61746500 
 1589              	.LASF16:
 1590 0242 73697A65 		.ascii	"sizetype\000"
 1590      74797065 
 1590      00
 1591              	.LASF28:
 1592 024b 5F4C4544 		.ascii	"_LED_Green_On\000"
 1592      5F477265 
 1592      656E5F4F 
 1592      6E00
 1593              	.LASF6:
 1594 0259 6C6F6E67 		.ascii	"long long int\000"
 1594      206C6F6E 
 1594      6720696E 
 1594      7400
 1595              	.LASF23:
 1596 0267 5F576174 		.ascii	"_Watchdog_Handler\000"
 1596      6368646F 
 1596      675F4861 
 1596      6E646C65 
 1596      7200
 1597              	.LASF34:
 1598 0279 43794465 		.ascii	"CyDelayUs\000"
 1598      6C617955 
 1598      7300
 1599              	.LASF43:
 1600 0283 474E5520 		.ascii	"GNU C 4.9.3 20150303 (release) [ARM/embedded-4_9-br"
 1600      4320342E 
 1600      392E3320 
 1600      32303135 
 1600      30333033 
 1601 02b6 616E6368 		.ascii	"anch revision 221220] -mcpu=cortex-m0 -mthumb -g -O"
 1601      20726576 
 1601      6973696F 
 1601      6E203232 
 1601      31323230 
 1602 02e9 67202D66 		.ascii	"g -ffunction-sections -ffat-lto-objects\000"
 1602      66756E63 
 1602      74696F6E 
 1602      2D736563 
 1602      74696F6E 
 1603              	.LASF49:
 1604 0311 4379496E 		.ascii	"CyIntDisable\000"
 1604      74446973 
 1604      61626C65 
 1604      00
 1605              	.LASF2:
 1606 031e 73686F72 		.ascii	"short int\000"
 1606      7420696E 
 1606      7400
ARM GAS  C:\Users\ALEXAN~1\AppData\Local\Temp\cceBIuwE.s 			page 36


 1607              	.LASF30:
 1608 0328 5F4C4544 		.ascii	"_LED_TurnOffLED\000"
 1608      5F547572 
 1608      6E4F6666 
 1608      4C454400 
 1609              	.LASF39:
 1610 0338 43795379 		.ascii	"CySysWdtSetMode\000"
 1610      73576474 
 1610      5365744D 
 1610      6F646500 
 1611              	.LASF4:
 1612 0348 6C6F6E67 		.ascii	"long int\000"
 1612      20696E74 
 1612      00
 1613              	.LASF25:
 1614 0351 5F576174 		.ascii	"_Watchdog_PauseInt\000"
 1614      6368646F 
 1614      675F5061 
 1614      75736549 
 1614      6E7400
 1615              	.LASF37:
 1616 0364 43795379 		.ascii	"CySysWdtUnlock\000"
 1616      73576474 
 1616      556E6C6F 
 1616      636B00
 1617              	.LASF0:
 1618 0373 7369676E 		.ascii	"signed char\000"
 1618      65642063 
 1618      68617200 
 1619              	.LASF13:
 1620 037f 646F7562 		.ascii	"double\000"
 1620      6C6500
 1621              	.LASF38:
 1622 0386 43795379 		.ascii	"CySysWdtLock\000"
 1622      73576474 
 1622      4C6F636B 
 1622      00
 1623              	.LASF33:
 1624 0393 43795379 		.ascii	"CySysWdtResetCounters\000"
 1624      73576474 
 1624      52657365 
 1624      74436F75 
 1624      6E746572 
 1625              	.LASF46:
 1626 03a9 70726576 		.ascii	"previousState\000"
 1626      696F7573 
 1626      53746174 
 1626      6500
 1627              	.LASF26:
 1628 03b7 5F576174 		.ascii	"_Watchdog_ResumeInt\000"
 1628      6368646F 
 1628      675F5265 
 1628      73756D65 
 1628      496E7400 
 1629              		.ident	"GCC: (GNU Tools for ARM Embedded Processors) 4.9.3 20150303 (release) [ARM/embedded-4_9-br
