--------------- Build Started: 10/27/2015 15:23:37 Project: PSOC_CapSense_2_BLE, Configuration: ARM GCC 4.9-2015-q1-update Debug ---------------
cydsfit.exe -.appdatapath "C:\Users\Alexandre\AppData\Local\Cypress Semiconductor\PSoC Creator\3.3" -.fdsnotice -.fdswarpdepfile=warp_dependencies.txt -.fdselabdepfile=elab_dependencies.txt -.fdsbldfile=generated_files.txt -p C:\Users\Alexandre\Documents\GitHub\CoRo_PW_PSOC\PSOC_CapSense_2_BLE\PSOC_CapSense_2_BLE.cydsn\PSOC_CapSense_2_BLE.cyprj -d CY8C4247LQI-BL483 -s C:\Users\Alexandre\Documents\GitHub\CoRo_PW_PSOC\PSOC_CapSense_2_BLE\PSOC_CapSense_2_BLE.cydsn\Generated_Source\PSoC4 -- -yv2 -q10 -ygs -o2 -v3 -.fftcfgtype=LE
Elaborating Design...
HDL Generation ...
Synthesis ...
Place and Route ...
Tech mapping ...
Analog Placement ...
Analog Routing ...
Analog Code Generation ...
Digital Placement ...
Digital Routing ...
Bitstream Generation ...
Static timing analysis ...
API Generation ...
Dependency Generation ...
Clean Temporary Files ...
arm-none-eabi-gcc.exe -mcpu=cortex-m0 -mthumb -Wno-main -I. -IGenerated_Source\PSoC4 -Wa,-alh=.\CortexM0\ARM_GCC_493\Debug/BLE_gatt.lst -g -D DEBUG -Wall -ffunction-sections -Og -ffat-lto-objects -c .\Generated_Source\PSoC4\BLE_gatt.c -o .\CortexM0\ARM_GCC_493\Debug\BLE_gatt.o
arm-none-eabi-ar.exe -rs .\CortexM0\ARM_GCC_493\Debug\PSOC_CapSense_2_BLE.a .\CortexM0\ARM_GCC_493\Debug\cyfitter_cfg.o .\CortexM0\ARM_GCC_493\Debug\PrISM_2.o .\CortexM0\ARM_GCC_493\Debug\PrISM_2_PM.o .\CortexM0\ARM_GCC_493\Debug\PrISM_1.o .\CortexM0\ARM_GCC_493\Debug\PrISM_1_PM.o .\CortexM0\ARM_GCC_493\Debug\BLE.o .\CortexM0\ARM_GCC_493\Debug\BLE_gatt.o .\CortexM0\ARM_GCC_493\Debug\BLE_eventHandler.o .\CortexM0\ARM_GCC_493\Debug\BLE_HAL_INT.o .\CortexM0\ARM_GCC_493\Debug\BLE_HAL_PVT.o .\CortexM0\ARM_GCC_493\Debug\BLE_custom.o .\CortexM0\ARM_GCC_493\Debug\CapSense.o .\CortexM0\ARM_GCC_493\Debug\CapSense_PM.o .\CortexM0\ARM_GCC_493\Debug\CapSense_CSHL.o .\CortexM0\ARM_GCC_493\Debug\CapSense_INT.o .\CortexM0\ARM_GCC_493\Debug\CapSense_TunerHelper.o .\CortexM0\ARM_GCC_493\Debug\BLUE.o .\CortexM0\ARM_GCC_493\Debug\GREEN.o .\CortexM0\ARM_GCC_493\Debug\RED.o .\CortexM0\ARM_GCC_493\Debug\PrISM_Clock.o .\CortexM0\ARM_GCC_493\Debug\BLE_bless_isr.o .\CortexM0\ARM_GCC_493\Debug\CapSense_SampleClk.o .\CortexM0\ARM_GCC_493\Debug\CapSense_SenseClk.o .\CortexM0\ARM_GCC_493\Debug\CyBootAsmGnu.o .\CortexM0\ARM_GCC_493\Debug\CyFlash.o .\CortexM0\ARM_GCC_493\Debug\CyLib.o .\CortexM0\ARM_GCC_493\Debug\cyPm.o .\CortexM0\ARM_GCC_493\Debug\cyutils.o .\CortexM0\ARM_GCC_493\Debug\CyLFClk.o
arm-none-eabi-ar.exe: creating .\CortexM0\ARM_GCC_493\Debug\PSOC_CapSense_2_BLE.a
arm-none-eabi-gcc.exe -Wl,--start-group -o .\CortexM0\ARM_GCC_493\Debug\PSOC_CapSense_2_BLE.elf .\CortexM0\ARM_GCC_493\Debug\main.o .\CortexM0\ARM_GCC_493\Debug\crc.o .\CortexM0\ARM_GCC_493\Debug\_PrISM.o .\CortexM0\ARM_GCC_493\Debug\_CapSense.o .\CortexM0\ARM_GCC_493\Debug\_BLE.o .\CortexM0\ARM_GCC_493\Debug\vector.o .\CortexM0\ARM_GCC_493\Debug\cymetadata.o .\CortexM0\ARM_GCC_493\Debug\Cm0Start.o .\CortexM0\ARM_GCC_493\Debug\PSOC_CapSense_2_BLE.a "C:\Program Files (x86)\Cypress\PSoC Creator\3.3\PSoC Creator\psoc\content\cycomponentlibrary\CyComponentLibrary.cylib\BLE_v2_20\Library\gccCyBLEStack_BLE_SOC_PERIPHERAL.a" "C:\Program Files (x86)\Cypress\PSoC Creator\3.3\PSoC Creator\psoc\content\cycomponentlibrary\CyComponentLibrary.cylib\CapSense_CSD_P4_v2_30\PSoC4\Library\CapsenseP4Library_GCC.a" "C:\Program Files (x86)\Cypress\PSoC Creator\3.3\PSoC Creator\psoc\content\cycomponentlibrary\CyComponentLibrary.cylib\CortexM0\ARM_GCC_493\Debug\CyComponentLibrary.a" -mcpu=cortex-m0 -mthumb -g -ffunction-sections -Og -L Generated_Source\PSoC4 -Wl,-Map,.\CortexM0\ARM_GCC_493\Debug/PSOC_CapSense_2_BLE.map -T Generated_Source\PSoC4\cm0gcc.ld -specs=nano.specs -Wl,--gc-sections -Wl,--end-group
cyelftool.exe -C C:\Users\Alexandre\Documents\GitHub\CoRo_PW_PSOC\PSOC_CapSense_2_BLE\PSOC_CapSense_2_BLE.cydsn\CortexM0\ARM_GCC_493\Debug\PSOC_CapSense_2_BLE.elf --flash_row_size 128 --flash_size 131072
cyelftool.exe -S C:\Users\Alexandre\Documents\GitHub\CoRo_PW_PSOC\PSOC_CapSense_2_BLE\PSOC_CapSense_2_BLE.cydsn\CortexM0\ARM_GCC_493\Debug\PSOC_CapSense_2_BLE.elf
Flash used: 75776 of 131072 bytes (57.8 %).
SRAM used: 15652 of 16384 bytes (95.5 %). Stack: 2048 bytes. Heap: 128 bytes.
--------------- Build Succeeded: 10/27/2015 15:23:48 ---------------
