ARM GAS  C:\Users\ALEXAN~1\AppData\Local\Temp\ccmVWehW.s 			page 1


   1              		.cpu cortex-m0
   2              		.fpu softvfp
   3              		.eabi_attribute 20, 1
   4              		.eabi_attribute 21, 1
   5              		.eabi_attribute 23, 3
   6              		.eabi_attribute 24, 1
   7              		.eabi_attribute 25, 1
   8              		.eabi_attribute 26, 1
   9              		.eabi_attribute 30, 1
  10              		.eabi_attribute 34, 0
  11              		.eabi_attribute 18, 4
  12              		.code	16
  13              		.file	"LowPowerMode.c"
  14              		.text
  15              	.Ltext0:
  16              		.cfi_sections	.debug_frame
  17              		.section	.text.LowPowerMode_Init,"ax",%progbits
  18              		.align	2
  19              		.global	LowPowerMode_Init
  20              		.code	16
  21              		.thumb_func
  22              		.type	LowPowerMode_Init, %function
  23              	LowPowerMode_Init:
  24              	.LFB35:
  25              		.file 1 ".\\LowPowerMode.c"
   1:.\LowPowerMode.c **** /****************************************************************************
   2:.\LowPowerMode.c **** *
   3:.\LowPowerMode.c **** * Project Name		: PSoC CapSense 2 BLE
   4:.\LowPowerMode.c **** *
   5:.\LowPowerMode.c **** * File Name			: LowPowerMode.c
   6:.\LowPowerMode.c **** * Version 			: 1.0
   7:.\LowPowerMode.c **** *
   8:.\LowPowerMode.c **** * Device Used		: CY8C4247LQI-BL483
   9:.\LowPowerMode.c **** * Software Used		: PSoC Creator 3.3
  10:.\LowPowerMode.c **** * Compiler    		: ARM GCC 4.8.4, ARM MDK Generic
  11:.\LowPowerMode.c **** * Related Hardware	: CY8CKIT-042-BLE Bluetooth Low Energy Pioneer Kit 
  12:.\LowPowerMode.c **** *
  13:.\LowPowerMode.c **** * Owner             : A. BERNIER
  14:.\LowPowerMode.c **** *
  15:.\LowPowerMode.c **** *****************************************************************************/
  16:.\LowPowerMode.c **** 
  17:.\LowPowerMode.c **** 
  18:.\LowPowerMode.c **** /*****************************************************************************
  19:.\LowPowerMode.c **** * Included headers
  20:.\LowPowerMode.c **** *****************************************************************************/
  21:.\LowPowerMode.c **** #include "LowPowerMode.h"
  22:.\LowPowerMode.c **** #include "_BLE.h"
  23:.\LowPowerMode.c **** #include "_CapSense.h"
  24:.\LowPowerMode.c **** 
  25:.\LowPowerMode.c **** 
  26:.\LowPowerMode.c **** /*****************************************************************************
  27:.\LowPowerMode.c **** * Local global variables
  28:.\LowPowerMode.c **** *****************************************************************************/
  29:.\LowPowerMode.c **** // Flags
  30:.\LowPowerMode.c **** uint8 LowPowerMode_Capsense_inSleep;
  31:.\LowPowerMode.c **** uint8 LowPowerMode_System_DeepSleepAllowed;
  32:.\LowPowerMode.c **** 
ARM GAS  C:\Users\ALEXAN~1\AppData\Local\Temp\ccmVWehW.s 			page 2


  33:.\LowPowerMode.c **** 
  34:.\LowPowerMode.c **** /*****************************************************************************
  35:.\LowPowerMode.c **** * Function Name: LowPowerMode_Init()
  36:.\LowPowerMode.c **** ******************************************************************************
  37:.\LowPowerMode.c **** * Summary:
  38:.\LowPowerMode.c **** *   Initialize the Low Power Mode module.
  39:.\LowPowerMode.c **** *
  40:.\LowPowerMode.c **** * Parameters:
  41:.\LowPowerMode.c **** *   None.
  42:.\LowPowerMode.c **** *
  43:.\LowPowerMode.c **** * Return:
  44:.\LowPowerMode.c **** *   None.
  45:.\LowPowerMode.c **** *
  46:.\LowPowerMode.c **** * Note:
  47:.\LowPowerMode.c **** *
  48:.\LowPowerMode.c **** *****************************************************************************/
  49:.\LowPowerMode.c **** void LowPowerMode_Init(void)
  50:.\LowPowerMode.c **** {
  26              		.loc 1 50 0
  27              		.cfi_startproc
  28 0000 08B5     		push	{r3, lr}
  29              		.cfi_def_cfa_offset 8
  30              		.cfi_offset 3, -8
  31              		.cfi_offset 14, -4
  51:.\LowPowerMode.c ****     // Stop the ILO to reduce current consumption.
  52:.\LowPowerMode.c ****     CySysClkIloStop();
  32              		.loc 1 52 0
  33 0002 FFF7FEFF 		bl	CySysClkIloStop
  34              	.LVL0:
  53:.\LowPowerMode.c ****     
  54:.\LowPowerMode.c ****     // Configure the divider values for the ECO, so that a 3-MHz ECO divided
  55:.\LowPowerMode.c ****     // clock can be provided to the CPU in Sleep mode.
  56:.\LowPowerMode.c ****     CySysClkWriteEcoDiv(CY_SYS_CLK_ECO_DIV8);
  35              		.loc 1 56 0
  36 0006 0320     		mov	r0, #3
  37 0008 FFF7FEFF 		bl	CySysClkWriteEcoDiv
  38              	.LVL1:
  57:.\LowPowerMode.c ****     
  58:.\LowPowerMode.c ****     // Init flags.
  59:.\LowPowerMode.c ****     LowPowerMode_Capsense_inSleep = FALSE;
  39              		.loc 1 59 0
  40 000c 0023     		mov	r3, #0
  41 000e 024A     		ldr	r2, .L2
  42 0010 1370     		strb	r3, [r2]
  60:.\LowPowerMode.c ****     LowPowerMode_System_DeepSleepAllowed = FALSE;
  43              		.loc 1 60 0
  44 0012 024A     		ldr	r2, .L2+4
  45 0014 1370     		strb	r3, [r2]
  61:.\LowPowerMode.c **** }
  46              		.loc 1 61 0
  47              		@ sp needed
  48 0016 08BD     		pop	{r3, pc}
  49              	.L3:
  50              		.align	2
  51              	.L2:
  52 0018 00000000 		.word	LowPowerMode_Capsense_inSleep
  53 001c 00000000 		.word	LowPowerMode_System_DeepSleepAllowed
ARM GAS  C:\Users\ALEXAN~1\AppData\Local\Temp\ccmVWehW.s 			page 3


  54              		.cfi_endproc
  55              	.LFE35:
  56              		.size	LowPowerMode_Init, .-LowPowerMode_Init
  57              		.section	.text.LowPowerMode_Capsense,"ax",%progbits
  58              		.align	2
  59              		.global	LowPowerMode_Capsense
  60              		.code	16
  61              		.thumb_func
  62              		.type	LowPowerMode_Capsense, %function
  63              	LowPowerMode_Capsense:
  64              	.LFB36:
  62:.\LowPowerMode.c **** 
  63:.\LowPowerMode.c **** 
  64:.\LowPowerMode.c **** /*****************************************************************************
  65:.\LowPowerMode.c **** * Function Name: LowPowerMode_Capsense()
  66:.\LowPowerMode.c **** ******************************************************************************
  67:.\LowPowerMode.c **** * Summary:
  68:.\LowPowerMode.c **** *   Handles the Capsense low power mode.
  69:.\LowPowerMode.c **** *
  70:.\LowPowerMode.c **** * Parameters:
  71:.\LowPowerMode.c **** *   None.
  72:.\LowPowerMode.c **** *
  73:.\LowPowerMode.c **** * Return:
  74:.\LowPowerMode.c **** *   None.
  75:.\LowPowerMode.c **** *
  76:.\LowPowerMode.c **** * Note:
  77:.\LowPowerMode.c **** *
  78:.\LowPowerMode.c **** *****************************************************************************/
  79:.\LowPowerMode.c **** void LowPowerMode_Capsense(void)
  80:.\LowPowerMode.c **** {
  65              		.loc 1 80 0
  66              		.cfi_startproc
  67 0000 08B5     		push	{r3, lr}
  68              		.cfi_def_cfa_offset 8
  69              		.cfi_offset 3, -8
  70              		.cfi_offset 14, -4
  81:.\LowPowerMode.c ****     // If we are not acquiring data, put Capsense into sleep.
  82:.\LowPowerMode.c ****     if (!_BLE_acquireData && !LowPowerMode_Capsense_inSleep) {
  71              		.loc 1 82 0
  72 0002 0D4B     		ldr	r3, .L7
  73 0004 1B78     		ldrb	r3, [r3]
  74 0006 002B     		cmp	r3, #0
  75 0008 09D1     		bne	.L5
  76              		.loc 1 82 0 is_stmt 0 discriminator 1
  77 000a 0C4A     		ldr	r2, .L7+4
  78 000c 1278     		ldrb	r2, [r2]
  79 000e 002A     		cmp	r2, #0
  80 0010 05D1     		bne	.L5
  83:.\LowPowerMode.c ****         _CapSense_Sleep();
  81              		.loc 1 83 0 is_stmt 1
  82 0012 FFF7FEFF 		bl	_CapSense_Sleep
  83              	.LVL2:
  84:.\LowPowerMode.c ****         LowPowerMode_Capsense_inSleep = TRUE;
  84              		.loc 1 84 0
  85 0016 0122     		mov	r2, #1
  86 0018 084B     		ldr	r3, .L7+4
  87 001a 1A70     		strb	r2, [r3]
ARM GAS  C:\Users\ALEXAN~1\AppData\Local\Temp\ccmVWehW.s 			page 4


  88 001c 0AE0     		b	.L4
  89              	.L5:
  85:.\LowPowerMode.c ****     }
  86:.\LowPowerMode.c ****     else if (_BLE_acquireData && LowPowerMode_Capsense_inSleep) {
  90              		.loc 1 86 0
  91 001e 002B     		cmp	r3, #0
  92 0020 08D0     		beq	.L4
  93              		.loc 1 86 0 is_stmt 0 discriminator 1
  94 0022 064B     		ldr	r3, .L7+4
  95 0024 1B78     		ldrb	r3, [r3]
  96 0026 002B     		cmp	r3, #0
  97 0028 04D0     		beq	.L4
  87:.\LowPowerMode.c ****         _CapSense_Wakeup();
  98              		.loc 1 87 0 is_stmt 1
  99 002a FFF7FEFF 		bl	_CapSense_Wakeup
 100              	.LVL3:
  88:.\LowPowerMode.c ****         LowPowerMode_Capsense_inSleep = FALSE;
 101              		.loc 1 88 0
 102 002e 0022     		mov	r2, #0
 103 0030 024B     		ldr	r3, .L7+4
 104 0032 1A70     		strb	r2, [r3]
 105              	.L4:
  89:.\LowPowerMode.c ****     }
  90:.\LowPowerMode.c **** }
 106              		.loc 1 90 0
 107              		@ sp needed
 108 0034 08BD     		pop	{r3, pc}
 109              	.L8:
 110 0036 C046     		.align	2
 111              	.L7:
 112 0038 00000000 		.word	_BLE_acquireData
 113 003c 00000000 		.word	LowPowerMode_Capsense_inSleep
 114              		.cfi_endproc
 115              	.LFE36:
 116              		.size	LowPowerMode_Capsense, .-LowPowerMode_Capsense
 117              		.section	.text.LowPowerMode_Sleep,"ax",%progbits
 118              		.align	2
 119              		.global	LowPowerMode_Sleep
 120              		.code	16
 121              		.thumb_func
 122              		.type	LowPowerMode_Sleep, %function
 123              	LowPowerMode_Sleep:
 124              	.LFB37:
  91:.\LowPowerMode.c **** 
  92:.\LowPowerMode.c **** 
  93:.\LowPowerMode.c **** /*****************************************************************************
  94:.\LowPowerMode.c **** * Function Name: LowPowerMode_Sleep()
  95:.\LowPowerMode.c **** ******************************************************************************
  96:.\LowPowerMode.c **** * Summary:
  97:.\LowPowerMode.c **** *   Handles the system's power modes.
  98:.\LowPowerMode.c **** *
  99:.\LowPowerMode.c **** * Parameters:
 100:.\LowPowerMode.c **** *   None.
 101:.\LowPowerMode.c **** *
 102:.\LowPowerMode.c **** * Return:
 103:.\LowPowerMode.c **** *   None.
 104:.\LowPowerMode.c **** *
ARM GAS  C:\Users\ALEXAN~1\AppData\Local\Temp\ccmVWehW.s 			page 5


 105:.\LowPowerMode.c **** * Note:
 106:.\LowPowerMode.c **** *
 107:.\LowPowerMode.c **** *****************************************************************************/
 108:.\LowPowerMode.c **** void LowPowerMode_Sleep(void)
 109:.\LowPowerMode.c **** {
 125              		.loc 1 109 0
 126              		.cfi_startproc
 127 0000 08B5     		push	{r3, lr}
 128              		.cfi_def_cfa_offset 8
 129              		.cfi_offset 3, -8
 130              		.cfi_offset 14, -4
 110:.\LowPowerMode.c ****     // Stores the current BLESS power mode.
 111:.\LowPowerMode.c ****     CYBLE_BLESS_STATE_T blePowerMode;
 112:.\LowPowerMode.c ****     
 113:.\LowPowerMode.c ****     //  Get current state of BLE sub system.
 114:.\LowPowerMode.c ****     blePowerMode =  CyBle_GetBleSsState();
 131              		.loc 1 114 0
 132 0002 FFF7FEFF 		bl	CyBle_GetBleSsState
 133              	.LVL4:
 115:.\LowPowerMode.c ****     
 116:.\LowPowerMode.c ****     // System can enter DeepSleep only when BLESS and rest of the application
 117:.\LowPowerMode.c ****     // are in DeepSleep or equivalent power modes.
 118:.\LowPowerMode.c ****     if((blePowerMode == CYBLE_BLESS_STATE_DEEPSLEEP ||
 134              		.loc 1 118 0
 135 0006 0628     		cmp	r0, #6
 136 0008 01D0     		beq	.L10
 137              		.loc 1 118 0 is_stmt 0 discriminator 1
 138 000a 0428     		cmp	r0, #4
 139 000c 09D1     		bne	.L11
 140              	.L10:
 119:.\LowPowerMode.c ****         blePowerMode == CYBLE_BLESS_STATE_ECO_ON) &&
 141              		.loc 1 119 0 is_stmt 1
 142 000e 104B     		ldr	r3, .L13
 143 0010 1B78     		ldrb	r3, [r3]
 144 0012 002B     		cmp	r3, #0
 145 0014 05D0     		beq	.L11
 120:.\LowPowerMode.c ****         LowPowerMode_System_DeepSleepAllowed)
 121:.\LowPowerMode.c ****     {
 122:.\LowPowerMode.c ****         // Put system into Deep-Sleep mode.
 123:.\LowPowerMode.c ****         CySysPmDeepSleep();
 146              		.loc 1 123 0
 147 0016 FFF7FEFF 		bl	CySysPmDeepSleep
 148              	.LVL5:
 124:.\LowPowerMode.c ****         // Put the BLESS back into Active mode.
 125:.\LowPowerMode.c ****         CyBle_EnterLPM(CYBLE_BLESS_ACTIVE);
 149              		.loc 1 125 0
 150 001a 0120     		mov	r0, #1
 151 001c FFF7FEFF 		bl	CyBle_EnterLPM
 152              	.LVL6:
 153 0020 14E0     		b	.L9
 154              	.LVL7:
 155              	.L11:
 126:.\LowPowerMode.c ****     }
 127:.\LowPowerMode.c ****     
 128:.\LowPowerMode.c ****     // BLESS is not in Deep Sleep mode. Check if it can enter Sleep mode.
 129:.\LowPowerMode.c ****     else if(blePowerMode != CYBLE_BLESS_STATE_EVENT_CLOSE)
 156              		.loc 1 129 0
ARM GAS  C:\Users\ALEXAN~1\AppData\Local\Temp\ccmVWehW.s 			page 6


 157 0022 0228     		cmp	r0, #2
 158 0024 12D0     		beq	.L9
 130:.\LowPowerMode.c ****     {
 131:.\LowPowerMode.c ****         // Application can be in DeepSleep, so IMO is not required.
 132:.\LowPowerMode.c ****         if(LowPowerMode_System_DeepSleepAllowed)
 159              		.loc 1 132 0
 160 0026 0A4B     		ldr	r3, .L13
 161 0028 1B78     		ldrb	r3, [r3]
 162 002a 002B     		cmp	r3, #0
 163 002c 0ED0     		beq	.L9
 133:.\LowPowerMode.c ****         {
 134:.\LowPowerMode.c ****             // Change HFCLK source from IMO to ECO.
 135:.\LowPowerMode.c ****             CySysClkWriteHfclkDirect(CY_SYS_CLK_HFCLK_ECO);
 164              		.loc 1 135 0
 165 002e 0220     		mov	r0, #2
 166              	.LVL8:
 167 0030 FFF7FEFF 		bl	CySysClkWriteHfclkDirect
 168              	.LVL9:
 136:.\LowPowerMode.c ****             // Stop IMO for reducing current consumption.
 137:.\LowPowerMode.c ****             CySysClkImoStop();
 169              		.loc 1 137 0
 170 0034 FFF7FEFF 		bl	CySysClkImoStop
 171              	.LVL10:
 138:.\LowPowerMode.c ****             // Put the CPU to sleep.
 139:.\LowPowerMode.c ****             CySysPmSleep();
 172              		.loc 1 139 0
 173 0038 FFF7FEFF 		bl	CySysPmSleep
 174              	.LVL11:
 140:.\LowPowerMode.c ****             // Put the BLESS back into Active mode.
 141:.\LowPowerMode.c ****             CyBle_EnterLPM(CYBLE_BLESS_ACTIVE);
 175              		.loc 1 141 0
 176 003c 0120     		mov	r0, #1
 177 003e FFF7FEFF 		bl	CyBle_EnterLPM
 178              	.LVL12:
 142:.\LowPowerMode.c ****             // After waking up, start IMO.
 143:.\LowPowerMode.c ****             CySysClkImoStart();
 179              		.loc 1 143 0
 180 0042 FFF7FEFF 		bl	CySysClkImoStart
 181              	.LVL13:
 144:.\LowPowerMode.c ****             // Change HFCLK source back to IMO.
 145:.\LowPowerMode.c ****             CySysClkWriteHfclkDirect(CY_SYS_CLK_HFCLK_IMO);
 182              		.loc 1 145 0
 183 0046 0020     		mov	r0, #0
 184 0048 FFF7FEFF 		bl	CySysClkWriteHfclkDirect
 185              	.LVL14:
 186              	.L9:
 146:.\LowPowerMode.c ****         }
 147:.\LowPowerMode.c ****     }
 148:.\LowPowerMode.c **** }
 187              		.loc 1 148 0
 188              		@ sp needed
 189 004c 08BD     		pop	{r3, pc}
 190              	.L14:
 191 004e C046     		.align	2
 192              	.L13:
 193 0050 00000000 		.word	LowPowerMode_System_DeepSleepAllowed
 194              		.cfi_endproc
ARM GAS  C:\Users\ALEXAN~1\AppData\Local\Temp\ccmVWehW.s 			page 7


 195              	.LFE37:
 196              		.size	LowPowerMode_Sleep, .-LowPowerMode_Sleep
 197              		.comm	LowPowerMode_System_DeepSleepAllowed,1,1
 198              		.comm	LowPowerMode_Capsense_inSleep,1,1
 199              		.text
 200              	.Letext0:
 201              		.file 2 "Generated_Source\\PSoC4/cytypes.h"
 202              		.file 3 "Generated_Source\\PSoC4/BLE_Stack.h"
 203              		.file 4 ".\\_BLE.h"
 204              		.file 5 "Generated_Source\\PSoC4/CyLFClk.h"
 205              		.file 6 ".\\_CapSense.h"
 206              		.file 7 "Generated_Source\\PSoC4/cyPm.h"
 207              		.file 8 "Generated_Source\\PSoC4/CyLib.h"
 208              		.section	.debug_info,"",%progbits
 209              	.Ldebug_info0:
 210 0000 2D040000 		.4byte	0x42d
 211 0004 0400     		.2byte	0x4
 212 0006 00000000 		.4byte	.Ldebug_abbrev0
 213 000a 04       		.byte	0x4
 214 000b 01       		.uleb128 0x1
 215 000c 59040000 		.4byte	.LASF102
 216 0010 01       		.byte	0x1
 217 0011 83020000 		.4byte	.LASF103
 218 0015 88080000 		.4byte	.LASF104
 219 0019 00000000 		.4byte	.Ldebug_ranges0+0
 220 001d 00000000 		.4byte	0
 221 0021 00000000 		.4byte	.Ldebug_line0
 222 0025 02       		.uleb128 0x2
 223 0026 01       		.byte	0x1
 224 0027 06       		.byte	0x6
 225 0028 B2050000 		.4byte	.LASF0
 226 002c 02       		.uleb128 0x2
 227 002d 01       		.byte	0x1
 228 002e 08       		.byte	0x8
 229 002f 5E050000 		.4byte	.LASF1
 230 0033 02       		.uleb128 0x2
 231 0034 02       		.byte	0x2
 232 0035 05       		.byte	0x5
 233 0036 C6000000 		.4byte	.LASF2
 234 003a 02       		.uleb128 0x2
 235 003b 02       		.byte	0x2
 236 003c 07       		.byte	0x7
 237 003d 29070000 		.4byte	.LASF3
 238 0041 02       		.uleb128 0x2
 239 0042 04       		.byte	0x4
 240 0043 05       		.byte	0x5
 241 0044 2F030000 		.4byte	.LASF4
 242 0048 02       		.uleb128 0x2
 243 0049 04       		.byte	0x4
 244 004a 07       		.byte	0x7
 245 004b 43060000 		.4byte	.LASF5
 246 004f 02       		.uleb128 0x2
 247 0050 08       		.byte	0x8
 248 0051 05       		.byte	0x5
 249 0052 EE020000 		.4byte	.LASF6
 250 0056 02       		.uleb128 0x2
 251 0057 08       		.byte	0x8
ARM GAS  C:\Users\ALEXAN~1\AppData\Local\Temp\ccmVWehW.s 			page 8


 252 0058 07       		.byte	0x7
 253 0059 FC020000 		.4byte	.LASF7
 254 005d 03       		.uleb128 0x3
 255 005e 04       		.byte	0x4
 256 005f 05       		.byte	0x5
 257 0060 696E7400 		.ascii	"int\000"
 258 0064 02       		.uleb128 0x2
 259 0065 04       		.byte	0x4
 260 0066 07       		.byte	0x7
 261 0067 1B060000 		.4byte	.LASF8
 262 006b 04       		.uleb128 0x4
 263 006c 13050000 		.4byte	.LASF9
 264 0070 02       		.byte	0x2
 265 0071 C2       		.byte	0xc2
 266 0072 2C000000 		.4byte	0x2c
 267 0076 04       		.uleb128 0x4
 268 0077 B9070000 		.4byte	.LASF10
 269 007b 02       		.byte	0x2
 270 007c C4       		.byte	0xc4
 271 007d 48000000 		.4byte	0x48
 272 0081 02       		.uleb128 0x2
 273 0082 04       		.byte	0x4
 274 0083 04       		.byte	0x4
 275 0084 B5020000 		.4byte	.LASF11
 276 0088 02       		.uleb128 0x2
 277 0089 08       		.byte	0x8
 278 008a 04       		.byte	0x4
 279 008b 01080000 		.4byte	.LASF12
 280 008f 02       		.uleb128 0x2
 281 0090 01       		.byte	0x1
 282 0091 08       		.byte	0x8
 283 0092 E6060000 		.4byte	.LASF13
 284 0096 02       		.uleb128 0x2
 285 0097 04       		.byte	0x4
 286 0098 07       		.byte	0x7
 287 0099 EA000000 		.4byte	.LASF14
 288 009d 05       		.uleb128 0x5
 289 009e 01       		.byte	0x1
 290 009f 03       		.byte	0x3
 291 00a0 9D       		.byte	0x9d
 292 00a1 22020000 		.4byte	0x222
 293 00a5 06       		.uleb128 0x6
 294 00a6 4E020000 		.4byte	.LASF15
 295 00aa 00       		.sleb128 0
 296 00ab 06       		.uleb128 0x6
 297 00ac 91010000 		.4byte	.LASF16
 298 00b0 01       		.sleb128 1
 299 00b1 06       		.uleb128 0x6
 300 00b2 E6090000 		.4byte	.LASF17
 301 00b6 02       		.sleb128 2
 302 00b7 06       		.uleb128 0x6
 303 00b8 E7080000 		.4byte	.LASF18
 304 00bc 03       		.sleb128 3
 305 00bd 06       		.uleb128 0x6
 306 00be 5B010000 		.4byte	.LASF19
 307 00c2 04       		.sleb128 4
 308 00c3 06       		.uleb128 0x6
ARM GAS  C:\Users\ALEXAN~1\AppData\Local\Temp\ccmVWehW.s 			page 9


 309 00c4 6C080000 		.4byte	.LASF20
 310 00c8 05       		.sleb128 5
 311 00c9 06       		.uleb128 0x6
 312 00ca 58070000 		.4byte	.LASF21
 313 00ce 20       		.sleb128 32
 314 00cf 06       		.uleb128 0x6
 315 00d0 55060000 		.4byte	.LASF22
 316 00d4 21       		.sleb128 33
 317 00d5 06       		.uleb128 0x6
 318 00d6 1A000000 		.4byte	.LASF23
 319 00da 22       		.sleb128 34
 320 00db 06       		.uleb128 0x6
 321 00dc 1D040000 		.4byte	.LASF24
 322 00e0 23       		.sleb128 35
 323 00e1 06       		.uleb128 0x6
 324 00e2 FF050000 		.4byte	.LASF25
 325 00e6 24       		.sleb128 36
 326 00e7 06       		.uleb128 0x6
 327 00e8 D0000000 		.4byte	.LASF26
 328 00ec 25       		.sleb128 37
 329 00ed 06       		.uleb128 0x6
 330 00ee C2010000 		.4byte	.LASF27
 331 00f2 26       		.sleb128 38
 332 00f3 06       		.uleb128 0x6
 333 00f4 7E030000 		.4byte	.LASF28
 334 00f8 27       		.sleb128 39
 335 00f9 06       		.uleb128 0x6
 336 00fa CC0A0000 		.4byte	.LASF29
 337 00fe 28       		.sleb128 40
 338 00ff 06       		.uleb128 0x6
 339 0100 F3000000 		.4byte	.LASF30
 340 0104 29       		.sleb128 41
 341 0105 06       		.uleb128 0x6
 342 0106 BD060000 		.4byte	.LASF31
 343 010a 2A       		.sleb128 42
 344 010b 06       		.uleb128 0x6
 345 010c 320A0000 		.4byte	.LASF32
 346 0110 2B       		.sleb128 43
 347 0111 06       		.uleb128 0x6
 348 0112 EA010000 		.4byte	.LASF33
 349 0116 2C       		.sleb128 44
 350 0117 06       		.uleb128 0x6
 351 0118 8D000000 		.4byte	.LASF34
 352 011c C000     		.sleb128 64
 353 011e 06       		.uleb128 0x6
 354 011f 28060000 		.4byte	.LASF35
 355 0123 C100     		.sleb128 65
 356 0125 06       		.uleb128 0x6
 357 0126 120B0000 		.4byte	.LASF36
 358 012a C200     		.sleb128 66
 359 012c 06       		.uleb128 0x6
 360 012d A4010000 		.4byte	.LASF37
 361 0131 C300     		.sleb128 67
 362 0133 06       		.uleb128 0x6
 363 0134 C8090000 		.4byte	.LASF38
 364 0138 C400     		.sleb128 68
 365 013a 06       		.uleb128 0x6
ARM GAS  C:\Users\ALEXAN~1\AppData\Local\Temp\ccmVWehW.s 			page 10


 366 013b 83090000 		.4byte	.LASF39
 367 013f C500     		.sleb128 69
 368 0141 06       		.uleb128 0x6
 369 0142 70010000 		.4byte	.LASF40
 370 0146 C600     		.sleb128 70
 371 0148 06       		.uleb128 0x6
 372 0149 94050000 		.4byte	.LASF41
 373 014d C700     		.sleb128 71
 374 014f 06       		.uleb128 0x6
 375 0150 D8050000 		.4byte	.LASF42
 376 0154 C800     		.sleb128 72
 377 0156 06       		.uleb128 0x6
 378 0157 BB020000 		.4byte	.LASF43
 379 015b C900     		.sleb128 73
 380 015d 06       		.uleb128 0x6
 381 015e 7C070000 		.4byte	.LASF44
 382 0162 CA00     		.sleb128 74
 383 0164 06       		.uleb128 0x6
 384 0165 0E020000 		.4byte	.LASF45
 385 0169 CB00     		.sleb128 75
 386 016b 06       		.uleb128 0x6
 387 016c BE050000 		.4byte	.LASF46
 388 0170 CC00     		.sleb128 76
 389 0172 06       		.uleb128 0x6
 390 0173 D4020000 		.4byte	.LASF47
 391 0177 CD00     		.sleb128 77
 392 0179 06       		.uleb128 0x6
 393 017a AA090000 		.4byte	.LASF48
 394 017e CE00     		.sleb128 78
 395 0180 06       		.uleb128 0x6
 396 0181 3E000000 		.4byte	.LASF49
 397 0185 CF00     		.sleb128 79
 398 0187 06       		.uleb128 0x6
 399 0188 A7000000 		.4byte	.LASF50
 400 018c D000     		.sleb128 80
 401 018e 06       		.uleb128 0x6
 402 018f 9A070000 		.4byte	.LASF51
 403 0193 D100     		.sleb128 81
 404 0195 06       		.uleb128 0x6
 405 0196 C6030000 		.4byte	.LASF52
 406 019a D200     		.sleb128 82
 407 019c 06       		.uleb128 0x6
 408 019d 38030000 		.4byte	.LASF53
 409 01a1 D300     		.sleb128 83
 410 01a3 06       		.uleb128 0x6
 411 01a4 2D020000 		.4byte	.LASF54
 412 01a8 D400     		.sleb128 84
 413 01aa 06       		.uleb128 0x6
 414 01ab EE0A0000 		.4byte	.LASF55
 415 01af D500     		.sleb128 85
 416 01b1 06       		.uleb128 0x6
 417 01b2 8A0A0000 		.4byte	.LASF56
 418 01b6 D600     		.sleb128 86
 419 01b8 06       		.uleb128 0x6
 420 01b9 510A0000 		.4byte	.LASF57
 421 01bd D700     		.sleb128 87
 422 01bf 06       		.uleb128 0x6
ARM GAS  C:\Users\ALEXAN~1\AppData\Local\Temp\ccmVWehW.s 			page 11


 423 01c0 38050000 		.4byte	.LASF58
 424 01c4 F000     		.sleb128 112
 425 01c6 06       		.uleb128 0x6
 426 01c7 1F090000 		.4byte	.LASF59
 427 01cb F100     		.sleb128 113
 428 01cd 06       		.uleb128 0x6
 429 01ce 0D070000 		.4byte	.LASF60
 430 01d2 F200     		.sleb128 114
 431 01d4 06       		.uleb128 0x6
 432 01d5 65020000 		.4byte	.LASF61
 433 01d9 F300     		.sleb128 115
 434 01db 06       		.uleb128 0x6
 435 01dc E7040000 		.4byte	.LASF62
 436 01e0 F400     		.sleb128 116
 437 01e2 06       		.uleb128 0x6
 438 01e3 6C060000 		.4byte	.LASF63
 439 01e7 F500     		.sleb128 117
 440 01e9 06       		.uleb128 0x6
 441 01ea 94020000 		.4byte	.LASF64
 442 01ee F600     		.sleb128 118
 443 01f0 06       		.uleb128 0x6
 444 01f1 00090000 		.4byte	.LASF65
 445 01f5 F700     		.sleb128 119
 446 01f7 06       		.uleb128 0x6
 447 01f8 DE070000 		.4byte	.LASF66
 448 01fc F800     		.sleb128 120
 449 01fe 06       		.uleb128 0x6
 450 01ff 49080000 		.4byte	.LASF67
 451 0203 F900     		.sleb128 121
 452 0205 06       		.uleb128 0x6
 453 0206 0E0A0000 		.4byte	.LASF68
 454 020a FA00     		.sleb128 122
 455 020c 06       		.uleb128 0x6
 456 020d C0070000 		.4byte	.LASF69
 457 0211 FA01     		.sleb128 250
 458 0213 06       		.uleb128 0x6
 459 0214 19050000 		.4byte	.LASF70
 460 0218 FB01     		.sleb128 251
 461 021a 06       		.uleb128 0x6
 462 021b 05050000 		.4byte	.LASF71
 463 021f FF01     		.sleb128 255
 464 0221 00       		.byte	0
 465 0222 07       		.uleb128 0x7
 466 0223 01       		.byte	0x1
 467 0224 03       		.byte	0x3
 468 0225 6302     		.2byte	0x263
 469 0227 4B020000 		.4byte	0x24b
 470 022b 06       		.uleb128 0x6
 471 022c 08080000 		.4byte	.LASF72
 472 0230 01       		.sleb128 1
 473 0231 06       		.uleb128 0x6
 474 0232 AB060000 		.4byte	.LASF73
 475 0236 02       		.sleb128 2
 476 0237 06       		.uleb128 0x6
 477 0238 43040000 		.4byte	.LASF74
 478 023c 03       		.sleb128 3
 479 023d 06       		.uleb128 0x6
ARM GAS  C:\Users\ALEXAN~1\AppData\Local\Temp\ccmVWehW.s 			page 12


 480 023e 300B0000 		.4byte	.LASF75
 481 0242 04       		.sleb128 4
 482 0243 06       		.uleb128 0x6
 483 0244 6C050000 		.4byte	.LASF76
 484 0248 FF01     		.sleb128 255
 485 024a 00       		.byte	0
 486 024b 08       		.uleb128 0x8
 487 024c 9D030000 		.4byte	.LASF77
 488 0250 03       		.byte	0x3
 489 0251 7F02     		.2byte	0x27f
 490 0253 22020000 		.4byte	0x222
 491 0257 07       		.uleb128 0x7
 492 0258 01       		.byte	0x1
 493 0259 03       		.byte	0x3
 494 025a 8302     		.2byte	0x283
 495 025c 92020000 		.4byte	0x292
 496 0260 06       		.uleb128 0x6
 497 0261 AD030000 		.4byte	.LASF78
 498 0265 01       		.sleb128 1
 499 0266 06       		.uleb128 0x6
 500 0267 24010000 		.4byte	.LASF79
 501 026b 02       		.sleb128 2
 502 026c 06       		.uleb128 0x6
 503 026d E7030000 		.4byte	.LASF80
 504 0271 03       		.sleb128 3
 505 0272 06       		.uleb128 0x6
 506 0273 42010000 		.4byte	.LASF81
 507 0277 04       		.sleb128 4
 508 0278 06       		.uleb128 0x6
 509 0279 1B080000 		.4byte	.LASF82
 510 027d 05       		.sleb128 5
 511 027e 06       		.uleb128 0x6
 512 027f 3C070000 		.4byte	.LASF83
 513 0283 06       		.sleb128 6
 514 0284 06       		.uleb128 0x6
 515 0285 71000000 		.4byte	.LASF84
 516 0289 07       		.sleb128 7
 517 028a 06       		.uleb128 0x6
 518 028b 00000000 		.4byte	.LASF85
 519 028f FF01     		.sleb128 255
 520 0291 00       		.byte	0
 521 0292 08       		.uleb128 0x8
 522 0293 80050000 		.4byte	.LASF86
 523 0297 03       		.byte	0x3
 524 0298 8C02     		.2byte	0x28c
 525 029a 57020000 		.4byte	0x257
 526 029e 09       		.uleb128 0x9
 527 029f 5E090000 		.4byte	.LASF87
 528 02a3 01       		.byte	0x1
 529 02a4 31       		.byte	0x31
 530 02a5 00000000 		.4byte	.LFB35
 531 02a9 20000000 		.4byte	.LFE35-.LFB35
 532 02ad 01       		.uleb128 0x1
 533 02ae 9C       		.byte	0x9c
 534 02af CC020000 		.4byte	0x2cc
 535 02b3 0A       		.uleb128 0xa
 536 02b4 06000000 		.4byte	.LVL0
ARM GAS  C:\Users\ALEXAN~1\AppData\Local\Temp\ccmVWehW.s 			page 13


 537 02b8 BB030000 		.4byte	0x3bb
 538 02bc 0B       		.uleb128 0xb
 539 02bd 0C000000 		.4byte	.LVL1
 540 02c1 C2030000 		.4byte	0x3c2
 541 02c5 0C       		.uleb128 0xc
 542 02c6 01       		.uleb128 0x1
 543 02c7 50       		.byte	0x50
 544 02c8 01       		.uleb128 0x1
 545 02c9 33       		.byte	0x33
 546 02ca 00       		.byte	0
 547 02cb 00       		.byte	0
 548 02cc 09       		.uleb128 0x9
 549 02cd F8090000 		.4byte	.LASF88
 550 02d1 01       		.byte	0x1
 551 02d2 4F       		.byte	0x4f
 552 02d3 00000000 		.4byte	.LFB36
 553 02d7 40000000 		.4byte	.LFE36-.LFB36
 554 02db 01       		.uleb128 0x1
 555 02dc 9C       		.byte	0x9c
 556 02dd F4020000 		.4byte	0x2f4
 557 02e1 0A       		.uleb128 0xa
 558 02e2 16000000 		.4byte	.LVL2
 559 02e6 D3030000 		.4byte	0x3d3
 560 02ea 0A       		.uleb128 0xa
 561 02eb 2E000000 		.4byte	.LVL3
 562 02ef DA030000 		.4byte	0x3da
 563 02f3 00       		.byte	0
 564 02f4 09       		.uleb128 0x9
 565 02f5 70090000 		.4byte	.LASF89
 566 02f9 01       		.byte	0x1
 567 02fa 6C       		.byte	0x6c
 568 02fb 00000000 		.4byte	.LFB37
 569 02ff 54000000 		.4byte	.LFE37-.LFB37
 570 0303 01       		.uleb128 0x1
 571 0304 9C       		.byte	0x9c
 572 0305 8E030000 		.4byte	0x38e
 573 0309 0D       		.uleb128 0xd
 574 030a 22030000 		.4byte	.LASF105
 575 030e 01       		.byte	0x1
 576 030f 6F       		.byte	0x6f
 577 0310 92020000 		.4byte	0x292
 578 0314 00000000 		.4byte	.LLST0
 579 0318 0A       		.uleb128 0xa
 580 0319 06000000 		.4byte	.LVL4
 581 031d E1030000 		.4byte	0x3e1
 582 0321 0A       		.uleb128 0xa
 583 0322 1A000000 		.4byte	.LVL5
 584 0326 ED030000 		.4byte	0x3ed
 585 032a 0E       		.uleb128 0xe
 586 032b 20000000 		.4byte	.LVL6
 587 032f F4030000 		.4byte	0x3f4
 588 0333 3D030000 		.4byte	0x33d
 589 0337 0C       		.uleb128 0xc
 590 0338 01       		.uleb128 0x1
 591 0339 50       		.byte	0x50
 592 033a 01       		.uleb128 0x1
 593 033b 31       		.byte	0x31
ARM GAS  C:\Users\ALEXAN~1\AppData\Local\Temp\ccmVWehW.s 			page 14


 594 033c 00       		.byte	0
 595 033d 0E       		.uleb128 0xe
 596 033e 34000000 		.4byte	.LVL9
 597 0342 0A040000 		.4byte	0x40a
 598 0346 50030000 		.4byte	0x350
 599 034a 0C       		.uleb128 0xc
 600 034b 01       		.uleb128 0x1
 601 034c 50       		.byte	0x50
 602 034d 01       		.uleb128 0x1
 603 034e 32       		.byte	0x32
 604 034f 00       		.byte	0
 605 0350 0A       		.uleb128 0xa
 606 0351 38000000 		.4byte	.LVL10
 607 0355 1B040000 		.4byte	0x41b
 608 0359 0A       		.uleb128 0xa
 609 035a 3C000000 		.4byte	.LVL11
 610 035e 22040000 		.4byte	0x422
 611 0362 0E       		.uleb128 0xe
 612 0363 42000000 		.4byte	.LVL12
 613 0367 F4030000 		.4byte	0x3f4
 614 036b 75030000 		.4byte	0x375
 615 036f 0C       		.uleb128 0xc
 616 0370 01       		.uleb128 0x1
 617 0371 50       		.byte	0x50
 618 0372 01       		.uleb128 0x1
 619 0373 31       		.byte	0x31
 620 0374 00       		.byte	0
 621 0375 0A       		.uleb128 0xa
 622 0376 46000000 		.4byte	.LVL13
 623 037a 29040000 		.4byte	0x429
 624 037e 0B       		.uleb128 0xb
 625 037f 4C000000 		.4byte	.LVL14
 626 0383 0A040000 		.4byte	0x40a
 627 0387 0C       		.uleb128 0xc
 628 0388 01       		.uleb128 0x1
 629 0389 50       		.byte	0x50
 630 038a 01       		.uleb128 0x1
 631 038b 30       		.byte	0x30
 632 038c 00       		.byte	0
 633 038d 00       		.byte	0
 634 038e 0F       		.uleb128 0xf
 635 038f 59030000 		.4byte	.LASF90
 636 0393 01       		.byte	0x1
 637 0394 1F       		.byte	0x1f
 638 0395 6B000000 		.4byte	0x6b
 639 0399 05       		.uleb128 0x5
 640 039a 03       		.byte	0x3
 641 039b 00000000 		.4byte	LowPowerMode_System_DeepSleepAllowed
 642 039f 10       		.uleb128 0x10
 643 03a0 9A060000 		.4byte	.LASF91
 644 03a4 04       		.byte	0x4
 645 03a5 45       		.byte	0x45
 646 03a6 6B000000 		.4byte	0x6b
 647 03aa 0F       		.uleb128 0xf
 648 03ab FF030000 		.4byte	.LASF92
 649 03af 01       		.byte	0x1
 650 03b0 1E       		.byte	0x1e
ARM GAS  C:\Users\ALEXAN~1\AppData\Local\Temp\ccmVWehW.s 			page 15


 651 03b1 6B000000 		.4byte	0x6b
 652 03b5 05       		.uleb128 0x5
 653 03b6 03       		.byte	0x3
 654 03b7 00000000 		.4byte	LowPowerMode_Capsense_inSleep
 655 03bb 11       		.uleb128 0x11
 656 03bc AC0A0000 		.4byte	.LASF93
 657 03c0 05       		.byte	0x5
 658 03c1 22       		.byte	0x22
 659 03c2 12       		.uleb128 0x12
 660 03c3 10010000 		.4byte	.LASF97
 661 03c7 08       		.byte	0x8
 662 03c8 34       		.byte	0x34
 663 03c9 D3030000 		.4byte	0x3d3
 664 03cd 13       		.uleb128 0x13
 665 03ce 76000000 		.4byte	0x76
 666 03d2 00       		.byte	0
 667 03d3 11       		.uleb128 0x11
 668 03d4 7A0A0000 		.4byte	.LASF94
 669 03d8 06       		.byte	0x6
 670 03d9 24       		.byte	0x24
 671 03da 11       		.uleb128 0x11
 672 03db 38080000 		.4byte	.LASF95
 673 03df 06       		.byte	0x6
 674 03e0 25       		.byte	0x25
 675 03e1 14       		.uleb128 0x14
 676 03e2 5D000000 		.4byte	.LASF106
 677 03e6 03       		.byte	0x3
 678 03e7 9506     		.2byte	0x695
 679 03e9 92020000 		.4byte	0x292
 680 03ed 11       		.uleb128 0x11
 681 03ee FC060000 		.4byte	.LASF96
 682 03f2 07       		.byte	0x7
 683 03f3 1D       		.byte	0x1d
 684 03f4 15       		.uleb128 0x15
 685 03f5 13030000 		.4byte	.LASF107
 686 03f9 03       		.byte	0x3
 687 03fa 5F04     		.2byte	0x45f
 688 03fc 4B020000 		.4byte	0x24b
 689 0400 0A040000 		.4byte	0x40a
 690 0404 13       		.uleb128 0x13
 691 0405 4B020000 		.4byte	0x24b
 692 0409 00       		.byte	0
 693 040a 12       		.uleb128 0x12
 694 040b 45090000 		.4byte	.LASF98
 695 040f 08       		.byte	0x8
 696 0410 25       		.byte	0x25
 697 0411 1B040000 		.4byte	0x41b
 698 0415 13       		.uleb128 0x13
 699 0416 76000000 		.4byte	0x76
 700 041a 00       		.byte	0
 701 041b 11       		.uleb128 0x11
 702 041c BC0A0000 		.4byte	.LASF99
 703 0420 08       		.byte	0x8
 704 0421 24       		.byte	0x24
 705 0422 11       		.uleb128 0x11
 706 0423 8D060000 		.4byte	.LASF100
 707 0427 07       		.byte	0x7
ARM GAS  C:\Users\ALEXAN~1\AppData\Local\Temp\ccmVWehW.s 			page 16


 708 0428 1C       		.byte	0x1c
 709 0429 11       		.uleb128 0x11
 710 042a EB060000 		.4byte	.LASF101
 711 042e 08       		.byte	0x8
 712 042f 23       		.byte	0x23
 713 0430 00       		.byte	0
 714              		.section	.debug_abbrev,"",%progbits
 715              	.Ldebug_abbrev0:
 716 0000 01       		.uleb128 0x1
 717 0001 11       		.uleb128 0x11
 718 0002 01       		.byte	0x1
 719 0003 25       		.uleb128 0x25
 720 0004 0E       		.uleb128 0xe
 721 0005 13       		.uleb128 0x13
 722 0006 0B       		.uleb128 0xb
 723 0007 03       		.uleb128 0x3
 724 0008 0E       		.uleb128 0xe
 725 0009 1B       		.uleb128 0x1b
 726 000a 0E       		.uleb128 0xe
 727 000b 55       		.uleb128 0x55
 728 000c 17       		.uleb128 0x17
 729 000d 11       		.uleb128 0x11
 730 000e 01       		.uleb128 0x1
 731 000f 10       		.uleb128 0x10
 732 0010 17       		.uleb128 0x17
 733 0011 00       		.byte	0
 734 0012 00       		.byte	0
 735 0013 02       		.uleb128 0x2
 736 0014 24       		.uleb128 0x24
 737 0015 00       		.byte	0
 738 0016 0B       		.uleb128 0xb
 739 0017 0B       		.uleb128 0xb
 740 0018 3E       		.uleb128 0x3e
 741 0019 0B       		.uleb128 0xb
 742 001a 03       		.uleb128 0x3
 743 001b 0E       		.uleb128 0xe
 744 001c 00       		.byte	0
 745 001d 00       		.byte	0
 746 001e 03       		.uleb128 0x3
 747 001f 24       		.uleb128 0x24
 748 0020 00       		.byte	0
 749 0021 0B       		.uleb128 0xb
 750 0022 0B       		.uleb128 0xb
 751 0023 3E       		.uleb128 0x3e
 752 0024 0B       		.uleb128 0xb
 753 0025 03       		.uleb128 0x3
 754 0026 08       		.uleb128 0x8
 755 0027 00       		.byte	0
 756 0028 00       		.byte	0
 757 0029 04       		.uleb128 0x4
 758 002a 16       		.uleb128 0x16
 759 002b 00       		.byte	0
 760 002c 03       		.uleb128 0x3
 761 002d 0E       		.uleb128 0xe
 762 002e 3A       		.uleb128 0x3a
 763 002f 0B       		.uleb128 0xb
 764 0030 3B       		.uleb128 0x3b
ARM GAS  C:\Users\ALEXAN~1\AppData\Local\Temp\ccmVWehW.s 			page 17


 765 0031 0B       		.uleb128 0xb
 766 0032 49       		.uleb128 0x49
 767 0033 13       		.uleb128 0x13
 768 0034 00       		.byte	0
 769 0035 00       		.byte	0
 770 0036 05       		.uleb128 0x5
 771 0037 04       		.uleb128 0x4
 772 0038 01       		.byte	0x1
 773 0039 0B       		.uleb128 0xb
 774 003a 0B       		.uleb128 0xb
 775 003b 3A       		.uleb128 0x3a
 776 003c 0B       		.uleb128 0xb
 777 003d 3B       		.uleb128 0x3b
 778 003e 0B       		.uleb128 0xb
 779 003f 01       		.uleb128 0x1
 780 0040 13       		.uleb128 0x13
 781 0041 00       		.byte	0
 782 0042 00       		.byte	0
 783 0043 06       		.uleb128 0x6
 784 0044 28       		.uleb128 0x28
 785 0045 00       		.byte	0
 786 0046 03       		.uleb128 0x3
 787 0047 0E       		.uleb128 0xe
 788 0048 1C       		.uleb128 0x1c
 789 0049 0D       		.uleb128 0xd
 790 004a 00       		.byte	0
 791 004b 00       		.byte	0
 792 004c 07       		.uleb128 0x7
 793 004d 04       		.uleb128 0x4
 794 004e 01       		.byte	0x1
 795 004f 0B       		.uleb128 0xb
 796 0050 0B       		.uleb128 0xb
 797 0051 3A       		.uleb128 0x3a
 798 0052 0B       		.uleb128 0xb
 799 0053 3B       		.uleb128 0x3b
 800 0054 05       		.uleb128 0x5
 801 0055 01       		.uleb128 0x1
 802 0056 13       		.uleb128 0x13
 803 0057 00       		.byte	0
 804 0058 00       		.byte	0
 805 0059 08       		.uleb128 0x8
 806 005a 16       		.uleb128 0x16
 807 005b 00       		.byte	0
 808 005c 03       		.uleb128 0x3
 809 005d 0E       		.uleb128 0xe
 810 005e 3A       		.uleb128 0x3a
 811 005f 0B       		.uleb128 0xb
 812 0060 3B       		.uleb128 0x3b
 813 0061 05       		.uleb128 0x5
 814 0062 49       		.uleb128 0x49
 815 0063 13       		.uleb128 0x13
 816 0064 00       		.byte	0
 817 0065 00       		.byte	0
 818 0066 09       		.uleb128 0x9
 819 0067 2E       		.uleb128 0x2e
 820 0068 01       		.byte	0x1
 821 0069 3F       		.uleb128 0x3f
ARM GAS  C:\Users\ALEXAN~1\AppData\Local\Temp\ccmVWehW.s 			page 18


 822 006a 19       		.uleb128 0x19
 823 006b 03       		.uleb128 0x3
 824 006c 0E       		.uleb128 0xe
 825 006d 3A       		.uleb128 0x3a
 826 006e 0B       		.uleb128 0xb
 827 006f 3B       		.uleb128 0x3b
 828 0070 0B       		.uleb128 0xb
 829 0071 27       		.uleb128 0x27
 830 0072 19       		.uleb128 0x19
 831 0073 11       		.uleb128 0x11
 832 0074 01       		.uleb128 0x1
 833 0075 12       		.uleb128 0x12
 834 0076 06       		.uleb128 0x6
 835 0077 40       		.uleb128 0x40
 836 0078 18       		.uleb128 0x18
 837 0079 9742     		.uleb128 0x2117
 838 007b 19       		.uleb128 0x19
 839 007c 01       		.uleb128 0x1
 840 007d 13       		.uleb128 0x13
 841 007e 00       		.byte	0
 842 007f 00       		.byte	0
 843 0080 0A       		.uleb128 0xa
 844 0081 898201   		.uleb128 0x4109
 845 0084 00       		.byte	0
 846 0085 11       		.uleb128 0x11
 847 0086 01       		.uleb128 0x1
 848 0087 31       		.uleb128 0x31
 849 0088 13       		.uleb128 0x13
 850 0089 00       		.byte	0
 851 008a 00       		.byte	0
 852 008b 0B       		.uleb128 0xb
 853 008c 898201   		.uleb128 0x4109
 854 008f 01       		.byte	0x1
 855 0090 11       		.uleb128 0x11
 856 0091 01       		.uleb128 0x1
 857 0092 31       		.uleb128 0x31
 858 0093 13       		.uleb128 0x13
 859 0094 00       		.byte	0
 860 0095 00       		.byte	0
 861 0096 0C       		.uleb128 0xc
 862 0097 8A8201   		.uleb128 0x410a
 863 009a 00       		.byte	0
 864 009b 02       		.uleb128 0x2
 865 009c 18       		.uleb128 0x18
 866 009d 9142     		.uleb128 0x2111
 867 009f 18       		.uleb128 0x18
 868 00a0 00       		.byte	0
 869 00a1 00       		.byte	0
 870 00a2 0D       		.uleb128 0xd
 871 00a3 34       		.uleb128 0x34
 872 00a4 00       		.byte	0
 873 00a5 03       		.uleb128 0x3
 874 00a6 0E       		.uleb128 0xe
 875 00a7 3A       		.uleb128 0x3a
 876 00a8 0B       		.uleb128 0xb
 877 00a9 3B       		.uleb128 0x3b
 878 00aa 0B       		.uleb128 0xb
ARM GAS  C:\Users\ALEXAN~1\AppData\Local\Temp\ccmVWehW.s 			page 19


 879 00ab 49       		.uleb128 0x49
 880 00ac 13       		.uleb128 0x13
 881 00ad 02       		.uleb128 0x2
 882 00ae 17       		.uleb128 0x17
 883 00af 00       		.byte	0
 884 00b0 00       		.byte	0
 885 00b1 0E       		.uleb128 0xe
 886 00b2 898201   		.uleb128 0x4109
 887 00b5 01       		.byte	0x1
 888 00b6 11       		.uleb128 0x11
 889 00b7 01       		.uleb128 0x1
 890 00b8 31       		.uleb128 0x31
 891 00b9 13       		.uleb128 0x13
 892 00ba 01       		.uleb128 0x1
 893 00bb 13       		.uleb128 0x13
 894 00bc 00       		.byte	0
 895 00bd 00       		.byte	0
 896 00be 0F       		.uleb128 0xf
 897 00bf 34       		.uleb128 0x34
 898 00c0 00       		.byte	0
 899 00c1 03       		.uleb128 0x3
 900 00c2 0E       		.uleb128 0xe
 901 00c3 3A       		.uleb128 0x3a
 902 00c4 0B       		.uleb128 0xb
 903 00c5 3B       		.uleb128 0x3b
 904 00c6 0B       		.uleb128 0xb
 905 00c7 49       		.uleb128 0x49
 906 00c8 13       		.uleb128 0x13
 907 00c9 3F       		.uleb128 0x3f
 908 00ca 19       		.uleb128 0x19
 909 00cb 02       		.uleb128 0x2
 910 00cc 18       		.uleb128 0x18
 911 00cd 00       		.byte	0
 912 00ce 00       		.byte	0
 913 00cf 10       		.uleb128 0x10
 914 00d0 34       		.uleb128 0x34
 915 00d1 00       		.byte	0
 916 00d2 03       		.uleb128 0x3
 917 00d3 0E       		.uleb128 0xe
 918 00d4 3A       		.uleb128 0x3a
 919 00d5 0B       		.uleb128 0xb
 920 00d6 3B       		.uleb128 0x3b
 921 00d7 0B       		.uleb128 0xb
 922 00d8 49       		.uleb128 0x49
 923 00d9 13       		.uleb128 0x13
 924 00da 3F       		.uleb128 0x3f
 925 00db 19       		.uleb128 0x19
 926 00dc 3C       		.uleb128 0x3c
 927 00dd 19       		.uleb128 0x19
 928 00de 00       		.byte	0
 929 00df 00       		.byte	0
 930 00e0 11       		.uleb128 0x11
 931 00e1 2E       		.uleb128 0x2e
 932 00e2 00       		.byte	0
 933 00e3 3F       		.uleb128 0x3f
 934 00e4 19       		.uleb128 0x19
 935 00e5 03       		.uleb128 0x3
ARM GAS  C:\Users\ALEXAN~1\AppData\Local\Temp\ccmVWehW.s 			page 20


 936 00e6 0E       		.uleb128 0xe
 937 00e7 3A       		.uleb128 0x3a
 938 00e8 0B       		.uleb128 0xb
 939 00e9 3B       		.uleb128 0x3b
 940 00ea 0B       		.uleb128 0xb
 941 00eb 27       		.uleb128 0x27
 942 00ec 19       		.uleb128 0x19
 943 00ed 3C       		.uleb128 0x3c
 944 00ee 19       		.uleb128 0x19
 945 00ef 00       		.byte	0
 946 00f0 00       		.byte	0
 947 00f1 12       		.uleb128 0x12
 948 00f2 2E       		.uleb128 0x2e
 949 00f3 01       		.byte	0x1
 950 00f4 3F       		.uleb128 0x3f
 951 00f5 19       		.uleb128 0x19
 952 00f6 03       		.uleb128 0x3
 953 00f7 0E       		.uleb128 0xe
 954 00f8 3A       		.uleb128 0x3a
 955 00f9 0B       		.uleb128 0xb
 956 00fa 3B       		.uleb128 0x3b
 957 00fb 0B       		.uleb128 0xb
 958 00fc 27       		.uleb128 0x27
 959 00fd 19       		.uleb128 0x19
 960 00fe 3C       		.uleb128 0x3c
 961 00ff 19       		.uleb128 0x19
 962 0100 01       		.uleb128 0x1
 963 0101 13       		.uleb128 0x13
 964 0102 00       		.byte	0
 965 0103 00       		.byte	0
 966 0104 13       		.uleb128 0x13
 967 0105 05       		.uleb128 0x5
 968 0106 00       		.byte	0
 969 0107 49       		.uleb128 0x49
 970 0108 13       		.uleb128 0x13
 971 0109 00       		.byte	0
 972 010a 00       		.byte	0
 973 010b 14       		.uleb128 0x14
 974 010c 2E       		.uleb128 0x2e
 975 010d 00       		.byte	0
 976 010e 3F       		.uleb128 0x3f
 977 010f 19       		.uleb128 0x19
 978 0110 03       		.uleb128 0x3
 979 0111 0E       		.uleb128 0xe
 980 0112 3A       		.uleb128 0x3a
 981 0113 0B       		.uleb128 0xb
 982 0114 3B       		.uleb128 0x3b
 983 0115 05       		.uleb128 0x5
 984 0116 27       		.uleb128 0x27
 985 0117 19       		.uleb128 0x19
 986 0118 49       		.uleb128 0x49
 987 0119 13       		.uleb128 0x13
 988 011a 3C       		.uleb128 0x3c
 989 011b 19       		.uleb128 0x19
 990 011c 00       		.byte	0
 991 011d 00       		.byte	0
 992 011e 15       		.uleb128 0x15
ARM GAS  C:\Users\ALEXAN~1\AppData\Local\Temp\ccmVWehW.s 			page 21


 993 011f 2E       		.uleb128 0x2e
 994 0120 01       		.byte	0x1
 995 0121 3F       		.uleb128 0x3f
 996 0122 19       		.uleb128 0x19
 997 0123 03       		.uleb128 0x3
 998 0124 0E       		.uleb128 0xe
 999 0125 3A       		.uleb128 0x3a
 1000 0126 0B       		.uleb128 0xb
 1001 0127 3B       		.uleb128 0x3b
 1002 0128 05       		.uleb128 0x5
 1003 0129 27       		.uleb128 0x27
 1004 012a 19       		.uleb128 0x19
 1005 012b 49       		.uleb128 0x49
 1006 012c 13       		.uleb128 0x13
 1007 012d 3C       		.uleb128 0x3c
 1008 012e 19       		.uleb128 0x19
 1009 012f 01       		.uleb128 0x1
 1010 0130 13       		.uleb128 0x13
 1011 0131 00       		.byte	0
 1012 0132 00       		.byte	0
 1013 0133 00       		.byte	0
 1014              		.section	.debug_loc,"",%progbits
 1015              	.Ldebug_loc0:
 1016              	.LLST0:
 1017 0000 06000000 		.4byte	.LVL4
 1018 0004 19000000 		.4byte	.LVL5-1
 1019 0008 0100     		.2byte	0x1
 1020 000a 50       		.byte	0x50
 1021 000b 22000000 		.4byte	.LVL7
 1022 000f 30000000 		.4byte	.LVL8
 1023 0013 0100     		.2byte	0x1
 1024 0015 50       		.byte	0x50
 1025 0016 00000000 		.4byte	0
 1026 001a 00000000 		.4byte	0
 1027              		.section	.debug_aranges,"",%progbits
 1028 0000 2C000000 		.4byte	0x2c
 1029 0004 0200     		.2byte	0x2
 1030 0006 00000000 		.4byte	.Ldebug_info0
 1031 000a 04       		.byte	0x4
 1032 000b 00       		.byte	0
 1033 000c 0000     		.2byte	0
 1034 000e 0000     		.2byte	0
 1035 0010 00000000 		.4byte	.LFB35
 1036 0014 20000000 		.4byte	.LFE35-.LFB35
 1037 0018 00000000 		.4byte	.LFB36
 1038 001c 40000000 		.4byte	.LFE36-.LFB36
 1039 0020 00000000 		.4byte	.LFB37
 1040 0024 54000000 		.4byte	.LFE37-.LFB37
 1041 0028 00000000 		.4byte	0
 1042 002c 00000000 		.4byte	0
 1043              		.section	.debug_ranges,"",%progbits
 1044              	.Ldebug_ranges0:
 1045 0000 00000000 		.4byte	.LFB35
 1046 0004 20000000 		.4byte	.LFE35
 1047 0008 00000000 		.4byte	.LFB36
 1048 000c 40000000 		.4byte	.LFE36
 1049 0010 00000000 		.4byte	.LFB37
ARM GAS  C:\Users\ALEXAN~1\AppData\Local\Temp\ccmVWehW.s 			page 22


 1050 0014 54000000 		.4byte	.LFE37
 1051 0018 00000000 		.4byte	0
 1052 001c 00000000 		.4byte	0
 1053              		.section	.debug_line,"",%progbits
 1054              	.Ldebug_line0:
 1055 0000 FD000000 		.section	.debug_str,"MS",%progbits,1
 1055      02009900 
 1055      00000201 
 1055      FB0E0D00 
 1055      01010101 
 1056              	.LASF85:
 1057 0000 4359424C 		.ascii	"CYBLE_BLESS_STATE_INVALID\000"
 1057      455F424C 
 1057      4553535F 
 1057      53544154 
 1057      455F494E 
 1058              	.LASF23:
 1059 001a 4359424C 		.ascii	"CYBLE_EVT_GAP_PASSKEY_ENTRY_REQUEST\000"
 1059      455F4556 
 1059      545F4741 
 1059      505F5041 
 1059      53534B45 
 1060              	.LASF49:
 1061 003e 4359424C 		.ascii	"CYBLE_EVT_GATTS_PREP_WRITE_REQ\000"
 1061      455F4556 
 1061      545F4741 
 1061      5454535F 
 1061      50524550 
 1062              	.LASF106:
 1063 005d 4379426C 		.ascii	"CyBle_GetBleSsState\000"
 1063      655F4765 
 1063      74426C65 
 1063      53735374 
 1063      61746500 
 1064              	.LASF84:
 1065 0071 4359424C 		.ascii	"CYBLE_BLESS_STATE_HIBERNATE\000"
 1065      455F424C 
 1065      4553535F 
 1065      53544154 
 1065      455F4849 
 1066              	.LASF34:
 1067 008d 4359424C 		.ascii	"CYBLE_EVT_GATTC_ERROR_RSP\000"
 1067      455F4556 
 1067      545F4741 
 1067      5454435F 
 1067      4552524F 
 1068              	.LASF50:
 1069 00a7 4359424C 		.ascii	"CYBLE_EVT_GATTS_EXEC_WRITE_REQ\000"
 1069      455F4556 
 1069      545F4741 
 1069      5454535F 
 1069      45584543 
 1070              	.LASF2:
 1071 00c6 73686F72 		.ascii	"short int\000"
 1071      7420696E 
 1071      7400
 1072              	.LASF26:
ARM GAS  C:\Users\ALEXAN~1\AppData\Local\Temp\ccmVWehW.s 			page 23


 1073 00d0 4359424C 		.ascii	"CYBLE_EVT_GAP_AUTH_FAILED\000"
 1073      455F4556 
 1073      545F4741 
 1073      505F4155 
 1073      54485F46 
 1074              	.LASF14:
 1075 00ea 73697A65 		.ascii	"sizetype\000"
 1075      74797065 
 1075      00
 1076              	.LASF30:
 1077 00f3 4359424C 		.ascii	"CYBLE_EVT_GAP_ENCRYPT_CHANGE\000"
 1077      455F4556 
 1077      545F4741 
 1077      505F454E 
 1077      43525950 
 1078              	.LASF97:
 1079 0110 43795379 		.ascii	"CySysClkWriteEcoDiv\000"
 1079      73436C6B 
 1079      57726974 
 1079      6545636F 
 1079      44697600 
 1080              	.LASF79:
 1081 0124 4359424C 		.ascii	"CYBLE_BLESS_STATE_EVENT_CLOSE\000"
 1081      455F424C 
 1081      4553535F 
 1081      53544154 
 1081      455F4556 
 1082              	.LASF81:
 1083 0142 4359424C 		.ascii	"CYBLE_BLESS_STATE_ECO_ON\000"
 1083      455F424C 
 1083      4553535F 
 1083      53544154 
 1083      455F4543 
 1084              	.LASF19:
 1085 015b 4359424C 		.ascii	"CYBLE_EVT_HCI_STATUS\000"
 1085      455F4556 
 1085      545F4843 
 1085      495F5354 
 1085      41545553 
 1086              	.LASF40:
 1087 0170 4359424C 		.ascii	"CYBLE_EVT_GATTC_READ_BY_TYPE_RSP\000"
 1087      455F4556 
 1087      545F4741 
 1087      5454435F 
 1087      52454144 
 1088              	.LASF16:
 1089 0191 4359424C 		.ascii	"CYBLE_EVT_STACK_ON\000"
 1089      455F4556 
 1089      545F5354 
 1089      41434B5F 
 1089      4F4E00
 1090              	.LASF37:
 1091 01a4 4359424C 		.ascii	"CYBLE_EVT_GATTS_XCNHG_MTU_REQ\000"
 1091      455F4556 
 1091      545F4741 
 1091      5454535F 
 1091      58434E48 
ARM GAS  C:\Users\ALEXAN~1\AppData\Local\Temp\ccmVWehW.s 			page 24


 1092              	.LASF27:
 1093 01c2 4359424C 		.ascii	"CYBLE_EVT_GAPP_ADVERTISEMENT_START_STOP\000"
 1093      455F4556 
 1093      545F4741 
 1093      50505F41 
 1093      44564552 
 1094              	.LASF33:
 1095 01ea 4359424C 		.ascii	"CYBLE_EVT_GAP_KEYINFO_EXCHNGE_CMPLT\000"
 1095      455F4556 
 1095      545F4741 
 1095      505F4B45 
 1095      59494E46 
 1096              	.LASF45:
 1097 020e 4359424C 		.ascii	"CYBLE_EVT_GATTC_READ_MULTI_RSP\000"
 1097      455F4556 
 1097      545F4741 
 1097      5454435F 
 1097      52454144 
 1098              	.LASF54:
 1099 022d 4359424C 		.ascii	"CYBLE_EVT_GATTS_HANDLE_VALUE_CNF\000"
 1099      455F4556 
 1099      545F4741 
 1099      5454535F 
 1099      48414E44 
 1100              	.LASF15:
 1101 024e 4359424C 		.ascii	"CYBLE_EVT_HOST_INVALID\000"
 1101      455F4556 
 1101      545F484F 
 1101      53545F49 
 1101      4E56414C 
 1102              	.LASF61:
 1103 0265 4359424C 		.ascii	"CYBLE_EVT_L2CAP_CBFC_CONN_IND\000"
 1103      455F4556 
 1103      545F4C32 
 1103      4341505F 
 1103      43424643 
 1104              	.LASF103:
 1105 0283 2E5C4C6F 		.ascii	".\\LowPowerMode.c\000"
 1105      77506F77 
 1105      65724D6F 
 1105      64652E63 
 1105      00
 1106              	.LASF64:
 1107 0294 4359424C 		.ascii	"CYBLE_EVT_L2CAP_CBFC_DISCONN_CNF\000"
 1107      455F4556 
 1107      545F4C32 
 1107      4341505F 
 1107      43424643 
 1108              	.LASF11:
 1109 02b5 666C6F61 		.ascii	"float\000"
 1109      7400
 1110              	.LASF43:
 1111 02bb 4359424C 		.ascii	"CYBLE_EVT_GATTC_READ_RSP\000"
 1111      455F4556 
 1111      545F4741 
 1111      5454435F 
 1111      52454144 
ARM GAS  C:\Users\ALEXAN~1\AppData\Local\Temp\ccmVWehW.s 			page 25


 1112              	.LASF47:
 1113 02d4 4359424C 		.ascii	"CYBLE_EVT_GATTC_WRITE_RSP\000"
 1113      455F4556 
 1113      545F4741 
 1113      5454435F 
 1113      57524954 
 1114              	.LASF6:
 1115 02ee 6C6F6E67 		.ascii	"long long int\000"
 1115      206C6F6E 
 1115      6720696E 
 1115      7400
 1116              	.LASF7:
 1117 02fc 6C6F6E67 		.ascii	"long long unsigned int\000"
 1117      206C6F6E 
 1117      6720756E 
 1117      7369676E 
 1117      65642069 
 1118              	.LASF107:
 1119 0313 4379426C 		.ascii	"CyBle_EnterLPM\000"
 1119      655F456E 
 1119      7465724C 
 1119      504D00
 1120              	.LASF105:
 1121 0322 626C6550 		.ascii	"blePowerMode\000"
 1121      6F776572 
 1121      4D6F6465 
 1121      00
 1122              	.LASF4:
 1123 032f 6C6F6E67 		.ascii	"long int\000"
 1123      20696E74 
 1123      00
 1124              	.LASF53:
 1125 0338 4359424C 		.ascii	"CYBLE_EVT_GATTC_HANDLE_VALUE_IND\000"
 1125      455F4556 
 1125      545F4741 
 1125      5454435F 
 1125      48414E44 
 1126              	.LASF90:
 1127 0359 4C6F7750 		.ascii	"LowPowerMode_System_DeepSleepAllowed\000"
 1127      6F776572 
 1127      4D6F6465 
 1127      5F537973 
 1127      74656D5F 
 1128              	.LASF28:
 1129 037e 4359424C 		.ascii	"CYBLE_EVT_GAP_DEVICE_CONNECTED\000"
 1129      455F4556 
 1129      545F4741 
 1129      505F4445 
 1129      56494345 
 1130              	.LASF77:
 1131 039d 4359424C 		.ascii	"CYBLE_LP_MODE_T\000"
 1131      455F4C50 
 1131      5F4D4F44 
 1131      455F5400 
 1132              	.LASF78:
 1133 03ad 4359424C 		.ascii	"CYBLE_BLESS_STATE_ACTIVE\000"
 1133      455F424C 
ARM GAS  C:\Users\ALEXAN~1\AppData\Local\Temp\ccmVWehW.s 			page 26


 1133      4553535F 
 1133      53544154 
 1133      455F4143 
 1134              	.LASF52:
 1135 03c6 4359424C 		.ascii	"CYBLE_EVT_GATTC_HANDLE_VALUE_NTF\000"
 1135      455F4556 
 1135      545F4741 
 1135      5454435F 
 1135      48414E44 
 1136              	.LASF80:
 1137 03e7 4359424C 		.ascii	"CYBLE_BLESS_STATE_SLEEP\000"
 1137      455F424C 
 1137      4553535F 
 1137      53544154 
 1137      455F534C 
 1138              	.LASF92:
 1139 03ff 4C6F7750 		.ascii	"LowPowerMode_Capsense_inSleep\000"
 1139      6F776572 
 1139      4D6F6465 
 1139      5F436170 
 1139      73656E73 
 1140              	.LASF24:
 1141 041d 4359424C 		.ascii	"CYBLE_EVT_GAP_PASSKEY_DISPLAY_REQUEST\000"
 1141      455F4556 
 1141      545F4741 
 1141      505F5041 
 1141      53534B45 
 1142              	.LASF74:
 1143 0443 4359424C 		.ascii	"CYBLE_BLESS_DEEPSLEEP\000"
 1143      455F424C 
 1143      4553535F 
 1143      44454550 
 1143      534C4545 
 1144              	.LASF102:
 1145 0459 474E5520 		.ascii	"GNU C 4.9.3 20150303 (release) [ARM/embedded-4_9-br"
 1145      4320342E 
 1145      392E3320 
 1145      32303135 
 1145      30333033 
 1146 048c 616E6368 		.ascii	"anch revision 221220] -mcpu=cortex-m0 -mthumb -g -O"
 1146      20726576 
 1146      6973696F 
 1146      6E203232 
 1146      31323230 
 1147 04bf 67202D66 		.ascii	"g -ffunction-sections -ffat-lto-objects\000"
 1147      66756E63 
 1147      74696F6E 
 1147      2D736563 
 1147      74696F6E 
 1148              	.LASF62:
 1149 04e7 4359424C 		.ascii	"CYBLE_EVT_L2CAP_CBFC_CONN_CNF\000"
 1149      455F4556 
 1149      545F4C32 
 1149      4341505F 
 1149      43424643 
 1150              	.LASF71:
 1151 0505 4359424C 		.ascii	"CYBLE_EVT_MAX\000"
ARM GAS  C:\Users\ALEXAN~1\AppData\Local\Temp\ccmVWehW.s 			page 27


 1151      455F4556 
 1151      545F4D41 
 1151      5800
 1152              	.LASF9:
 1153 0513 75696E74 		.ascii	"uint8\000"
 1153      3800
 1154              	.LASF70:
 1155 0519 4359424C 		.ascii	"CYBLE_EVT_LE_PING_AUTH_TIMEOUT\000"
 1155      455F4556 
 1155      545F4C45 
 1155      5F50494E 
 1155      475F4155 
 1156              	.LASF58:
 1157 0538 4359424C 		.ascii	"CYBLE_EVT_L2CAP_CONN_PARAM_UPDATE_REQ\000"
 1157      455F4556 
 1157      545F4C32 
 1157      4341505F 
 1157      434F4E4E 
 1158              	.LASF1:
 1159 055e 756E7369 		.ascii	"unsigned char\000"
 1159      676E6564 
 1159      20636861 
 1159      7200
 1160              	.LASF76:
 1161 056c 4359424C 		.ascii	"CYBLE_BLESS_INVALID\000"
 1161      455F424C 
 1161      4553535F 
 1161      494E5641 
 1161      4C494400 
 1162              	.LASF86:
 1163 0580 4359424C 		.ascii	"CYBLE_BLESS_STATE_T\000"
 1163      455F424C 
 1163      4553535F 
 1163      53544154 
 1163      455F5400 
 1164              	.LASF41:
 1165 0594 4359424C 		.ascii	"CYBLE_EVT_GATTC_FIND_INFO_RSP\000"
 1165      455F4556 
 1165      545F4741 
 1165      5454435F 
 1165      46494E44 
 1166              	.LASF0:
 1167 05b2 7369676E 		.ascii	"signed char\000"
 1167      65642063 
 1167      68617200 
 1168              	.LASF46:
 1169 05be 4359424C 		.ascii	"CYBLE_EVT_GATTS_WRITE_REQ\000"
 1169      455F4556 
 1169      545F4741 
 1169      5454535F 
 1169      57524954 
 1170              	.LASF42:
 1171 05d8 4359424C 		.ascii	"CYBLE_EVT_GATTC_FIND_BY_TYPE_VALUE_RSP\000"
 1171      455F4556 
 1171      545F4741 
 1171      5454435F 
 1171      46494E44 
ARM GAS  C:\Users\ALEXAN~1\AppData\Local\Temp\ccmVWehW.s 			page 28


 1172              	.LASF25:
 1173 05ff 4359424C 		.ascii	"CYBLE_EVT_GAP_AUTH_COMPLETE\000"
 1173      455F4556 
 1173      545F4741 
 1173      505F4155 
 1173      54485F43 
 1174              	.LASF8:
 1175 061b 756E7369 		.ascii	"unsigned int\000"
 1175      676E6564 
 1175      20696E74 
 1175      00
 1176              	.LASF35:
 1177 0628 4359424C 		.ascii	"CYBLE_EVT_GATT_CONNECT_IND\000"
 1177      455F4556 
 1177      545F4741 
 1177      54545F43 
 1177      4F4E4E45 
 1178              	.LASF5:
 1179 0643 6C6F6E67 		.ascii	"long unsigned int\000"
 1179      20756E73 
 1179      69676E65 
 1179      6420696E 
 1179      7400
 1180              	.LASF22:
 1181 0655 4359424C 		.ascii	"CYBLE_EVT_GAP_AUTH_REQ\000"
 1181      455F4556 
 1181      545F4741 
 1181      505F4155 
 1181      54485F52 
 1182              	.LASF63:
 1183 066c 4359424C 		.ascii	"CYBLE_EVT_L2CAP_CBFC_DISCONN_IND\000"
 1183      455F4556 
 1183      545F4C32 
 1183      4341505F 
 1183      43424643 
 1184              	.LASF100:
 1185 068d 43795379 		.ascii	"CySysPmSleep\000"
 1185      73506D53 
 1185      6C656570 
 1185      00
 1186              	.LASF91:
 1187 069a 5F424C45 		.ascii	"_BLE_acquireData\000"
 1187      5F616371 
 1187      75697265 
 1187      44617461 
 1187      00
 1188              	.LASF73:
 1189 06ab 4359424C 		.ascii	"CYBLE_BLESS_SLEEP\000"
 1189      455F424C 
 1189      4553535F 
 1189      534C4545 
 1189      5000
 1190              	.LASF31:
 1191 06bd 4359424C 		.ascii	"CYBLE_EVT_GAP_CONNECTION_UPDATE_COMPLETE\000"
 1191      455F4556 
 1191      545F4741 
 1191      505F434F 
ARM GAS  C:\Users\ALEXAN~1\AppData\Local\Temp\ccmVWehW.s 			page 29


 1191      4E4E4543 
 1192              	.LASF13:
 1193 06e6 63686172 		.ascii	"char\000"
 1193      00
 1194              	.LASF101:
 1195 06eb 43795379 		.ascii	"CySysClkImoStart\000"
 1195      73436C6B 
 1195      496D6F53 
 1195      74617274 
 1195      00
 1196              	.LASF96:
 1197 06fc 43795379 		.ascii	"CySysPmDeepSleep\000"
 1197      73506D44 
 1197      65657053 
 1197      6C656570 
 1197      00
 1198              	.LASF60:
 1199 070d 4359424C 		.ascii	"CYBLE_EVT_L2CAP_COMMAND_REJ\000"
 1199      455F4556 
 1199      545F4C32 
 1199      4341505F 
 1199      434F4D4D 
 1200              	.LASF3:
 1201 0729 73686F72 		.ascii	"short unsigned int\000"
 1201      7420756E 
 1201      7369676E 
 1201      65642069 
 1201      6E7400
 1202              	.LASF83:
 1203 073c 4359424C 		.ascii	"CYBLE_BLESS_STATE_DEEPSLEEP\000"
 1203      455F424C 
 1203      4553535F 
 1203      53544154 
 1203      455F4445 
 1204              	.LASF21:
 1205 0758 4359424C 		.ascii	"CYBLE_EVT_GAPC_SCAN_PROGRESS_RESULT\000"
 1205      455F4556 
 1205      545F4741 
 1205      50435F53 
 1205      43414E5F 
 1206              	.LASF44:
 1207 077c 4359424C 		.ascii	"CYBLE_EVT_GATTC_READ_BLOB_RSP\000"
 1207      455F4556 
 1207      545F4741 
 1207      5454435F 
 1207      52454144 
 1208              	.LASF51:
 1209 079a 4359424C 		.ascii	"CYBLE_EVT_GATTC_EXEC_WRITE_RSP\000"
 1209      455F4556 
 1209      545F4741 
 1209      5454435F 
 1209      45584543 
 1210              	.LASF10:
 1211 07b9 75696E74 		.ascii	"uint32\000"
 1211      333200
 1212              	.LASF69:
 1213 07c0 4359424C 		.ascii	"CYBLE_EVT_PENDING_FLASH_WRITE\000"
ARM GAS  C:\Users\ALEXAN~1\AppData\Local\Temp\ccmVWehW.s 			page 30


 1213      455F4556 
 1213      545F5045 
 1213      4E44494E 
 1213      475F464C 
 1214              	.LASF66:
 1215 07de 4359424C 		.ascii	"CYBLE_EVT_L2CAP_CBFC_RX_CREDIT_IND\000"
 1215      455F4556 
 1215      545F4C32 
 1215      4341505F 
 1215      43424643 
 1216              	.LASF12:
 1217 0801 646F7562 		.ascii	"double\000"
 1217      6C6500
 1218              	.LASF72:
 1219 0808 4359424C 		.ascii	"CYBLE_BLESS_ACTIVE\000"
 1219      455F424C 
 1219      4553535F 
 1219      41435449 
 1219      564500
 1220              	.LASF82:
 1221 081b 4359424C 		.ascii	"CYBLE_BLESS_STATE_ECO_STABLE\000"
 1221      455F424C 
 1221      4553535F 
 1221      53544154 
 1221      455F4543 
 1222              	.LASF95:
 1223 0838 5F436170 		.ascii	"_CapSense_Wakeup\000"
 1223      53656E73 
 1223      655F5761 
 1223      6B657570 
 1223      00
 1224              	.LASF67:
 1225 0849 4359424C 		.ascii	"CYBLE_EVT_L2CAP_CBFC_TX_CREDIT_IND\000"
 1225      455F4556 
 1225      545F4C32 
 1225      4341505F 
 1225      43424643 
 1226              	.LASF20:
 1227 086c 4359424C 		.ascii	"CYBLE_EVT_STACK_BUSY_STATUS\000"
 1227      455F4556 
 1227      545F5354 
 1227      41434B5F 
 1227      42555359 
 1228              	.LASF104:
 1229 0888 433A5C55 		.ascii	"C:\\Users\\Alexandre\\Documents\\GitHub\\CoRo_PW_PS"
 1229      73657273 
 1229      5C416C65 
 1229      78616E64 
 1229      72655C44 
 1230 08b6 4F435C50 		.ascii	"OC\\PSOC_CapSense_2_BLE\\PSOC_CapSense_2_BLE.cydsn\000"
 1230      534F435F 
 1230      43617053 
 1230      656E7365 
 1230      5F325F42 
 1231              	.LASF18:
 1232 08e7 4359424C 		.ascii	"CYBLE_EVT_HARDWARE_ERROR\000"
 1232      455F4556 
ARM GAS  C:\Users\ALEXAN~1\AppData\Local\Temp\ccmVWehW.s 			page 31


 1232      545F4841 
 1232      52445741 
 1232      52455F45 
 1233              	.LASF65:
 1234 0900 4359424C 		.ascii	"CYBLE_EVT_L2CAP_CBFC_DATA_READ\000"
 1234      455F4556 
 1234      545F4C32 
 1234      4341505F 
 1234      43424643 
 1235              	.LASF59:
 1236 091f 4359424C 		.ascii	"CYBLE_EVT_L2CAP_CONN_PARAM_UPDATE_RSP\000"
 1236      455F4556 
 1236      545F4C32 
 1236      4341505F 
 1236      434F4E4E 
 1237              	.LASF98:
 1238 0945 43795379 		.ascii	"CySysClkWriteHfclkDirect\000"
 1238      73436C6B 
 1238      57726974 
 1238      65486663 
 1238      6C6B4469 
 1239              	.LASF87:
 1240 095e 4C6F7750 		.ascii	"LowPowerMode_Init\000"
 1240      6F776572 
 1240      4D6F6465 
 1240      5F496E69 
 1240      7400
 1241              	.LASF89:
 1242 0970 4C6F7750 		.ascii	"LowPowerMode_Sleep\000"
 1242      6F776572 
 1242      4D6F6465 
 1242      5F536C65 
 1242      657000
 1243              	.LASF39:
 1244 0983 4359424C 		.ascii	"CYBLE_EVT_GATTC_READ_BY_GROUP_TYPE_RSP\000"
 1244      455F4556 
 1244      545F4741 
 1244      5454435F 
 1244      52454144 
 1245              	.LASF48:
 1246 09aa 4359424C 		.ascii	"CYBLE_EVT_GATTS_WRITE_CMD_REQ\000"
 1246      455F4556 
 1246      545F4741 
 1246      5454535F 
 1246      57524954 
 1247              	.LASF38:
 1248 09c8 4359424C 		.ascii	"CYBLE_EVT_GATTC_XCHNG_MTU_RSP\000"
 1248      455F4556 
 1248      545F4741 
 1248      5454435F 
 1248      5843484E 
 1249              	.LASF17:
 1250 09e6 4359424C 		.ascii	"CYBLE_EVT_TIMEOUT\000"
 1250      455F4556 
 1250      545F5449 
 1250      4D454F55 
 1250      5400
ARM GAS  C:\Users\ALEXAN~1\AppData\Local\Temp\ccmVWehW.s 			page 32


 1251              	.LASF88:
 1252 09f8 4C6F7750 		.ascii	"LowPowerMode_Capsense\000"
 1252      6F776572 
 1252      4D6F6465 
 1252      5F436170 
 1252      73656E73 
 1253              	.LASF68:
 1254 0a0e 4359424C 		.ascii	"CYBLE_EVT_L2CAP_CBFC_DATA_WRITE_IND\000"
 1254      455F4556 
 1254      545F4C32 
 1254      4341505F 
 1254      43424643 
 1255              	.LASF32:
 1256 0a32 4359424C 		.ascii	"CYBLE_EVT_GAPC_SCAN_START_STOP\000"
 1256      455F4556 
 1256      545F4741 
 1256      50435F53 
 1256      43414E5F 
 1257              	.LASF57:
 1258 0a51 4359424C 		.ascii	"CYBLE_EVT_GATTS_READ_CHAR_VAL_ACCESS_REQ\000"
 1258      455F4556 
 1258      545F4741 
 1258      5454535F 
 1258      52454144 
 1259              	.LASF94:
 1260 0a7a 5F436170 		.ascii	"_CapSense_Sleep\000"
 1260      53656E73 
 1260      655F536C 
 1260      65657000 
 1261              	.LASF56:
 1262 0a8a 4359424C 		.ascii	"CYBLE_EVT_GATTC_STOP_CMD_COMPLETE\000"
 1262      455F4556 
 1262      545F4741 
 1262      5454435F 
 1262      53544F50 
 1263              	.LASF93:
 1264 0aac 43795379 		.ascii	"CySysClkIloStop\000"
 1264      73436C6B 
 1264      496C6F53 
 1264      746F7000 
 1265              	.LASF99:
 1266 0abc 43795379 		.ascii	"CySysClkImoStop\000"
 1266      73436C6B 
 1266      496D6F53 
 1266      746F7000 
 1267              	.LASF29:
 1268 0acc 4359424C 		.ascii	"CYBLE_EVT_GAP_DEVICE_DISCONNECTED\000"
 1268      455F4556 
 1268      545F4741 
 1268      505F4445 
 1268      56494345 
 1269              	.LASF55:
 1270 0aee 4359424C 		.ascii	"CYBLE_EVT_GATTS_DATA_SIGNED_CMD_REQ\000"
 1270      455F4556 
 1270      545F4741 
 1270      5454535F 
 1270      44415441 
ARM GAS  C:\Users\ALEXAN~1\AppData\Local\Temp\ccmVWehW.s 			page 33


 1271              	.LASF36:
 1272 0b12 4359424C 		.ascii	"CYBLE_EVT_GATT_DISCONNECT_IND\000"
 1272      455F4556 
 1272      545F4741 
 1272      54545F44 
 1272      4953434F 
 1273              	.LASF75:
 1274 0b30 4359424C 		.ascii	"CYBLE_BLESS_HIBERNATE\000"
 1274      455F424C 
 1274      4553535F 
 1274      48494245 
 1274      524E4154 
 1275              		.ident	"GCC: (GNU Tools for ARM Embedded Processors) 4.9.3 20150303 (release) [ARM/embedded-4_9-br
