ARM GAS  C:\Users\ALEXAN~1\AppData\Local\Temp\ccYcVx2p.s 			page 1


   1              		.cpu cortex-m0
   2              		.fpu softvfp
   3              		.eabi_attribute 20, 1
   4              		.eabi_attribute 21, 1
   5              		.eabi_attribute 23, 3
   6              		.eabi_attribute 24, 1
   7              		.eabi_attribute 25, 1
   8              		.eabi_attribute 26, 1
   9              		.eabi_attribute 30, 1
  10              		.eabi_attribute 34, 0
  11              		.eabi_attribute 18, 4
  12              		.code	16
  13              		.file	"main.c"
  14              		.text
  15              	.Ltext0:
  16              		.cfi_sections	.debug_frame
  17              		.section	.text.InitializeSystem,"ax",%progbits
  18              		.align	2
  19              		.global	InitializeSystem
  20              		.code	16
  21              		.thumb_func
  22              		.type	InitializeSystem, %function
  23              	InitializeSystem:
  24              	.LFB36:
  25              		.file 1 ".\\main.c"
   1:.\main.c      **** /****************************************************************************
   2:.\main.c      **** *
   3:.\main.c      **** * Project Name		: PSoC CapSense 2 BLE
   4:.\main.c      **** *
   5:.\main.c      **** * File Name			: main.c
   6:.\main.c      **** * Version 			: 1.0
   7:.\main.c      **** *
   8:.\main.c      **** * Device Used		: CY8C4247LQI-BL483
   9:.\main.c      **** * Software Used		: PSoC Creator 3.3
  10:.\main.c      **** * Compiler    		: ARM GCC 4.8.4, ARM MDK Generic
  11:.\main.c      **** * Related Hardware	: CY8CKIT-042-BLE Bluetooth Low Energy Pioneer Kit 
  12:.\main.c      **** *
  13:.\main.c      **** * Owner             : A. BERNIER
  14:.\main.c      **** *
  15:.\main.c      **** *****************************************************************************
  16:.\main.c      **** *
  17:.\main.c      **** * Hardware connection required for testing:
  18:.\main.c      **** * CapSense      - P2[1], P2[2], P2[3], P2[4], P2[5] 
  19:.\main.c      **** * Cmod pin      - P4[0] (hard-wired in the PSoC 4 BLE Module)
  20:.\main.c      **** * R-G-B LED 	- P2[6], P3[6] and P3[7] (hard-wired on the BLE Pioneer kit)
  21:.\main.c      **** *
  22:.\main.c      **** *****************************************************************************/
  23:.\main.c      **** 
  24:.\main.c      **** 
  25:.\main.c      **** /*****************************************************************************
  26:.\main.c      **** * Included headers
  27:.\main.c      **** *****************************************************************************/
  28:.\main.c      **** #include "crc.h"
  29:.\main.c      **** #include "_PrISM.h"
  30:.\main.c      **** #include "_CapSense.h"
  31:.\main.c      **** #include "_BLE.h"
  32:.\main.c      **** 
ARM GAS  C:\Users\ALEXAN~1\AppData\Local\Temp\ccYcVx2p.s 			page 2


  33:.\main.c      **** 
  34:.\main.c      **** /*****************************************************************************
  35:.\main.c      **** * Function Declarations
  36:.\main.c      **** *****************************************************************************/
  37:.\main.c      **** void InitializeSystem(void);
  38:.\main.c      **** 
  39:.\main.c      **** 
  40:.\main.c      **** /*****************************************************************************
  41:.\main.c      **** * Function Name: main()
  42:.\main.c      **** ******************************************************************************
  43:.\main.c      **** * Summary:
  44:.\main.c      **** *   Central function which controls the application flow.
  45:.\main.c      **** *
  46:.\main.c      **** * Parameters:
  47:.\main.c      **** *   None.
  48:.\main.c      **** *
  49:.\main.c      **** * Return:
  50:.\main.c      **** *   None.
  51:.\main.c      **** *
  52:.\main.c      **** * Note:
  53:.\main.c      **** *
  54:.\main.c      **** *****************************************************************************/
  55:.\main.c      **** int main()
  56:.\main.c      **** {
  57:.\main.c      ****     InitializeSystem();
  58:.\main.c      ****     
  59:.\main.c      ****     for(;;)
  60:.\main.c      ****     {
  61:.\main.c      ****         // Process all the events in the stack.
  62:.\main.c      ****         CyBle_ProcessEvents();
  63:.\main.c      ****         
  64:.\main.c      ****         // Update the CapSense CCCD.
  65:.\main.c      ****         UpdateCCCD();
  66:.\main.c      ****         
  67:.\main.c      ****         if (sendData)
  68:.\main.c      ****         {
  69:.\main.c      ****             _CapSense_Scan();
  70:.\main.c      ****             _BLE_sendCapSenseData();
  71:.\main.c      ****         }
  72:.\main.c      ****         else if (acquireData)
  73:.\main.c      ****             _CapSense_Scan();
  74:.\main.c      ****     }
  75:.\main.c      ****     
  76:.\main.c      **** }
  77:.\main.c      **** 
  78:.\main.c      **** 
  79:.\main.c      **** /*****************************************************************************
  80:.\main.c      **** * Function Name: InitializeSystem()
  81:.\main.c      **** ******************************************************************************
  82:.\main.c      **** * Summary:
  83:.\main.c      **** *   Initialize everything here.
  84:.\main.c      **** *
  85:.\main.c      **** * Parameters:
  86:.\main.c      **** *   None.
  87:.\main.c      **** *
  88:.\main.c      **** * Return:
  89:.\main.c      **** *   None.
ARM GAS  C:\Users\ALEXAN~1\AppData\Local\Temp\ccYcVx2p.s 			page 3


  90:.\main.c      **** *
  91:.\main.c      **** * Note:
  92:.\main.c      **** *
  93:.\main.c      **** *****************************************************************************/
  94:.\main.c      **** void InitializeSystem(void)
  95:.\main.c      **** {
  26              		.loc 1 95 0
  27              		.cfi_startproc
  28 0000 08B5     		push	{r3, lr}
  29              		.cfi_def_cfa_offset 8
  30              		.cfi_offset 3, -8
  31              		.cfi_offset 14, -4
  96:.\main.c      ****     // Enable global interrupts.
  97:.\main.c      ****     CyGlobalIntEnable;
  32              		.loc 1 97 0
  33              	@ 97 ".\main.c" 1
  34 0002 62B6     		CPSIE   i
  35              	@ 0 "" 2
  98:.\main.c      ****     
  99:.\main.c      ****     // Initialize the table used for CRC calcultation.
 100:.\main.c      ****     crc_Init();
  36              		.loc 1 100 0
  37              		.code	16
  38 0004 FFF7FEFF 		bl	crc_Init
  39              	.LVL0:
 101:.\main.c      ****     
 102:.\main.c      ****     //Initalize the vectors used for data storage.
 103:.\main.c      ****     Vector_Init();
  40              		.loc 1 103 0
  41 0008 FFF7FEFF 		bl	Vector_Init
  42              	.LVL1:
 104:.\main.c      ****     
 105:.\main.c      ****     //Initialize the PrISM modules.
 106:.\main.c      ****     _PrISM_Init();
  43              		.loc 1 106 0
  44 000c FFF7FEFF 		bl	_PrISM_Init
  45              	.LVL2:
 107:.\main.c      ****     
 108:.\main.c      ****     // Initialize the CapSense module.
 109:.\main.c      ****     _CapSense_Init();
  46              		.loc 1 109 0
  47 0010 FFF7FEFF 		bl	_CapSense_Init
  48              	.LVL3:
 110:.\main.c      ****     
 111:.\main.c      ****     // Initialize the BLE module.
 112:.\main.c      ****     _BLE_Init();
  49              		.loc 1 112 0
  50 0014 FFF7FEFF 		bl	_BLE_Init
  51              	.LVL4:
 113:.\main.c      **** }...
  52              		.loc 1 113 0
  53              		@ sp needed
  54 0018 08BD     		pop	{r3, pc}
  55              		.cfi_endproc
  56              	.LFE36:
  57              		.size	InitializeSystem, .-InitializeSystem
  58 001a C046     		.section	.text.main,"ax",%progbits
ARM GAS  C:\Users\ALEXAN~1\AppData\Local\Temp\ccYcVx2p.s 			page 4


  59              		.align	2
  60              		.global	main
  61              		.code	16
  62              		.thumb_func
  63              		.type	main, %function
  64              	main:
  65              	.LFB35:
  56:.\main.c      **** {
  66              		.loc 1 56 0
  67              		.cfi_startproc
  68 0000 08B5     		push	{r3, lr}
  69              		.cfi_def_cfa_offset 8
  70              		.cfi_offset 3, -8
  71              		.cfi_offset 14, -4
  57:.\main.c      ****     InitializeSystem();
  72              		.loc 1 57 0
  73 0002 FFF7FEFF 		bl	InitializeSystem
  74              	.LVL5:
  75              	.L3:
  62:.\main.c      ****         CyBle_ProcessEvents();
  76              		.loc 1 62 0
  77 0006 FFF7FEFF 		bl	CyBle_ProcessEvents
  78              	.LVL6:
  65:.\main.c      ****         UpdateCCCD();
  79              		.loc 1 65 0
  80 000a FFF7FEFF 		bl	UpdateCCCD
  81              	.LVL7:
  67:.\main.c      ****         if (sendData)
  82              		.loc 1 67 0
  83 000e 084B     		ldr	r3, .L6
  84 0010 1B78     		ldrb	r3, [r3]
  85 0012 002B     		cmp	r3, #0
  86 0014 04D0     		beq	.L4
  69:.\main.c      ****             _CapSense_Scan();
  87              		.loc 1 69 0
  88 0016 FFF7FEFF 		bl	_CapSense_Scan
  89              	.LVL8:
  70:.\main.c      ****             _BLE_sendCapSenseData();
  90              		.loc 1 70 0
  91 001a FFF7FEFF 		bl	_BLE_sendCapSenseData
  92              	.LVL9:
  93 001e F2E7     		b	.L3
  94              	.L4:
  72:.\main.c      ****         else if (acquireData)
  95              		.loc 1 72 0
  96 0020 044B     		ldr	r3, .L6+4
  97 0022 1B78     		ldrb	r3, [r3]
  98 0024 002B     		cmp	r3, #0
  99 0026 EED0     		beq	.L3
  73:.\main.c      ****             _CapSense_Scan();
 100              		.loc 1 73 0
 101 0028 FFF7FEFF 		bl	_CapSense_Scan
 102              	.LVL10:
 103 002c EBE7     		b	.L3
 104              	.L7:
 105 002e C046     		.align	2
 106              	.L6:
ARM GAS  C:\Users\ALEXAN~1\AppData\Local\Temp\ccYcVx2p.s 			page 5


 107 0030 00000000 		.word	sendData
 108 0034 00000000 		.word	acquireData
 109              		.cfi_endproc
 110              	.LFE35:
 111              		.size	main, .-main
 112              		.text
 113              	.Letext0:
 114              		.file 2 ".\\_BLE.h"
 115              		.file 3 ".\\crc.h"
 116              		.file 4 ".\\_PrISM.h"
 117              		.file 5 ".\\_CapSense.h"
 118              		.file 6 "Generated_Source\\PSoC4/BLE_Stack.h"
 119              		.file 7 "Generated_Source\\PSoC4/cytypes.h"
 120              		.file 8 ".\\vector.h"
 121              		.section	.debug_info,"",%progbits
 122              	.Ldebug_info0:
 123 0000 7E010000 		.4byte	0x17e
 124 0004 0400     		.2byte	0x4
 125 0006 00000000 		.4byte	.Ldebug_abbrev0
 126 000a 04       		.byte	0x4
 127 000b 01       		.uleb128 0x1
 128 000c 5F010000 		.4byte	.LASF25
 129 0010 01       		.byte	0x1
 130 0011 12010000 		.4byte	.LASF26
 131 0015 3F000000 		.4byte	.LASF27
 132 0019 00000000 		.4byte	.Ldebug_ranges0+0
 133 001d 00000000 		.4byte	0
 134 0021 00000000 		.4byte	.Ldebug_line0
 135 0025 02       		.uleb128 0x2
 136 0026 01       		.byte	0x1
 137 0027 06       		.byte	0x6
 138 0028 18020000 		.4byte	.LASF0
 139 002c 02       		.uleb128 0x2
 140 002d 01       		.byte	0x1
 141 002e 08       		.byte	0x8
 142 002f D6000000 		.4byte	.LASF1
 143 0033 02       		.uleb128 0x2
 144 0034 02       		.byte	0x2
 145 0035 05       		.byte	0x5
 146 0036 FC010000 		.4byte	.LASF2
 147 003a 02       		.uleb128 0x2
 148 003b 02       		.byte	0x2
 149 003c 07       		.byte	0x7
 150 003d 20000000 		.4byte	.LASF3
 151 0041 02       		.uleb128 0x2
 152 0042 04       		.byte	0x4
 153 0043 05       		.byte	0x5
 154 0044 06020000 		.4byte	.LASF4
 155 0048 02       		.uleb128 0x2
 156 0049 04       		.byte	0x4
 157 004a 07       		.byte	0x7
 158 004b FA000000 		.4byte	.LASF5
 159 004f 02       		.uleb128 0x2
 160 0050 08       		.byte	0x8
 161 0051 05       		.byte	0x5
 162 0052 42010000 		.4byte	.LASF6
 163 0056 02       		.uleb128 0x2
ARM GAS  C:\Users\ALEXAN~1\AppData\Local\Temp\ccYcVx2p.s 			page 6


 164 0057 08       		.byte	0x8
 165 0058 07       		.byte	0x7
 166 0059 BF000000 		.4byte	.LASF7
 167 005d 03       		.uleb128 0x3
 168 005e 04       		.byte	0x4
 169 005f 05       		.byte	0x5
 170 0060 696E7400 		.ascii	"int\000"
 171 0064 02       		.uleb128 0x2
 172 0065 04       		.byte	0x4
 173 0066 07       		.byte	0x7
 174 0067 27010000 		.4byte	.LASF8
 175 006b 04       		.uleb128 0x4
 176 006c 0C010000 		.4byte	.LASF28
 177 0070 07       		.byte	0x7
 178 0071 C2       		.byte	0xc2
 179 0072 2C000000 		.4byte	0x2c
 180 0076 02       		.uleb128 0x2
 181 0077 04       		.byte	0x4
 182 0078 04       		.byte	0x4
 183 0079 B9000000 		.4byte	.LASF9
 184 007d 02       		.uleb128 0x2
 185 007e 08       		.byte	0x8
 186 007f 04       		.byte	0x4
 187 0080 1B010000 		.4byte	.LASF10
 188 0084 02       		.uleb128 0x2
 189 0085 01       		.byte	0x1
 190 0086 08       		.byte	0x8
 191 0087 34010000 		.4byte	.LASF11
 192 008b 02       		.uleb128 0x2
 193 008c 04       		.byte	0x4
 194 008d 07       		.byte	0x7
 195 008e 39010000 		.4byte	.LASF12
 196 0092 05       		.uleb128 0x5
 197 0093 A8000000 		.4byte	.LASF13
 198 0097 01       		.byte	0x1
 199 0098 5E       		.byte	0x5e
 200 0099 00000000 		.4byte	.LFB36
 201 009d 1A000000 		.4byte	.LFE36-.LFB36
 202 00a1 01       		.uleb128 0x1
 203 00a2 9C       		.byte	0x9c
 204 00a3 D5000000 		.4byte	0xd5
 205 00a7 06       		.uleb128 0x6
 206 00a8 08000000 		.4byte	.LVL0
 207 00ac 3B010000 		.4byte	0x13b
 208 00b0 06       		.uleb128 0x6
 209 00b1 0C000000 		.4byte	.LVL1
 210 00b5 42010000 		.4byte	0x142
 211 00b9 06       		.uleb128 0x6
 212 00ba 10000000 		.4byte	.LVL2
 213 00be 4F010000 		.4byte	0x14f
 214 00c2 06       		.uleb128 0x6
 215 00c3 14000000 		.4byte	.LVL3
 216 00c7 56010000 		.4byte	0x156
 217 00cb 06       		.uleb128 0x6
 218 00cc 18000000 		.4byte	.LVL4
 219 00d0 5D010000 		.4byte	0x15d
 220 00d4 00       		.byte	0
ARM GAS  C:\Users\ALEXAN~1\AppData\Local\Temp\ccYcVx2p.s 			page 7


 221 00d5 07       		.uleb128 0x7
 222 00d6 22010000 		.4byte	.LASF14
 223 00da 01       		.byte	0x1
 224 00db 37       		.byte	0x37
 225 00dc 5D000000 		.4byte	0x5d
 226 00e0 00000000 		.4byte	.LFB35
 227 00e4 38000000 		.4byte	.LFE35-.LFB35
 228 00e8 01       		.uleb128 0x1
 229 00e9 9C       		.byte	0x9c
 230 00ea 25010000 		.4byte	0x125
 231 00ee 06       		.uleb128 0x6
 232 00ef 06000000 		.4byte	.LVL5
 233 00f3 92000000 		.4byte	0x92
 234 00f7 06       		.uleb128 0x6
 235 00f8 0A000000 		.4byte	.LVL6
 236 00fc 64010000 		.4byte	0x164
 237 0100 06       		.uleb128 0x6
 238 0101 0E000000 		.4byte	.LVL7
 239 0105 6C010000 		.4byte	0x16c
 240 0109 06       		.uleb128 0x6
 241 010a 1A000000 		.4byte	.LVL8
 242 010e 73010000 		.4byte	0x173
 243 0112 06       		.uleb128 0x6
 244 0113 1E000000 		.4byte	.LVL9
 245 0117 7A010000 		.4byte	0x17a
 246 011b 06       		.uleb128 0x6
 247 011c 2C000000 		.4byte	.LVL10
 248 0120 73010000 		.4byte	0x173
 249 0124 00       		.byte	0
 250 0125 08       		.uleb128 0x8
 251 0126 0F020000 		.4byte	.LASF15
 252 012a 02       		.byte	0x2
 253 012b 38       		.byte	0x38
 254 012c 6B000000 		.4byte	0x6b
 255 0130 08       		.uleb128 0x8
 256 0131 33000000 		.4byte	.LASF16
 257 0135 02       		.byte	0x2
 258 0136 39       		.byte	0x39
 259 0137 6B000000 		.4byte	0x6b
 260 013b 09       		.uleb128 0x9
 261 013c 17000000 		.4byte	.LASF17
 262 0140 03       		.byte	0x3
 263 0141 33       		.byte	0x33
 264 0142 0A       		.uleb128 0xa
 265 0143 00000000 		.4byte	.LASF29
 266 0147 08       		.byte	0x8
 267 0148 26       		.byte	0x26
 268 0149 4F010000 		.4byte	0x14f
 269 014d 0B       		.uleb128 0xb
 270 014e 00       		.byte	0
 271 014f 09       		.uleb128 0x9
 272 0150 38020000 		.4byte	.LASF18
 273 0154 04       		.byte	0x4
 274 0155 26       		.byte	0x26
 275 0156 09       		.uleb128 0x9
 276 0157 50010000 		.4byte	.LASF19
 277 015b 05       		.byte	0x5
ARM GAS  C:\Users\ALEXAN~1\AppData\Local\Temp\ccYcVx2p.s 			page 8


 278 015c 22       		.byte	0x22
 279 015d 09       		.uleb128 0x9
 280 015e 9E000000 		.4byte	.LASF20
 281 0162 02       		.byte	0x2
 282 0163 3F       		.byte	0x3f
 283 0164 0C       		.uleb128 0xc
 284 0165 24020000 		.4byte	.LASF21
 285 0169 06       		.byte	0x6
 286 016a 9304     		.2byte	0x493
 287 016c 09       		.uleb128 0x9
 288 016d 0C000000 		.4byte	.LASF22
 289 0171 02       		.byte	0x2
 290 0172 41       		.byte	0x41
 291 0173 09       		.uleb128 0x9
 292 0174 ED010000 		.4byte	.LASF23
 293 0178 05       		.byte	0x5
 294 0179 23       		.byte	0x23
 295 017a 09       		.uleb128 0x9
 296 017b E4000000 		.4byte	.LASF24
 297 017f 02       		.byte	0x2
 298 0180 42       		.byte	0x42
 299 0181 00       		.byte	0
 300              		.section	.debug_abbrev,"",%progbits
 301              	.Ldebug_abbrev0:
 302 0000 01       		.uleb128 0x1
 303 0001 11       		.uleb128 0x11
 304 0002 01       		.byte	0x1
 305 0003 25       		.uleb128 0x25
 306 0004 0E       		.uleb128 0xe
 307 0005 13       		.uleb128 0x13
 308 0006 0B       		.uleb128 0xb
 309 0007 03       		.uleb128 0x3
 310 0008 0E       		.uleb128 0xe
 311 0009 1B       		.uleb128 0x1b
 312 000a 0E       		.uleb128 0xe
 313 000b 55       		.uleb128 0x55
 314 000c 17       		.uleb128 0x17
 315 000d 11       		.uleb128 0x11
 316 000e 01       		.uleb128 0x1
 317 000f 10       		.uleb128 0x10
 318 0010 17       		.uleb128 0x17
 319 0011 00       		.byte	0
 320 0012 00       		.byte	0
 321 0013 02       		.uleb128 0x2
 322 0014 24       		.uleb128 0x24
 323 0015 00       		.byte	0
 324 0016 0B       		.uleb128 0xb
 325 0017 0B       		.uleb128 0xb
 326 0018 3E       		.uleb128 0x3e
 327 0019 0B       		.uleb128 0xb
 328 001a 03       		.uleb128 0x3
 329 001b 0E       		.uleb128 0xe
 330 001c 00       		.byte	0
 331 001d 00       		.byte	0
 332 001e 03       		.uleb128 0x3
 333 001f 24       		.uleb128 0x24
 334 0020 00       		.byte	0
ARM GAS  C:\Users\ALEXAN~1\AppData\Local\Temp\ccYcVx2p.s 			page 9


 335 0021 0B       		.uleb128 0xb
 336 0022 0B       		.uleb128 0xb
 337 0023 3E       		.uleb128 0x3e
 338 0024 0B       		.uleb128 0xb
 339 0025 03       		.uleb128 0x3
 340 0026 08       		.uleb128 0x8
 341 0027 00       		.byte	0
 342 0028 00       		.byte	0
 343 0029 04       		.uleb128 0x4
 344 002a 16       		.uleb128 0x16
 345 002b 00       		.byte	0
 346 002c 03       		.uleb128 0x3
 347 002d 0E       		.uleb128 0xe
 348 002e 3A       		.uleb128 0x3a
 349 002f 0B       		.uleb128 0xb
 350 0030 3B       		.uleb128 0x3b
 351 0031 0B       		.uleb128 0xb
 352 0032 49       		.uleb128 0x49
 353 0033 13       		.uleb128 0x13
 354 0034 00       		.byte	0
 355 0035 00       		.byte	0
 356 0036 05       		.uleb128 0x5
 357 0037 2E       		.uleb128 0x2e
 358 0038 01       		.byte	0x1
 359 0039 3F       		.uleb128 0x3f
 360 003a 19       		.uleb128 0x19
 361 003b 03       		.uleb128 0x3
 362 003c 0E       		.uleb128 0xe
 363 003d 3A       		.uleb128 0x3a
 364 003e 0B       		.uleb128 0xb
 365 003f 3B       		.uleb128 0x3b
 366 0040 0B       		.uleb128 0xb
 367 0041 27       		.uleb128 0x27
 368 0042 19       		.uleb128 0x19
 369 0043 11       		.uleb128 0x11
 370 0044 01       		.uleb128 0x1
 371 0045 12       		.uleb128 0x12
 372 0046 06       		.uleb128 0x6
 373 0047 40       		.uleb128 0x40
 374 0048 18       		.uleb128 0x18
 375 0049 9742     		.uleb128 0x2117
 376 004b 19       		.uleb128 0x19
 377 004c 01       		.uleb128 0x1
 378 004d 13       		.uleb128 0x13
 379 004e 00       		.byte	0
 380 004f 00       		.byte	0
 381 0050 06       		.uleb128 0x6
 382 0051 898201   		.uleb128 0x4109
 383 0054 00       		.byte	0
 384 0055 11       		.uleb128 0x11
 385 0056 01       		.uleb128 0x1
 386 0057 31       		.uleb128 0x31
 387 0058 13       		.uleb128 0x13
 388 0059 00       		.byte	0
 389 005a 00       		.byte	0
 390 005b 07       		.uleb128 0x7
 391 005c 2E       		.uleb128 0x2e
ARM GAS  C:\Users\ALEXAN~1\AppData\Local\Temp\ccYcVx2p.s 			page 10


 392 005d 01       		.byte	0x1
 393 005e 3F       		.uleb128 0x3f
 394 005f 19       		.uleb128 0x19
 395 0060 03       		.uleb128 0x3
 396 0061 0E       		.uleb128 0xe
 397 0062 3A       		.uleb128 0x3a
 398 0063 0B       		.uleb128 0xb
 399 0064 3B       		.uleb128 0x3b
 400 0065 0B       		.uleb128 0xb
 401 0066 49       		.uleb128 0x49
 402 0067 13       		.uleb128 0x13
 403 0068 11       		.uleb128 0x11
 404 0069 01       		.uleb128 0x1
 405 006a 12       		.uleb128 0x12
 406 006b 06       		.uleb128 0x6
 407 006c 40       		.uleb128 0x40
 408 006d 18       		.uleb128 0x18
 409 006e 9742     		.uleb128 0x2117
 410 0070 19       		.uleb128 0x19
 411 0071 01       		.uleb128 0x1
 412 0072 13       		.uleb128 0x13
 413 0073 00       		.byte	0
 414 0074 00       		.byte	0
 415 0075 08       		.uleb128 0x8
 416 0076 34       		.uleb128 0x34
 417 0077 00       		.byte	0
 418 0078 03       		.uleb128 0x3
 419 0079 0E       		.uleb128 0xe
 420 007a 3A       		.uleb128 0x3a
 421 007b 0B       		.uleb128 0xb
 422 007c 3B       		.uleb128 0x3b
 423 007d 0B       		.uleb128 0xb
 424 007e 49       		.uleb128 0x49
 425 007f 13       		.uleb128 0x13
 426 0080 3F       		.uleb128 0x3f
 427 0081 19       		.uleb128 0x19
 428 0082 3C       		.uleb128 0x3c
 429 0083 19       		.uleb128 0x19
 430 0084 00       		.byte	0
 431 0085 00       		.byte	0
 432 0086 09       		.uleb128 0x9
 433 0087 2E       		.uleb128 0x2e
 434 0088 00       		.byte	0
 435 0089 3F       		.uleb128 0x3f
 436 008a 19       		.uleb128 0x19
 437 008b 03       		.uleb128 0x3
 438 008c 0E       		.uleb128 0xe
 439 008d 3A       		.uleb128 0x3a
 440 008e 0B       		.uleb128 0xb
 441 008f 3B       		.uleb128 0x3b
 442 0090 0B       		.uleb128 0xb
 443 0091 27       		.uleb128 0x27
 444 0092 19       		.uleb128 0x19
 445 0093 3C       		.uleb128 0x3c
 446 0094 19       		.uleb128 0x19
 447 0095 00       		.byte	0
 448 0096 00       		.byte	0
ARM GAS  C:\Users\ALEXAN~1\AppData\Local\Temp\ccYcVx2p.s 			page 11


 449 0097 0A       		.uleb128 0xa
 450 0098 2E       		.uleb128 0x2e
 451 0099 01       		.byte	0x1
 452 009a 3F       		.uleb128 0x3f
 453 009b 19       		.uleb128 0x19
 454 009c 03       		.uleb128 0x3
 455 009d 0E       		.uleb128 0xe
 456 009e 3A       		.uleb128 0x3a
 457 009f 0B       		.uleb128 0xb
 458 00a0 3B       		.uleb128 0x3b
 459 00a1 0B       		.uleb128 0xb
 460 00a2 3C       		.uleb128 0x3c
 461 00a3 19       		.uleb128 0x19
 462 00a4 01       		.uleb128 0x1
 463 00a5 13       		.uleb128 0x13
 464 00a6 00       		.byte	0
 465 00a7 00       		.byte	0
 466 00a8 0B       		.uleb128 0xb
 467 00a9 18       		.uleb128 0x18
 468 00aa 00       		.byte	0
 469 00ab 00       		.byte	0
 470 00ac 00       		.byte	0
 471 00ad 0C       		.uleb128 0xc
 472 00ae 2E       		.uleb128 0x2e
 473 00af 00       		.byte	0
 474 00b0 3F       		.uleb128 0x3f
 475 00b1 19       		.uleb128 0x19
 476 00b2 03       		.uleb128 0x3
 477 00b3 0E       		.uleb128 0xe
 478 00b4 3A       		.uleb128 0x3a
 479 00b5 0B       		.uleb128 0xb
 480 00b6 3B       		.uleb128 0x3b
 481 00b7 05       		.uleb128 0x5
 482 00b8 27       		.uleb128 0x27
 483 00b9 19       		.uleb128 0x19
 484 00ba 3C       		.uleb128 0x3c
 485 00bb 19       		.uleb128 0x19
 486 00bc 00       		.byte	0
 487 00bd 00       		.byte	0
 488 00be 00       		.byte	0
 489              		.section	.debug_aranges,"",%progbits
 490 0000 24000000 		.4byte	0x24
 491 0004 0200     		.2byte	0x2
 492 0006 00000000 		.4byte	.Ldebug_info0
 493 000a 04       		.byte	0x4
 494 000b 00       		.byte	0
 495 000c 0000     		.2byte	0
 496 000e 0000     		.2byte	0
 497 0010 00000000 		.4byte	.LFB36
 498 0014 1A000000 		.4byte	.LFE36-.LFB36
 499 0018 00000000 		.4byte	.LFB35
 500 001c 38000000 		.4byte	.LFE35-.LFB35
 501 0020 00000000 		.4byte	0
 502 0024 00000000 		.4byte	0
 503              		.section	.debug_ranges,"",%progbits
 504              	.Ldebug_ranges0:
 505 0000 00000000 		.4byte	.LFB36
ARM GAS  C:\Users\ALEXAN~1\AppData\Local\Temp\ccYcVx2p.s 			page 12


 506 0004 1A000000 		.4byte	.LFE36
 507 0008 00000000 		.4byte	.LFB35
 508 000c 38000000 		.4byte	.LFE35
 509 0010 00000000 		.4byte	0
 510 0014 00000000 		.4byte	0
 511              		.section	.debug_line,"",%progbits
 512              	.Ldebug_line0:
 513 0000 CA000000 		.section	.debug_str,"MS",%progbits,1
 513      02009600 
 513      00000201 
 513      FB0E0D00 
 513      01010101 
 514              	.LASF29:
 515 0000 56656374 		.ascii	"Vector_Init\000"
 515      6F725F49 
 515      6E697400 
 516              	.LASF22:
 517 000c 55706461 		.ascii	"UpdateCCCD\000"
 517      74654343 
 517      434400
 518              	.LASF17:
 519 0017 6372635F 		.ascii	"crc_Init\000"
 519      496E6974 
 519      00
 520              	.LASF3:
 521 0020 73686F72 		.ascii	"short unsigned int\000"
 521      7420756E 
 521      7369676E 
 521      65642069 
 521      6E7400
 522              	.LASF16:
 523 0033 61637175 		.ascii	"acquireData\000"
 523      69726544 
 523      61746100 
 524              	.LASF27:
 525 003f 433A5C55 		.ascii	"C:\\Users\\Alexandre\\Documents\\GitHub\\CoRo_PW_PS"
 525      73657273 
 525      5C416C65 
 525      78616E64 
 525      72655C44 
 526 006d 4F435C50 		.ascii	"OC\\PSOC_CapSense_2_BLE\\PSOC_CapSense_2_BLE.cydsn\000"
 526      534F435F 
 526      43617053 
 526      656E7365 
 526      5F325F42 
 527              	.LASF20:
 528 009e 5F424C45 		.ascii	"_BLE_Init\000"
 528      5F496E69 
 528      7400
 529              	.LASF13:
 530 00a8 496E6974 		.ascii	"InitializeSystem\000"
 530      69616C69 
 530      7A655379 
 530      7374656D 
 530      00
 531              	.LASF9:
 532 00b9 666C6F61 		.ascii	"float\000"
ARM GAS  C:\Users\ALEXAN~1\AppData\Local\Temp\ccYcVx2p.s 			page 13


 532      7400
 533              	.LASF7:
 534 00bf 6C6F6E67 		.ascii	"long long unsigned int\000"
 534      206C6F6E 
 534      6720756E 
 534      7369676E 
 534      65642069 
 535              	.LASF1:
 536 00d6 756E7369 		.ascii	"unsigned char\000"
 536      676E6564 
 536      20636861 
 536      7200
 537              	.LASF24:
 538 00e4 5F424C45 		.ascii	"_BLE_sendCapSenseData\000"
 538      5F73656E 
 538      64436170 
 538      53656E73 
 538      65446174 
 539              	.LASF5:
 540 00fa 6C6F6E67 		.ascii	"long unsigned int\000"
 540      20756E73 
 540      69676E65 
 540      6420696E 
 540      7400
 541              	.LASF28:
 542 010c 75696E74 		.ascii	"uint8\000"
 542      3800
 543              	.LASF26:
 544 0112 2E5C6D61 		.ascii	".\\main.c\000"
 544      696E2E63 
 544      00
 545              	.LASF10:
 546 011b 646F7562 		.ascii	"double\000"
 546      6C6500
 547              	.LASF14:
 548 0122 6D61696E 		.ascii	"main\000"
 548      00
 549              	.LASF8:
 550 0127 756E7369 		.ascii	"unsigned int\000"
 550      676E6564 
 550      20696E74 
 550      00
 551              	.LASF11:
 552 0134 63686172 		.ascii	"char\000"
 552      00
 553              	.LASF12:
 554 0139 73697A65 		.ascii	"sizetype\000"
 554      74797065 
 554      00
 555              	.LASF6:
 556 0142 6C6F6E67 		.ascii	"long long int\000"
 556      206C6F6E 
 556      6720696E 
 556      7400
 557              	.LASF19:
 558 0150 5F436170 		.ascii	"_CapSense_Init\000"
 558      53656E73 
ARM GAS  C:\Users\ALEXAN~1\AppData\Local\Temp\ccYcVx2p.s 			page 14


 558      655F496E 
 558      697400
 559              	.LASF25:
 560 015f 474E5520 		.ascii	"GNU C 4.9.3 20150303 (release) [ARM/embedded-4_9-br"
 560      4320342E 
 560      392E3320 
 560      32303135 
 560      30333033 
 561 0192 616E6368 		.ascii	"anch revision 221220] -mcpu=cortex-m0 -mthumb -g -O"
 561      20726576 
 561      6973696F 
 561      6E203232 
 561      31323230 
 562 01c5 67202D66 		.ascii	"g -ffunction-sections -ffat-lto-objects\000"
 562      66756E63 
 562      74696F6E 
 562      2D736563 
 562      74696F6E 
 563              	.LASF23:
 564 01ed 5F436170 		.ascii	"_CapSense_Scan\000"
 564      53656E73 
 564      655F5363 
 564      616E00
 565              	.LASF2:
 566 01fc 73686F72 		.ascii	"short int\000"
 566      7420696E 
 566      7400
 567              	.LASF4:
 568 0206 6C6F6E67 		.ascii	"long int\000"
 568      20696E74 
 568      00
 569              	.LASF15:
 570 020f 73656E64 		.ascii	"sendData\000"
 570      44617461 
 570      00
 571              	.LASF0:
 572 0218 7369676E 		.ascii	"signed char\000"
 572      65642063 
 572      68617200 
 573              	.LASF21:
 574 0224 4379426C 		.ascii	"CyBle_ProcessEvents\000"
 574      655F5072 
 574      6F636573 
 574      73457665 
 574      6E747300 
 575              	.LASF18:
 576 0238 5F507249 		.ascii	"_PrISM_Init\000"
 576      534D5F49 
 576      6E697400 
 577              		.ident	"GCC: (GNU Tools for ARM Embedded Processors) 4.9.3 20150303 (release) [ARM/embedded-4_9-br
